[INFO] Scanning for projects...
Downloading from central: https://repo.maven.apache.org/maven2/org/codehaus/mojo/maven-metadata.xml
Downloading from central: https://repo.maven.apache.org/maven2/org/apache/maven/plugins/maven-metadata.xml
Progress (1): 3.9 kBProgress (1): 9.8 kBProgress (1): 14 kB Progress (1): 20 kBProgress (1): 20 kBProgress (2): 20 kB | 4.6 kBProgress (2): 20 kB | 9.7 kB                            Downloaded from central: https://repo.maven.apache.org/maven2/org/codehaus/mojo/maven-metadata.xml (20 kB at 37 kB/s)
Progress (1): 14 kB                   Downloaded from central: https://repo.maven.apache.org/maven2/org/apache/maven/plugins/maven-metadata.xml (14 kB at 26 kB/s)
Downloading from central: https://repo.maven.apache.org/maven2/org/apache/maven/plugins/maven-antrun-plugin/3.1.0/maven-antrun-plugin-3.1.0.pom
Progress (1): 759 BProgress (1): 1.8 kBProgress (1): 4.4 kBProgress (1): 7.9 kBProgress (1): 9.1 kB                    Downloaded from central: https://repo.maven.apache.org/maven2/org/apache/maven/plugins/maven-antrun-plugin/3.1.0/maven-antrun-plugin-3.1.0.pom (9.1 kB at 58 kB/s)
Downloading from central: https://repo.maven.apache.org/maven2/org/apache/maven/plugins/maven-antrun-plugin/3.1.0/maven-antrun-plugin-3.1.0.jar
Progress (1): 1.4/41 kBProgress (1): 2.7/41 kBProgress (1): 4.1/41 kBProgress (1): 5.5/41 kBProgress (1): 6.8/41 kBProgress (1): 8.2/41 kBProgress (1): 9.6/41 kBProgress (1): 11/41 kB Progress (1): 12/41 kBProgress (1): 14/41 kBProgress (1): 15/41 kBProgress (1): 16/41 kBProgress (1): 18/41 kBProgress (1): 19/41 kBProgress (1): 21/41 kBProgress (1): 22/41 kBProgress (1): 23/41 kBProgress (1): 25/41 kBProgress (1): 26/41 kBProgress (1): 27/41 kBProgress (1): 29/41 kBProgress (1): 30/41 kBProgress (1): 31/41 kBProgress (1): 33/41 kBProgress (1): 34/41 kBProgress (1): 36/41 kBProgress (1): 37/41 kBProgress (1): 38/41 kBProgress (1): 40/41 kBProgress (1): 41/41 kBProgress (1): 41 kB                      Downloaded from central: https://repo.maven.apache.org/maven2/org/apache/maven/plugins/maven-antrun-plugin/3.1.0/maven-antrun-plugin-3.1.0.jar (41 kB at 241 kB/s)
Downloading from central: https://repo.maven.apache.org/maven2/org/apache/maven/plugins/maven-assembly-plugin/3.7.1/maven-assembly-plugin-3.7.1.pom
Progress (1): 742 BProgress (1): 2.1 kBProgress (1): 3.1 kBProgress (1): 7.4 kBProgress (1): 9.5 kBProgress (1): 12 kB Progress (1): 15 kBProgress (1): 15 kB                   Downloaded from central: https://repo.maven.apache.org/maven2/org/apache/maven/plugins/maven-assembly-plugin/3.7.1/maven-assembly-plugin-3.7.1.pom (15 kB at 102 kB/s)
Downloading from central: https://repo.maven.apache.org/maven2/org/apache/maven/plugins/maven-assembly-plugin/3.7.1/maven-assembly-plugin-3.7.1.jar
Progress (1): 3.8/240 kBProgress (1): 8.0/240 kBProgress (1): 12/240 kB Progress (1): 16/240 kBProgress (1): 20/240 kBProgress (1): 25/240 kBProgress (1): 29/240 kBProgress (1): 33/240 kBProgress (1): 37/240 kBProgress (1): 42/240 kBProgress (1): 46/240 kBProgress (1): 50/240 kBProgress (1): 54/240 kBProgress (1): 58/240 kBProgress (1): 63/240 kBProgress (1): 67/240 kBProgress (1): 71/240 kBProgress (1): 75/240 kBProgress (1): 80/240 kBProgress (1): 84/240 kBProgress (1): 88/240 kBProgress (1): 92/240 kBProgress (1): 96/240 kBProgress (1): 101/240 kBProgress (1): 105/240 kBProgress (1): 109/240 kBProgress (1): 113/240 kBProgress (1): 118/240 kBProgress (1): 119/240 kBProgress (1): 123/240 kBProgress (1): 127/240 kBProgress (1): 131/240 kBProgress (1): 136/240 kBProgress (1): 140/240 kBProgress (1): 144/240 kBProgress (1): 148/240 kBProgress (1): 153/240 kBProgress (1): 157/240 kBProgress (1): 173/240 kBProgress (1): 190/240 kBProgress (1): 206/240 kBProgress (1): 222/240 kBProgress (1): 239/240 kBProgress (1): 240 kB                        Downloaded from central: https://repo.maven.apache.org/maven2/org/apache/maven/plugins/maven-assembly-plugin/3.7.1/maven-assembly-plugin-3.7.1.jar (240 kB at 1.7 MB/s)
Downloading from central: https://repo.maven.apache.org/maven2/org/apache/maven/plugins/maven-dependency-plugin/3.7.0/maven-dependency-plugin-3.7.0.pom
Progress (1): 731 BProgress (1): 2.3 kBProgress (1): 4.0 kBProgress (1): 10 kB Progress (1): 15 kBProgress (1): 17 kBProgress (1): 19 kB                   Downloaded from central: https://repo.maven.apache.org/maven2/org/apache/maven/plugins/maven-dependency-plugin/3.7.0/maven-dependency-plugin-3.7.0.pom (19 kB at 93 kB/s)
Downloading from central: https://repo.maven.apache.org/maven2/org/apache/maven/plugins/maven-dependency-plugin/3.7.0/maven-dependency-plugin-3.7.0.jar
Progress (1): 7.7/207 kBProgress (1): 16/207 kB Progress (1): 25/207 kBProgress (1): 41/207 kBProgress (1): 57/207 kBProgress (1): 74/207 kBProgress (1): 82/207 kBProgress (1): 98/207 kBProgress (1): 115/207 kBProgress (1): 131/207 kBProgress (1): 139/207 kBProgress (1): 156/207 kBProgress (1): 172/207 kBProgress (1): 188/207 kBProgress (1): 197/207 kBProgress (1): 207 kB                        Downloaded from central: https://repo.maven.apache.org/maven2/org/apache/maven/plugins/maven-dependency-plugin/3.7.0/maven-dependency-plugin-3.7.0.jar (207 kB at 1.3 MB/s)
Downloading from central: https://repo.maven.apache.org/maven2/org/apache/maven/plugins/maven-release-plugin/3.0.1/maven-release-plugin-3.0.1.pom
Progress (1): 806 BProgress (1): 3.6 kBProgress (1): 6.6 kBProgress (1): 9.3 kBProgress (1): 9.8 kB                    Downloaded from central: https://repo.maven.apache.org/maven2/org/apache/maven/plugins/maven-release-plugin/3.0.1/maven-release-plugin-3.0.1.pom (9.8 kB at 74 kB/s)
Downloading from central: https://repo.maven.apache.org/maven2/org/apache/maven/release/maven-release/3.0.1/maven-release-3.0.1.pom
Progress (1): 803 BProgress (1): 2.5 kBProgress (1): 4.2 kBProgress (1): 11 kB Progress (1): 11 kB                   Downloaded from central: https://repo.maven.apache.org/maven2/org/apache/maven/release/maven-release/3.0.1/maven-release-3.0.1.pom (11 kB at 109 kB/s)
Downloading from central: https://repo.maven.apache.org/maven2/org/apache/maven/plugins/maven-release-plugin/3.0.1/maven-release-plugin-3.0.1.jar
Progress (1): 7.7/61 kBProgress (1): 16/61 kB Progress (1): 25/61 kBProgress (1): 41/61 kBProgress (1): 57/61 kBProgress (1): 61 kB                      Downloaded from central: https://repo.maven.apache.org/maven2/org/apache/maven/plugins/maven-release-plugin/3.0.1/maven-release-plugin-3.0.1.jar (61 kB at 558 kB/s)
[INFO] ------------------------------------------------------------------------
[INFO] BUILD FAILURE
[INFO] ------------------------------------------------------------------------
[INFO] Total time:  2.391 s
[INFO] Finished at: 2025-12-27T10:07:41+08:00
[INFO] ------------------------------------------------------------------------
[ERROR] No plugin found for prefix 'javafx' in the current project and in the plugin groups [org.apache.maven.plugins, org.codehaus.mojo] available from the repositories [local (C:\Users\wilso\.m2\repository), central (https://repo.maven.apache.org/maven2)] -> [Help 1]
[ERROR] 
[ERROR] To see the full stack trace of the errors, re-run Maven with the -e switch.
[ERROR] Re-run Maven using the -X switch to enable full debug logging.
[ERROR] 
[ERROR] For more information about the errors and possible solutions, please read the following articles:
[ERROR] [Help 1] http://cwiki.apache.org/confluence/display/MAVEN/NoPluginFoundForPrefixException
