[INFO] Scanning for projects...
[INFO] 
[INFO] -------------------< com.uber:ride-dispatch-server >--------------------
[INFO] Building Ride Dispatch Server 0.1.0-SNAPSHOT
[INFO]   from pom.xml
[INFO] --------------------------------[ jar ]---------------------------------
[INFO] 
[INFO] --- jacoco:0.8.11:prepare-agent (prepare-agent) @ ride-dispatch-server ---
[INFO] argLine set to -javaagent:C:\\Users\\wilso\\.m2\\repository\\org\\jacoco\\org.jacoco.agent\\0.8.11\\org.jacoco.agent-0.8.11-runtime.jar=destfile=C:\\Users\\wilso\\OneDrive\\桌面\\Uber\\server\\target\\jacoco.exec
[INFO] 
[INFO] --- resources:3.3.1:resources (default-resources) @ ride-dispatch-server ---
[INFO] Copying 1 resource from src\main\resources to target\classes
[INFO] Copying 0 resource from src\main\resources to target\classes
[INFO] 
[INFO] --- compiler:3.11.0:compile (default-compile) @ ride-dispatch-server ---
[INFO] Changes detected - recompiling the module! :source
[INFO] Compiling 37 source files with javac [debug release 21] to target\classes
[INFO] Annotation processing is enabled because one or more processors were found
  on the class path. A future release of javac may disable annotation processing
  unless at least one processor is specified by name (-processor), or a search
  path is specified (--processor-path, --processor-module-path), or annotation
  processing is enabled explicitly (-proc:only, -proc:full).
  Use -Xlint:-options to suppress this message.
  Use -proc:none to disable annotation processing.
[INFO] -------------------------------------------------------------
[ERROR] COMPILATION ERROR : 
[INFO] -------------------------------------------------------------
[ERROR] /C:/Users/wilso/OneDrive/桌面/Uber/server/src/main/java/com/uber/service/OrderService.java:[363,29] cannot find symbol
  symbol:   method log(java.lang.String,java.lang.String,java.lang.String,java.lang.String)
  location: variable auditService of type com.uber.service.AuditService
[ERROR] /C:/Users/wilso/OneDrive/桌面/Uber/server/src/main/java/com/uber/service/OrderService.java:[384,46] cannot find symbol
  symbol:   variable AVAILABLE
  location: class com.uber.model.DriverStatus
[INFO] 2 errors 
[INFO] -------------------------------------------------------------
[INFO] ------------------------------------------------------------------------
[INFO] BUILD FAILURE
[INFO] ------------------------------------------------------------------------
[INFO] Total time:  3.814 s
[INFO] Finished at: 2025-12-28T14:45:45+08:00
[INFO] ------------------------------------------------------------------------
[ERROR] Failed to execute goal org.apache.maven.plugins:maven-compiler-plugin:3.11.0:compile (default-compile) on project ride-dispatch-server: Compilation failure: Compilation failure: 
[ERROR] /C:/Users/wilso/OneDrive/桌面/Uber/server/src/main/java/com/uber/service/OrderService.java:[363,29] cannot find symbol
[ERROR]   symbol:   method log(java.lang.String,java.lang.String,java.lang.String,java.lang.String)
[ERROR]   location: variable auditService of type com.uber.service.AuditService
[ERROR] /C:/Users/wilso/OneDrive/桌面/Uber/server/src/main/java/com/uber/service/OrderService.java:[384,46] cannot find symbol
[ERROR]   symbol:   variable AVAILABLE
[ERROR]   location: class com.uber.model.DriverStatus
[ERROR] -> [Help 1]
[ERROR] 
[ERROR] To see the full stack trace of the errors, re-run Maven with the -e switch.
[ERROR] Re-run Maven using the -X switch to enable full debug logging.
[ERROR] 
[ERROR] For more information about the errors and possible solutions, please read the following articles:
[ERROR] [Help 1] http://cwiki.apache.org/confluence/display/MAVEN/MojoFailureException
