[INFO] Scanning for projects...
[INFO] 
[INFO] -------------------< com.uber:ride-dispatch-server >--------------------
[INFO] Building Ride Dispatch Server 0.1.0-SNAPSHOT
[INFO]   from pom.xml
[INFO] --------------------------------[ jar ]---------------------------------
[INFO] 
[INFO] --- clean:3.5.0:clean (default-clean) @ ride-dispatch-server ---
[INFO] Deleting C:\Users\wilso\OneDrive\桌面\Uber\server\target
[INFO] 
[INFO] --- jacoco:0.8.13:prepare-agent (prepare-agent) @ ride-dispatch-server ---
[INFO] argLine set to -javaagent:C:\\Users\\wilso\\.m2\\repository\\org\\jacoco\\org.jacoco.agent\\0.8.13\\org.jacoco.agent-0.8.13-runtime.jar=destfile=C:\\Users\\wilso\\OneDrive\\桌面\\Uber\\server\\target\\jacoco.exec
[INFO] 
[INFO] --- resources:3.3.1:resources (default-resources) @ ride-dispatch-server ---
[INFO] Copying 1 resource from src\main\resources to target\classes
[INFO] Copying 0 resource from src\main\resources to target\classes
[INFO] 
[INFO] --- compiler:3.13.0:compile (default-compile) @ ride-dispatch-server ---
[INFO] Recompiling the module because of changed source code.
[INFO] Compiling 39 source files with javac [debug parameters release 25] to target\classes
mvn : WARNING: A terminally d
eprecated method in sun.misc.
Unsafe has been called
位於 線路:1 字元:1
+ mvn clean test 2>&1 | Out-F
ile test_result7.txt -Encodin
g utf8
+ ~~~~~~~~~~~~~~~~~~~
    + CategoryInfo           
   : NotSpecified: (WARNING  
  : A term...has been call   
 ed:String) [], RemoteExc    
eption
    + FullyQualifiedErrorId  
   : NativeCommandError
 
WARNING: sun.misc.Unsafe::obj
ectFieldOffset has been calle
d by lombok.permit.Permit
WARNING: Please consider repo
rting this to the maintainers
 of class lombok.permit.Permi
t
WARNING: sun.misc.Unsafe::obj
ectFieldOffset will be remove
d in a future release
[INFO] 
[INFO] --- resources:3.3.1:testResources (default-testResources) @ ride-dispatch-server ---
[INFO] Copying 1 resource from src\test\resources to target\test-classes
[INFO] 
[INFO] --- compiler:3.13.0:testCompile (default-testCompile) @ ride-dispatch-server ---
[INFO] Recompiling the module because of changed dependency.
[INFO] Compiling 15 source files with javac [debug parameters release 25] to target\test-classes
[INFO] -------------------------------------------------------------
[ERROR] COMPILATION ERROR : 
[INFO] -------------------------------------------------------------
[ERROR] /C:/Users/wilso/OneDrive/桌面/Uber/server/src/test/java/com/uber/controller/AdminControllerTest.java:[12,63] package org.springframework.boot.test.autoconfigure.web.servlet does not exist
[ERROR] /C:/Users/wilso/OneDrive/桌面/Uber/server/src/test/java/com/uber/controller/AdminControllerTest.java:[31,2] cannot find symbol
  symbol: class WebMvcTest
[ERROR] /C:/Users/wilso/OneDrive/桌面/Uber/server/src/test/java/com/uber/controller/DriverControllerTest.java:[12,63] package org.springframework.boot.test.autoconfigure.web.servlet does not exist
[ERROR] /C:/Users/wilso/OneDrive/桌面/Uber/server/src/test/java/com/uber/controller/DriverControllerTest.java:[30,2] cannot find symbol
  symbol: class WebMvcTest
[ERROR] /C:/Users/wilso/OneDrive/桌面/Uber/server/src/test/java/com/uber/controller/OrderControllerTest.java:[12,63] package org.springframework.boot.test.autoconfigure.web.servlet does not exist
[ERROR] /C:/Users/wilso/OneDrive/桌面/Uber/server/src/test/java/com/uber/controller/OrderControllerTest.java:[29,2] cannot find symbol
  symbol: class WebMvcTest
[ERROR] /C:/Users/wilso/OneDrive/桌面/Uber/server/src/test/java/com/uber/integration/IntegrationFlowTest.java:[16,63] package org.springframework.boot.test.autoconfigure.web.servlet does not exist
[ERROR] /C:/Users/wilso/OneDrive/桌面/Uber/server/src/test/java/com/uber/integration/IntegrationFlowTest.java:[39,2] cannot find symbol
  symbol: class AutoConfigureMockMvc
[INFO] 8 errors 
[INFO] -------------------------------------------------------------
[INFO] ------------------------------------------------------------------------
[INFO] BUILD FAILURE
[INFO] ------------------------------------------------------------------------
[INFO] Total time:  6.036 s
[INFO] Finished at: 2026-01-01T16:48:43+08:00
[INFO] ------------------------------------------------------------------------
[ERROR] Failed to execute goal org.apache.maven.plugins:maven-compiler-plugin:3.13.0:testCompile (default-testCompile) on project ride-dispatch-server: Compilation failure: Compilation failure: 
[ERROR] /C:/Users/wilso/OneDrive/桌面/Uber/server/src/test/java/com/uber/controller/AdminControllerTest.java:[12,63] package org.springframework.boot.test.autoconfigure.web.servlet does not exist
[ERROR] /C:/Users/wilso/OneDrive/桌面/Uber/server/src/test/java/com/uber/controller/AdminControllerTest.java:[31,2] cannot find symbol
[ERROR]   symbol: class WebMvcTest
[ERROR] /C:/Users/wilso/OneDrive/桌面/Uber/server/src/test/java/com/uber/controller/DriverControllerTest.java:[12,63] package org.springframework.boot.test.autoconfigure.web.servlet does not exist
[ERROR] /C:/Users/wilso/OneDrive/桌面/Uber/server/src/test/java/com/uber/controller/DriverControllerTest.java:[30,2] cannot find symbol
[ERROR]   symbol: class WebMvcTest
[ERROR] /C:/Users/wilso/OneDrive/桌面/Uber/server/src/test/java/com/uber/controller/OrderControllerTest.java:[12,63] package org.springframework.boot.test.autoconfigure.web.servlet does not exist
[ERROR] /C:/Users/wilso/OneDrive/桌面/Uber/server/src/test/java/com/uber/controller/OrderControllerTest.java:[29,2] cannot find symbol
[ERROR]   symbol: class WebMvcTest
[ERROR] /C:/Users/wilso/OneDrive/桌面/Uber/server/src/test/java/com/uber/integration/IntegrationFlowTest.java:[16,63] package org.springframework.boot.test.autoconfigure.web.servlet does not exist
[ERROR] /C:/Users/wilso/OneDrive/桌面/Uber/server/src/test/java/com/uber/integration/IntegrationFlowTest.java:[39,2] cannot find symbol
[ERROR]   symbol: class AutoConfigureMockMvc
[ERROR] -> [Help 1]
[ERROR] 
[ERROR] To see the full stack trace of the errors, re-run Maven with the -e switch.
[ERROR] Re-run Maven using the -X switch to enable full debug logging.
[ERROR] 
[ERROR] For more information about the errors and possible solutions, please read the following articles:
[ERROR] [Help 1] http://cwiki.apache.org/confluence/display/MAVEN/MojoFailureException
