[INFO] Scanning for projects...
[INFO] 
[INFO] -------------------< com.uber:ride-dispatch-server >--------------------
[INFO] Building Ride Dispatch Server 0.1.0-SNAPSHOT
[INFO]   from pom.xml
[INFO] --------------------------------[ jar ]---------------------------------
[INFO] 
[INFO] --- clean:3.4.0:clean (default-clean) @ ride-dispatch-server ---
[INFO] Deleting C:\Users\wilso\OneDrive\桌面\Uber\server\target
[INFO] 
[INFO] --- jacoco:0.8.13:prepare-agent (prepare-agent) @ ride-dispatch-server ---
[INFO] argLine set to -javaagent:C:\\Users\\wilso\\.m2\\repository\\org\\jacoco\\org.jacoco.agent\\0.8.13\\org.jacoco.agent-0.8.13-runtime.jar=destfile=C:\\Users\\wilso\\OneDrive\\桌面\\Uber\\server\\target\\jacoco.exec
[INFO] 
[INFO] --- resources:3.3.1:resources (default-resources) @ ride-dispatch-server ---
[INFO] Copying 1 resource from src\main\resources to target\classes
[INFO] Copying 0 resource from src\main\resources to target\classes
[INFO] 
[INFO] --- compiler:3.13.0:compile (default-compile) @ ride-dispatch-server ---
[INFO] Recompiling the module because of changed source code.
[INFO] Compiling 39 source files with javac [debug parameters release 21] to target\classes
mvn : WARNING: A terminally d
eprecated method in sun.misc.
Unsafe has been called
位於 線路:1 字元:1
+ mvn clean test 2>&1 | Out-F
ile test_result10.txt -Encodi
ng utf8
+ ~~~~~~~~~~~~~~~~~~~
    + CategoryInfo           
   : NotSpecified: (WARNING  
  : A term...has been call   
 ed:String) [], RemoteExc    
eption
    + FullyQualifiedErrorId  
   : NativeCommandError
 
WARNING: sun.misc.Unsafe::obj
ectFieldOffset has been calle
d by lombok.permit.Permit
WARNING: Please consider repo
rting this to the maintainers
 of class lombok.permit.Permi
t
WARNING: sun.misc.Unsafe::obj
ectFieldOffset will be remove
d in a future release
[INFO] 
[INFO] --- resources:3.3.1:testResources (default-testResources) @ ride-dispatch-server ---
[INFO] Copying 1 resource from src\test\resources to target\test-classes
[INFO] 
[INFO] --- compiler:3.13.0:testCompile (default-testCompile) @ ride-dispatch-server ---
[INFO] Recompiling the module because of changed dependency.
[INFO] Compiling 15 source files with javac [debug parameters release 21] to target\test-classes
[INFO] 
[INFO] --- surefire:3.2.5:test (default-test) @ ride-dispatch-server ---
[INFO] Using auto detected provider org.apache.maven.surefire.junitplatform.JUnitPlatformProvider
[INFO] 
[INFO] -------------------------------------------------------
[INFO]  T E S T S
[INFO] -------------------------------------------------------
[INFO] Running com.uber.controller.AdminControllerTest
16:54:53.958 [main] INFO org.springframework.test.context.support.AnnotationConfigContextLoaderUtils -- Could not detect default configuration classes for test class [com.uber.controller.AdminControllerTest]: AdminControllerTest does not declare any static, non-private, non-final, nested classes annotated with @Configuration.
16:54:54.207 [main] INFO org.springframework.boot.test.context.SpringBootTestContextBootstrapper -- Found @SpringBootConfiguration com.uber.RideDispatchApplication for test class com.uber.controller.AdminControllerTest
[INFO] Running com.uber.controller.AdminControllerTest$DriverSummaryAdditionalTests
16:54:54.237 [main] INFO org.springframework.test.context.support.AnnotationConfigContextLoaderUtils -- Could not detect default configuration classes for test class [com.uber.controller.AdminControllerTest$DriverSummaryAdditionalTests]: DriverSummaryAdditionalTests does not declare any static, non-private, non-final, nested classes annotated with @Configuration.
16:54:54.252 [main] INFO org.springframework.boot.test.context.SpringBootTestContextBootstrapper -- Found @SpringBootConfiguration com.uber.RideDispatchApplication for test class com.uber.controller.AdminControllerTest$DriverSummaryAdditionalTests

  .   ____          _            __ _ _
 /\\ / ___'_ __ _ _(_)_ __  __ _ \ \ \ \
( ( )\___ | '_ | '_| | '_ \/ _` | \ \ \ \
 \\/  ___)| |_)| | | | | || (_| |  ) ) ) )
  '  |____| .__|_| |_|_| |_\__, | / / / /
 =========|_|==============|___/=/_/_/_/

 :: Spring Boot ::                (v3.4.1)

2026-01-01T16:54:54.891+08:00  INFO 14204 --- [ride-dispatch-server] [           main] c.uber.controller.AdminControllerTest    : Starting AdminControllerTest using Java 25.0.1 with PID 14204 (started by wilso in C:\Users\wilso\OneDrive\桌面\Uber\server)
2026-01-01T16:54:54.893+08:00 DEBUG 14204 --- [ride-dispatch-server] [           main] c.uber.controller.AdminControllerTest    : Running with Spring Boot v3.4.1, Spring v6.2.1
2026-01-01T16:54:54.895+08:00  INFO 14204 --- [ride-dispatch-server] [           main] c.uber.controller.AdminControllerTest    : No active profile set, falling back to 1 default profile: "default"
Mockito is currently self-att
aching to enable the inline-m
ock-maker. This will no longe
r work in future releases of 
the JDK. Please add Mockito a
s an agent to your build as d
escribed in Mockito's documen
tation: https://javadoc.io/do
c/org.mockito/mockito-core/la
test/org/mockito/Mockito.html
#0.3
Java HotSpot(TM) 64-Bit Serve
r VM warning: Sharing is only
 supported for boot loader cl
asses because bootstrap class
path has been appended
WARNING: A terminally depreca
ted method in sun.misc.Unsafe
 has been called
WARNING: sun.misc.Unsafe::obj
ectFieldOffset has been calle
d by net.bytebuddy.dynamic.lo
ading.ClassInjector$UsingUnsa
fe$Dispatcher$CreationAction 
(file:/C:/Users/wilso/.m2/rep
ository/net/bytebuddy/byte-bu
ddy/1.17.5/byte-buddy-1.17.5.
jar)
WARNING: Please consider repo
rting this to the maintainers
 of class net.bytebuddy.dynam
ic.loading.ClassInjector$Usin
gUnsafe$Dispatcher$CreationAc
tion
WARNING: sun.misc.Unsafe::obj
ectFieldOffset will be remove
d in a future release
2026-01-01T16:54:57.516+08:00  INFO 14204 --- [ride-dispatch-server] [           main] o.s.b.t.m.w.SpringBootMockServletContext : Initializing Spring TestDispatcherServlet ''
2026-01-01T16:54:57.517+08:00  INFO 14204 --- [ride-dispatch-server] [           main] o.s.t.web.servlet.TestDispatcherServlet  : Initializing Servlet ''
2026-01-01T16:54:57.518+08:00  INFO 14204 --- [ride-dispatch-server] [           main] o.s.t.web.servlet.TestDispatcherServlet  : Completed initialization in 1 ms
2026-01-01T16:54:57.556+08:00  INFO 14204 --- [ride-dispatch-server] [           main] c.uber.controller.AdminControllerTest    : Started AdminControllerTest in 3.247 seconds (process running for 5.06)
[INFO] Tests run: 4, Failures: 0, Errors: 0, Skipped: 0, Time elapsed: 3.715 s -- in com.uber.controller.AdminControllerTest$DriverSummaryAdditionalTests
[INFO] Running com.uber.controller.AdminControllerTest$OrderDetailAdditionalTests
2026-01-01T16:54:57.957+08:00  INFO 14204 --- [ride-dispatch-server] [           main] t.c.s.AnnotationConfigContextLoaderUtils : Could not detect default configuration classes for test class [com.uber.controller.AdminControllerTest$OrderDetailAdditionalTests]: OrderDetailAdditionalTests does not declare any static, non-private, non-final, nested classes annotated with @Configuration.
2026-01-01T16:54:57.974+08:00  INFO 14204 --- [ride-dispatch-server] [           main] .b.t.c.SpringBootTestContextBootstrapper : Found @SpringBootConfiguration com.uber.RideDispatchApplication for test class com.uber.controller.AdminControllerTest$OrderDetailAdditionalTests
[INFO] Tests run: 5, Failures: 0, Errors: 0, Skipped: 0, Time elapsed: 0.083 s -- in com.uber.controller.AdminControllerTest$OrderDetailAdditionalTests
[INFO] Running com.uber.controller.AdminControllerTest$OrderSummaryAdditionalTests
2026-01-01T16:54:58.042+08:00  INFO 14204 --- [ride-dispatch-server] [           main] t.c.s.AnnotationConfigContextLoaderUtils : Could not detect default configuration classes for test class [com.uber.controller.AdminControllerTest$OrderSummaryAdditionalTests]: OrderSummaryAdditionalTests does not declare any static, non-private, non-final, nested classes annotated with @Configuration.
2026-01-01T16:54:58.053+08:00  INFO 14204 --- [ride-dispatch-server] [           main] .b.t.c.SpringBootTestContextBootstrapper : Found @SpringBootConfiguration com.uber.RideDispatchApplication for test class com.uber.controller.AdminControllerTest$OrderSummaryAdditionalTests
[INFO] Tests run: 3, Failures: 0, Errors: 0, Skipped: 0, Time elapsed: 0.051 s -- in com.uber.controller.AdminControllerTest$OrderSummaryAdditionalTests
[INFO] Running com.uber.controller.AdminControllerTest$RatePlanResponseTests
2026-01-01T16:54:58.093+08:00  INFO 14204 --- [ride-dispatch-server] [           main] t.c.s.AnnotationConfigContextLoaderUtils : Could not detect default configuration classes for test class [com.uber.controller.AdminControllerTest$RatePlanResponseTests]: RatePlanResponseTests does not declare any static, non-private, non-final, nested classes annotated with @Configuration.
2026-01-01T16:54:58.107+08:00  INFO 14204 --- [ride-dispatch-server] [           main] .b.t.c.SpringBootTestContextBootstrapper : Found @SpringBootConfiguration com.uber.RideDispatchApplication for test class com.uber.controller.AdminControllerTest$RatePlanResponseTests
[INFO] Tests run: 2, Failures: 0, Errors: 0, Skipped: 0, Time elapsed: 0.042 s -- in com.uber.controller.AdminControllerTest$RatePlanResponseTests
[INFO] Running com.uber.controller.AdminControllerTest$BuildOrderDetailTests
2026-01-01T16:54:58.139+08:00  INFO 14204 --- [ride-dispatch-server] [           main] t.c.s.AnnotationConfigContextLoaderUtils : Could not detect default configuration classes for test class [com.uber.controller.AdminControllerTest$BuildOrderDetailTests]: BuildOrderDetailTests does not declare any static, non-private, non-final, nested classes annotated with @Configuration.
2026-01-01T16:54:58.151+08:00  INFO 14204 --- [ride-dispatch-server] [           main] .b.t.c.SpringBootTestContextBootstrapper : Found @SpringBootConfiguration com.uber.RideDispatchApplication for test class com.uber.controller.AdminControllerTest$BuildOrderDetailTests
[INFO] Tests run: 3, Failures: 0, Errors: 0, Skipped: 0, Time elapsed: 0.043 s -- in com.uber.controller.AdminControllerTest$BuildOrderDetailTests
[INFO] Running com.uber.controller.AdminControllerTest$BuildAuditLogResponseTests
2026-01-01T16:54:58.184+08:00  INFO 14204 --- [ride-dispatch-server] [           main] t.c.s.AnnotationConfigContextLoaderUtils : Could not detect default configuration classes for test class [com.uber.controller.AdminControllerTest$BuildAuditLogResponseTests]: BuildAuditLogResponseTests does not declare any static, non-private, non-final, nested classes annotated with @Configuration.
2026-01-01T16:54:58.194+08:00  INFO 14204 --- [ride-dispatch-server] [           main] .b.t.c.SpringBootTestContextBootstrapper : Found @SpringBootConfiguration com.uber.RideDispatchApplication for test class com.uber.controller.AdminControllerTest$BuildAuditLogResponseTests
[INFO] Tests run: 2, Failures: 0, Errors: 0, Skipped: 0, Time elapsed: 0.031 s -- in com.uber.controller.AdminControllerTest$BuildAuditLogResponseTests
[INFO] Running com.uber.controller.AdminControllerTest$BuildDriverSummaryTests
2026-01-01T16:54:58.217+08:00  INFO 14204 --- [ride-dispatch-server] [           main] t.c.s.AnnotationConfigContextLoaderUtils : Could not detect default configuration classes for test class [com.uber.controller.AdminControllerTest$BuildDriverSummaryTests]: BuildDriverSummaryTests does not declare any static, non-private, non-final, nested classes annotated with @Configuration.
2026-01-01T16:54:58.227+08:00  INFO 14204 --- [ride-dispatch-server] [           main] .b.t.c.SpringBootTestContextBootstrapper : Found @SpringBootConfiguration com.uber.RideDispatchApplication for test class com.uber.controller.AdminControllerTest$BuildDriverSummaryTests
[INFO] Tests run: 3, Failures: 0, Errors: 0, Skipped: 0, Time elapsed: 0.039 s -- in com.uber.controller.AdminControllerTest$BuildDriverSummaryTests
[INFO] Running com.uber.controller.AdminControllerTest$BuildOrderSummaryTests
2026-01-01T16:54:58.258+08:00  INFO 14204 --- [ride-dispatch-server] [           main] t.c.s.AnnotationConfigContextLoaderUtils : Could not detect default configuration classes for test class [com.uber.controller.AdminControllerTest$BuildOrderSummaryTests]: BuildOrderSummaryTests does not declare any static, non-private, non-final, nested classes annotated with @Configuration.
2026-01-01T16:54:58.267+08:00  INFO 14204 --- [ride-dispatch-server] [           main] .b.t.c.SpringBootTestContextBootstrapper : Found @SpringBootConfiguration com.uber.RideDispatchApplication for test class com.uber.controller.AdminControllerTest$BuildOrderSummaryTests
[INFO] Tests run: 3, Failures: 0, Errors: 0, Skipped: 0, Time elapsed: 0.041 s -- in com.uber.controller.AdminControllerTest$BuildOrderSummaryTests
[INFO] Running com.uber.controller.AdminControllerTest$ErrorResponsesTests
2026-01-01T16:54:58.299+08:00  INFO 14204 --- [ride-dispatch-server] [           main] t.c.s.AnnotationConfigContextLoaderUtils : Could not detect default configuration classes for test class [com.uber.controller.AdminControllerTest$ErrorResponsesTests]: ErrorResponsesTests does not declare any static, non-private, non-final, nested classes annotated with @Configuration.
2026-01-01T16:54:58.308+08:00  INFO 14204 --- [ride-dispatch-server] [           main] .b.t.c.SpringBootTestContextBootstrapper : Found @SpringBootConfiguration com.uber.RideDispatchApplication for test class com.uber.controller.AdminControllerTest$ErrorResponsesTests
2026-01-01T16:54:58.319+08:00 ERROR 14204 --- [ride-dispatch-server] [           main] c.uber.exception.GlobalExceptionHandler  : Unexpected error

java.lang.RuntimeException: unexpected
	at com.uber.service.OrderService.getAllOrders(OrderService.java:422) ~[classes/:na]
	at com.uber.controller.AdminController.getAllOrders(AdminController.java:54) ~[classes/:na]
	at java.base/jdk.internal.reflect.DirectMethodHandleAccessor.invoke(DirectMethodHandleAccessor.java:104) ~[na:na]
	at java.base/java.lang.reflect.Method.invoke(Method.java:565) ~[na:na]
	at org.springframework.web.method.support.InvocableHandlerMethod.doInvoke(InvocableHandlerMethod.java:257) ~[spring-web-6.2.1.jar:6.2.1]
	at org.springframework.web.method.support.InvocableHandlerMethod.invokeForRequest(InvocableHandlerMethod.java:190) ~[spring-web-6.2.1.jar:6.2.1]
	at org.springframework.web.servlet.mvc.method.annotation.ServletInvocableHandlerMethod.invokeAndHandle(ServletInvocableHandlerMethod.java:118) ~[spring-webmvc-6.2.1.jar:6.2.1]
	at org.springframework.web.servlet.mvc.method.annotation.RequestMappingHandlerAdapter.invokeHandlerMethod(RequestMappingHandlerAdapter.java:986) ~[spring-webmvc-6.2.1.jar:6.2.1]
	at org.springframework.web.servlet.mvc.method.annotation.RequestMappingHandlerAdapter.handleInternal(RequestMappingHandlerAdapter.java:891) ~[spring-webmvc-6.2.1.jar:6.2.1]
	at org.springframework.web.servlet.mvc.method.AbstractHandlerMethodAdapter.handle(AbstractHandlerMethodAdapter.java:87) ~[spring-webmvc-6.2.1.jar:6.2.1]
	at org.springframework.web.servlet.DispatcherServlet.doDispatch(DispatcherServlet.java:1088) ~[spring-webmvc-6.2.1.jar:6.2.1]
	at org.springframework.web.servlet.DispatcherServlet.doService(DispatcherServlet.java:978) ~[spring-webmvc-6.2.1.jar:6.2.1]
	at org.springframework.web.servlet.FrameworkServlet.processRequest(FrameworkServlet.java:1014) ~[spring-webmvc-6.2.1.jar:6.2.1]
	at org.springframework.web.servlet.FrameworkServlet.doGet(FrameworkServlet.java:903) ~[spring-webmvc-6.2.1.jar:6.2.1]
	at jakarta.servlet.http.HttpServlet.service(HttpServlet.java:564) ~[tomcat-embed-core-10.1.34.jar:6.0]
	at org.springframework.web.servlet.FrameworkServlet.service(FrameworkServlet.java:885) ~[spring-webmvc-6.2.1.jar:6.2.1]
	at org.springframework.test.web.servlet.TestDispatcherServlet.service(TestDispatcherServlet.java:72) ~[spring-test-6.2.1.jar:6.2.1]
	at jakarta.servlet.http.HttpServlet.service(HttpServlet.java:658) ~[tomcat-embed-core-10.1.34.jar:6.0]
	at org.springframework.mock.web.MockFilterChain$ServletFilterProxy.doFilter(MockFilterChain.java:165) ~[spring-test-6.2.1.jar:6.2.1]
	at org.springframework.mock.web.MockFilterChain.doFilter(MockFilterChain.java:132) ~[spring-test-6.2.1.jar:6.2.1]
	at org.springframework.web.filter.RequestContextFilter.doFilterInternal(RequestContextFilter.java:100) ~[spring-web-6.2.1.jar:6.2.1]
	at org.springframework.web.filter.OncePerRequestFilter.doFilter(OncePerRequestFilter.java:116) ~[spring-web-6.2.1.jar:6.2.1]
	at org.springframework.test.web.servlet.setup.MockMvcFilterDecorator.doFilter(MockMvcFilterDecorator.java:162) ~[spring-test-6.2.1.jar:6.2.1]
	at org.springframework.mock.web.MockFilterChain.doFilter(MockFilterChain.java:132) ~[spring-test-6.2.1.jar:6.2.1]
	at org.springframework.web.filter.FormContentFilter.doFilterInternal(FormContentFilter.java:93) ~[spring-web-6.2.1.jar:6.2.1]
	at org.springframework.web.filter.OncePerRequestFilter.doFilter(OncePerRequestFilter.java:116) ~[spring-web-6.2.1.jar:6.2.1]
	at org.springframework.test.web.servlet.setup.MockMvcFilterDecorator.doFilter(MockMvcFilterDecorator.java:162) ~[spring-test-6.2.1.jar:6.2.1]
	at org.springframework.mock.web.MockFilterChain.doFilter(MockFilterChain.java:132) ~[spring-test-6.2.1.jar:6.2.1]
	at org.springframework.web.filter.CharacterEncodingFilter.doFilterInternal(CharacterEncodingFilter.java:201) ~[spring-web-6.2.1.jar:6.2.1]
	at org.springframework.web.filter.OncePerRequestFilter.doFilter(OncePerRequestFilter.java:116) ~[spring-web-6.2.1.jar:6.2.1]
	at org.springframework.test.web.servlet.setup.MockMvcFilterDecorator.doFilter(MockMvcFilterDecorator.java:162) ~[spring-test-6.2.1.jar:6.2.1]
	at org.springframework.mock.web.MockFilterChain.doFilter(MockFilterChain.java:132) ~[spring-test-6.2.1.jar:6.2.1]
	at org.springframework.test.web.servlet.MockMvc.perform(MockMvc.java:201) ~[spring-test-6.2.1.jar:6.2.1]
	at com.uber.controller.AdminControllerTest$ErrorResponsesTests.getAllOrders_ServiceThrowsRuntimeException(AdminControllerTest.java:914) ~[test-classes/:na]
	at java.base/jdk.internal.reflect.DirectMethodHandleAccessor.invoke(DirectMethodHandleAccessor.java:104) ~[na:na]
	at java.base/java.lang.reflect.Method.invoke(Method.java:565) ~[na:na]
	at org.junit.platform.commons.util.ReflectionUtils.invokeMethod(ReflectionUtils.java:767) ~[junit-platform-commons-1.11.4.jar:1.11.4]
	at org.junit.jupiter.engine.execution.MethodInvocation.proceed(MethodInvocation.java:60) ~[junit-jupiter-engine-5.11.4.jar:5.11.4]
	at org.junit.jupiter.engine.execution.InvocationInterceptorChain$ValidatingInvocation.proceed(InvocationInterceptorChain.java:131) ~[junit-jupiter-engine-5.11.4.jar:5.11.4]
	at org.junit.jupiter.engine.extension.TimeoutExtension.intercept(TimeoutExtension.java:156) ~[junit-jupiter-engine-5.11.4.jar:5.11.4]
	at org.junit.jupiter.engine.extension.TimeoutExtension.interceptTestableMethod(TimeoutExtension.java:147) ~[junit-jupiter-engine-5.11.4.jar:5.11.4]
	at org.junit.jupiter.engine.extension.TimeoutExtension.interceptTestMethod(TimeoutExtension.java:86) ~[junit-jupiter-engine-5.11.4.jar:5.11.4]
	at org.junit.jupiter.engine.execution.InterceptingExecutableInvoker$ReflectiveInterceptorCall.lambda$ofVoidMethod$0(InterceptingExecutableInvoker.java:103) ~[junit-jupiter-engine-5.11.4.jar:5.11.4]
	at org.junit.jupiter.engine.execution.InterceptingExecutableInvoker.lambda$invoke$0(InterceptingExecutableInvoker.java:93) ~[junit-jupiter-engine-5.11.4.jar:5.11.4]
	at org.junit.jupiter.engine.execution.InvocationInterceptorChain$InterceptedInvocation.proceed(InvocationInterceptorChain.java:106) ~[junit-jupiter-engine-5.11.4.jar:5.11.4]
	at org.junit.jupiter.engine.execution.InvocationInterceptorChain.proceed(InvocationInterceptorChain.java:64) ~[junit-jupiter-engine-5.11.4.jar:5.11.4]
	at org.junit.jupiter.engine.execution.InvocationInterceptorChain.chainAndInvoke(InvocationInterceptorChain.java:45) ~[junit-jupiter-engine-5.11.4.jar:5.11.4]
	at org.junit.jupiter.engine.execution.InvocationInterceptorChain.invoke(InvocationInterceptorChain.java:37) ~[junit-jupiter-engine-5.11.4.jar:5.11.4]
	at org.junit.jupiter.engine.execution.InterceptingExecutableInvoker.invoke(InterceptingExecutableInvoker.java:92) ~[junit-jupiter-engine-5.11.4.jar:5.11.4]
	at org.junit.jupiter.engine.execution.InterceptingExecutableInvoker.invoke(InterceptingExecutableInvoker.java:86) ~[junit-jupiter-engine-5.11.4.jar:5.11.4]
	at org.junit.jupiter.engine.descriptor.TestMethodTestDescriptor.lambda$invokeTestMethod$8(TestMethodTestDescriptor.java:217) ~[junit-jupiter-engine-5.11.4.jar:5.11.4]
	at org.junit.platform.engine.support.hierarchical.ThrowableCollector.execute(ThrowableCollector.java:73) ~[junit-platform-engine-1.11.4.jar:1.11.4]
	at org.junit.jupiter.engine.descriptor.TestMethodTestDescriptor.invokeTestMethod(TestMethodTestDescriptor.java:213) ~[junit-jupiter-engine-5.11.4.jar:5.11.4]
	at org.junit.jupiter.engine.descriptor.TestMethodTestDescriptor.execute(TestMethodTestDescriptor.java:138) ~[junit-jupiter-engine-5.11.4.jar:5.11.4]
	at org.junit.jupiter.engine.descriptor.TestMethodTestDescriptor.execute(TestMethodTestDescriptor.java:68) ~[junit-jupiter-engine-5.11.4.jar:5.11.4]
	at org.junit.platform.engine.support.hierarchical.NodeTestTask.lambda$executeRecursively$6(NodeTestTask.java:156) ~[junit-platform-engine-1.11.4.jar:1.11.4]
	at org.junit.platform.engine.support.hierarchical.ThrowableCollector.execute(ThrowableCollector.java:73) ~[junit-platform-engine-1.11.4.jar:1.11.4]
	at org.junit.platform.engine.support.hierarchical.NodeTestTask.lambda$executeRecursively$8(NodeTestTask.java:146) ~[junit-platform-engine-1.11.4.jar:1.11.4]
	at org.junit.platform.engine.support.hierarchical.Node.around(Node.java:137) ~[junit-platform-engine-1.11.4.jar:1.11.4]
	at org.junit.platform.engine.support.hierarchical.NodeTestTask.lambda$executeRecursively$9(NodeTestTask.java:144) ~[junit-platform-engine-1.11.4.jar:1.11.4]
	at org.junit.platform.engine.support.hierarchical.ThrowableCollector.execute(ThrowableCollector.java:73) ~[junit-platform-engine-1.11.4.jar:1.11.4]
	at org.junit.platform.engine.support.hierarchical.NodeTestTask.executeRecursively(NodeTestTask.java:143) ~[junit-platform-engine-1.11.4.jar:1.11.4]
	at org.junit.platform.engine.support.hierarchical.NodeTestTask.execute(NodeTestTask.java:100) ~[junit-platform-engine-1.11.4.jar:1.11.4]
	at java.base/java.util.ArrayList.forEach(ArrayList.java:1604) ~[na:na]
	at org.junit.platform.engine.support.hierarchical.SameThreadHierarchicalTestExecutorService.invokeAll(SameThreadHierarchicalTestExecutorService.java:41) ~[junit-platform-engine-1.11.4.jar:1.11.4]
	at org.junit.platform.engine.support.hierarchical.NodeTestTask.lambda$executeRecursively$6(NodeTestTask.java:160) ~[junit-platform-engine-1.11.4.jar:1.11.4]
	at org.junit.platform.engine.support.hierarchical.ThrowableCollector.execute(ThrowableCollector.java:73) ~[junit-platform-engine-1.11.4.jar:1.11.4]
	at org.junit.platform.engine.support.hierarchical.NodeTestTask.lambda$executeRecursively$8(NodeTestTask.java:146) ~[junit-platform-engine-1.11.4.jar:1.11.4]
	at org.junit.platform.engine.support.hierarchical.Node.around(Node.java:137) ~[junit-platform-engine-1.11.4.jar:1.11.4]
	at org.junit.platform.engine.support.hierarchical.NodeTestTask.lambda$executeRecursively$9(NodeTestTask.java:144) ~[junit-platform-engine-1.11.4.jar:1.11.4]
	at org.junit.platform.engine.support.hierarchical.ThrowableCollector.execute(ThrowableCollector.java:73) ~[junit-platform-engine-1.11.4.jar:1.11.4]
	at org.junit.platform.engine.support.hierarchical.NodeTestTask.executeRecursively(NodeTestTask.java:143) ~[junit-platform-engine-1.11.4.jar:1.11.4]
	at org.junit.platform.engine.support.hierarchical.NodeTestTask.execute(NodeTestTask.java:100) ~[junit-platform-engine-1.11.4.jar:1.11.4]
	at java.base/java.util.ArrayList.forEach(ArrayList.java:1604) ~[na:na]
	at org.junit.platform.engine.support.hierarchical.SameThreadHierarchicalTestExecutorService.invokeAll(SameThreadHierarchicalTestExecutorService.java:41) ~[junit-platform-engine-1.11.4.jar:1.11.4]
	at org.junit.platform.engine.support.hierarchical.NodeTestTask.lambda$executeRecursively$6(NodeTestTask.java:160) ~[junit-platform-engine-1.11.4.jar:1.11.4]
	at org.junit.platform.engine.support.hierarchical.ThrowableCollector.execute(ThrowableCollector.java:73) ~[junit-platform-engine-1.11.4.jar:1.11.4]
	at org.junit.platform.engine.support.hierarchical.NodeTestTask.lambda$executeRecursively$8(NodeTestTask.java:146) ~[junit-platform-engine-1.11.4.jar:1.11.4]
	at org.junit.platform.engine.support.hierarchical.Node.around(Node.java:137) ~[junit-platform-engine-1.11.4.jar:1.11.4]
	at org.junit.platform.engine.support.hierarchical.NodeTestTask.lambda$executeRecursively$9(NodeTestTask.java:144) ~[junit-platform-engine-1.11.4.jar:1.11.4]
	at org.junit.platform.engine.support.hierarchical.ThrowableCollector.execute(ThrowableCollector.java:73) ~[junit-platform-engine-1.11.4.jar:1.11.4]
	at org.junit.platform.engine.support.hierarchical.NodeTestTask.executeRecursively(NodeTestTask.java:143) ~[junit-platform-engine-1.11.4.jar:1.11.4]
	at org.junit.platform.engine.support.hierarchical.NodeTestTask.execute(NodeTestTask.java:100) ~[junit-platform-engine-1.11.4.jar:1.11.4]
	at java.base/java.util.ArrayList.forEach(ArrayList.java:1604) ~[na:na]
	at org.junit.platform.engine.support.hierarchical.SameThreadHierarchicalTestExecutorService.invokeAll(SameThreadHierarchicalTestExecutorService.java:41) ~[junit-platform-engine-1.11.4.jar:1.11.4]
	at org.junit.platform.engine.support.hierarchical.NodeTestTask.lambda$executeRecursively$6(NodeTestTask.java:160) ~[junit-platform-engine-1.11.4.jar:1.11.4]
	at org.junit.platform.engine.support.hierarchical.ThrowableCollector.execute(ThrowableCollector.java:73) ~[junit-platform-engine-1.11.4.jar:1.11.4]
	at org.junit.platform.engine.support.hierarchical.NodeTestTask.lambda$executeRecursively$8(NodeTestTask.java:146) ~[junit-platform-engine-1.11.4.jar:1.11.4]
	at org.junit.platform.engine.support.hierarchical.Node.around(Node.java:137) ~[junit-platform-engine-1.11.4.jar:1.11.4]
	at org.junit.platform.engine.support.hierarchical.NodeTestTask.lambda$executeRecursively$9(NodeTestTask.java:144) ~[junit-platform-engine-1.11.4.jar:1.11.4]
	at org.junit.platform.engine.support.hierarchical.ThrowableCollector.execute(ThrowableCollector.java:73) ~[junit-platform-engine-1.11.4.jar:1.11.4]
	at org.junit.platform.engine.support.hierarchical.NodeTestTask.executeRecursively(NodeTestTask.java:143) ~[junit-platform-engine-1.11.4.jar:1.11.4]
	at org.junit.platform.engine.support.hierarchical.NodeTestTask.execute(NodeTestTask.java:100) ~[junit-platform-engine-1.11.4.jar:1.11.4]
	at org.junit.platform.engine.support.hierarchical.SameThreadHierarchicalTestExecutorService.submit(SameThreadHierarchicalTestExecutorService.java:35) ~[junit-platform-engine-1.11.4.jar:1.11.4]
	at org.junit.platform.engine.support.hierarchical.HierarchicalTestExecutor.execute(HierarchicalTestExecutor.java:57) ~[junit-platform-engine-1.11.4.jar:1.11.4]
	at org.junit.platform.engine.support.hierarchical.HierarchicalTestEngine.execute(HierarchicalTestEngine.java:54) ~[junit-platform-engine-1.11.4.jar:1.11.4]
	at org.junit.platform.launcher.core.EngineExecutionOrchestrator.execute(EngineExecutionOrchestrator.java:198) ~[junit-platform-launcher-1.11.4.jar:1.11.4]
	at org.junit.platform.launcher.core.EngineExecutionOrchestrator.execute(EngineExecutionOrchestrator.java:169) ~[junit-platform-launcher-1.11.4.jar:1.11.4]
	at org.junit.platform.launcher.core.EngineExecutionOrchestrator.execute(EngineExecutionOrchestrator.java:93) ~[junit-platform-launcher-1.11.4.jar:1.11.4]
	at org.junit.platform.launcher.core.EngineExecutionOrchestrator.lambda$execute$0(EngineExecutionOrchestrator.java:58) ~[junit-platform-launcher-1.11.4.jar:1.11.4]
	at org.junit.platform.launcher.core.EngineExecutionOrchestrator.withInterceptedStreams(EngineExecutionOrchestrator.java:141) ~[junit-platform-launcher-1.11.4.jar:1.11.4]
	at org.junit.platform.launcher.core.EngineExecutionOrchestrator.execute(EngineExecutionOrchestrator.java:57) ~[junit-platform-launcher-1.11.4.jar:1.11.4]
	at org.junit.platform.launcher.core.DefaultLauncher.execute(DefaultLauncher.java:103) ~[junit-platform-launcher-1.11.4.jar:1.11.4]
	at org.junit.platform.launcher.core.DefaultLauncher.execute(DefaultLauncher.java:85) ~[junit-platform-launcher-1.11.4.jar:1.11.4]
	at org.junit.platform.launcher.core.DelegatingLauncher.execute(DelegatingLauncher.java:47) ~[junit-platform-launcher-1.11.4.jar:1.11.4]
	at org.apache.maven.surefire.junitplatform.LazyLauncher.execute(LazyLauncher.java:56) ~[surefire-junit-platform-3.2.5.jar:3.2.5]
	at org.apache.maven.surefire.junitplatform.JUnitPlatformProvider.execute(JUnitPlatformProvider.java:184) ~[surefire-junit-platform-3.2.5.jar:3.2.5]
	at org.apache.maven.surefire.junitplatform.JUnitPlatformProvider.invokeAllTests(JUnitPlatformProvider.java:148) ~[surefire-junit-platform-3.2.5.jar:3.2.5]
	at org.apache.maven.surefire.junitplatform.JUnitPlatformProvider.invoke(JUnitPlatformProvider.java:122) ~[surefire-junit-platform-3.2.5.jar:3.2.5]
	at org.apache.maven.surefire.booter.ForkedBooter.runSuitesInProcess(ForkedBooter.java:385) ~[surefire-booter-3.2.5.jar:3.2.5]
	at org.apache.maven.surefire.booter.ForkedBooter.execute(ForkedBooter.java:162) ~[surefire-booter-3.2.5.jar:3.2.5]
	at org.apache.maven.surefire.booter.ForkedBooter.run(ForkedBooter.java:507) ~[surefire-booter-3.2.5.jar:3.2.5]
	at org.apache.maven.surefire.booter.ForkedBooter.main(ForkedBooter.java:495) ~[surefire-booter-3.2.5.jar:3.2.5]

2026-01-01T16:54:58.331+08:00 ERROR 14204 --- [ride-dispatch-server] [           main] c.uber.exception.GlobalExceptionHandler  : Unexpected error

java.lang.RuntimeException: boom
	at com.uber.service.DriverService.getAllDrivers(DriverService.java:217) ~[classes/:na]
	at com.uber.controller.AdminController.getAllDrivers(AdminController.java:114) ~[classes/:na]
	at java.base/jdk.internal.reflect.DirectMethodHandleAccessor.invoke(DirectMethodHandleAccessor.java:104) ~[na:na]
	at java.base/java.lang.reflect.Method.invoke(Method.java:565) ~[na:na]
	at org.springframework.web.method.support.InvocableHandlerMethod.doInvoke(InvocableHandlerMethod.java:257) ~[spring-web-6.2.1.jar:6.2.1]
	at org.springframework.web.method.support.InvocableHandlerMethod.invokeForRequest(InvocableHandlerMethod.java:190) ~[spring-web-6.2.1.jar:6.2.1]
	at org.springframework.web.servlet.mvc.method.annotation.ServletInvocableHandlerMethod.invokeAndHandle(ServletInvocableHandlerMethod.java:118) ~[spring-webmvc-6.2.1.jar:6.2.1]
	at org.springframework.web.servlet.mvc.method.annotation.RequestMappingHandlerAdapter.invokeHandlerMethod(RequestMappingHandlerAdapter.java:986) ~[spring-webmvc-6.2.1.jar:6.2.1]
	at org.springframework.web.servlet.mvc.method.annotation.RequestMappingHandlerAdapter.handleInternal(RequestMappingHandlerAdapter.java:891) ~[spring-webmvc-6.2.1.jar:6.2.1]
	at org.springframework.web.servlet.mvc.method.AbstractHandlerMethodAdapter.handle(AbstractHandlerMethodAdapter.java:87) ~[spring-webmvc-6.2.1.jar:6.2.1]
	at org.springframework.web.servlet.DispatcherServlet.doDispatch(DispatcherServlet.java:1088) ~[spring-webmvc-6.2.1.jar:6.2.1]
	at org.springframework.web.servlet.DispatcherServlet.doService(DispatcherServlet.java:978) ~[spring-webmvc-6.2.1.jar:6.2.1]
	at org.springframework.web.servlet.FrameworkServlet.processRequest(FrameworkServlet.java:1014) ~[spring-webmvc-6.2.1.jar:6.2.1]
	at org.springframework.web.servlet.FrameworkServlet.doGet(FrameworkServlet.java:903) ~[spring-webmvc-6.2.1.jar:6.2.1]
	at jakarta.servlet.http.HttpServlet.service(HttpServlet.java:564) ~[tomcat-embed-core-10.1.34.jar:6.0]
	at org.springframework.web.servlet.FrameworkServlet.service(FrameworkServlet.java:885) ~[spring-webmvc-6.2.1.jar:6.2.1]
	at org.springframework.test.web.servlet.TestDispatcherServlet.service(TestDispatcherServlet.java:72) ~[spring-test-6.2.1.jar:6.2.1]
	at jakarta.servlet.http.HttpServlet.service(HttpServlet.java:658) ~[tomcat-embed-core-10.1.34.jar:6.0]
	at org.springframework.mock.web.MockFilterChain$ServletFilterProxy.doFilter(MockFilterChain.java:165) ~[spring-test-6.2.1.jar:6.2.1]
	at org.springframework.mock.web.MockFilterChain.doFilter(MockFilterChain.java:132) ~[spring-test-6.2.1.jar:6.2.1]
	at org.springframework.web.filter.RequestContextFilter.doFilterInternal(RequestContextFilter.java:100) ~[spring-web-6.2.1.jar:6.2.1]
	at org.springframework.web.filter.OncePerRequestFilter.doFilter(OncePerRequestFilter.java:116) ~[spring-web-6.2.1.jar:6.2.1]
	at org.springframework.test.web.servlet.setup.MockMvcFilterDecorator.doFilter(MockMvcFilterDecorator.java:162) ~[spring-test-6.2.1.jar:6.2.1]
	at org.springframework.mock.web.MockFilterChain.doFilter(MockFilterChain.java:132) ~[spring-test-6.2.1.jar:6.2.1]
	at org.springframework.web.filter.FormContentFilter.doFilterInternal(FormContentFilter.java:93) ~[spring-web-6.2.1.jar:6.2.1]
	at org.springframework.web.filter.OncePerRequestFilter.doFilter(OncePerRequestFilter.java:116) ~[spring-web-6.2.1.jar:6.2.1]
	at org.springframework.test.web.servlet.setup.MockMvcFilterDecorator.doFilter(MockMvcFilterDecorator.java:162) ~[spring-test-6.2.1.jar:6.2.1]
	at org.springframework.mock.web.MockFilterChain.doFilter(MockFilterChain.java:132) ~[spring-test-6.2.1.jar:6.2.1]
	at org.springframework.web.filter.CharacterEncodingFilter.doFilterInternal(CharacterEncodingFilter.java:201) ~[spring-web-6.2.1.jar:6.2.1]
	at org.springframework.web.filter.OncePerRequestFilter.doFilter(OncePerRequestFilter.java:116) ~[spring-web-6.2.1.jar:6.2.1]
	at org.springframework.test.web.servlet.setup.MockMvcFilterDecorator.doFilter(MockMvcFilterDecorator.java:162) ~[spring-test-6.2.1.jar:6.2.1]
	at org.springframework.mock.web.MockFilterChain.doFilter(MockFilterChain.java:132) ~[spring-test-6.2.1.jar:6.2.1]
	at org.springframework.test.web.servlet.MockMvc.perform(MockMvc.java:201) ~[spring-test-6.2.1.jar:6.2.1]
	at com.uber.controller.AdminControllerTest$ErrorResponsesTests.getAllDrivers_ServiceThrowsRuntimeException(AdminControllerTest.java:923) ~[test-classes/:na]
	at java.base/jdk.internal.reflect.DirectMethodHandleAccessor.invoke(DirectMethodHandleAccessor.java:104) ~[na:na]
	at java.base/java.lang.reflect.Method.invoke(Method.java:565) ~[na:na]
	at org.junit.platform.commons.util.ReflectionUtils.invokeMethod(ReflectionUtils.java:767) ~[junit-platform-commons-1.11.4.jar:1.11.4]
	at org.junit.jupiter.engine.execution.MethodInvocation.proceed(MethodInvocation.java:60) ~[junit-jupiter-engine-5.11.4.jar:5.11.4]
	at org.junit.jupiter.engine.execution.InvocationInterceptorChain$ValidatingInvocation.proceed(InvocationInterceptorChain.java:131) ~[junit-jupiter-engine-5.11.4.jar:5.11.4]
	at org.junit.jupiter.engine.extension.TimeoutExtension.intercept(TimeoutExtension.java:156) ~[junit-jupiter-engine-5.11.4.jar:5.11.4]
	at org.junit.jupiter.engine.extension.TimeoutExtension.interceptTestableMethod(TimeoutExtension.java:147) ~[junit-jupiter-engine-5.11.4.jar:5.11.4]
	at org.junit.jupiter.engine.extension.TimeoutExtension.interceptTestMethod(TimeoutExtension.java:86) ~[junit-jupiter-engine-5.11.4.jar:5.11.4]
	at org.junit.jupiter.engine.execution.InterceptingExecutableInvoker$ReflectiveInterceptorCall.lambda$ofVoidMethod$0(InterceptingExecutableInvoker.java:103) ~[junit-jupiter-engine-5.11.4.jar:5.11.4]
	at org.junit.jupiter.engine.execution.InterceptingExecutableInvoker.lambda$invoke$0(InterceptingExecutableInvoker.java:93) ~[junit-jupiter-engine-5.11.4.jar:5.11.4]
	at org.junit.jupiter.engine.execution.InvocationInterceptorChain$InterceptedInvocation.proceed(InvocationInterceptorChain.java:106) ~[junit-jupiter-engine-5.11.4.jar:5.11.4]
	at org.junit.jupiter.engine.execution.InvocationInterceptorChain.proceed(InvocationInterceptorChain.java:64) ~[junit-jupiter-engine-5.11.4.jar:5.11.4]
	at org.junit.jupiter.engine.execution.InvocationInterceptorChain.chainAndInvoke(InvocationInterceptorChain.java:45) ~[junit-jupiter-engine-5.11.4.jar:5.11.4]
	at org.junit.jupiter.engine.execution.InvocationInterceptorChain.invoke(InvocationInterceptorChain.java:37) ~[junit-jupiter-engine-5.11.4.jar:5.11.4]
	at org.junit.jupiter.engine.execution.InterceptingExecutableInvoker.invoke(InterceptingExecutableInvoker.java:92) ~[junit-jupiter-engine-5.11.4.jar:5.11.4]
	at org.junit.jupiter.engine.execution.InterceptingExecutableInvoker.invoke(InterceptingExecutableInvoker.java:86) ~[junit-jupiter-engine-5.11.4.jar:5.11.4]
	at org.junit.jupiter.engine.descriptor.TestMethodTestDescriptor.lambda$invokeTestMethod$8(TestMethodTestDescriptor.java:217) ~[junit-jupiter-engine-5.11.4.jar:5.11.4]
	at org.junit.platform.engine.support.hierarchical.ThrowableCollector.execute(ThrowableCollector.java:73) ~[junit-platform-engine-1.11.4.jar:1.11.4]
	at org.junit.jupiter.engine.descriptor.TestMethodTestDescriptor.invokeTestMethod(TestMethodTestDescriptor.java:213) ~[junit-jupiter-engine-5.11.4.jar:5.11.4]
	at org.junit.jupiter.engine.descriptor.TestMethodTestDescriptor.execute(TestMethodTestDescriptor.java:138) ~[junit-jupiter-engine-5.11.4.jar:5.11.4]
	at org.junit.jupiter.engine.descriptor.TestMethodTestDescriptor.execute(TestMethodTestDescriptor.java:68) ~[junit-jupiter-engine-5.11.4.jar:5.11.4]
	at org.junit.platform.engine.support.hierarchical.NodeTestTask.lambda$executeRecursively$6(NodeTestTask.java:156) ~[junit-platform-engine-1.11.4.jar:1.11.4]
	at org.junit.platform.engine.support.hierarchical.ThrowableCollector.execute(ThrowableCollector.java:73) ~[junit-platform-engine-1.11.4.jar:1.11.4]
	at org.junit.platform.engine.support.hierarchical.NodeTestTask.lambda$executeRecursively$8(NodeTestTask.java:146) ~[junit-platform-engine-1.11.4.jar:1.11.4]
	at org.junit.platform.engine.support.hierarchical.Node.around(Node.java:137) ~[junit-platform-engine-1.11.4.jar:1.11.4]
	at org.junit.platform.engine.support.hierarchical.NodeTestTask.lambda$executeRecursively$9(NodeTestTask.java:144) ~[junit-platform-engine-1.11.4.jar:1.11.4]
	at org.junit.platform.engine.support.hierarchical.ThrowableCollector.execute(ThrowableCollector.java:73) ~[junit-platform-engine-1.11.4.jar:1.11.4]
	at org.junit.platform.engine.support.hierarchical.NodeTestTask.executeRecursively(NodeTestTask.java:143) ~[junit-platform-engine-1.11.4.jar:1.11.4]
	at org.junit.platform.engine.support.hierarchical.NodeTestTask.execute(NodeTestTask.java:100) ~[junit-platform-engine-1.11.4.jar:1.11.4]
	at java.base/java.util.ArrayList.forEach(ArrayList.java:1604) ~[na:na]
	at org.junit.platform.engine.support.hierarchical.SameThreadHierarchicalTestExecutorService.invokeAll(SameThreadHierarchicalTestExecutorService.java:41) ~[junit-platform-engine-1.11.4.jar:1.11.4]
	at org.junit.platform.engine.support.hierarchical.NodeTestTask.lambda$executeRecursively$6(NodeTestTask.java:160) ~[junit-platform-engine-1.11.4.jar:1.11.4]
	at org.junit.platform.engine.support.hierarchical.ThrowableCollector.execute(ThrowableCollector.java:73) ~[junit-platform-engine-1.11.4.jar:1.11.4]
	at org.junit.platform.engine.support.hierarchical.NodeTestTask.lambda$executeRecursively$8(NodeTestTask.java:146) ~[junit-platform-engine-1.11.4.jar:1.11.4]
	at org.junit.platform.engine.support.hierarchical.Node.around(Node.java:137) ~[junit-platform-engine-1.11.4.jar:1.11.4]
	at org.junit.platform.engine.support.hierarchical.NodeTestTask.lambda$executeRecursively$9(NodeTestTask.java:144) ~[junit-platform-engine-1.11.4.jar:1.11.4]
	at org.junit.platform.engine.support.hierarchical.ThrowableCollector.execute(ThrowableCollector.java:73) ~[junit-platform-engine-1.11.4.jar:1.11.4]
	at org.junit.platform.engine.support.hierarchical.NodeTestTask.executeRecursively(NodeTestTask.java:143) ~[junit-platform-engine-1.11.4.jar:1.11.4]
	at org.junit.platform.engine.support.hierarchical.NodeTestTask.execute(NodeTestTask.java:100) ~[junit-platform-engine-1.11.4.jar:1.11.4]
	at java.base/java.util.ArrayList.forEach(ArrayList.java:1604) ~[na:na]
	at org.junit.platform.engine.support.hierarchical.SameThreadHierarchicalTestExecutorService.invokeAll(SameThreadHierarchicalTestExecutorService.java:41) ~[junit-platform-engine-1.11.4.jar:1.11.4]
	at org.junit.platform.engine.support.hierarchical.NodeTestTask.lambda$executeRecursively$6(NodeTestTask.java:160) ~[junit-platform-engine-1.11.4.jar:1.11.4]
	at org.junit.platform.engine.support.hierarchical.ThrowableCollector.execute(ThrowableCollector.java:73) ~[junit-platform-engine-1.11.4.jar:1.11.4]
	at org.junit.platform.engine.support.hierarchical.NodeTestTask.lambda$executeRecursively$8(NodeTestTask.java:146) ~[junit-platform-engine-1.11.4.jar:1.11.4]
	at org.junit.platform.engine.support.hierarchical.Node.around(Node.java:137) ~[junit-platform-engine-1.11.4.jar:1.11.4]
	at org.junit.platform.engine.support.hierarchical.NodeTestTask.lambda$executeRecursively$9(NodeTestTask.java:144) ~[junit-platform-engine-1.11.4.jar:1.11.4]
	at org.junit.platform.engine.support.hierarchical.ThrowableCollector.execute(ThrowableCollector.java:73) ~[junit-platform-engine-1.11.4.jar:1.11.4]
	at org.junit.platform.engine.support.hierarchical.NodeTestTask.executeRecursively(NodeTestTask.java:143) ~[junit-platform-engine-1.11.4.jar:1.11.4]
	at org.junit.platform.engine.support.hierarchical.NodeTestTask.execute(NodeTestTask.java:100) ~[junit-platform-engine-1.11.4.jar:1.11.4]
	at java.base/java.util.ArrayList.forEach(ArrayList.java:1604) ~[na:na]
	at org.junit.platform.engine.support.hierarchical.SameThreadHierarchicalTestExecutorService.invokeAll(SameThreadHierarchicalTestExecutorService.java:41) ~[junit-platform-engine-1.11.4.jar:1.11.4]
	at org.junit.platform.engine.support.hierarchical.NodeTestTask.lambda$executeRecursively$6(NodeTestTask.java:160) ~[junit-platform-engine-1.11.4.jar:1.11.4]
	at org.junit.platform.engine.support.hierarchical.ThrowableCollector.execute(ThrowableCollector.java:73) ~[junit-platform-engine-1.11.4.jar:1.11.4]
	at org.junit.platform.engine.support.hierarchical.NodeTestTask.lambda$executeRecursively$8(NodeTestTask.java:146) ~[junit-platform-engine-1.11.4.jar:1.11.4]
	at org.junit.platform.engine.support.hierarchical.Node.around(Node.java:137) ~[junit-platform-engine-1.11.4.jar:1.11.4]
	at org.junit.platform.engine.support.hierarchical.NodeTestTask.lambda$executeRecursively$9(NodeTestTask.java:144) ~[junit-platform-engine-1.11.4.jar:1.11.4]
	at org.junit.platform.engine.support.hierarchical.ThrowableCollector.execute(ThrowableCollector.java:73) ~[junit-platform-engine-1.11.4.jar:1.11.4]
	at org.junit.platform.engine.support.hierarchical.NodeTestTask.executeRecursively(NodeTestTask.java:143) ~[junit-platform-engine-1.11.4.jar:1.11.4]
	at org.junit.platform.engine.support.hierarchical.NodeTestTask.execute(NodeTestTask.java:100) ~[junit-platform-engine-1.11.4.jar:1.11.4]
	at org.junit.platform.engine.support.hierarchical.SameThreadHierarchicalTestExecutorService.submit(SameThreadHierarchicalTestExecutorService.java:35) ~[junit-platform-engine-1.11.4.jar:1.11.4]
	at org.junit.platform.engine.support.hierarchical.HierarchicalTestExecutor.execute(HierarchicalTestExecutor.java:57) ~[junit-platform-engine-1.11.4.jar:1.11.4]
	at org.junit.platform.engine.support.hierarchical.HierarchicalTestEngine.execute(HierarchicalTestEngine.java:54) ~[junit-platform-engine-1.11.4.jar:1.11.4]
	at org.junit.platform.launcher.core.EngineExecutionOrchestrator.execute(EngineExecutionOrchestrator.java:198) ~[junit-platform-launcher-1.11.4.jar:1.11.4]
	at org.junit.platform.launcher.core.EngineExecutionOrchestrator.execute(EngineExecutionOrchestrator.java:169) ~[junit-platform-launcher-1.11.4.jar:1.11.4]
	at org.junit.platform.launcher.core.EngineExecutionOrchestrator.execute(EngineExecutionOrchestrator.java:93) ~[junit-platform-launcher-1.11.4.jar:1.11.4]
	at org.junit.platform.launcher.core.EngineExecutionOrchestrator.lambda$execute$0(EngineExecutionOrchestrator.java:58) ~[junit-platform-launcher-1.11.4.jar:1.11.4]
	at org.junit.platform.launcher.core.EngineExecutionOrchestrator.withInterceptedStreams(EngineExecutionOrchestrator.java:141) ~[junit-platform-launcher-1.11.4.jar:1.11.4]
	at org.junit.platform.launcher.core.EngineExecutionOrchestrator.execute(EngineExecutionOrchestrator.java:57) ~[junit-platform-launcher-1.11.4.jar:1.11.4]
	at org.junit.platform.launcher.core.DefaultLauncher.execute(DefaultLauncher.java:103) ~[junit-platform-launcher-1.11.4.jar:1.11.4]
	at org.junit.platform.launcher.core.DefaultLauncher.execute(DefaultLauncher.java:85) ~[junit-platform-launcher-1.11.4.jar:1.11.4]
	at org.junit.platform.launcher.core.DelegatingLauncher.execute(DelegatingLauncher.java:47) ~[junit-platform-launcher-1.11.4.jar:1.11.4]
	at org.apache.maven.surefire.junitplatform.LazyLauncher.execute(LazyLauncher.java:56) ~[surefire-junit-platform-3.2.5.jar:3.2.5]
	at org.apache.maven.surefire.junitplatform.JUnitPlatformProvider.execute(JUnitPlatformProvider.java:184) ~[surefire-junit-platform-3.2.5.jar:3.2.5]
	at org.apache.maven.surefire.junitplatform.JUnitPlatformProvider.invokeAllTests(JUnitPlatformProvider.java:148) ~[surefire-junit-platform-3.2.5.jar:3.2.5]
	at org.apache.maven.surefire.junitplatform.JUnitPlatformProvider.invoke(JUnitPlatformProvider.java:122) ~[surefire-junit-platform-3.2.5.jar:3.2.5]
	at org.apache.maven.surefire.booter.ForkedBooter.runSuitesInProcess(ForkedBooter.java:385) ~[surefire-booter-3.2.5.jar:3.2.5]
	at org.apache.maven.surefire.booter.ForkedBooter.execute(ForkedBooter.java:162) ~[surefire-booter-3.2.5.jar:3.2.5]
	at org.apache.maven.surefire.booter.ForkedBooter.run(ForkedBooter.java:507) ~[surefire-booter-3.2.5.jar:3.2.5]
	at org.apache.maven.surefire.booter.ForkedBooter.main(ForkedBooter.java:495) ~[surefire-booter-3.2.5.jar:3.2.5]

2026-01-01T16:54:58.447+08:00 ERROR 14204 --- [ride-dispatch-server] [           main] c.uber.exception.GlobalExceptionHandler  : Unexpected error

java.lang.RuntimeException: update failed
	at com.uber.service.FareService.updateRatePlan(FareService.java:89) ~[classes/:na]
	at com.uber.controller.AdminController.updateRatePlan(AdminController.java:209) ~[classes/:na]
	at java.base/jdk.internal.reflect.DirectMethodHandleAccessor.invoke(DirectMethodHandleAccessor.java:104) ~[na:na]
	at java.base/java.lang.reflect.Method.invoke(Method.java:565) ~[na:na]
	at org.springframework.web.method.support.InvocableHandlerMethod.doInvoke(InvocableHandlerMethod.java:257) ~[spring-web-6.2.1.jar:6.2.1]
	at org.springframework.web.method.support.InvocableHandlerMethod.invokeForRequest(InvocableHandlerMethod.java:190) ~[spring-web-6.2.1.jar:6.2.1]
	at org.springframework.web.servlet.mvc.method.annotation.ServletInvocableHandlerMethod.invokeAndHandle(ServletInvocableHandlerMethod.java:118) ~[spring-webmvc-6.2.1.jar:6.2.1]
	at org.springframework.web.servlet.mvc.method.annotation.RequestMappingHandlerAdapter.invokeHandlerMethod(RequestMappingHandlerAdapter.java:986) ~[spring-webmvc-6.2.1.jar:6.2.1]
	at org.springframework.web.servlet.mvc.method.annotation.RequestMappingHandlerAdapter.handleInternal(RequestMappingHandlerAdapter.java:891) ~[spring-webmvc-6.2.1.jar:6.2.1]
	at org.springframework.web.servlet.mvc.method.AbstractHandlerMethodAdapter.handle(AbstractHandlerMethodAdapter.java:87) ~[spring-webmvc-6.2.1.jar:6.2.1]
	at org.springframework.web.servlet.DispatcherServlet.doDispatch(DispatcherServlet.java:1088) ~[spring-webmvc-6.2.1.jar:6.2.1]
	at org.springframework.web.servlet.DispatcherServlet.doService(DispatcherServlet.java:978) ~[spring-webmvc-6.2.1.jar:6.2.1]
	at org.springframework.web.servlet.FrameworkServlet.processRequest(FrameworkServlet.java:1014) ~[spring-webmvc-6.2.1.jar:6.2.1]
	at org.springframework.web.servlet.FrameworkServlet.doPut(FrameworkServlet.java:925) ~[spring-webmvc-6.2.1.jar:6.2.1]
	at jakarta.servlet.http.HttpServlet.service(HttpServlet.java:593) ~[tomcat-embed-core-10.1.34.jar:6.0]
	at org.springframework.web.servlet.FrameworkServlet.service(FrameworkServlet.java:885) ~[spring-webmvc-6.2.1.jar:6.2.1]
	at org.springframework.test.web.servlet.TestDispatcherServlet.service(TestDispatcherServlet.java:72) ~[spring-test-6.2.1.jar:6.2.1]
	at jakarta.servlet.http.HttpServlet.service(HttpServlet.java:658) ~[tomcat-embed-core-10.1.34.jar:6.0]
	at org.springframework.mock.web.MockFilterChain$ServletFilterProxy.doFilter(MockFilterChain.java:165) ~[spring-test-6.2.1.jar:6.2.1]
	at org.springframework.mock.web.MockFilterChain.doFilter(MockFilterChain.java:132) ~[spring-test-6.2.1.jar:6.2.1]
	at org.springframework.web.filter.RequestContextFilter.doFilterInternal(RequestContextFilter.java:100) ~[spring-web-6.2.1.jar:6.2.1]
	at org.springframework.web.filter.OncePerRequestFilter.doFilter(OncePerRequestFilter.java:116) ~[spring-web-6.2.1.jar:6.2.1]
	at org.springframework.test.web.servlet.setup.MockMvcFilterDecorator.doFilter(MockMvcFilterDecorator.java:162) ~[spring-test-6.2.1.jar:6.2.1]
	at org.springframework.mock.web.MockFilterChain.doFilter(MockFilterChain.java:132) ~[spring-test-6.2.1.jar:6.2.1]
	at org.springframework.web.filter.FormContentFilter.doFilterInternal(FormContentFilter.java:93) ~[spring-web-6.2.1.jar:6.2.1]
	at org.springframework.web.filter.OncePerRequestFilter.doFilter(OncePerRequestFilter.java:116) ~[spring-web-6.2.1.jar:6.2.1]
	at org.springframework.test.web.servlet.setup.MockMvcFilterDecorator.doFilter(MockMvcFilterDecorator.java:162) ~[spring-test-6.2.1.jar:6.2.1]
	at org.springframework.mock.web.MockFilterChain.doFilter(MockFilterChain.java:132) ~[spring-test-6.2.1.jar:6.2.1]
	at org.springframework.web.filter.CharacterEncodingFilter.doFilterInternal(CharacterEncodingFilter.java:201) ~[spring-web-6.2.1.jar:6.2.1]
	at org.springframework.web.filter.OncePerRequestFilter.doFilter(OncePerRequestFilter.java:116) ~[spring-web-6.2.1.jar:6.2.1]
	at org.springframework.test.web.servlet.setup.MockMvcFilterDecorator.doFilter(MockMvcFilterDecorator.java:162) ~[spring-test-6.2.1.jar:6.2.1]
	at org.springframework.mock.web.MockFilterChain.doFilter(MockFilterChain.java:132) ~[spring-test-6.2.1.jar:6.2.1]
	at org.springframework.test.web.servlet.MockMvc.perform(MockMvc.java:201) ~[spring-test-6.2.1.jar:6.2.1]
	at com.uber.controller.AdminControllerTest$ErrorResponsesTests.updateRatePlan_ServiceThrowsRuntimeException(AdminControllerTest.java:938) ~[test-classes/:na]
	at java.base/jdk.internal.reflect.DirectMethodHandleAccessor.invoke(DirectMethodHandleAccessor.java:104) ~[na:na]
	at java.base/java.lang.reflect.Method.invoke(Method.java:565) ~[na:na]
	at org.junit.platform.commons.util.ReflectionUtils.invokeMethod(ReflectionUtils.java:767) ~[junit-platform-commons-1.11.4.jar:1.11.4]
	at org.junit.jupiter.engine.execution.MethodInvocation.proceed(MethodInvocation.java:60) ~[junit-jupiter-engine-5.11.4.jar:5.11.4]
	at org.junit.jupiter.engine.execution.InvocationInterceptorChain$ValidatingInvocation.proceed(InvocationInterceptorChain.java:131) ~[junit-jupiter-engine-5.11.4.jar:5.11.4]
	at org.junit.jupiter.engine.extension.TimeoutExtension.intercept(TimeoutExtension.java:156) ~[junit-jupiter-engine-5.11.4.jar:5.11.4]
	at org.junit.jupiter.engine.extension.TimeoutExtension.interceptTestableMethod(TimeoutExtension.java:147) ~[junit-jupiter-engine-5.11.4.jar:5.11.4]
	at org.junit.jupiter.engine.extension.TimeoutExtension.interceptTestMethod(TimeoutExtension.java:86) ~[junit-jupiter-engine-5.11.4.jar:5.11.4]
	at org.junit.jupiter.engine.execution.InterceptingExecutableInvoker$ReflectiveInterceptorCall.lambda$ofVoidMethod$0(InterceptingExecutableInvoker.java:103) ~[junit-jupiter-engine-5.11.4.jar:5.11.4]
	at org.junit.jupiter.engine.execution.InterceptingExecutableInvoker.lambda$invoke$0(InterceptingExecutableInvoker.java:93) ~[junit-jupiter-engine-5.11.4.jar:5.11.4]
	at org.junit.jupiter.engine.execution.InvocationInterceptorChain$InterceptedInvocation.proceed(InvocationInterceptorChain.java:106) ~[junit-jupiter-engine-5.11.4.jar:5.11.4]
	at org.junit.jupiter.engine.execution.InvocationInterceptorChain.proceed(InvocationInterceptorChain.java:64) ~[junit-jupiter-engine-5.11.4.jar:5.11.4]
	at org.junit.jupiter.engine.execution.InvocationInterceptorChain.chainAndInvoke(InvocationInterceptorChain.java:45) ~[junit-jupiter-engine-5.11.4.jar:5.11.4]
	at org.junit.jupiter.engine.execution.InvocationInterceptorChain.invoke(InvocationInterceptorChain.java:37) ~[junit-jupiter-engine-5.11.4.jar:5.11.4]
	at org.junit.jupiter.engine.execution.InterceptingExecutableInvoker.invoke(InterceptingExecutableInvoker.java:92) ~[junit-jupiter-engine-5.11.4.jar:5.11.4]
	at org.junit.jupiter.engine.execution.InterceptingExecutableInvoker.invoke(InterceptingExecutableInvoker.java:86) ~[junit-jupiter-engine-5.11.4.jar:5.11.4]
	at org.junit.jupiter.engine.descriptor.TestMethodTestDescriptor.lambda$invokeTestMethod$8(TestMethodTestDescriptor.java:217) ~[junit-jupiter-engine-5.11.4.jar:5.11.4]
	at org.junit.platform.engine.support.hierarchical.ThrowableCollector.execute(ThrowableCollector.java:73) ~[junit-platform-engine-1.11.4.jar:1.11.4]
	at org.junit.jupiter.engine.descriptor.TestMethodTestDescriptor.invokeTestMethod(TestMethodTestDescriptor.java:213) ~[junit-jupiter-engine-5.11.4.jar:5.11.4]
	at org.junit.jupiter.engine.descriptor.TestMethodTestDescriptor.execute(TestMethodTestDescriptor.java:138) ~[junit-jupiter-engine-5.11.4.jar:5.11.4]
	at org.junit.jupiter.engine.descriptor.TestMethodTestDescriptor.execute(TestMethodTestDescriptor.java:68) ~[junit-jupiter-engine-5.11.4.jar:5.11.4]
	at org.junit.platform.engine.support.hierarchical.NodeTestTask.lambda$executeRecursively$6(NodeTestTask.java:156) ~[junit-platform-engine-1.11.4.jar:1.11.4]
	at org.junit.platform.engine.support.hierarchical.ThrowableCollector.execute(ThrowableCollector.java:73) ~[junit-platform-engine-1.11.4.jar:1.11.4]
	at org.junit.platform.engine.support.hierarchical.NodeTestTask.lambda$executeRecursively$8(NodeTestTask.java:146) ~[junit-platform-engine-1.11.4.jar:1.11.4]
	at org.junit.platform.engine.support.hierarchical.Node.around(Node.java:137) ~[junit-platform-engine-1.11.4.jar:1.11.4]
	at org.junit.platform.engine.support.hierarchical.NodeTestTask.lambda$executeRecursively$9(NodeTestTask.java:144) ~[junit-platform-engine-1.11.4.jar:1.11.4]
	at org.junit.platform.engine.support.hierarchical.ThrowableCollector.execute(ThrowableCollector.java:73) ~[junit-platform-engine-1.11.4.jar:1.11.4]
	at org.junit.platform.engine.support.hierarchical.NodeTestTask.executeRecursively(NodeTestTask.java:143) ~[junit-platform-engine-1.11.4.jar:1.11.4]
	at org.junit.platform.engine.support.hierarchical.NodeTestTask.execute(NodeTestTask.java:100) ~[junit-platform-engine-1.11.4.jar:1.11.4]
	at java.base/java.util.ArrayList.forEach(ArrayList.java:1604) ~[na:na]
	at org.junit.platform.engine.support.hierarchical.SameThreadHierarchicalTestExecutorService.invokeAll(SameThreadHierarchicalTestExecutorService.java:41) ~[junit-platform-engine-1.11.4.jar:1.11.4]
	at org.junit.platform.engine.support.hierarchical.NodeTestTask.lambda$executeRecursively$6(NodeTestTask.java:160) ~[junit-platform-engine-1.11.4.jar:1.11.4]
	at org.junit.platform.engine.support.hierarchical.ThrowableCollector.execute(ThrowableCollector.java:73) ~[junit-platform-engine-1.11.4.jar:1.11.4]
	at org.junit.platform.engine.support.hierarchical.NodeTestTask.lambda$executeRecursively$8(NodeTestTask.java:146) ~[junit-platform-engine-1.11.4.jar:1.11.4]
	at org.junit.platform.engine.support.hierarchical.Node.around(Node.java:137) ~[junit-platform-engine-1.11.4.jar:1.11.4]
	at org.junit.platform.engine.support.hierarchical.NodeTestTask.lambda$executeRecursively$9(NodeTestTask.java:144) ~[junit-platform-engine-1.11.4.jar:1.11.4]
	at org.junit.platform.engine.support.hierarchical.ThrowableCollector.execute(ThrowableCollector.java:73) ~[junit-platform-engine-1.11.4.jar:1.11.4]
	at org.junit.platform.engine.support.hierarchical.NodeTestTask.executeRecursively(NodeTestTask.java:143) ~[junit-platform-engine-1.11.4.jar:1.11.4]
	at org.junit.platform.engine.support.hierarchical.NodeTestTask.execute(NodeTestTask.java:100) ~[junit-platform-engine-1.11.4.jar:1.11.4]
	at java.base/java.util.ArrayList.forEach(ArrayList.java:1604) ~[na:na]
	at org.junit.platform.engine.support.hierarchical.SameThreadHierarchicalTestExecutorService.invokeAll(SameThreadHierarchicalTestExecutorService.java:41) ~[junit-platform-engine-1.11.4.jar:1.11.4]
	at org.junit.platform.engine.support.hierarchical.NodeTestTask.lambda$executeRecursively$6(NodeTestTask.java:160) ~[junit-platform-engine-1.11.4.jar:1.11.4]
	at org.junit.platform.engine.support.hierarchical.ThrowableCollector.execute(ThrowableCollector.java:73) ~[junit-platform-engine-1.11.4.jar:1.11.4]
	at org.junit.platform.engine.support.hierarchical.NodeTestTask.lambda$executeRecursively$8(NodeTestTask.java:146) ~[junit-platform-engine-1.11.4.jar:1.11.4]
	at org.junit.platform.engine.support.hierarchical.Node.around(Node.java:137) ~[junit-platform-engine-1.11.4.jar:1.11.4]
	at org.junit.platform.engine.support.hierarchical.NodeTestTask.lambda$executeRecursively$9(NodeTestTask.java:144) ~[junit-platform-engine-1.11.4.jar:1.11.4]
	at org.junit.platform.engine.support.hierarchical.ThrowableCollector.execute(ThrowableCollector.java:73) ~[junit-platform-engine-1.11.4.jar:1.11.4]
	at org.junit.platform.engine.support.hierarchical.NodeTestTask.executeRecursively(NodeTestTask.java:143) ~[junit-platform-engine-1.11.4.jar:1.11.4]
	at org.junit.platform.engine.support.hierarchical.NodeTestTask.execute(NodeTestTask.java:100) ~[junit-platform-engine-1.11.4.jar:1.11.4]
	at java.base/java.util.ArrayList.forEach(ArrayList.java:1604) ~[na:na]
	at org.junit.platform.engine.support.hierarchical.SameThreadHierarchicalTestExecutorService.invokeAll(SameThreadHierarchicalTestExecutorService.java:41) ~[junit-platform-engine-1.11.4.jar:1.11.4]
	at org.junit.platform.engine.support.hierarchical.NodeTestTask.lambda$executeRecursively$6(NodeTestTask.java:160) ~[junit-platform-engine-1.11.4.jar:1.11.4]
	at org.junit.platform.engine.support.hierarchical.ThrowableCollector.execute(ThrowableCollector.java:73) ~[junit-platform-engine-1.11.4.jar:1.11.4]
	at org.junit.platform.engine.support.hierarchical.NodeTestTask.lambda$executeRecursively$8(NodeTestTask.java:146) ~[junit-platform-engine-1.11.4.jar:1.11.4]
	at org.junit.platform.engine.support.hierarchical.Node.around(Node.java:137) ~[junit-platform-engine-1.11.4.jar:1.11.4]
	at org.junit.platform.engine.support.hierarchical.NodeTestTask.lambda$executeRecursively$9(NodeTestTask.java:144) ~[junit-platform-engine-1.11.4.jar:1.11.4]
	at org.junit.platform.engine.support.hierarchical.ThrowableCollector.execute(ThrowableCollector.java:73) ~[junit-platform-engine-1.11.4.jar:1.11.4]
	at org.junit.platform.engine.support.hierarchical.NodeTestTask.executeRecursively(NodeTestTask.java:143) ~[junit-platform-engine-1.11.4.jar:1.11.4]
	at org.junit.platform.engine.support.hierarchical.NodeTestTask.execute(NodeTestTask.java:100) ~[junit-platform-engine-1.11.4.jar:1.11.4]
	at org.junit.platform.engine.support.hierarchical.SameThreadHierarchicalTestExecutorService.submit(SameThreadHierarchicalTestExecutorService.java:35) ~[junit-platform-engine-1.11.4.jar:1.11.4]
	at org.junit.platform.engine.support.hierarchical.HierarchicalTestExecutor.execute(HierarchicalTestExecutor.java:57) ~[junit-platform-engine-1.11.4.jar:1.11.4]
	at org.junit.platform.engine.support.hierarchical.HierarchicalTestEngine.execute(HierarchicalTestEngine.java:54) ~[junit-platform-engine-1.11.4.jar:1.11.4]
	at org.junit.platform.launcher.core.EngineExecutionOrchestrator.execute(EngineExecutionOrchestrator.java:198) ~[junit-platform-launcher-1.11.4.jar:1.11.4]
	at org.junit.platform.launcher.core.EngineExecutionOrchestrator.execute(EngineExecutionOrchestrator.java:169) ~[junit-platform-launcher-1.11.4.jar:1.11.4]
	at org.junit.platform.launcher.core.EngineExecutionOrchestrator.execute(EngineExecutionOrchestrator.java:93) ~[junit-platform-launcher-1.11.4.jar:1.11.4]
	at org.junit.platform.launcher.core.EngineExecutionOrchestrator.lambda$execute$0(EngineExecutionOrchestrator.java:58) ~[junit-platform-launcher-1.11.4.jar:1.11.4]
	at org.junit.platform.launcher.core.EngineExecutionOrchestrator.withInterceptedStreams(EngineExecutionOrchestrator.java:141) ~[junit-platform-launcher-1.11.4.jar:1.11.4]
	at org.junit.platform.launcher.core.EngineExecutionOrchestrator.execute(EngineExecutionOrchestrator.java:57) ~[junit-platform-launcher-1.11.4.jar:1.11.4]
	at org.junit.platform.launcher.core.DefaultLauncher.execute(DefaultLauncher.java:103) ~[junit-platform-launcher-1.11.4.jar:1.11.4]
	at org.junit.platform.launcher.core.DefaultLauncher.execute(DefaultLauncher.java:85) ~[junit-platform-launcher-1.11.4.jar:1.11.4]
	at org.junit.platform.launcher.core.DelegatingLauncher.execute(DelegatingLauncher.java:47) ~[junit-platform-launcher-1.11.4.jar:1.11.4]
	at org.apache.maven.surefire.junitplatform.LazyLauncher.execute(LazyLauncher.java:56) ~[surefire-junit-platform-3.2.5.jar:3.2.5]
	at org.apache.maven.surefire.junitplatform.JUnitPlatformProvider.execute(JUnitPlatformProvider.java:184) ~[surefire-junit-platform-3.2.5.jar:3.2.5]
	at org.apache.maven.surefire.junitplatform.JUnitPlatformProvider.invokeAllTests(JUnitPlatformProvider.java:148) ~[surefire-junit-platform-3.2.5.jar:3.2.5]
	at org.apache.maven.surefire.junitplatform.JUnitPlatformProvider.invoke(JUnitPlatformProvider.java:122) ~[surefire-junit-platform-3.2.5.jar:3.2.5]
	at org.apache.maven.surefire.booter.ForkedBooter.runSuitesInProcess(ForkedBooter.java:385) ~[surefire-booter-3.2.5.jar:3.2.5]
	at org.apache.maven.surefire.booter.ForkedBooter.execute(ForkedBooter.java:162) ~[surefire-booter-3.2.5.jar:3.2.5]
	at org.apache.maven.surefire.booter.ForkedBooter.run(ForkedBooter.java:507) ~[surefire-booter-3.2.5.jar:3.2.5]
	at org.apache.maven.surefire.booter.ForkedBooter.main(ForkedBooter.java:495) ~[surefire-booter-3.2.5.jar:3.2.5]

[INFO] Tests run: 3, Failures: 0, Errors: 0, Skipped: 0, Time elapsed: 0.155 s -- in com.uber.controller.AdminControllerTest$ErrorResponsesTests
[INFO] Running com.uber.controller.AdminControllerTest$GetOrderDetailEdgeCasesTests
2026-01-01T16:54:58.456+08:00  INFO 14204 --- [ride-dispatch-server] [           main] t.c.s.AnnotationConfigContextLoaderUtils : Could not detect default configuration classes for test class [com.uber.controller.AdminControllerTest$GetOrderDetailEdgeCasesTests]: GetOrderDetailEdgeCasesTests does not declare any static, non-private, non-final, nested classes annotated with @Configuration.
2026-01-01T16:54:58.468+08:00  INFO 14204 --- [ride-dispatch-server] [           main] .b.t.c.SpringBootTestContextBootstrapper : Found @SpringBootConfiguration com.uber.RideDispatchApplication for test class com.uber.controller.AdminControllerTest$GetOrderDetailEdgeCasesTests
[INFO] Tests run: 2, Failures: 0, Errors: 0, Skipped: 0, Time elapsed: 0.032 s -- in com.uber.controller.AdminControllerTest$GetOrderDetailEdgeCasesTests
[INFO] Running com.uber.controller.AdminControllerTest$RatePlanEdgeCasesTests
2026-01-01T16:54:58.491+08:00  INFO 14204 --- [ride-dispatch-server] [           main] t.c.s.AnnotationConfigContextLoaderUtils : Could not detect default configuration classes for test class [com.uber.controller.AdminControllerTest$RatePlanEdgeCasesTests]: RatePlanEdgeCasesTests does not declare any static, non-private, non-final, nested classes annotated with @Configuration.
2026-01-01T16:54:58.499+08:00  INFO 14204 --- [ride-dispatch-server] [           main] .b.t.c.SpringBootTestContextBootstrapper : Found @SpringBootConfiguration com.uber.RideDispatchApplication for test class com.uber.controller.AdminControllerTest$RatePlanEdgeCasesTests
[INFO] Tests run: 2, Failures: 0, Errors: 0, Skipped: 0, Time elapsed: 0.033 s -- in com.uber.controller.AdminControllerTest$RatePlanEdgeCasesTests
[INFO] Running com.uber.controller.AdminControllerTest$GetAuditLogsEdgeCasesTests
2026-01-01T16:54:58.525+08:00  INFO 14204 --- [ride-dispatch-server] [           main] t.c.s.AnnotationConfigContextLoaderUtils : Could not detect default configuration classes for test class [com.uber.controller.AdminControllerTest$GetAuditLogsEdgeCasesTests]: GetAuditLogsEdgeCasesTests does not declare any static, non-private, non-final, nested classes annotated with @Configuration.
2026-01-01T16:54:58.535+08:00  INFO 14204 --- [ride-dispatch-server] [           main] .b.t.c.SpringBootTestContextBootstrapper : Found @SpringBootConfiguration com.uber.RideDispatchApplication for test class com.uber.controller.AdminControllerTest$GetAuditLogsEdgeCasesTests
[INFO] Tests run: 3, Failures: 0, Errors: 0, Skipped: 0, Time elapsed: 0.036 s -- in com.uber.controller.AdminControllerTest$GetAuditLogsEdgeCasesTests
[INFO] Running com.uber.controller.AdminControllerTest$GetAllDriversEdgeCasesTests
2026-01-01T16:54:58.560+08:00  INFO 14204 --- [ride-dispatch-server] [           main] t.c.s.AnnotationConfigContextLoaderUtils : Could not detect default configuration classes for test class [com.uber.controller.AdminControllerTest$GetAllDriversEdgeCasesTests]: GetAllDriversEdgeCasesTests does not declare any static, non-private, non-final, nested classes annotated with @Configuration.
2026-01-01T16:54:58.569+08:00  INFO 14204 --- [ride-dispatch-server] [           main] .b.t.c.SpringBootTestContextBootstrapper : Found @SpringBootConfiguration com.uber.RideDispatchApplication for test class com.uber.controller.AdminControllerTest$GetAllDriversEdgeCasesTests
[INFO] Tests run: 2, Failures: 0, Errors: 0, Skipped: 0, Time elapsed: 0.027 s -- in com.uber.controller.AdminControllerTest$GetAllDriversEdgeCasesTests
[INFO] Running com.uber.controller.AdminControllerTest$GetAllOrdersEdgeCasesTests
2026-01-01T16:54:58.588+08:00  INFO 14204 --- [ride-dispatch-server] [           main] t.c.s.AnnotationConfigContextLoaderUtils : Could not detect default configuration classes for test class [com.uber.controller.AdminControllerTest$GetAllOrdersEdgeCasesTests]: GetAllOrdersEdgeCasesTests does not declare any static, non-private, non-final, nested classes annotated with @Configuration.
2026-01-01T16:54:58.597+08:00  INFO 14204 --- [ride-dispatch-server] [           main] .b.t.c.SpringBootTestContextBootstrapper : Found @SpringBootConfiguration com.uber.RideDispatchApplication for test class com.uber.controller.AdminControllerTest$GetAllOrdersEdgeCasesTests
[INFO] Tests run: 3, Failures: 0, Errors: 0, Skipped: 0, Time elapsed: 0.036 s -- in com.uber.controller.AdminControllerTest$GetAllOrdersEdgeCasesTests
[INFO] Running com.uber.controller.AdminControllerTest$GetSystemStatsTests
2026-01-01T16:54:58.625+08:00  INFO 14204 --- [ride-dispatch-server] [           main] t.c.s.AnnotationConfigContextLoaderUtils : Could not detect default configuration classes for test class [com.uber.controller.AdminControllerTest$GetSystemStatsTests]: GetSystemStatsTests does not declare any static, non-private, non-final, nested classes annotated with @Configuration.
2026-01-01T16:54:58.633+08:00  INFO 14204 --- [ride-dispatch-server] [           main] .b.t.c.SpringBootTestContextBootstrapper : Found @SpringBootConfiguration com.uber.RideDispatchApplication for test class com.uber.controller.AdminControllerTest$GetSystemStatsTests
[INFO] Tests run: 3, Failures: 0, Errors: 0, Skipped: 0, Time elapsed: 0.038 s -- in com.uber.controller.AdminControllerTest$GetSystemStatsTests
[INFO] Running com.uber.controller.AdminControllerTest$UpdateRatePlanTests
2026-01-01T16:54:58.666+08:00  INFO 14204 --- [ride-dispatch-server] [           main] t.c.s.AnnotationConfigContextLoaderUtils : Could not detect default configuration classes for test class [com.uber.controller.AdminControllerTest$UpdateRatePlanTests]: UpdateRatePlanTests does not declare any static, non-private, non-final, nested classes annotated with @Configuration.
2026-01-01T16:54:58.674+08:00  INFO 14204 --- [ride-dispatch-server] [           main] .b.t.c.SpringBootTestContextBootstrapper : Found @SpringBootConfiguration com.uber.RideDispatchApplication for test class com.uber.controller.AdminControllerTest$UpdateRatePlanTests
[INFO] Tests run: 1, Failures: 0, Errors: 0, Skipped: 0, Time elapsed: 0.022 s -- in com.uber.controller.AdminControllerTest$UpdateRatePlanTests
[INFO] Running com.uber.controller.AdminControllerTest$GetRatePlansTests
2026-01-01T16:54:58.687+08:00  INFO 14204 --- [ride-dispatch-server] [           main] t.c.s.AnnotationConfigContextLoaderUtils : Could not detect default configuration classes for test class [com.uber.controller.AdminControllerTest$GetRatePlansTests]: GetRatePlansTests does not declare any static, non-private, non-final, nested classes annotated with @Configuration.
2026-01-01T16:54:58.697+08:00  INFO 14204 --- [ride-dispatch-server] [           main] .b.t.c.SpringBootTestContextBootstrapper : Found @SpringBootConfiguration com.uber.RideDispatchApplication for test class com.uber.controller.AdminControllerTest$GetRatePlansTests
[INFO] Tests run: 1, Failures: 0, Errors: 0, Skipped: 0, Time elapsed: 0.024 s -- in com.uber.controller.AdminControllerTest$GetRatePlansTests
[INFO] Running com.uber.controller.AdminControllerTest$GetAcceptStatsTests
2026-01-01T16:54:58.714+08:00  INFO 14204 --- [ride-dispatch-server] [           main] t.c.s.AnnotationConfigContextLoaderUtils : Could not detect default configuration classes for test class [com.uber.controller.AdminControllerTest$GetAcceptStatsTests]: GetAcceptStatsTests does not declare any static, non-private, non-final, nested classes annotated with @Configuration.
2026-01-01T16:54:58.722+08:00  INFO 14204 --- [ride-dispatch-server] [           main] .b.t.c.SpringBootTestContextBootstrapper : Found @SpringBootConfiguration com.uber.RideDispatchApplication for test class com.uber.controller.AdminControllerTest$GetAcceptStatsTests
[INFO] Tests run: 1, Failures: 0, Errors: 0, Skipped: 0, Time elapsed: 0.025 s -- in com.uber.controller.AdminControllerTest$GetAcceptStatsTests
[INFO] Running com.uber.controller.AdminControllerTest$GetAuditLogsTests
2026-01-01T16:54:58.739+08:00  INFO 14204 --- [ride-dispatch-server] [           main] t.c.s.AnnotationConfigContextLoaderUtils : Could not detect default configuration classes for test class [com.uber.controller.AdminControllerTest$GetAuditLogsTests]: GetAuditLogsTests does not declare any static, non-private, non-final, nested classes annotated with @Configuration.
2026-01-01T16:54:58.747+08:00  INFO 14204 --- [ride-dispatch-server] [           main] .b.t.c.SpringBootTestContextBootstrapper : Found @SpringBootConfiguration com.uber.RideDispatchApplication for test class com.uber.controller.AdminControllerTest$GetAuditLogsTests
[INFO] Tests run: 6, Failures: 0, Errors: 0, Skipped: 0, Time elapsed: 0.048 s -- in com.uber.controller.AdminControllerTest$GetAuditLogsTests
[INFO] Running com.uber.controller.AdminControllerTest$GetAllDriversTests
2026-01-01T16:54:58.787+08:00  INFO 14204 --- [ride-dispatch-server] [           main] t.c.s.AnnotationConfigContextLoaderUtils : Could not detect default configuration classes for test class [com.uber.controller.AdminControllerTest$GetAllDriversTests]: GetAllDriversTests does not declare any static, non-private, non-final, nested classes annotated with @Configuration.
2026-01-01T16:54:58.796+08:00  INFO 14204 --- [ride-dispatch-server] [           main] .b.t.c.SpringBootTestContextBootstrapper : Found @SpringBootConfiguration com.uber.RideDispatchApplication for test class com.uber.controller.AdminControllerTest$GetAllDriversTests
[INFO] Tests run: 5, Failures: 0, Errors: 0, Skipped: 0, Time elapsed: 0.044 s -- in com.uber.controller.AdminControllerTest$GetAllDriversTests
[INFO] Running com.uber.controller.AdminControllerTest$GetOrderDetailTests
2026-01-01T16:54:58.833+08:00  INFO 14204 --- [ride-dispatch-server] [           main] t.c.s.AnnotationConfigContextLoaderUtils : Could not detect default configuration classes for test class [com.uber.controller.AdminControllerTest$GetOrderDetailTests]: GetOrderDetailTests does not declare any static, non-private, non-final, nested classes annotated with @Configuration.
2026-01-01T16:54:58.840+08:00  INFO 14204 --- [ride-dispatch-server] [           main] .b.t.c.SpringBootTestContextBootstrapper : Found @SpringBootConfiguration com.uber.RideDispatchApplication for test class com.uber.controller.AdminControllerTest$GetOrderDetailTests
[INFO] Tests run: 3, Failures: 0, Errors: 0, Skipped: 0, Time elapsed: 0.030 s -- in com.uber.controller.AdminControllerTest$GetOrderDetailTests
[INFO] Running com.uber.controller.AdminControllerTest$GetAllOrdersTests
2026-01-01T16:54:58.864+08:00  INFO 14204 --- [ride-dispatch-server] [           main] t.c.s.AnnotationConfigContextLoaderUtils : Could not detect default configuration classes for test class [com.uber.controller.AdminControllerTest$GetAllOrdersTests]: GetAllOrdersTests does not declare any static, non-private, non-final, nested classes annotated with @Configuration.
2026-01-01T16:54:58.872+08:00  INFO 14204 --- [ride-dispatch-server] [           main] .b.t.c.SpringBootTestContextBootstrapper : Found @SpringBootConfiguration com.uber.RideDispatchApplication for test class com.uber.controller.AdminControllerTest$GetAllOrdersTests
[INFO] Tests run: 7, Failures: 0, Errors: 0, Skipped: 0, Time elapsed: 0.052 s -- in com.uber.controller.AdminControllerTest$GetAllOrdersTests
[INFO] Tests run: 0, Failures: 0, Errors: 0, Skipped: 0, Time elapsed: 5.185 s -- in com.uber.controller.AdminControllerTest
[INFO] Running com.uber.controller.DriverControllerTest
2026-01-01T16:54:58.917+08:00  INFO 14204 --- [ride-dispatch-server] [           main] t.c.s.AnnotationConfigContextLoaderUtils : Could not detect default configuration classes for test class [com.uber.controller.DriverControllerTest]: DriverControllerTest does not declare any static, non-private, non-final, nested classes annotated with @Configuration.
2026-01-01T16:54:58.925+08:00  INFO 14204 --- [ride-dispatch-server] [           main] .b.t.c.SpringBootTestContextBootstrapper : Found @SpringBootConfiguration com.uber.RideDispatchApplication for test class com.uber.controller.DriverControllerTest
[INFO] Running com.uber.controller.DriverControllerTest$GetAllDriversTests
2026-01-01T16:54:58.929+08:00  INFO 14204 --- [ride-dispatch-server] [           main] t.c.s.AnnotationConfigContextLoaderUtils : Could not detect default configuration classes for test class [com.uber.controller.DriverControllerTest$GetAllDriversTests]: GetAllDriversTests does not declare any static, non-private, non-final, nested classes annotated with @Configuration.
2026-01-01T16:54:58.934+08:00  INFO 14204 --- [ride-dispatch-server] [           main] .b.t.c.SpringBootTestContextBootstrapper : Found @SpringBootConfiguration com.uber.RideDispatchApplication for test class com.uber.controller.DriverControllerTest$GetAllDriversTests

  .   ____          _            __ _ _
 /\\ / ___'_ __ _ _(_)_ __  __ _ \ \ \ \
( ( )\___ | '_ | '_| | '_ \/ _` | \ \ \ \
 \\/  ___)| |_)| | | | | || (_| |  ) ) ) )
  '  |____| .__|_| |_|_| |_\__, | / / / /
 =========|_|==============|___/=/_/_/_/

 :: Spring Boot ::                (v3.4.1)

2026-01-01T16:54:58.966+08:00  INFO 14204 --- [ride-dispatch-server] [           main] c.uber.controller.DriverControllerTest   : Starting DriverControllerTest using Java 25.0.1 with PID 14204 (started by wilso in C:\Users\wilso\OneDrive\桌面\Uber\server)
2026-01-01T16:54:58.966+08:00 DEBUG 14204 --- [ride-dispatch-server] [           main] c.uber.controller.DriverControllerTest   : Running with Spring Boot v3.4.1, Spring v6.2.1
2026-01-01T16:54:58.966+08:00  INFO 14204 --- [ride-dispatch-server] [           main] c.uber.controller.DriverControllerTest   : No active profile set, falling back to 1 default profile: "default"
2026-01-01T16:54:59.235+08:00  INFO 14204 --- [ride-dispatch-server] [           main] o.s.b.t.m.w.SpringBootMockServletContext : Initializing Spring TestDispatcherServlet ''
2026-01-01T16:54:59.235+08:00  INFO 14204 --- [ride-dispatch-server] [           main] o.s.t.web.servlet.TestDispatcherServlet  : Initializing Servlet ''
2026-01-01T16:54:59.236+08:00  INFO 14204 --- [ride-dispatch-server] [           main] o.s.t.web.servlet.TestDispatcherServlet  : Completed initialization in 1 ms
2026-01-01T16:54:59.244+08:00  INFO 14204 --- [ride-dispatch-server] [           main] c.uber.controller.DriverControllerTest   : Started DriverControllerTest in 0.307 seconds (process running for 6.748)
[INFO] Tests run: 3, Failures: 0, Errors: 0, Skipped: 0, Time elapsed: 0.350 s -- in com.uber.controller.DriverControllerTest$GetAllDriversTests
[INFO] Running com.uber.controller.DriverControllerTest$GetDriverTests
2026-01-01T16:54:59.281+08:00  INFO 14204 --- [ride-dispatch-server] [           main] t.c.s.AnnotationConfigContextLoaderUtils : Could not detect default configuration classes for test class [com.uber.controller.DriverControllerTest$GetDriverTests]: GetDriverTests does not declare any static, non-private, non-final, nested classes annotated with @Configuration.
2026-01-01T16:54:59.289+08:00  INFO 14204 --- [ride-dispatch-server] [           main] .b.t.c.SpringBootTestContextBootstrapper : Found @SpringBootConfiguration com.uber.RideDispatchApplication for test class com.uber.controller.DriverControllerTest$GetDriverTests
[INFO] Tests run: 3, Failures: 0, Errors: 0, Skipped: 0, Time elapsed: 0.043 s -- in com.uber.controller.DriverControllerTest$GetDriverTests
[INFO] Running com.uber.controller.DriverControllerTest$GetOffersTests
2026-01-01T16:54:59.325+08:00  INFO 14204 --- [ride-dispatch-server] [           main] t.c.s.AnnotationConfigContextLoaderUtils : Could not detect default configuration classes for test class [com.uber.controller.DriverControllerTest$GetOffersTests]: GetOffersTests does not declare any static, non-private, non-final, nested classes annotated with @Configuration.
2026-01-01T16:54:59.334+08:00  INFO 14204 --- [ride-dispatch-server] [           main] .b.t.c.SpringBootTestContextBootstrapper : Found @SpringBootConfiguration com.uber.RideDispatchApplication for test class com.uber.controller.DriverControllerTest$GetOffersTests
[INFO] Tests run: 2, Failures: 0, Errors: 0, Skipped: 0, Time elapsed: 0.028 s -- in com.uber.controller.DriverControllerTest$GetOffersTests
[INFO] Running com.uber.controller.DriverControllerTest$UpdateLocationTests
2026-01-01T16:54:59.353+08:00  INFO 14204 --- [ride-dispatch-server] [           main] t.c.s.AnnotationConfigContextLoaderUtils : Could not detect default configuration classes for test class [com.uber.controller.DriverControllerTest$UpdateLocationTests]: UpdateLocationTests does not declare any static, non-private, non-final, nested classes annotated with @Configuration.
2026-01-01T16:54:59.362+08:00  INFO 14204 --- [ride-dispatch-server] [           main] .b.t.c.SpringBootTestContextBootstrapper : Found @SpringBootConfiguration com.uber.RideDispatchApplication for test class com.uber.controller.DriverControllerTest$UpdateLocationTests
[INFO] Tests run: 1, Failures: 0, Errors: 0, Skipped: 0, Time elapsed: 0.022 s -- in com.uber.controller.DriverControllerTest$UpdateLocationTests
[INFO] Running com.uber.controller.DriverControllerTest$GoOfflineTests
2026-01-01T16:54:59.376+08:00  INFO 14204 --- [ride-dispatch-server] [           main] t.c.s.AnnotationConfigContextLoaderUtils : Could not detect default configuration classes for test class [com.uber.controller.DriverControllerTest$GoOfflineTests]: GoOfflineTests does not declare any static, non-private, non-final, nested classes annotated with @Configuration.
2026-01-01T16:54:59.385+08:00  INFO 14204 --- [ride-dispatch-server] [           main] .b.t.c.SpringBootTestContextBootstrapper : Found @SpringBootConfiguration com.uber.RideDispatchApplication for test class com.uber.controller.DriverControllerTest$GoOfflineTests
[INFO] Tests run: 1, Failures: 0, Errors: 0, Skipped: 0, Time elapsed: 0.018 s -- in com.uber.controller.DriverControllerTest$GoOfflineTests
[INFO] Running com.uber.controller.DriverControllerTest$GoOnlineTests
2026-01-01T16:54:59.394+08:00  INFO 14204 --- [ride-dispatch-server] [           main] t.c.s.AnnotationConfigContextLoaderUtils : Could not detect default configuration classes for test class [com.uber.controller.DriverControllerTest$GoOnlineTests]: GoOnlineTests does not declare any static, non-private, non-final, nested classes annotated with @Configuration.
2026-01-01T16:54:59.401+08:00  INFO 14204 --- [ride-dispatch-server] [           main] .b.t.c.SpringBootTestContextBootstrapper : Found @SpringBootConfiguration com.uber.RideDispatchApplication for test class com.uber.controller.DriverControllerTest$GoOnlineTests
[INFO] Tests run: 1, Failures: 0, Errors: 0, Skipped: 0, Time elapsed: 0.092 s -- in com.uber.controller.DriverControllerTest$GoOnlineTests
[INFO] Running com.uber.controller.DriverControllerTest$RegisterDriverTests
2026-01-01T16:54:59.487+08:00  INFO 14204 --- [ride-dispatch-server] [           main] t.c.s.AnnotationConfigContextLoaderUtils : Could not detect default configuration classes for test class [com.uber.controller.DriverControllerTest$RegisterDriverTests]: RegisterDriverTests does not declare any static, non-private, non-final, nested classes annotated with @Configuration.
2026-01-01T16:54:59.494+08:00  INFO 14204 --- [ride-dispatch-server] [           main] .b.t.c.SpringBootTestContextBootstrapper : Found @SpringBootConfiguration com.uber.RideDispatchApplication for test class com.uber.controller.DriverControllerTest$RegisterDriverTests
[INFO] Tests run: 1, Failures: 0, Errors: 0, Skipped: 0, Time elapsed: 0.028 s -- in com.uber.controller.DriverControllerTest$RegisterDriverTests
[INFO] Tests run: 0, Failures: 0, Errors: 0, Skipped: 0, Time elapsed: 0.600 s -- in com.uber.controller.DriverControllerTest
[INFO] Running com.uber.controller.OrderControllerTest
2026-01-01T16:54:59.518+08:00  INFO 14204 --- [ride-dispatch-server] [           main] t.c.s.AnnotationConfigContextLoaderUtils : Could not detect default configuration classes for test class [com.uber.controller.OrderControllerTest]: OrderControllerTest does not declare any static, non-private, non-final, nested classes annotated with @Configuration.
2026-01-01T16:54:59.525+08:00  INFO 14204 --- [ride-dispatch-server] [           main] .b.t.c.SpringBootTestContextBootstrapper : Found @SpringBootConfiguration com.uber.RideDispatchApplication for test class com.uber.controller.OrderControllerTest
[INFO] Running com.uber.controller.OrderControllerTest$FareCalculationBoundaryTests
2026-01-01T16:54:59.528+08:00  INFO 14204 --- [ride-dispatch-server] [           main] t.c.s.AnnotationConfigContextLoaderUtils : Could not detect default configuration classes for test class [com.uber.controller.OrderControllerTest$FareCalculationBoundaryTests]: FareCalculationBoundaryTests does not declare any static, non-private, non-final, nested classes annotated with @Configuration.
2026-01-01T16:54:59.536+08:00  INFO 14204 --- [ride-dispatch-server] [           main] .b.t.c.SpringBootTestContextBootstrapper : Found @SpringBootConfiguration com.uber.RideDispatchApplication for test class com.uber.controller.OrderControllerTest$FareCalculationBoundaryTests

  .   ____          _            __ _ _
 /\\ / ___'_ __ _ _(_)_ __  __ _ \ \ \ \
( ( )\___ | '_ | '_| | '_ \/ _` | \ \ \ \
 \\/  ___)| |_)| | | | | || (_| |  ) ) ) )
  '  |____| .__|_| |_|_| |_\__, | / / / /
 =========|_|==============|___/=/_/_/_/

 :: Spring Boot ::                (v3.4.1)

2026-01-01T16:54:59.564+08:00  INFO 14204 --- [ride-dispatch-server] [           main] c.uber.controller.OrderControllerTest    : Starting OrderControllerTest using Java 25.0.1 with PID 14204 (started by wilso in C:\Users\wilso\OneDrive\桌面\Uber\server)
2026-01-01T16:54:59.564+08:00 DEBUG 14204 --- [ride-dispatch-server] [           main] c.uber.controller.OrderControllerTest    : Running with Spring Boot v3.4.1, Spring v6.2.1
2026-01-01T16:54:59.565+08:00  INFO 14204 --- [ride-dispatch-server] [           main] c.uber.controller.OrderControllerTest    : No active profile set, falling back to 1 default profile: "default"
2026-01-01T16:54:59.775+08:00  INFO 14204 --- [ride-dispatch-server] [           main] o.s.b.t.m.w.SpringBootMockServletContext : Initializing Spring TestDispatcherServlet ''
2026-01-01T16:54:59.775+08:00  INFO 14204 --- [ride-dispatch-server] [           main] o.s.t.web.servlet.TestDispatcherServlet  : Initializing Servlet ''
2026-01-01T16:54:59.775+08:00  INFO 14204 --- [ride-dispatch-server] [           main] o.s.t.web.servlet.TestDispatcherServlet  : Completed initialization in 0 ms
2026-01-01T16:54:59.781+08:00  INFO 14204 --- [ride-dispatch-server] [           main] c.uber.controller.OrderControllerTest    : Started OrderControllerTest in 0.241 seconds (process running for 7.285)
[INFO] Tests run: 3, Failures: 0, Errors: 0, Skipped: 0, Time elapsed: 0.285 s -- in com.uber.controller.OrderControllerTest$FareCalculationBoundaryTests
[INFO] Running com.uber.controller.OrderControllerTest$OrderTransitionTests
2026-01-01T16:54:59.816+08:00  INFO 14204 --- [ride-dispatch-server] [           main] t.c.s.AnnotationConfigContextLoaderUtils : Could not detect default configuration classes for test class [com.uber.controller.OrderControllerTest$OrderTransitionTests]: OrderTransitionTests does not declare any static, non-private, non-final, nested classes annotated with @Configuration.
2026-01-01T16:54:59.824+08:00  INFO 14204 --- [ride-dispatch-server] [           main] .b.t.c.SpringBootTestContextBootstrapper : Found @SpringBootConfiguration com.uber.RideDispatchApplication for test class com.uber.controller.OrderControllerTest$OrderTransitionTests
[INFO] Tests run: 3, Failures: 0, Errors: 0, Skipped: 0, Time elapsed: 0.030 s -- in com.uber.controller.OrderControllerTest$OrderTransitionTests
[INFO] Running com.uber.controller.OrderControllerTest$GetOrderVariousStatesTests
2026-01-01T16:54:59.845+08:00  INFO 14204 --- [ride-dispatch-server] [           main] t.c.s.AnnotationConfigContextLoaderUtils : Could not detect default configuration classes for test class [com.uber.controller.OrderControllerTest$GetOrderVariousStatesTests]: GetOrderVariousStatesTests does not declare any static, non-private, non-final, nested classes annotated with @Configuration.
2026-01-01T16:54:59.851+08:00  INFO 14204 --- [ride-dispatch-server] [           main] .b.t.c.SpringBootTestContextBootstrapper : Found @SpringBootConfiguration com.uber.RideDispatchApplication for test class com.uber.controller.OrderControllerTest$GetOrderVariousStatesTests
[INFO] Tests run: 4, Failures: 0, Errors: 0, Skipped: 0, Time elapsed: 0.031 s -- in com.uber.controller.OrderControllerTest$GetOrderVariousStatesTests
[INFO] Running com.uber.controller.OrderControllerTest$CreateOrderEdgeCasesTests
2026-01-01T16:54:59.877+08:00  INFO 14204 --- [ride-dispatch-server] [           main] t.c.s.AnnotationConfigContextLoaderUtils : Could not detect default configuration classes for test class [com.uber.controller.OrderControllerTest$CreateOrderEdgeCasesTests]: CreateOrderEdgeCasesTests does not declare any static, non-private, non-final, nested classes annotated with @Configuration.
2026-01-01T16:54:59.884+08:00  INFO 14204 --- [ride-dispatch-server] [           main] .b.t.c.SpringBootTestContextBootstrapper : Found @SpringBootConfiguration com.uber.RideDispatchApplication for test class com.uber.controller.OrderControllerTest$CreateOrderEdgeCasesTests
[INFO] Tests run: 1, Failures: 0, Errors: 0, Skipped: 0, Time elapsed: 0.031 s -- in com.uber.controller.OrderControllerTest$CreateOrderEdgeCasesTests
[INFO] Running com.uber.controller.OrderControllerTest$CancelOrderTests
2026-01-01T16:54:59.909+08:00  INFO 14204 --- [ride-dispatch-server] [           main] t.c.s.AnnotationConfigContextLoaderUtils : Could not detect default configuration classes for test class [com.uber.controller.OrderControllerTest$CancelOrderTests]: CancelOrderTests does not declare any static, non-private, non-final, nested classes annotated with @Configuration.
2026-01-01T16:54:59.916+08:00  INFO 14204 --- [ride-dispatch-server] [           main] .b.t.c.SpringBootTestContextBootstrapper : Found @SpringBootConfiguration com.uber.RideDispatchApplication for test class com.uber.controller.OrderControllerTest$CancelOrderTests
[INFO] Tests run: 2, Failures: 0, Errors: 0, Skipped: 0, Time elapsed: 0.024 s -- in com.uber.controller.OrderControllerTest$CancelOrderTests
[INFO] Running com.uber.controller.OrderControllerTest$CompleteTripTests
2026-01-01T16:54:59.935+08:00  INFO 14204 --- [ride-dispatch-server] [           main] t.c.s.AnnotationConfigContextLoaderUtils : Could not detect default configuration classes for test class [com.uber.controller.OrderControllerTest$CompleteTripTests]: CompleteTripTests does not declare any static, non-private, non-final, nested classes annotated with @Configuration.
2026-01-01T16:54:59.942+08:00  INFO 14204 --- [ride-dispatch-server] [           main] .b.t.c.SpringBootTestContextBootstrapper : Found @SpringBootConfiguration com.uber.RideDispatchApplication for test class com.uber.controller.OrderControllerTest$CompleteTripTests
[INFO] Tests run: 1, Failures: 0, Errors: 0, Skipped: 0, Time elapsed: 0.017 s -- in com.uber.controller.OrderControllerTest$CompleteTripTests
[INFO] Running com.uber.controller.OrderControllerTest$StartTripTests
2026-01-01T16:54:59.952+08:00  INFO 14204 --- [ride-dispatch-server] [           main] t.c.s.AnnotationConfigContextLoaderUtils : Could not detect default configuration classes for test class [com.uber.controller.OrderControllerTest$StartTripTests]: StartTripTests does not declare any static, non-private, non-final, nested classes annotated with @Configuration.
2026-01-01T16:54:59.958+08:00  INFO 14204 --- [ride-dispatch-server] [           main] .b.t.c.SpringBootTestContextBootstrapper : Found @SpringBootConfiguration com.uber.RideDispatchApplication for test class com.uber.controller.OrderControllerTest$StartTripTests
[INFO] Tests run: 1, Failures: 0, Errors: 0, Skipped: 0, Time elapsed: 0.016 s -- in com.uber.controller.OrderControllerTest$StartTripTests
[INFO] Running com.uber.controller.OrderControllerTest$AcceptOrderTests
2026-01-01T16:54:59.967+08:00  INFO 14204 --- [ride-dispatch-server] [           main] t.c.s.AnnotationConfigContextLoaderUtils : Could not detect default configuration classes for test class [com.uber.controller.OrderControllerTest$AcceptOrderTests]: AcceptOrderTests does not declare any static, non-private, non-final, nested classes annotated with @Configuration.
2026-01-01T16:54:59.974+08:00  INFO 14204 --- [ride-dispatch-server] [           main] .b.t.c.SpringBootTestContextBootstrapper : Found @SpringBootConfiguration com.uber.RideDispatchApplication for test class com.uber.controller.OrderControllerTest$AcceptOrderTests
[INFO] Tests run: 1, Failures: 0, Errors: 0, Skipped: 0, Time elapsed: 0.014 s -- in com.uber.controller.OrderControllerTest$AcceptOrderTests
[INFO] Running com.uber.controller.OrderControllerTest$GetOrderTests
2026-01-01T16:54:59.983+08:00  INFO 14204 --- [ride-dispatch-server] [           main] t.c.s.AnnotationConfigContextLoaderUtils : Could not detect default configuration classes for test class [com.uber.controller.OrderControllerTest$GetOrderTests]: GetOrderTests does not declare any static, non-private, non-final, nested classes annotated with @Configuration.
2026-01-01T16:54:59.989+08:00  INFO 14204 --- [ride-dispatch-server] [           main] .b.t.c.SpringBootTestContextBootstrapper : Found @SpringBootConfiguration com.uber.RideDispatchApplication for test class com.uber.controller.OrderControllerTest$GetOrderTests
[INFO] Tests run: 5, Failures: 0, Errors: 0, Skipped: 0, Time elapsed: 0.036 s -- in com.uber.controller.OrderControllerTest$GetOrderTests
[INFO] Running com.uber.controller.OrderControllerTest$CreateOrderTests
2026-01-01T16:55:00.019+08:00  INFO 14204 --- [ride-dispatch-server] [           main] t.c.s.AnnotationConfigContextLoaderUtils : Could not detect default configuration classes for test class [com.uber.controller.OrderControllerTest$CreateOrderTests]: CreateOrderTests does not declare any static, non-private, non-final, nested classes annotated with @Configuration.
2026-01-01T16:55:00.026+08:00  INFO 14204 --- [ride-dispatch-server] [           main] .b.t.c.SpringBootTestContextBootstrapper : Found @SpringBootConfiguration com.uber.RideDispatchApplication for test class com.uber.controller.OrderControllerTest$CreateOrderTests
[INFO] Tests run: 2, Failures: 0, Errors: 0, Skipped: 0, Time elapsed: 0.029 s -- in com.uber.controller.OrderControllerTest$CreateOrderTests
[INFO] Tests run: 0, Failures: 0, Errors: 0, Skipped: 0, Time elapsed: 0.530 s -- in com.uber.controller.OrderControllerTest
[INFO] Running com.uber.integration.IntegrationFlowTest
2026-01-01T16:55:00.050+08:00  INFO 14204 --- [ride-dispatch-server] [           main] t.c.s.AnnotationConfigContextLoaderUtils : Could not detect default configuration classes for test class [com.uber.integration.IntegrationFlowTest]: IntegrationFlowTest does not declare any static, non-private, non-final, nested classes annotated with @Configuration.
2026-01-01T16:55:00.066+08:00  INFO 14204 --- [ride-dispatch-server] [           main] .b.t.c.SpringBootTestContextBootstrapper : Found @SpringBootConfiguration com.uber.RideDispatchApplication for test class com.uber.integration.IntegrationFlowTest
[INFO] Running com.uber.integration.IntegrationFlowTest$ApiContractTests
2026-01-01T16:55:00.072+08:00  INFO 14204 --- [ride-dispatch-server] [           main] t.c.s.AnnotationConfigContextLoaderUtils : Could not detect default configuration classes for test class [com.uber.integration.IntegrationFlowTest$ApiContractTests]: ApiContractTests does not declare any static, non-private, non-final, nested classes annotated with @Configuration.
2026-01-01T16:55:00.073+08:00  INFO 14204 --- [ride-dispatch-server] [           main] .b.t.c.SpringBootTestContextBootstrapper : Found @SpringBootConfiguration com.uber.RideDispatchApplication for test class com.uber.integration.IntegrationFlowTest$ApiContractTests

  .   ____          _            __ _ _
 /\\ / ___'_ __ _ _(_)_ __  __ _ \ \ \ \
( ( )\___ | '_ | '_| | '_ \/ _` | \ \ \ \
 \\/  ___)| |_)| | | | | || (_| |  ) ) ) )
  '  |____| .__|_| |_|_| |_\__, | / / / /
 =========|_|==============|___/=/_/_/_/

 :: Spring Boot ::                (v3.4.1)

2026-01-01T16:55:00.107+08:00  INFO 14204 --- [ride-dispatch-server] [           main] c.uber.integration.IntegrationFlowTest   : Starting IntegrationFlowTest using Java 25.0.1 with PID 14204 (started by wilso in C:\Users\wilso\OneDrive\桌面\Uber\server)
2026-01-01T16:55:00.107+08:00 DEBUG 14204 --- [ride-dispatch-server] [           main] c.uber.integration.IntegrationFlowTest   : Running with Spring Boot v3.4.1, Spring v6.2.1
2026-01-01T16:55:00.107+08:00  INFO 14204 --- [ride-dispatch-server] [           main] c.uber.integration.IntegrationFlowTest   : No active profile set, falling back to 1 default profile: "default"
WARNING: A restricted method 
in java.lang.System has been 
called
WARNING: java.lang.System::lo
ad has been called by org.apa
che.tomcat.jni.Library in an 
unnamed module (file:/C:/User
s/wilso/.m2/repository/org/ap
ache/tomcat/embed/tomcat-embe
d-core/10.1.34/tomcat-embed-c
ore-10.1.34.jar)
WARNING: Use --enable-native-
access=ALL-UNNAMED to avoid a
 warning for callers in this 
module
WARNING: Restricted methods w
ill be blocked in a future re
lease unless native access is
 enabled

2026-01-01T16:55:00.437+08:00 ERROR 14204 --- [ride-dispatch-server] [           main] com.uber.util.JsonFileUtil               : Failed to load data from file: riders.json

com.fasterxml.jackson.databind.exc.UnrecognizedPropertyException: Unrecognized field "address" (class com.uber.model.Location), not marked as ignorable (2 known properties: "x", "y"])
 at [Source: REDACTED (`StreamReadFeature.INCLUDE_SOURCE_IN_LOCATION` disabled); line: 1, column: 145] (through reference chain: java.util.ArrayList[0]->com.uber.model.Rider["location"]->com.uber.model.Location["address"])
	at com.fasterxml.jackson.databind.exc.UnrecognizedPropertyException.from(UnrecognizedPropertyException.java:61) ~[jackson-databind-2.18.2.jar:2.18.2]
	at com.fasterxml.jackson.databind.DeserializationContext.handleUnknownProperty(DeserializationContext.java:1153) ~[jackson-databind-2.18.2.jar:2.18.2]
	at com.fasterxml.jackson.databind.deser.std.StdDeserializer.handleUnknownProperty(StdDeserializer.java:2241) ~[jackson-databind-2.18.2.jar:2.18.2]
	at com.fasterxml.jackson.databind.deser.BeanDeserializerBase.handleUnknownProperty(BeanDeserializerBase.java:1821) ~[jackson-databind-2.18.2.jar:2.18.2]
	at com.fasterxml.jackson.databind.deser.BeanDeserializerBase.handleUnknownVanilla(BeanDeserializerBase.java:1799) ~[jackson-databind-2.18.2.jar:2.18.2]
	at com.fasterxml.jackson.databind.deser.BeanDeserializer.vanillaDeserialize(BeanDeserializer.java:316) ~[jackson-databind-2.18.2.jar:2.18.2]
	at com.fasterxml.jackson.databind.deser.BeanDeserializer.deserialize(BeanDeserializer.java:177) ~[jackson-databind-2.18.2.jar:2.18.2]
	at com.fasterxml.jackson.databind.deser.impl.MethodProperty.deserializeAndSet(MethodProperty.java:129) ~[jackson-databind-2.18.2.jar:2.18.2]
	at com.fasterxml.jackson.databind.deser.BeanDeserializer.vanillaDeserialize(BeanDeserializer.java:310) ~[jackson-databind-2.18.2.jar:2.18.2]
	at com.fasterxml.jackson.databind.deser.BeanDeserializer.deserialize(BeanDeserializer.java:177) ~[jackson-databind-2.18.2.jar:2.18.2]
	at com.fasterxml.jackson.databind.deser.std.CollectionDeserializer._deserializeFromArray(CollectionDeserializer.java:361) ~[jackson-databind-2.18.2.jar:2.18.2]
	at com.fasterxml.jackson.databind.deser.std.CollectionDeserializer.deserialize(CollectionDeserializer.java:246) ~[jackson-databind-2.18.2.jar:2.18.2]
	at com.fasterxml.jackson.databind.deser.std.CollectionDeserializer.deserialize(CollectionDeserializer.java:30) ~[jackson-databind-2.18.2.jar:2.18.2]
	at com.fasterxml.jackson.databind.deser.DefaultDeserializationContext.readRootValue(DefaultDeserializationContext.java:342) ~[jackson-databind-2.18.2.jar:2.18.2]
	at com.fasterxml.jackson.databind.ObjectMapper._readMapAndClose(ObjectMapper.java:4917) ~[jackson-databind-2.18.2.jar:2.18.2]
	at com.fasterxml.jackson.databind.ObjectMapper.readValue(ObjectMapper.java:3745) ~[jackson-databind-2.18.2.jar:2.18.2]
	at com.uber.util.JsonFileUtil.loadFromFile(JsonFileUtil.java:42) ~[classes/:na]
	at com.uber.repository.RiderRepository.loadData(RiderRepository.java:26) ~[classes/:na]
	at com.uber.repository.RiderRepository.<init>(RiderRepository.java:22) ~[classes/:na]
	at java.base/jdk.internal.reflect.DirectConstructorHandleAccessor.newInstance(DirectConstructorHandleAccessor.java:62) ~[na:na]
	at java.base/java.lang.reflect.Constructor.newInstanceWithCaller(Constructor.java:499) ~[na:na]
	at java.base/java.lang.reflect.Constructor.newInstance(Constructor.java:483) ~[na:na]
	at org.springframework.beans.BeanUtils.instantiateClass(BeanUtils.java:196) ~[spring-beans-6.2.1.jar:6.2.1]
	at org.springframework.beans.factory.support.SimpleInstantiationStrategy.instantiate(SimpleInstantiationStrategy.java:122) ~[spring-beans-6.2.1.jar:6.2.1]
	at org.springframework.beans.factory.support.AbstractAutowireCapableBeanFactory.instantiateBean(AbstractAutowireCapableBeanFactory.java:1333) ~[spring-beans-6.2.1.jar:6.2.1]
	at org.springframework.beans.factory.support.AbstractAutowireCapableBeanFactory.createBeanInstance(AbstractAutowireCapableBeanFactory.java:1224) ~[spring-beans-6.2.1.jar:6.2.1]
	at org.springframework.beans.factory.support.AbstractAutowireCapableBeanFactory.doCreateBean(AbstractAutowireCapableBeanFactory.java:563) ~[spring-beans-6.2.1.jar:6.2.1]
	at org.springframework.beans.factory.support.AbstractAutowireCapableBeanFactory.createBean(AbstractAutowireCapableBeanFactory.java:523) ~[spring-beans-6.2.1.jar:6.2.1]
	at org.springframework.beans.factory.support.AbstractBeanFactory.lambda$doGetBean$0(AbstractBeanFactory.java:336) ~[spring-beans-6.2.1.jar:6.2.1]
	at org.springframework.beans.factory.support.DefaultSingletonBeanRegistry.getSingleton(DefaultSingletonBeanRegistry.java:289) ~[spring-beans-6.2.1.jar:6.2.1]
	at org.springframework.beans.factory.support.AbstractBeanFactory.doGetBean(AbstractBeanFactory.java:334) ~[spring-beans-6.2.1.jar:6.2.1]
	at org.springframework.beans.factory.support.AbstractBeanFactory.getBean(AbstractBeanFactory.java:199) ~[spring-beans-6.2.1.jar:6.2.1]
	at org.springframework.beans.factory.support.DefaultListableBeanFactory.instantiateSingleton(DefaultListableBeanFactory.java:1122) ~[spring-beans-6.2.1.jar:6.2.1]
	at org.springframework.beans.factory.support.DefaultListableBeanFactory.preInstantiateSingleton(DefaultListableBeanFactory.java:1093) ~[spring-beans-6.2.1.jar:6.2.1]
	at org.springframework.beans.factory.support.DefaultListableBeanFactory.preInstantiateSingletons(DefaultListableBeanFactory.java:1030) ~[spring-beans-6.2.1.jar:6.2.1]
	at org.springframework.context.support.AbstractApplicationContext.finishBeanFactoryInitialization(AbstractApplicationContext.java:987) ~[spring-context-6.2.1.jar:6.2.1]
	at org.springframework.context.support.AbstractApplicationContext.refresh(AbstractApplicationContext.java:627) ~[spring-context-6.2.1.jar:6.2.1]
	at org.springframework.boot.SpringApplication.refresh(SpringApplication.java:752) ~[spring-boot-3.4.1.jar:3.4.1]
	at org.springframework.boot.SpringApplication.refreshContext(SpringApplication.java:439) ~[spring-boot-3.4.1.jar:3.4.1]
	at org.springframework.boot.SpringApplication.run(SpringApplication.java:318) ~[spring-boot-3.4.1.jar:3.4.1]
	at org.springframework.boot.test.context.SpringBootContextLoader.lambda$loadContext$3(SpringBootContextLoader.java:137) ~[spring-boot-test-3.4.1.jar:3.4.1]
	at org.springframework.util.function.ThrowingSupplier.get(ThrowingSupplier.java:58) ~[spring-core-6.2.1.jar:6.2.1]
	at org.springframework.util.function.ThrowingSupplier.get(ThrowingSupplier.java:46) ~[spring-core-6.2.1.jar:6.2.1]
	at org.springframework.boot.SpringApplication.withHook(SpringApplication.java:1461) ~[spring-boot-3.4.1.jar:3.4.1]
	at org.springframework.boot.test.context.SpringBootContextLoader$ContextLoaderHook.run(SpringBootContextLoader.java:553) ~[spring-boot-test-3.4.1.jar:3.4.1]
	at org.springframework.boot.test.context.SpringBootContextLoader.loadContext(SpringBootContextLoader.java:137) ~[spring-boot-test-3.4.1.jar:3.4.1]
	at org.springframework.boot.test.context.SpringBootContextLoader.loadContext(SpringBootContextLoader.java:108) ~[spring-boot-test-3.4.1.jar:3.4.1]
	at org.springframework.test.context.cache.DefaultCacheAwareContextLoaderDelegate.loadContextInternal(DefaultCacheAwareContextLoaderDelegate.java:225) ~[spring-test-6.2.1.jar:6.2.1]
	at org.springframework.test.context.cache.DefaultCacheAwareContextLoaderDelegate.loadContext(DefaultCacheAwareContextLoaderDelegate.java:152) ~[spring-test-6.2.1.jar:6.2.1]
	at org.springframework.test.context.support.DefaultTestContext.getApplicationContext(DefaultTestContext.java:130) ~[spring-test-6.2.1.jar:6.2.1]
	at org.springframework.test.context.web.ServletTestExecutionListener.setUpRequestContextIfNecessary(ServletTestExecutionListener.java:191) ~[spring-test-6.2.1.jar:6.2.1]
	at org.springframework.test.context.web.ServletTestExecutionListener.prepareTestInstance(ServletTestExecutionListener.java:130) ~[spring-test-6.2.1.jar:6.2.1]
	at org.springframework.test.context.TestContextManager.prepareTestInstance(TestContextManager.java:260) ~[spring-test-6.2.1.jar:6.2.1]
	at org.springframework.test.context.junit.jupiter.SpringExtension.postProcessTestInstance(SpringExtension.java:160) ~[spring-test-6.2.1.jar:6.2.1]
	at org.junit.jupiter.engine.descriptor.ClassBasedTestDescriptor.lambda$invokeTestInstancePostProcessors$11(ClassBasedTestDescriptor.java:378) ~[junit-jupiter-engine-5.11.4.jar:5.11.4]
	at org.junit.jupiter.engine.descriptor.ClassBasedTestDescriptor.executeAndMaskThrowable(ClassBasedTestDescriptor.java:383) ~[junit-jupiter-engine-5.11.4.jar:5.11.4]
	at org.junit.jupiter.engine.descriptor.ClassBasedTestDescriptor.lambda$invokeTestInstancePostProcessors$12(ClassBasedTestDescriptor.java:378) ~[junit-jupiter-engine-5.11.4.jar:5.11.4]
	at java.base/java.util.stream.ForEachOps$ForEachOp$OfRef.accept(ForEachOps.java:186) ~[na:na]
	at java.base/java.util.stream.ReferencePipeline$3$1.accept(ReferencePipeline.java:214) ~[na:na]
	at java.base/java.util.stream.ReferencePipeline$2$1.accept(ReferencePipeline.java:197) ~[na:na]
	at java.base/java.util.stream.ReferencePipeline$3$1.accept(ReferencePipeline.java:214) ~[na:na]
	at java.base/java.util.ArrayList$ArrayListSpliterator.forEachRemaining(ArrayList.java:1716) ~[na:na]
	at java.base/java.util.stream.AbstractPipeline.copyInto(AbstractPipeline.java:570) ~[na:na]
	at java.base/java.util.stream.AbstractPipeline.wrapAndCopyInto(AbstractPipeline.java:560) ~[na:na]
	at java.base/java.util.stream.ForEachOps$ForEachOp.evaluateSequential(ForEachOps.java:153) ~[na:na]
	at java.base/java.util.stream.ForEachOps$ForEachOp$OfRef.evaluateSequential(ForEachOps.java:176) ~[na:na]
	at java.base/java.util.stream.AbstractPipeline.evaluate(AbstractPipeline.java:265) ~[na:na]
	at java.base/java.util.stream.ReferencePipeline.forEach(ReferencePipeline.java:632) ~[na:na]
	at org.junit.jupiter.engine.descriptor.ClassBasedTestDescriptor.invokeTestInstancePostProcessors(ClassBasedTestDescriptor.java:377) ~[junit-jupiter-engine-5.11.4.jar:5.11.4]
	at org.junit.jupiter.engine.descriptor.ClassBasedTestDescriptor.lambda$instantiateAndPostProcessTestInstance$7(ClassBasedTestDescriptor.java:290) ~[junit-jupiter-engine-5.11.4.jar:5.11.4]
	at org.junit.platform.engine.support.hierarchical.ThrowableCollector.execute(ThrowableCollector.java:73) ~[junit-platform-engine-1.11.4.jar:1.11.4]
	at org.junit.jupiter.engine.descriptor.ClassBasedTestDescriptor.instantiateAndPostProcessTestInstance(ClassBasedTestDescriptor.java:289) ~[junit-jupiter-engine-5.11.4.jar:5.11.4]
	at org.junit.jupiter.engine.descriptor.ClassBasedTestDescriptor.lambda$testInstancesProvider$5(ClassBasedTestDescriptor.java:279) ~[junit-jupiter-engine-5.11.4.jar:5.11.4]
	at java.base/java.util.Optional.orElseGet(Optional.java:364) ~[na:na]
	at org.junit.jupiter.engine.descriptor.ClassBasedTestDescriptor.lambda$testInstancesProvider$6(ClassBasedTestDescriptor.java:278) ~[junit-jupiter-engine-5.11.4.jar:5.11.4]
	at org.junit.jupiter.engine.descriptor.NestedClassTestDescriptor.instantiateTestClass(NestedClassTestDescriptor.java:85) ~[junit-jupiter-engine-5.11.4.jar:5.11.4]
	at org.junit.jupiter.engine.descriptor.ClassBasedTestDescriptor.instantiateAndPostProcessTestInstance(ClassBasedTestDescriptor.java:287) ~[junit-jupiter-engine-5.11.4.jar:5.11.4]
	at org.junit.jupiter.engine.descriptor.ClassBasedTestDescriptor.lambda$testInstancesProvider$5(ClassBasedTestDescriptor.java:279) ~[junit-jupiter-engine-5.11.4.jar:5.11.4]
	at java.base/java.util.Optional.orElseGet(Optional.java:364) ~[na:na]
	at org.junit.jupiter.engine.descriptor.ClassBasedTestDescriptor.lambda$testInstancesProvider$6(ClassBasedTestDescriptor.java:278) ~[junit-jupiter-engine-5.11.4.jar:5.11.4]
	at org.junit.jupiter.engine.execution.TestInstancesProvider.getTestInstances(TestInstancesProvider.java:31) ~[junit-jupiter-engine-5.11.4.jar:5.11.4]
	at org.junit.jupiter.engine.descriptor.TestMethodTestDescriptor.lambda$prepare$1(TestMethodTestDescriptor.java:105) ~[junit-jupiter-engine-5.11.4.jar:5.11.4]
	at org.junit.platform.engine.support.hierarchical.ThrowableCollector.execute(ThrowableCollector.java:73) ~[junit-platform-engine-1.11.4.jar:1.11.4]
	at org.junit.jupiter.engine.descriptor.TestMethodTestDescriptor.prepare(TestMethodTestDescriptor.java:104) ~[junit-jupiter-engine-5.11.4.jar:5.11.4]
	at org.junit.jupiter.engine.descriptor.TestMethodTestDescriptor.prepare(TestMethodTestDescriptor.java:68) ~[junit-jupiter-engine-5.11.4.jar:5.11.4]
	at org.junit.platform.engine.support.hierarchical.NodeTestTask.lambda$prepare$2(NodeTestTask.java:128) ~[junit-platform-engine-1.11.4.jar:1.11.4]
	at org.junit.platform.engine.support.hierarchical.ThrowableCollector.execute(ThrowableCollector.java:73) ~[junit-platform-engine-1.11.4.jar:1.11.4]
	at org.junit.platform.engine.support.hierarchical.NodeTestTask.prepare(NodeTestTask.java:128) ~[junit-platform-engine-1.11.4.jar:1.11.4]
	at org.junit.platform.engine.support.hierarchical.NodeTestTask.execute(NodeTestTask.java:95) ~[junit-platform-engine-1.11.4.jar:1.11.4]
	at java.base/java.util.ArrayList.forEach(ArrayList.java:1604) ~[na:na]
	at org.junit.platform.engine.support.hierarchical.SameThreadHierarchicalTestExecutorService.invokeAll(SameThreadHierarchicalTestExecutorService.java:41) ~[junit-platform-engine-1.11.4.jar:1.11.4]
	at org.junit.platform.engine.support.hierarchical.NodeTestTask.lambda$executeRecursively$6(NodeTestTask.java:160) ~[junit-platform-engine-1.11.4.jar:1.11.4]
	at org.junit.platform.engine.support.hierarchical.ThrowableCollector.execute(ThrowableCollector.java:73) ~[junit-platform-engine-1.11.4.jar:1.11.4]
	at org.junit.platform.engine.support.hierarchical.NodeTestTask.lambda$executeRecursively$8(NodeTestTask.java:146) ~[junit-platform-engine-1.11.4.jar:1.11.4]
	at org.junit.platform.engine.support.hierarchical.Node.around(Node.java:137) ~[junit-platform-engine-1.11.4.jar:1.11.4]
	at org.junit.platform.engine.support.hierarchical.NodeTestTask.lambda$executeRecursively$9(NodeTestTask.java:144) ~[junit-platform-engine-1.11.4.jar:1.11.4]
	at org.junit.platform.engine.support.hierarchical.ThrowableCollector.execute(ThrowableCollector.java:73) ~[junit-platform-engine-1.11.4.jar:1.11.4]
	at org.junit.platform.engine.support.hierarchical.NodeTestTask.executeRecursively(NodeTestTask.java:143) ~[junit-platform-engine-1.11.4.jar:1.11.4]
	at org.junit.platform.engine.support.hierarchical.NodeTestTask.execute(NodeTestTask.java:100) ~[junit-platform-engine-1.11.4.jar:1.11.4]
	at java.base/java.util.ArrayList.forEach(ArrayList.java:1604) ~[na:na]
	at org.junit.platform.engine.support.hierarchical.SameThreadHierarchicalTestExecutorService.invokeAll(SameThreadHierarchicalTestExecutorService.java:41) ~[junit-platform-engine-1.11.4.jar:1.11.4]
	at org.junit.platform.engine.support.hierarchical.NodeTestTask.lambda$executeRecursively$6(NodeTestTask.java:160) ~[junit-platform-engine-1.11.4.jar:1.11.4]
	at org.junit.platform.engine.support.hierarchical.ThrowableCollector.execute(ThrowableCollector.java:73) ~[junit-platform-engine-1.11.4.jar:1.11.4]
	at org.junit.platform.engine.support.hierarchical.NodeTestTask.lambda$executeRecursively$8(NodeTestTask.java:146) ~[junit-platform-engine-1.11.4.jar:1.11.4]
	at org.junit.platform.engine.support.hierarchical.Node.around(Node.java:137) ~[junit-platform-engine-1.11.4.jar:1.11.4]
	at org.junit.platform.engine.support.hierarchical.NodeTestTask.lambda$executeRecursively$9(NodeTestTask.java:144) ~[junit-platform-engine-1.11.4.jar:1.11.4]
	at org.junit.platform.engine.support.hierarchical.ThrowableCollector.execute(ThrowableCollector.java:73) ~[junit-platform-engine-1.11.4.jar:1.11.4]
	at org.junit.platform.engine.support.hierarchical.NodeTestTask.executeRecursively(NodeTestTask.java:143) ~[junit-platform-engine-1.11.4.jar:1.11.4]
	at org.junit.platform.engine.support.hierarchical.NodeTestTask.execute(NodeTestTask.java:100) ~[junit-platform-engine-1.11.4.jar:1.11.4]
	at java.base/java.util.ArrayList.forEach(ArrayList.java:1604) ~[na:na]
	at org.junit.platform.engine.support.hierarchical.SameThreadHierarchicalTestExecutorService.invokeAll(SameThreadHierarchicalTestExecutorService.java:41) ~[junit-platform-engine-1.11.4.jar:1.11.4]
	at org.junit.platform.engine.support.hierarchical.NodeTestTask.lambda$executeRecursively$6(NodeTestTask.java:160) ~[junit-platform-engine-1.11.4.jar:1.11.4]
	at org.junit.platform.engine.support.hierarchical.ThrowableCollector.execute(ThrowableCollector.java:73) ~[junit-platform-engine-1.11.4.jar:1.11.4]
	at org.junit.platform.engine.support.hierarchical.NodeTestTask.lambda$executeRecursively$8(NodeTestTask.java:146) ~[junit-platform-engine-1.11.4.jar:1.11.4]
	at org.junit.platform.engine.support.hierarchical.Node.around(Node.java:137) ~[junit-platform-engine-1.11.4.jar:1.11.4]
	at org.junit.platform.engine.support.hierarchical.NodeTestTask.lambda$executeRecursively$9(NodeTestTask.java:144) ~[junit-platform-engine-1.11.4.jar:1.11.4]
	at org.junit.platform.engine.support.hierarchical.ThrowableCollector.execute(ThrowableCollector.java:73) ~[junit-platform-engine-1.11.4.jar:1.11.4]
	at org.junit.platform.engine.support.hierarchical.NodeTestTask.executeRecursively(NodeTestTask.java:143) ~[junit-platform-engine-1.11.4.jar:1.11.4]
	at org.junit.platform.engine.support.hierarchical.NodeTestTask.execute(NodeTestTask.java:100) ~[junit-platform-engine-1.11.4.jar:1.11.4]
	at org.junit.platform.engine.support.hierarchical.SameThreadHierarchicalTestExecutorService.submit(SameThreadHierarchicalTestExecutorService.java:35) ~[junit-platform-engine-1.11.4.jar:1.11.4]
	at org.junit.platform.engine.support.hierarchical.HierarchicalTestExecutor.execute(HierarchicalTestExecutor.java:57) ~[junit-platform-engine-1.11.4.jar:1.11.4]
	at org.junit.platform.engine.support.hierarchical.HierarchicalTestEngine.execute(HierarchicalTestEngine.java:54) ~[junit-platform-engine-1.11.4.jar:1.11.4]
	at org.junit.platform.launcher.core.EngineExecutionOrchestrator.execute(EngineExecutionOrchestrator.java:198) ~[junit-platform-launcher-1.11.4.jar:1.11.4]
	at org.junit.platform.launcher.core.EngineExecutionOrchestrator.execute(EngineExecutionOrchestrator.java:169) ~[junit-platform-launcher-1.11.4.jar:1.11.4]
	at org.junit.platform.launcher.core.EngineExecutionOrchestrator.execute(EngineExecutionOrchestrator.java:93) ~[junit-platform-launcher-1.11.4.jar:1.11.4]
	at org.junit.platform.launcher.core.EngineExecutionOrchestrator.lambda$execute$0(EngineExecutionOrchestrator.java:58) ~[junit-platform-launcher-1.11.4.jar:1.11.4]
	at org.junit.platform.launcher.core.EngineExecutionOrchestrator.withInterceptedStreams(EngineExecutionOrchestrator.java:141) ~[junit-platform-launcher-1.11.4.jar:1.11.4]
	at org.junit.platform.launcher.core.EngineExecutionOrchestrator.execute(EngineExecutionOrchestrator.java:57) ~[junit-platform-launcher-1.11.4.jar:1.11.4]
	at org.junit.platform.launcher.core.DefaultLauncher.execute(DefaultLauncher.java:103) ~[junit-platform-launcher-1.11.4.jar:1.11.4]
	at org.junit.platform.launcher.core.DefaultLauncher.execute(DefaultLauncher.java:85) ~[junit-platform-launcher-1.11.4.jar:1.11.4]
	at org.junit.platform.launcher.core.DelegatingLauncher.execute(DelegatingLauncher.java:47) ~[junit-platform-launcher-1.11.4.jar:1.11.4]
	at org.apache.maven.surefire.junitplatform.LazyLauncher.execute(LazyLauncher.java:56) ~[surefire-junit-platform-3.2.5.jar:3.2.5]
	at org.apache.maven.surefire.junitplatform.JUnitPlatformProvider.execute(JUnitPlatformProvider.java:184) ~[surefire-junit-platform-3.2.5.jar:3.2.5]
	at org.apache.maven.surefire.junitplatform.JUnitPlatformProvider.invokeAllTests(JUnitPlatformProvider.java:148) ~[surefire-junit-platform-3.2.5.jar:3.2.5]
	at org.apache.maven.surefire.junitplatform.JUnitPlatformProvider.invoke(JUnitPlatformProvider.java:122) ~[surefire-junit-platform-3.2.5.jar:3.2.5]
	at org.apache.maven.surefire.booter.ForkedBooter.runSuitesInProcess(ForkedBooter.java:385) ~[surefire-booter-3.2.5.jar:3.2.5]
	at org.apache.maven.surefire.booter.ForkedBooter.execute(ForkedBooter.java:162) ~[surefire-booter-3.2.5.jar:3.2.5]
	at org.apache.maven.surefire.booter.ForkedBooter.run(ForkedBooter.java:507) ~[surefire-booter-3.2.5.jar:3.2.5]
	at org.apache.maven.surefire.booter.ForkedBooter.main(ForkedBooter.java:495) ~[surefire-booter-3.2.5.jar:3.2.5]

2026-01-01T16:55:00.628+08:00  INFO 14204 --- [ride-dispatch-server] [           main] o.s.b.t.m.w.SpringBootMockServletContext : Initializing Spring TestDispatcherServlet ''
2026-01-01T16:55:00.628+08:00  INFO 14204 --- [ride-dispatch-server] [           main] o.s.t.web.servlet.TestDispatcherServlet  : Initializing Servlet ''
2026-01-01T16:55:00.628+08:00  INFO 14204 --- [ride-dispatch-server] [           main] o.s.t.web.servlet.TestDispatcherServlet  : Completed initialization in 0 ms
2026-01-01T16:55:00.635+08:00  INFO 14204 --- [ride-dispatch-server] [           main] c.uber.integration.IntegrationFlowTest   : Started IntegrationFlowTest in 0.558 seconds (process running for 8.139)
2026-01-01T16:55:00.653+08:00  WARN 14204 --- [ride-dispatch-server] [           main] com.uber.service.OrderService            : No available driver found for order with vehicleType: STANDARD
2026-01-01T16:55:00.655+08:00  INFO 14204 --- [ride-dispatch-server] [           main] com.uber.service.OrderService            : Order created: 49ec9e53-17d9-4b60-9aba-969aa98b37cb (assigned to: null)
2026-01-01T16:55:00.667+08:00  WARN 14204 --- [ride-dispatch-server] [           main] c.uber.exception.GlobalExceptionHandler  : Business exception: INVALID_REQUEST - 上車地點與下車地點不可相同
2026-01-01T16:55:00.674+08:00  WARN 14204 --- [ride-dispatch-server] [           main] com.uber.service.OrderService            : No available driver found for order with vehicleType: STANDARD
2026-01-01T16:55:00.674+08:00  INFO 14204 --- [ride-dispatch-server] [           main] com.uber.service.OrderService            : Order created: 6fe35c36-fc3c-4f8b-8e9e-dee5224f75d6 (assigned to: null)
2026-01-01T16:55:00.698+08:00  INFO 14204 --- [ride-dispatch-server] [           main] com.uber.service.DriverService           : Driver registered: driver-api-03
2026-01-01T16:55:00.705+08:00  INFO 14204 --- [ride-dispatch-server] [           main] com.uber.service.DriverService           : Driver driver-api-03 is now online at (25.035, 121.56)
2026-01-01T16:55:00.711+08:00  INFO 14204 --- [ride-dispatch-server] [           main] com.uber.service.OrderService            : Order 6fe35c36-fc3c-4f8b-8e9e-dee5224f75d6 accepted by driver driver-api-03
[INFO] Tests run: 3, Failures: 0, Errors: 0, Skipped: 0, Time elapsed: 0.643 s -- in com.uber.integration.IntegrationFlowTest$ApiContractTests
[INFO] Running com.uber.integration.IntegrationFlowTest$OrderCancellationAfterAcceptTests
2026-01-01T16:55:00.717+08:00  INFO 14204 --- [ride-dispatch-server] [           main] t.c.s.AnnotationConfigContextLoaderUtils : Could not detect default configuration classes for test class [com.uber.integration.IntegrationFlowTest$OrderCancellationAfterAcceptTests]: OrderCancellationAfterAcceptTests does not declare any static, non-private, non-final, nested classes annotated with @Configuration.
2026-01-01T16:55:00.720+08:00  INFO 14204 --- [ride-dispatch-server] [           main] .b.t.c.SpringBootTestContextBootstrapper : Found @SpringBootConfiguration com.uber.RideDispatchApplication for test class com.uber.integration.IntegrationFlowTest$OrderCancellationAfterAcceptTests
2026-01-01T16:55:00.728+08:00  WARN 14204 --- [ride-dispatch-server] [           main] com.uber.service.OrderService            : No available driver found for order with vehicleType: PREMIUM
2026-01-01T16:55:00.728+08:00  INFO 14204 --- [ride-dispatch-server] [           main] com.uber.service.OrderService            : Order created: d137959e-be82-4f65-aa48-6c1faece5cd0 (assigned to: null)
2026-01-01T16:55:00.731+08:00  INFO 14204 --- [ride-dispatch-server] [           main] com.uber.service.DriverService           : Driver registered: driver-205
2026-01-01T16:55:00.735+08:00  INFO 14204 --- [ride-dispatch-server] [           main] com.uber.service.DriverService           : Driver driver-205 is now online at (25.035, 121.56)
2026-01-01T16:55:00.737+08:00  INFO 14204 --- [ride-dispatch-server] [           main] com.uber.service.OrderService            : Order d137959e-be82-4f65-aa48-6c1faece5cd0 accepted by driver driver-205
2026-01-01T16:55:00.742+08:00  INFO 14204 --- [ride-dispatch-server] [           main] com.uber.service.OrderService            : Order d137959e-be82-4f65-aa48-6c1faece5cd0 cancelled
2026-01-01T16:55:00.753+08:00  WARN 14204 --- [ride-dispatch-server] [           main] com.uber.service.OrderService            : No available driver found for order with vehicleType: STANDARD
2026-01-01T16:55:00.753+08:00  INFO 14204 --- [ride-dispatch-server] [           main] com.uber.service.OrderService            : Order created: 52084cba-8ba8-4fc5-81d0-2bd57606ff2e (assigned to: null)
2026-01-01T16:55:00.757+08:00  INFO 14204 --- [ride-dispatch-server] [           main] com.uber.service.DriverService           : Driver registered: driver-203
2026-01-01T16:55:00.759+08:00  INFO 14204 --- [ride-dispatch-server] [           main] com.uber.service.DriverService           : Driver driver-203 is now online at (25.035, 121.56)
2026-01-01T16:55:00.761+08:00  INFO 14204 --- [ride-dispatch-server] [           main] com.uber.service.OrderService            : Order 52084cba-8ba8-4fc5-81d0-2bd57606ff2e accepted by driver driver-203
2026-01-01T16:55:00.764+08:00  INFO 14204 --- [ride-dispatch-server] [           main] com.uber.service.OrderService            : Order 52084cba-8ba8-4fc5-81d0-2bd57606ff2e cancelled
2026-01-01T16:55:00.767+08:00  INFO 14204 --- [ride-dispatch-server] [           main] com.uber.service.OrderService            : Order auto-assigned to driver: driver-203
2026-01-01T16:55:00.767+08:00  INFO 14204 --- [ride-dispatch-server] [           main] com.uber.service.OrderService            : Order created: a11a4905-4f4d-413b-8695-6a234ad73f95 (assigned to: driver-203)
2026-01-01T16:55:00.770+08:00  INFO 14204 --- [ride-dispatch-server] [           main] com.uber.service.OrderService            : Order a11a4905-4f4d-413b-8695-6a234ad73f95 accepted by driver driver-203
2026-01-01T16:55:00.776+08:00  WARN 14204 --- [ride-dispatch-server] [           main] com.uber.service.OrderService            : No available driver found for order with vehicleType: STANDARD
2026-01-01T16:55:00.777+08:00  INFO 14204 --- [ride-dispatch-server] [           main] com.uber.service.OrderService            : Order created: 7b88fdba-e84f-4feb-8aec-3aa11058de7a (assigned to: null)
2026-01-01T16:55:00.778+08:00  INFO 14204 --- [ride-dispatch-server] [           main] com.uber.service.DriverService           : Driver registered: driver-201
2026-01-01T16:55:00.780+08:00  INFO 14204 --- [ride-dispatch-server] [           main] com.uber.service.DriverService           : Driver driver-201 is now online at (25.035, 121.56)
2026-01-01T16:55:00.783+08:00  INFO 14204 --- [ride-dispatch-server] [           main] com.uber.service.OrderService            : Order 7b88fdba-e84f-4feb-8aec-3aa11058de7a accepted by driver driver-201
2026-01-01T16:55:00.785+08:00  INFO 14204 --- [ride-dispatch-server] [           main] com.uber.service.OrderService            : Order 7b88fdba-e84f-4feb-8aec-3aa11058de7a cancelled
2026-01-01T16:55:00.792+08:00  WARN 14204 --- [ride-dispatch-server] [           main] com.uber.service.OrderService            : No available driver found for order with vehicleType: STANDARD
2026-01-01T16:55:00.792+08:00  INFO 14204 --- [ride-dispatch-server] [           main] com.uber.service.OrderService            : Order created: 541a507a-efe4-49cb-a70f-db73411b466a (assigned to: null)
2026-01-01T16:55:00.794+08:00  INFO 14204 --- [ride-dispatch-server] [           main] com.uber.service.DriverService           : Driver registered: driver-202
2026-01-01T16:55:00.797+08:00  INFO 14204 --- [ride-dispatch-server] [           main] com.uber.service.DriverService           : Driver driver-202 is now online at (25.035, 121.56)
2026-01-01T16:55:00.800+08:00  INFO 14204 --- [ride-dispatch-server] [           main] com.uber.service.OrderService            : Order 541a507a-efe4-49cb-a70f-db73411b466a accepted by driver driver-202
2026-01-01T16:55:00.805+08:00  INFO 14204 --- [ride-dispatch-server] [           main] com.uber.service.OrderService            : Trip started for order 541a507a-efe4-49cb-a70f-db73411b466a
2026-01-01T16:55:00.808+08:00  WARN 14204 --- [ride-dispatch-server] [           main] c.uber.exception.GlobalExceptionHandler  : Business exception: INVALID_STATE - 此訂單狀態無法取消
[INFO] Tests run: 4, Failures: 0, Errors: 0, Skipped: 0, Time elapsed: 0.095 s -- in com.uber.integration.IntegrationFlowTest$OrderCancellationAfterAcceptTests
[INFO] Running com.uber.integration.IntegrationFlowTest$OrderCancellationByPassengerTests
2026-01-01T16:55:00.812+08:00  INFO 14204 --- [ride-dispatch-server] [           main] t.c.s.AnnotationConfigContextLoaderUtils : Could not detect default configuration classes for test class [com.uber.integration.IntegrationFlowTest$OrderCancellationByPassengerTests]: OrderCancellationByPassengerTests does not declare any static, non-private, non-final, nested classes annotated with @Configuration.
2026-01-01T16:55:00.814+08:00  INFO 14204 --- [ride-dispatch-server] [           main] .b.t.c.SpringBootTestContextBootstrapper : Found @SpringBootConfiguration com.uber.RideDispatchApplication for test class com.uber.integration.IntegrationFlowTest$OrderCancellationByPassengerTests
2026-01-01T16:55:00.820+08:00  WARN 14204 --- [ride-dispatch-server] [           main] com.uber.service.OrderService            : No available driver found for order with vehicleType: STANDARD
2026-01-01T16:55:00.821+08:00  INFO 14204 --- [ride-dispatch-server] [           main] com.uber.service.OrderService            : Order created: 1afbff27-acd5-4128-9520-b563b18f8926 (assigned to: null)
2026-01-01T16:55:00.823+08:00  WARN 14204 --- [ride-dispatch-server] [           main] c.uber.exception.GlobalExceptionHandler  : Business exception: FORBIDDEN - 您無權取消此訂單
2026-01-01T16:55:00.828+08:00  WARN 14204 --- [ride-dispatch-server] [           main] com.uber.service.OrderService            : No available driver found for order with vehicleType: STANDARD
2026-01-01T16:55:00.830+08:00  INFO 14204 --- [ride-dispatch-server] [           main] com.uber.service.OrderService            : Order created: cee1d8d0-e1b5-4c2e-8d31-e860cb2cfab4 (assigned to: null)
2026-01-01T16:55:00.832+08:00  INFO 14204 --- [ride-dispatch-server] [           main] com.uber.service.OrderService            : Order cee1d8d0-e1b5-4c2e-8d31-e860cb2cfab4 cancelled
2026-01-01T16:55:00.840+08:00  WARN 14204 --- [ride-dispatch-server] [           main] com.uber.service.OrderService            : No available driver found for order with vehicleType: STANDARD
2026-01-01T16:55:00.840+08:00  INFO 14204 --- [ride-dispatch-server] [           main] com.uber.service.OrderService            : Order created: 2d20c770-d228-499a-a59d-7ef5e1211edf (assigned to: null)
2026-01-01T16:55:00.843+08:00  INFO 14204 --- [ride-dispatch-server] [           main] com.uber.service.OrderService            : Order 2d20c770-d228-499a-a59d-7ef5e1211edf cancelled
[INFO] Tests run: 3, Failures: 0, Errors: 0, Skipped: 0, Time elapsed: 0.035 s -- in com.uber.integration.IntegrationFlowTest$OrderCancellationByPassengerTests
[INFO] Running com.uber.integration.IntegrationFlowTest$CompleteOrderFlowTests
2026-01-01T16:55:00.848+08:00  INFO 14204 --- [ride-dispatch-server] [           main] t.c.s.AnnotationConfigContextLoaderUtils : Could not detect default configuration classes for test class [com.uber.integration.IntegrationFlowTest$CompleteOrderFlowTests]: CompleteOrderFlowTests does not declare any static, non-private, non-final, nested classes annotated with @Configuration.
2026-01-01T16:55:00.852+08:00  INFO 14204 --- [ride-dispatch-server] [           main] .b.t.c.SpringBootTestContextBootstrapper : Found @SpringBootConfiguration com.uber.RideDispatchApplication for test class com.uber.integration.IntegrationFlowTest$CompleteOrderFlowTests
2026-01-01T16:55:00.858+08:00  WARN 14204 --- [ride-dispatch-server] [           main] com.uber.service.OrderService            : No available driver found for order with vehicleType: STANDARD
2026-01-01T16:55:00.859+08:00  INFO 14204 --- [ride-dispatch-server] [           main] com.uber.service.OrderService            : Order created: 6a25fe0e-d45c-4582-b28f-a1dd08ae6e7c (assigned to: null)
2026-01-01T16:55:00.862+08:00  INFO 14204 --- [ride-dispatch-server] [           main] com.uber.service.DriverService           : Driver registered: driver-003
2026-01-01T16:55:00.866+08:00  INFO 14204 --- [ride-dispatch-server] [           main] com.uber.service.DriverService           : Driver driver-003 is now online at (25.035, 121.56)
2026-01-01T16:55:00.868+08:00  INFO 14204 --- [ride-dispatch-server] [           main] com.uber.service.OrderService            : Order 6a25fe0e-d45c-4582-b28f-a1dd08ae6e7c accepted by driver driver-003
2026-01-01T16:55:00.871+08:00  INFO 14204 --- [ride-dispatch-server] [           main] com.uber.service.OrderService            : Trip started for order 6a25fe0e-d45c-4582-b28f-a1dd08ae6e7c
2026-01-01T16:55:00.876+08:00  INFO 14204 --- [ride-dispatch-server] [           main] com.uber.service.OrderService            : Using actual duration: 0 minutes for order 6a25fe0e-d45c-4582-b28f-a1dd08ae6e7c
2026-01-01T16:55:00.876+08:00  INFO 14204 --- [ride-dispatch-server] [           main] com.uber.service.OrderService            : Trip completed for order 6a25fe0e-d45c-4582-b28f-a1dd08ae6e7c, fare: 70.0
2026-01-01T16:55:00.881+08:00  WARN 14204 --- [ride-dispatch-server] [           main] com.uber.service.OrderService            : No available driver found for order with vehicleType: STANDARD
2026-01-01T16:55:00.881+08:00  INFO 14204 --- [ride-dispatch-server] [           main] com.uber.service.OrderService            : Order created: bbde48fb-69a2-46d9-89e3-6359895cfbee (assigned to: null)
2026-01-01T16:55:00.883+08:00  INFO 14204 --- [ride-dispatch-server] [           main] com.uber.service.DriverService           : Driver registered: driver-001
2026-01-01T16:55:00.886+08:00  INFO 14204 --- [ride-dispatch-server] [           main] com.uber.service.DriverService           : Driver driver-001 is now online at (25.035, 121.56)
2026-01-01T16:55:00.887+08:00  INFO 14204 --- [ride-dispatch-server] [           main] com.uber.service.OrderService            : Order bbde48fb-69a2-46d9-89e3-6359895cfbee accepted by driver driver-001
2026-01-01T16:55:00.889+08:00  INFO 14204 --- [ride-dispatch-server] [           main] com.uber.service.OrderService            : Trip started for order bbde48fb-69a2-46d9-89e3-6359895cfbee
2026-01-01T16:55:00.891+08:00  INFO 14204 --- [ride-dispatch-server] [           main] com.uber.service.OrderService            : Using actual duration: 0 minutes for order bbde48fb-69a2-46d9-89e3-6359895cfbee
2026-01-01T16:55:00.891+08:00  INFO 14204 --- [ride-dispatch-server] [           main] com.uber.service.OrderService            : Trip completed for order bbde48fb-69a2-46d9-89e3-6359895cfbee, fare: 70.0
2026-01-01T16:55:00.895+08:00  WARN 14204 --- [ride-dispatch-server] [           main] com.uber.service.OrderService            : No available driver found for order with vehicleType: STANDARD
2026-01-01T16:55:00.896+08:00  INFO 14204 --- [ride-dispatch-server] [           main] com.uber.service.OrderService            : Order created: 3c6469e9-7ffe-410c-99d3-5b4ea22bb5a4 (assigned to: null)
2026-01-01T16:55:00.897+08:00  INFO 14204 --- [ride-dispatch-server] [           main] com.uber.service.DriverService           : Driver registered: driver-002
2026-01-01T16:55:00.899+08:00  INFO 14204 --- [ride-dispatch-server] [           main] com.uber.service.DriverService           : Driver driver-002 is now online at (25.035, 121.56)
2026-01-01T16:55:00.900+08:00  INFO 14204 --- [ride-dispatch-server] [           main] com.uber.service.OrderService            : Order 3c6469e9-7ffe-410c-99d3-5b4ea22bb5a4 accepted by driver driver-002
2026-01-01T16:55:00.901+08:00  INFO 14204 --- [ride-dispatch-server] [           main] com.uber.service.OrderService            : Trip started for order 3c6469e9-7ffe-410c-99d3-5b4ea22bb5a4
2026-01-01T16:55:00.902+08:00  INFO 14204 --- [ride-dispatch-server] [           main] com.uber.service.OrderService            : Using actual duration: 0 minutes for order 3c6469e9-7ffe-410c-99d3-5b4ea22bb5a4
2026-01-01T16:55:00.902+08:00  INFO 14204 --- [ride-dispatch-server] [           main] com.uber.service.OrderService            : Trip completed for order 3c6469e9-7ffe-410c-99d3-5b4ea22bb5a4, fare: 70.0
[INFO] Tests run: 3, Failures: 0, Errors: 0, Skipped: 0, Time elapsed: 0.056 s -- in com.uber.integration.IntegrationFlowTest$CompleteOrderFlowTests
[INFO] Tests run: 0, Failures: 0, Errors: 0, Skipped: 0, Time elapsed: 0.856 s -- in com.uber.integration.IntegrationFlowTest
[INFO] Running com.uber.repository.DriverRepositoryTest
[INFO] Tests run: 16, Failures: 0, Errors: 0, Skipped: 0, Time elapsed: 0.107 s -- in com.uber.repository.DriverRepositoryTest
[INFO] Running com.uber.repository.OrderRepositoryTest
[INFO] Tests run: 12, Failures: 0, Errors: 0, Skipped: 0, Time elapsed: 0.014 s -- in com.uber.repository.OrderRepositoryTest
[INFO] Running com.uber.service.AuditServiceTest
[INFO] Running com.uber.service.AuditServiceTest$QueryTests
[INFO] Tests run: 3, Failures: 0, Errors: 0, Skipped: 0, Time elapsed: 0.009 s -- in com.uber.service.AuditServiceTest$QueryTests
[INFO] Running com.uber.service.AuditServiceTest$LogFailureTests
[INFO] Tests run: 2, Failures: 0, Errors: 0, Skipped: 0, Time elapsed: 0.003 s -- in com.uber.service.AuditServiceTest$LogFailureTests
[INFO] Running com.uber.service.AuditServiceTest$LogSuccessTests
[INFO] Tests run: 2, Failures: 0, Errors: 0, Skipped: 0, Time elapsed: 0.003 s -- in com.uber.service.AuditServiceTest$LogSuccessTests
[INFO] Tests run: 0, Failures: 0, Errors: 0, Skipped: 0, Time elapsed: 0.018 s -- in com.uber.service.AuditServiceTest
[INFO] Running com.uber.service.ConcurrencyH2Test
2026-01-01T16:55:01.058+08:00  INFO 14204 --- [ride-dispatch-server] [           main] t.c.s.AnnotationConfigContextLoaderUtils : Could not detect default configuration classes for test class [com.uber.service.ConcurrencyH2Test]: ConcurrencyH2Test does not declare any static, non-private, non-final, nested classes annotated with @Configuration.
2026-01-01T16:55:01.109+08:00  INFO 14204 --- [ride-dispatch-server] [           main] .b.t.c.SpringBootTestContextBootstrapper : Found @SpringBootConfiguration com.uber.RideDispatchApplication for test class com.uber.service.ConcurrencyH2Test

  .   ____          _            __ _ _
 /\\ / ___'_ __ _ _(_)_ __  __ _ \ \ \ \
( ( )\___ | '_ | '_| | '_ \/ _` | \ \ \ \
 \\/  ___)| |_)| | | | | || (_| |  ) ) ) )
  '  |____| .__|_| |_|_| |_\__, | / / / /
 =========|_|==============|___/=/_/_/_/

 :: Spring Boot ::                (v3.4.1)

2026-01-01T16:55:01.156+08:00  INFO 14204 --- [ride-dispatch-server] [           main] com.uber.service.ConcurrencyH2Test       : Starting ConcurrencyH2Test using Java 25.0.1 with PID 14204 (started by wilso in C:\Users\wilso\OneDrive\桌面\Uber\server)
2026-01-01T16:55:01.156+08:00 DEBUG 14204 --- [ride-dispatch-server] [           main] com.uber.service.ConcurrencyH2Test       : Running with Spring Boot v3.4.1, Spring v6.2.1
2026-01-01T16:55:01.157+08:00  INFO 14204 --- [ride-dispatch-server] [           main] com.uber.service.ConcurrencyH2Test       : No active profile set, falling back to 1 default profile: "default"
2026-01-01T16:55:01.497+08:00 ERROR 14204 --- [ride-dispatch-server] [           main] com.uber.util.JsonFileUtil               : Failed to load data from file: riders.json

com.fasterxml.jackson.databind.exc.UnrecognizedPropertyException: Unrecognized field "address" (class com.uber.model.Location), not marked as ignorable (2 known properties: "x", "y"])
 at [Source: REDACTED (`StreamReadFeature.INCLUDE_SOURCE_IN_LOCATION` disabled); line: 1, column: 145] (through reference chain: java.util.ArrayList[0]->com.uber.model.Rider["location"]->com.uber.model.Location["address"])
	at com.fasterxml.jackson.databind.exc.UnrecognizedPropertyException.from(UnrecognizedPropertyException.java:61) ~[jackson-databind-2.18.2.jar:2.18.2]
	at com.fasterxml.jackson.databind.DeserializationContext.handleUnknownProperty(DeserializationContext.java:1153) ~[jackson-databind-2.18.2.jar:2.18.2]
	at com.fasterxml.jackson.databind.deser.std.StdDeserializer.handleUnknownProperty(StdDeserializer.java:2241) ~[jackson-databind-2.18.2.jar:2.18.2]
	at com.fasterxml.jackson.databind.deser.BeanDeserializerBase.handleUnknownProperty(BeanDeserializerBase.java:1821) ~[jackson-databind-2.18.2.jar:2.18.2]
	at com.fasterxml.jackson.databind.deser.BeanDeserializerBase.handleUnknownVanilla(BeanDeserializerBase.java:1799) ~[jackson-databind-2.18.2.jar:2.18.2]
	at com.fasterxml.jackson.databind.deser.BeanDeserializer.vanillaDeserialize(BeanDeserializer.java:316) ~[jackson-databind-2.18.2.jar:2.18.2]
	at com.fasterxml.jackson.databind.deser.BeanDeserializer.deserialize(BeanDeserializer.java:177) ~[jackson-databind-2.18.2.jar:2.18.2]
	at com.fasterxml.jackson.databind.deser.impl.MethodProperty.deserializeAndSet(MethodProperty.java:129) ~[jackson-databind-2.18.2.jar:2.18.2]
	at com.fasterxml.jackson.databind.deser.BeanDeserializer.vanillaDeserialize(BeanDeserializer.java:310) ~[jackson-databind-2.18.2.jar:2.18.2]
	at com.fasterxml.jackson.databind.deser.BeanDeserializer.deserialize(BeanDeserializer.java:177) ~[jackson-databind-2.18.2.jar:2.18.2]
	at com.fasterxml.jackson.databind.deser.std.CollectionDeserializer._deserializeFromArray(CollectionDeserializer.java:361) ~[jackson-databind-2.18.2.jar:2.18.2]
	at com.fasterxml.jackson.databind.deser.std.CollectionDeserializer.deserialize(CollectionDeserializer.java:246) ~[jackson-databind-2.18.2.jar:2.18.2]
	at com.fasterxml.jackson.databind.deser.std.CollectionDeserializer.deserialize(CollectionDeserializer.java:30) ~[jackson-databind-2.18.2.jar:2.18.2]
	at com.fasterxml.jackson.databind.deser.DefaultDeserializationContext.readRootValue(DefaultDeserializationContext.java:342) ~[jackson-databind-2.18.2.jar:2.18.2]
	at com.fasterxml.jackson.databind.ObjectMapper._readMapAndClose(ObjectMapper.java:4917) ~[jackson-databind-2.18.2.jar:2.18.2]
	at com.fasterxml.jackson.databind.ObjectMapper.readValue(ObjectMapper.java:3745) ~[jackson-databind-2.18.2.jar:2.18.2]
	at com.uber.util.JsonFileUtil.loadFromFile(JsonFileUtil.java:42) ~[classes/:na]
	at com.uber.repository.RiderRepository.loadData(RiderRepository.java:26) ~[classes/:na]
	at com.uber.repository.RiderRepository.<init>(RiderRepository.java:22) ~[classes/:na]
	at java.base/jdk.internal.reflect.DirectConstructorHandleAccessor.newInstance(DirectConstructorHandleAccessor.java:62) ~[na:na]
	at java.base/java.lang.reflect.Constructor.newInstanceWithCaller(Constructor.java:499) ~[na:na]
	at java.base/java.lang.reflect.Constructor.newInstance(Constructor.java:483) ~[na:na]
	at org.springframework.beans.BeanUtils.instantiateClass(BeanUtils.java:196) ~[spring-beans-6.2.1.jar:6.2.1]
	at org.springframework.beans.factory.support.SimpleInstantiationStrategy.instantiate(SimpleInstantiationStrategy.java:122) ~[spring-beans-6.2.1.jar:6.2.1]
	at org.springframework.beans.factory.support.AbstractAutowireCapableBeanFactory.instantiateBean(AbstractAutowireCapableBeanFactory.java:1333) ~[spring-beans-6.2.1.jar:6.2.1]
	at org.springframework.beans.factory.support.AbstractAutowireCapableBeanFactory.createBeanInstance(AbstractAutowireCapableBeanFactory.java:1224) ~[spring-beans-6.2.1.jar:6.2.1]
	at org.springframework.beans.factory.support.AbstractAutowireCapableBeanFactory.doCreateBean(AbstractAutowireCapableBeanFactory.java:563) ~[spring-beans-6.2.1.jar:6.2.1]
	at org.springframework.beans.factory.support.AbstractAutowireCapableBeanFactory.createBean(AbstractAutowireCapableBeanFactory.java:523) ~[spring-beans-6.2.1.jar:6.2.1]
	at org.springframework.beans.factory.support.AbstractBeanFactory.lambda$doGetBean$0(AbstractBeanFactory.java:336) ~[spring-beans-6.2.1.jar:6.2.1]
	at org.springframework.beans.factory.support.DefaultSingletonBeanRegistry.getSingleton(DefaultSingletonBeanRegistry.java:289) ~[spring-beans-6.2.1.jar:6.2.1]
	at org.springframework.beans.factory.support.AbstractBeanFactory.doGetBean(AbstractBeanFactory.java:334) ~[spring-beans-6.2.1.jar:6.2.1]
	at org.springframework.beans.factory.support.AbstractBeanFactory.getBean(AbstractBeanFactory.java:199) ~[spring-beans-6.2.1.jar:6.2.1]
	at org.springframework.beans.factory.support.DefaultListableBeanFactory.instantiateSingleton(DefaultListableBeanFactory.java:1122) ~[spring-beans-6.2.1.jar:6.2.1]
	at org.springframework.beans.factory.support.DefaultListableBeanFactory.preInstantiateSingleton(DefaultListableBeanFactory.java:1093) ~[spring-beans-6.2.1.jar:6.2.1]
	at org.springframework.beans.factory.support.DefaultListableBeanFactory.preInstantiateSingletons(DefaultListableBeanFactory.java:1030) ~[spring-beans-6.2.1.jar:6.2.1]
	at org.springframework.context.support.AbstractApplicationContext.finishBeanFactoryInitialization(AbstractApplicationContext.java:987) ~[spring-context-6.2.1.jar:6.2.1]
	at org.springframework.context.support.AbstractApplicationContext.refresh(AbstractApplicationContext.java:627) ~[spring-context-6.2.1.jar:6.2.1]
	at org.springframework.boot.SpringApplication.refresh(SpringApplication.java:752) ~[spring-boot-3.4.1.jar:3.4.1]
	at org.springframework.boot.SpringApplication.refreshContext(SpringApplication.java:439) ~[spring-boot-3.4.1.jar:3.4.1]
	at org.springframework.boot.SpringApplication.run(SpringApplication.java:318) ~[spring-boot-3.4.1.jar:3.4.1]
	at org.springframework.boot.test.context.SpringBootContextLoader.lambda$loadContext$3(SpringBootContextLoader.java:137) ~[spring-boot-test-3.4.1.jar:3.4.1]
	at org.springframework.util.function.ThrowingSupplier.get(ThrowingSupplier.java:58) ~[spring-core-6.2.1.jar:6.2.1]
	at org.springframework.util.function.ThrowingSupplier.get(ThrowingSupplier.java:46) ~[spring-core-6.2.1.jar:6.2.1]
	at org.springframework.boot.SpringApplication.withHook(SpringApplication.java:1461) ~[spring-boot-3.4.1.jar:3.4.1]
	at org.springframework.boot.test.context.SpringBootContextLoader$ContextLoaderHook.run(SpringBootContextLoader.java:553) ~[spring-boot-test-3.4.1.jar:3.4.1]
	at org.springframework.boot.test.context.SpringBootContextLoader.loadContext(SpringBootContextLoader.java:137) ~[spring-boot-test-3.4.1.jar:3.4.1]
	at org.springframework.boot.test.context.SpringBootContextLoader.loadContext(SpringBootContextLoader.java:108) ~[spring-boot-test-3.4.1.jar:3.4.1]
	at org.springframework.test.context.cache.DefaultCacheAwareContextLoaderDelegate.loadContextInternal(DefaultCacheAwareContextLoaderDelegate.java:225) ~[spring-test-6.2.1.jar:6.2.1]
	at org.springframework.test.context.cache.DefaultCacheAwareContextLoaderDelegate.loadContext(DefaultCacheAwareContextLoaderDelegate.java:152) ~[spring-test-6.2.1.jar:6.2.1]
	at org.springframework.test.context.support.DefaultTestContext.getApplicationContext(DefaultTestContext.java:130) ~[spring-test-6.2.1.jar:6.2.1]
	at org.springframework.test.context.web.ServletTestExecutionListener.setUpRequestContextIfNecessary(ServletTestExecutionListener.java:191) ~[spring-test-6.2.1.jar:6.2.1]
	at org.springframework.test.context.web.ServletTestExecutionListener.prepareTestInstance(ServletTestExecutionListener.java:130) ~[spring-test-6.2.1.jar:6.2.1]
	at org.springframework.test.context.TestContextManager.prepareTestInstance(TestContextManager.java:260) ~[spring-test-6.2.1.jar:6.2.1]
	at org.springframework.test.context.junit.jupiter.SpringExtension.postProcessTestInstance(SpringExtension.java:160) ~[spring-test-6.2.1.jar:6.2.1]
	at org.junit.jupiter.engine.descriptor.ClassBasedTestDescriptor.lambda$invokeTestInstancePostProcessors$11(ClassBasedTestDescriptor.java:378) ~[junit-jupiter-engine-5.11.4.jar:5.11.4]
	at org.junit.jupiter.engine.descriptor.ClassBasedTestDescriptor.executeAndMaskThrowable(ClassBasedTestDescriptor.java:383) ~[junit-jupiter-engine-5.11.4.jar:5.11.4]
	at org.junit.jupiter.engine.descriptor.ClassBasedTestDescriptor.lambda$invokeTestInstancePostProcessors$12(ClassBasedTestDescriptor.java:378) ~[junit-jupiter-engine-5.11.4.jar:5.11.4]
	at java.base/java.util.stream.ForEachOps$ForEachOp$OfRef.accept(ForEachOps.java:186) ~[na:na]
	at java.base/java.util.stream.ReferencePipeline$3$1.accept(ReferencePipeline.java:214) ~[na:na]
	at java.base/java.util.stream.ReferencePipeline$2$1.accept(ReferencePipeline.java:197) ~[na:na]
	at java.base/java.util.stream.ReferencePipeline$3$1.accept(ReferencePipeline.java:214) ~[na:na]
	at java.base/java.util.ArrayList$ArrayListSpliterator.forEachRemaining(ArrayList.java:1716) ~[na:na]
	at java.base/java.util.stream.AbstractPipeline.copyInto(AbstractPipeline.java:570) ~[na:na]
	at java.base/java.util.stream.AbstractPipeline.wrapAndCopyInto(AbstractPipeline.java:560) ~[na:na]
	at java.base/java.util.stream.ForEachOps$ForEachOp.evaluateSequential(ForEachOps.java:153) ~[na:na]
	at java.base/java.util.stream.ForEachOps$ForEachOp$OfRef.evaluateSequential(ForEachOps.java:176) ~[na:na]
	at java.base/java.util.stream.AbstractPipeline.evaluate(AbstractPipeline.java:265) ~[na:na]
	at java.base/java.util.stream.ReferencePipeline.forEach(ReferencePipeline.java:632) ~[na:na]
	at org.junit.jupiter.engine.descriptor.ClassBasedTestDescriptor.invokeTestInstancePostProcessors(ClassBasedTestDescriptor.java:377) ~[junit-jupiter-engine-5.11.4.jar:5.11.4]
	at org.junit.jupiter.engine.descriptor.ClassBasedTestDescriptor.lambda$instantiateAndPostProcessTestInstance$7(ClassBasedTestDescriptor.java:290) ~[junit-jupiter-engine-5.11.4.jar:5.11.4]
	at org.junit.platform.engine.support.hierarchical.ThrowableCollector.execute(ThrowableCollector.java:73) ~[junit-platform-engine-1.11.4.jar:1.11.4]
	at org.junit.jupiter.engine.descriptor.ClassBasedTestDescriptor.instantiateAndPostProcessTestInstance(ClassBasedTestDescriptor.java:289) ~[junit-jupiter-engine-5.11.4.jar:5.11.4]
	at org.junit.jupiter.engine.descriptor.ClassBasedTestDescriptor.lambda$testInstancesProvider$5(ClassBasedTestDescriptor.java:279) ~[junit-jupiter-engine-5.11.4.jar:5.11.4]
	at java.base/java.util.Optional.orElseGet(Optional.java:364) ~[na:na]
	at org.junit.jupiter.engine.descriptor.ClassBasedTestDescriptor.lambda$testInstancesProvider$6(ClassBasedTestDescriptor.java:278) ~[junit-jupiter-engine-5.11.4.jar:5.11.4]
	at org.junit.jupiter.engine.execution.TestInstancesProvider.getTestInstances(TestInstancesProvider.java:31) ~[junit-jupiter-engine-5.11.4.jar:5.11.4]
	at org.junit.jupiter.engine.descriptor.ClassBasedTestDescriptor.lambda$before$3(ClassBasedTestDescriptor.java:204) ~[junit-jupiter-engine-5.11.4.jar:5.11.4]
	at org.junit.platform.engine.support.hierarchical.ThrowableCollector.execute(ThrowableCollector.java:73) ~[junit-platform-engine-1.11.4.jar:1.11.4]
	at org.junit.jupiter.engine.descriptor.ClassBasedTestDescriptor.before(ClassBasedTestDescriptor.java:203) ~[junit-jupiter-engine-5.11.4.jar:5.11.4]
	at org.junit.jupiter.engine.descriptor.ClassBasedTestDescriptor.before(ClassBasedTestDescriptor.java:85) ~[junit-jupiter-engine-5.11.4.jar:5.11.4]
	at org.junit.platform.engine.support.hierarchical.NodeTestTask.lambda$executeRecursively$6(NodeTestTask.java:153) ~[junit-platform-engine-1.11.4.jar:1.11.4]
	at org.junit.platform.engine.support.hierarchical.ThrowableCollector.execute(ThrowableCollector.java:73) ~[junit-platform-engine-1.11.4.jar:1.11.4]
	at org.junit.platform.engine.support.hierarchical.NodeTestTask.lambda$executeRecursively$8(NodeTestTask.java:146) ~[junit-platform-engine-1.11.4.jar:1.11.4]
	at org.junit.platform.engine.support.hierarchical.Node.around(Node.java:137) ~[junit-platform-engine-1.11.4.jar:1.11.4]
	at org.junit.platform.engine.support.hierarchical.NodeTestTask.lambda$executeRecursively$9(NodeTestTask.java:144) ~[junit-platform-engine-1.11.4.jar:1.11.4]
	at org.junit.platform.engine.support.hierarchical.ThrowableCollector.execute(ThrowableCollector.java:73) ~[junit-platform-engine-1.11.4.jar:1.11.4]
	at org.junit.platform.engine.support.hierarchical.NodeTestTask.executeRecursively(NodeTestTask.java:143) ~[junit-platform-engine-1.11.4.jar:1.11.4]
	at org.junit.platform.engine.support.hierarchical.NodeTestTask.execute(NodeTestTask.java:100) ~[junit-platform-engine-1.11.4.jar:1.11.4]
	at java.base/java.util.ArrayList.forEach(ArrayList.java:1604) ~[na:na]
	at org.junit.platform.engine.support.hierarchical.SameThreadHierarchicalTestExecutorService.invokeAll(SameThreadHierarchicalTestExecutorService.java:41) ~[junit-platform-engine-1.11.4.jar:1.11.4]
	at org.junit.platform.engine.support.hierarchical.NodeTestTask.lambda$executeRecursively$6(NodeTestTask.java:160) ~[junit-platform-engine-1.11.4.jar:1.11.4]
	at org.junit.platform.engine.support.hierarchical.ThrowableCollector.execute(ThrowableCollector.java:73) ~[junit-platform-engine-1.11.4.jar:1.11.4]
	at org.junit.platform.engine.support.hierarchical.NodeTestTask.lambda$executeRecursively$8(NodeTestTask.java:146) ~[junit-platform-engine-1.11.4.jar:1.11.4]
	at org.junit.platform.engine.support.hierarchical.Node.around(Node.java:137) ~[junit-platform-engine-1.11.4.jar:1.11.4]
	at org.junit.platform.engine.support.hierarchical.NodeTestTask.lambda$executeRecursively$9(NodeTestTask.java:144) ~[junit-platform-engine-1.11.4.jar:1.11.4]
	at org.junit.platform.engine.support.hierarchical.ThrowableCollector.execute(ThrowableCollector.java:73) ~[junit-platform-engine-1.11.4.jar:1.11.4]
	at org.junit.platform.engine.support.hierarchical.NodeTestTask.executeRecursively(NodeTestTask.java:143) ~[junit-platform-engine-1.11.4.jar:1.11.4]
	at org.junit.platform.engine.support.hierarchical.NodeTestTask.execute(NodeTestTask.java:100) ~[junit-platform-engine-1.11.4.jar:1.11.4]
	at org.junit.platform.engine.support.hierarchical.SameThreadHierarchicalTestExecutorService.submit(SameThreadHierarchicalTestExecutorService.java:35) ~[junit-platform-engine-1.11.4.jar:1.11.4]
	at org.junit.platform.engine.support.hierarchical.HierarchicalTestExecutor.execute(HierarchicalTestExecutor.java:57) ~[junit-platform-engine-1.11.4.jar:1.11.4]
	at org.junit.platform.engine.support.hierarchical.HierarchicalTestEngine.execute(HierarchicalTestEngine.java:54) ~[junit-platform-engine-1.11.4.jar:1.11.4]
	at org.junit.platform.launcher.core.EngineExecutionOrchestrator.execute(EngineExecutionOrchestrator.java:198) ~[junit-platform-launcher-1.11.4.jar:1.11.4]
	at org.junit.platform.launcher.core.EngineExecutionOrchestrator.execute(EngineExecutionOrchestrator.java:169) ~[junit-platform-launcher-1.11.4.jar:1.11.4]
	at org.junit.platform.launcher.core.EngineExecutionOrchestrator.execute(EngineExecutionOrchestrator.java:93) ~[junit-platform-launcher-1.11.4.jar:1.11.4]
	at org.junit.platform.launcher.core.EngineExecutionOrchestrator.lambda$execute$0(EngineExecutionOrchestrator.java:58) ~[junit-platform-launcher-1.11.4.jar:1.11.4]
	at org.junit.platform.launcher.core.EngineExecutionOrchestrator.withInterceptedStreams(EngineExecutionOrchestrator.java:141) ~[junit-platform-launcher-1.11.4.jar:1.11.4]
	at org.junit.platform.launcher.core.EngineExecutionOrchestrator.execute(EngineExecutionOrchestrator.java:57) ~[junit-platform-launcher-1.11.4.jar:1.11.4]
	at org.junit.platform.launcher.core.DefaultLauncher.execute(DefaultLauncher.java:103) ~[junit-platform-launcher-1.11.4.jar:1.11.4]
	at org.junit.platform.launcher.core.DefaultLauncher.execute(DefaultLauncher.java:85) ~[junit-platform-launcher-1.11.4.jar:1.11.4]
	at org.junit.platform.launcher.core.DelegatingLauncher.execute(DelegatingLauncher.java:47) ~[junit-platform-launcher-1.11.4.jar:1.11.4]
	at org.apache.maven.surefire.junitplatform.LazyLauncher.execute(LazyLauncher.java:56) ~[surefire-junit-platform-3.2.5.jar:3.2.5]
	at org.apache.maven.surefire.junitplatform.JUnitPlatformProvider.execute(JUnitPlatformProvider.java:184) ~[surefire-junit-platform-3.2.5.jar:3.2.5]
	at org.apache.maven.surefire.junitplatform.JUnitPlatformProvider.invokeAllTests(JUnitPlatformProvider.java:148) ~[surefire-junit-platform-3.2.5.jar:3.2.5]
	at org.apache.maven.surefire.junitplatform.JUnitPlatformProvider.invoke(JUnitPlatformProvider.java:122) ~[surefire-junit-platform-3.2.5.jar:3.2.5]
	at org.apache.maven.surefire.booter.ForkedBooter.runSuitesInProcess(ForkedBooter.java:385) ~[surefire-booter-3.2.5.jar:3.2.5]
	at org.apache.maven.surefire.booter.ForkedBooter.execute(ForkedBooter.java:162) ~[surefire-booter-3.2.5.jar:3.2.5]
	at org.apache.maven.surefire.booter.ForkedBooter.run(ForkedBooter.java:507) ~[surefire-booter-3.2.5.jar:3.2.5]
	at org.apache.maven.surefire.booter.ForkedBooter.main(ForkedBooter.java:495) ~[surefire-booter-3.2.5.jar:3.2.5]

2026-01-01T16:55:01.667+08:00  INFO 14204 --- [ride-dispatch-server] [           main] com.uber.service.ConcurrencyH2Test       : Started ConcurrencyH2Test in 0.554 seconds (process running for 9.171)
2026-01-01T16:55:01.677+08:00  WARN 14204 --- [ride-dispatch-server] [           main] com.uber.service.OrderService            : No available driver found for order with vehicleType: XL
2026-01-01T16:55:01.678+08:00  INFO 14204 --- [ride-dispatch-server] [           main] com.uber.service.OrderService            : Order created: 6e2d6cba-cef8-4d98-a656-26f8ce670be8 (assigned to: null)
2026-01-01T16:55:01.678+08:00  INFO 14204 --- [ride-dispatch-server] [           main] com.uber.service.DriverService           : Driver registered: xl-driver-0
2026-01-01T16:55:01.678+08:00  INFO 14204 --- [ride-dispatch-server] [           main] com.uber.service.DriverService           : Driver xl-driver-0 is now online at (0.0, 0.0)
2026-01-01T16:55:01.678+08:00  INFO 14204 --- [ride-dispatch-server] [           main] com.uber.service.DriverService           : Driver registered: xl-driver-1
2026-01-01T16:55:01.678+08:00  INFO 14204 --- [ride-dispatch-server] [           main] com.uber.service.DriverService           : Driver xl-driver-1 is now online at (1.0, 1.0)
2026-01-01T16:55:01.678+08:00  INFO 14204 --- [ride-dispatch-server] [           main] com.uber.service.DriverService           : Driver registered: xl-driver-2
2026-01-01T16:55:01.678+08:00  INFO 14204 --- [ride-dispatch-server] [           main] com.uber.service.DriverService           : Driver xl-driver-2 is now online at (2.0, 2.0)
2026-01-01T16:55:01.678+08:00  INFO 14204 --- [ride-dispatch-server] [           main] com.uber.service.DriverService           : Driver registered: xl-driver-3
2026-01-01T16:55:01.678+08:00  INFO 14204 --- [ride-dispatch-server] [           main] com.uber.service.DriverService           : Driver xl-driver-3 is now online at (3.0, 3.0)
2026-01-01T16:55:01.678+08:00  INFO 14204 --- [ride-dispatch-server] [           main] com.uber.service.DriverService           : Driver registered: xl-driver-4
2026-01-01T16:55:01.678+08:00  INFO 14204 --- [ride-dispatch-server] [           main] com.uber.service.DriverService           : Driver xl-driver-4 is now online at (4.0, 4.0)
2026-01-01T16:55:01.680+08:00  INFO 14204 --- [ride-dispatch-server] [pool-2-thread-2] com.uber.service.OrderService            : Order 6e2d6cba-cef8-4d98-a656-26f8ce670be8 accepted by driver xl-driver-1
2026-01-01T16:55:01.687+08:00  WARN 14204 --- [ride-dispatch-server] [           main] com.uber.service.OrderService            : No available driver found for order with vehicleType: PREMIUM
2026-01-01T16:55:01.688+08:00  INFO 14204 --- [ride-dispatch-server] [           main] com.uber.service.OrderService            : Order created: 991f92af-c1a6-4758-b0e0-d2ca10ea63a1 (assigned to: null)
2026-01-01T16:55:01.689+08:00  INFO 14204 --- [ride-dispatch-server] [           main] com.uber.service.DriverService           : Driver registered: premium-driver-0
2026-01-01T16:55:01.690+08:00  INFO 14204 --- [ride-dispatch-server] [           main] com.uber.service.DriverService           : Driver premium-driver-0 is now online at (0.0, 0.0)
2026-01-01T16:55:01.690+08:00  INFO 14204 --- [ride-dispatch-server] [           main] com.uber.service.DriverService           : Driver registered: premium-driver-1
2026-01-01T16:55:01.690+08:00  INFO 14204 --- [ride-dispatch-server] [           main] com.uber.service.DriverService           : Driver premium-driver-1 is now online at (1.0, 1.0)
2026-01-01T16:55:01.690+08:00  INFO 14204 --- [ride-dispatch-server] [           main] com.uber.service.DriverService           : Driver registered: premium-driver-2
2026-01-01T16:55:01.691+08:00  INFO 14204 --- [ride-dispatch-server] [           main] com.uber.service.DriverService           : Driver premium-driver-2 is now online at (2.0, 2.0)
2026-01-01T16:55:01.695+08:00  INFO 14204 --- [ride-dispatch-server] [pool-3-thread-3] com.uber.service.OrderService            : Order 991f92af-c1a6-4758-b0e0-d2ca10ea63a1 accepted by driver premium-driver-2
2026-01-01T16:55:01.701+08:00  WARN 14204 --- [ride-dispatch-server] [           main] com.uber.service.OrderService            : No available driver found for order with vehicleType: STANDARD
2026-01-01T16:55:01.702+08:00  INFO 14204 --- [ride-dispatch-server] [           main] com.uber.service.OrderService            : Order created: c325df9b-052f-4800-ba38-cad36b7d8d84 (assigned to: null)
2026-01-01T16:55:01.703+08:00  INFO 14204 --- [ride-dispatch-server] [           main] com.uber.service.DriverService           : Driver registered: driver-000
2026-01-01T16:55:01.703+08:00  INFO 14204 --- [ride-dispatch-server] [           main] com.uber.service.DriverService           : Driver driver-000 is now online at (0.0, 0.0)
2026-01-01T16:55:01.703+08:00  INFO 14204 --- [ride-dispatch-server] [           main] com.uber.service.DriverService           : Driver registered: driver-001
2026-01-01T16:55:01.703+08:00  INFO 14204 --- [ride-dispatch-server] [           main] com.uber.service.DriverService           : Driver driver-001 is now online at (1.0, 1.0)
2026-01-01T16:55:01.703+08:00  INFO 14204 --- [ride-dispatch-server] [           main] com.uber.service.DriverService           : Driver registered: driver-002
2026-01-01T16:55:01.703+08:00  INFO 14204 --- [ride-dispatch-server] [           main] com.uber.service.DriverService           : Driver driver-002 is now online at (2.0, 2.0)
2026-01-01T16:55:01.704+08:00  INFO 14204 --- [ride-dispatch-server] [           main] com.uber.service.DriverService           : Driver registered: driver-003
2026-01-01T16:55:01.704+08:00  INFO 14204 --- [ride-dispatch-server] [           main] com.uber.service.DriverService           : Driver driver-003 is now online at (3.0, 3.0)
2026-01-01T16:55:01.704+08:00  INFO 14204 --- [ride-dispatch-server] [           main] com.uber.service.DriverService           : Driver registered: driver-004
2026-01-01T16:55:01.704+08:00  INFO 14204 --- [ride-dispatch-server] [           main] com.uber.service.DriverService           : Driver driver-004 is now online at (4.0, 4.0)
2026-01-01T16:55:01.704+08:00  INFO 14204 --- [ride-dispatch-server] [           main] com.uber.service.DriverService           : Driver registered: driver-005
2026-01-01T16:55:01.704+08:00  INFO 14204 --- [ride-dispatch-server] [           main] com.uber.service.DriverService           : Driver driver-005 is now online at (5.0, 5.0)
2026-01-01T16:55:01.704+08:00  INFO 14204 --- [ride-dispatch-server] [           main] com.uber.service.DriverService           : Driver registered: driver-006
2026-01-01T16:55:01.704+08:00  INFO 14204 --- [ride-dispatch-server] [           main] com.uber.service.DriverService           : Driver driver-006 is now online at (6.0, 6.0)
2026-01-01T16:55:01.704+08:00  INFO 14204 --- [ride-dispatch-server] [           main] com.uber.service.DriverService           : Driver registered: driver-007
2026-01-01T16:55:01.704+08:00  INFO 14204 --- [ride-dispatch-server] [           main] com.uber.service.DriverService           : Driver driver-007 is now online at (7.0, 7.0)
2026-01-01T16:55:01.704+08:00  INFO 14204 --- [ride-dispatch-server] [           main] com.uber.service.DriverService           : Driver registered: driver-008
2026-01-01T16:55:01.704+08:00  INFO 14204 --- [ride-dispatch-server] [           main] com.uber.service.DriverService           : Driver driver-008 is now online at (8.0, 8.0)
2026-01-01T16:55:01.705+08:00  INFO 14204 --- [ride-dispatch-server] [           main] com.uber.service.DriverService           : Driver registered: driver-009
2026-01-01T16:55:01.705+08:00  INFO 14204 --- [ride-dispatch-server] [           main] com.uber.service.DriverService           : Driver driver-009 is now online at (9.0, 9.0)
2026-01-01T16:55:01.706+08:00  INFO 14204 --- [ride-dispatch-server] [pool-4-thread-7] com.uber.service.OrderService            : Order c325df9b-052f-4800-ba38-cad36b7d8d84 accepted by driver driver-006
2026-01-01T16:55:01.710+08:00  INFO 14204 --- [ride-dispatch-server] [           main] com.uber.service.DriverService           : Driver registered: driver-0-0
2026-01-01T16:55:01.710+08:00  INFO 14204 --- [ride-dispatch-server] [           main] com.uber.service.DriverService           : Driver driver-0-0 is now online at (0.0, 0.0)
2026-01-01T16:55:01.710+08:00  INFO 14204 --- [ride-dispatch-server] [           main] com.uber.service.DriverService           : Driver registered: driver-0-1
2026-01-01T16:55:01.711+08:00  INFO 14204 --- [ride-dispatch-server] [           main] com.uber.service.DriverService           : Driver driver-0-1 is now online at (0.0, 0.0)
2026-01-01T16:55:01.711+08:00  INFO 14204 --- [ride-dispatch-server] [           main] com.uber.service.DriverService           : Driver registered: driver-0-2
2026-01-01T16:55:01.711+08:00  INFO 14204 --- [ride-dispatch-server] [           main] com.uber.service.DriverService           : Driver driver-0-2 is now online at (0.0, 0.0)
2026-01-01T16:55:01.711+08:00  INFO 14204 --- [ride-dispatch-server] [           main] com.uber.service.OrderService            : Order auto-assigned to driver: driver-0-0
2026-01-01T16:55:01.711+08:00  INFO 14204 --- [ride-dispatch-server] [           main] com.uber.service.OrderService            : Order created: 1d45e3bf-9e0d-4252-9e88-63432b11edfc (assigned to: driver-0-0)
2026-01-01T16:55:01.711+08:00  INFO 14204 --- [ride-dispatch-server] [           main] com.uber.service.DriverService           : Driver registered: driver-1-0
2026-01-01T16:55:01.711+08:00  INFO 14204 --- [ride-dispatch-server] [           main] com.uber.service.DriverService           : Driver driver-1-0 is now online at (10.0, 10.0)
2026-01-01T16:55:01.711+08:00  INFO 14204 --- [ride-dispatch-server] [           main] com.uber.service.DriverService           : Driver registered: driver-1-1
2026-01-01T16:55:01.711+08:00  INFO 14204 --- [ride-dispatch-server] [           main] com.uber.service.DriverService           : Driver driver-1-1 is now online at (10.0, 10.0)
2026-01-01T16:55:01.711+08:00  INFO 14204 --- [ride-dispatch-server] [           main] com.uber.service.DriverService           : Driver registered: driver-1-2
2026-01-01T16:55:01.711+08:00  INFO 14204 --- [ride-dispatch-server] [           main] com.uber.service.DriverService           : Driver driver-1-2 is now online at (10.0, 10.0)
2026-01-01T16:55:01.711+08:00  INFO 14204 --- [ride-dispatch-server] [           main] com.uber.service.OrderService            : Order auto-assigned to driver: driver-1-0
2026-01-01T16:55:01.711+08:00  INFO 14204 --- [ride-dispatch-server] [           main] com.uber.service.OrderService            : Order created: 4c50ce69-e7b7-46e9-bfdb-80d7be8b1aad (assigned to: driver-1-0)
2026-01-01T16:55:01.712+08:00  INFO 14204 --- [ride-dispatch-server] [           main] com.uber.service.DriverService           : Driver registered: driver-2-0
2026-01-01T16:55:01.712+08:00  INFO 14204 --- [ride-dispatch-server] [           main] com.uber.service.DriverService           : Driver driver-2-0 is now online at (20.0, 20.0)
2026-01-01T16:55:01.712+08:00  INFO 14204 --- [ride-dispatch-server] [           main] com.uber.service.DriverService           : Driver registered: driver-2-1
2026-01-01T16:55:01.712+08:00  INFO 14204 --- [ride-dispatch-server] [           main] com.uber.service.DriverService           : Driver driver-2-1 is now online at (20.0, 20.0)
2026-01-01T16:55:01.712+08:00  INFO 14204 --- [ride-dispatch-server] [           main] com.uber.service.DriverService           : Driver registered: driver-2-2
2026-01-01T16:55:01.712+08:00  INFO 14204 --- [ride-dispatch-server] [           main] com.uber.service.DriverService           : Driver driver-2-2 is now online at (20.0, 20.0)
2026-01-01T16:55:01.712+08:00  INFO 14204 --- [ride-dispatch-server] [           main] com.uber.service.OrderService            : Order auto-assigned to driver: driver-2-0
2026-01-01T16:55:01.712+08:00  INFO 14204 --- [ride-dispatch-server] [           main] com.uber.service.OrderService            : Order created: 57eed69c-ecf9-4edf-9ff2-7f22e6bcc810 (assigned to: driver-2-0)
2026-01-01T16:55:01.716+08:00  INFO 14204 --- [ride-dispatch-server] [pool-5-thread-7] com.uber.service.OrderService            : Order 57eed69c-ecf9-4edf-9ff2-7f22e6bcc810 accepted by driver driver-2-0
2026-01-01T16:55:01.719+08:00  INFO 14204 --- [ride-dispatch-server] [pool-5-thread-1] com.uber.service.OrderService            : Order 1d45e3bf-9e0d-4252-9e88-63432b11edfc accepted by driver driver-0-0
2026-01-01T16:55:01.721+08:00  INFO 14204 --- [ride-dispatch-server] [pool-5-thread-4] com.uber.service.OrderService            : Order 4c50ce69-e7b7-46e9-bfdb-80d7be8b1aad accepted by driver driver-1-0
[INFO] Tests run: 4, Failures: 0, Errors: 0, Skipped: 0, Time elapsed: 0.669 s -- in com.uber.service.ConcurrencyH2Test
[INFO] Running com.uber.service.DriverServiceTest
[INFO] Running com.uber.service.DriverServiceTest$RegisterDriverTests
2026-01-01T16:55:01.730+08:00  INFO 14204 --- [ride-dispatch-server] [           main] com.uber.service.DriverService           : Driver registered: driver-1
[INFO] Running com.uber.service.DriverServiceTest$RegisterDriverTests$RegisterDriverDuplicateTests
2026-01-01T16:55:01.734+08:00  INFO 14204 --- [ride-dispatch-server] [           main] com.uber.service.DriverService           : Driver registered: driver-dup
2026-01-01T16:55:01.735+08:00  INFO 14204 --- [ride-dispatch-server] [           main] com.uber.service.DriverService           : Driver registered: driver-dup
[INFO] Tests run: 2, Failures: 0, Errors: 0, Skipped: 0, Time elapsed: 0.006 s -- in com.uber.service.DriverServiceTest$RegisterDriverTests$RegisterDriverDuplicateTests
[INFO] Tests run: 0, Failures: 0, Errors: 0, Skipped: 0, Time elapsed: 0.010 s -- in com.uber.service.DriverServiceTest$RegisterDriverTests
[INFO] Running com.uber.service.DriverServiceTest$GetOffersTests
2026-01-01T16:55:01.743+08:00  INFO 14204 --- [ride-dispatch-server] [           main] com.uber.service.DriverService           : Driver driver-1 is now online at (10.0, 20.0)
2026-01-01T16:55:01.746+08:00  INFO 14204 --- [ride-dispatch-server] [           main] com.uber.service.DriverService           : Driver registered: driver-1
2026-01-01T16:55:01.750+08:00  INFO 14204 --- [ride-dispatch-server] [           main] com.uber.service.DriverService           : Driver driver-1 is now online at (10.0, 20.0)
2026-01-01T16:55:01.754+08:00  INFO 14204 --- [ride-dispatch-server] [           main] com.uber.service.DriverService           : Driver driver-1 is now online at (10.0, 20.0)
[INFO] Tests run: 4, Failures: 0, Errors: 0, Skipped: 0, Time elapsed: 0.013 s -- in com.uber.service.DriverServiceTest$GetOffersTests
[INFO] Running com.uber.service.DriverServiceTest$UpdateLocationTests
2026-01-01T16:55:01.759+08:00  INFO 14204 --- [ride-dispatch-server] [           main] com.uber.service.DriverService           : Driver driver-1 is now online at (10.0, 20.0)
[INFO] Tests run: 2, Failures: 0, Errors: 0, Skipped: 0, Time elapsed: 0.009 s -- in com.uber.service.DriverServiceTest$UpdateLocationTests
[INFO] Running com.uber.service.DriverServiceTest$GoOfflineTests
2026-01-01T16:55:01.768+08:00  INFO 14204 --- [ride-dispatch-server] [           main] com.uber.service.DriverService           : Driver driver-1 is now online at (10.0, 20.0)
2026-01-01T16:55:01.769+08:00  INFO 14204 --- [ride-dispatch-server] [           main] com.uber.service.DriverService           : Driver driver-1 is now offline
2026-01-01T16:55:01.771+08:00  INFO 14204 --- [ride-dispatch-server] [           main] com.uber.service.DriverService           : Driver driver-1 is now online at (10.0, 20.0)
[INFO] Tests run: 3, Failures: 0, Errors: 0, Skipped: 0, Time elapsed: 0.009 s -- in com.uber.service.DriverServiceTest$GoOfflineTests
[INFO] Running com.uber.service.DriverServiceTest$GoOnlineTests
2026-01-01T16:55:01.777+08:00  INFO 14204 --- [ride-dispatch-server] [           main] com.uber.service.DriverService           : Driver registered: driver-1
2026-01-01T16:55:01.777+08:00  INFO 14204 --- [ride-dispatch-server] [           main] com.uber.service.DriverService           : Driver driver-1 is now online at (30.0, 40.0)
2026-01-01T16:55:01.780+08:00  INFO 14204 --- [ride-dispatch-server] [           main] com.uber.service.DriverService           : Driver driver-1 is now online at (10.0, 20.0)
[INFO] Tests run: 2, Failures: 0, Errors: 0, Skipped: 0, Time elapsed: 0.004 s -- in com.uber.service.DriverServiceTest$GoOnlineTests
[INFO] Tests run: 0, Failures: 0, Errors: 0, Skipped: 0, Time elapsed: 0.054 s -- in com.uber.service.DriverServiceTest
[INFO] Running com.uber.service.FareServiceTest
[INFO] Running com.uber.service.FareServiceTest$RatePlanComplianceTests
[INFO] Tests run: 3, Failures: 0, Errors: 0, Skipped: 0, Time elapsed: 0.004 s -- in com.uber.service.FareServiceTest$RatePlanComplianceTests
[INFO] Running com.uber.service.FareServiceTest$RatePlanManagementTests
[INFO] Tests run: 4, Failures: 0, Errors: 0, Skipped: 0, Time elapsed: 0.005 s -- in com.uber.service.FareServiceTest$RatePlanManagementTests
[INFO] Running com.uber.service.FareServiceTest$CancelFeeTests
[INFO] Tests run: 3, Failures: 0, Errors: 0, Skipped: 0, Time elapsed: 0.004 s -- in com.uber.service.FareServiceTest$CancelFeeTests
[INFO] Running com.uber.service.FareServiceTest$ActualFareTests
[INFO] Tests run: 6, Failures: 0, Errors: 0, Skipped: 0, Time elapsed: 0.010 s -- in com.uber.service.FareServiceTest$ActualFareTests
[INFO] Running com.uber.service.FareServiceTest$EstimatedFareTests
[INFO] Tests run: 7, Failures: 0, Errors: 0, Skipped: 0, Time elapsed: 0.010 s -- in com.uber.service.FareServiceTest$EstimatedFareTests
[INFO] Tests run: 0, Failures: 0, Errors: 0, Skipped: 0, Time elapsed: 0.042 s -- in com.uber.service.FareServiceTest
[INFO] Running com.uber.service.IdempotencyH4Test
2026-01-01T16:55:01.829+08:00  INFO 14204 --- [ride-dispatch-server] [           main] t.c.s.AnnotationConfigContextLoaderUtils : Could not detect default configuration classes for test class [com.uber.service.IdempotencyH4Test]: IdempotencyH4Test does not declare any static, non-private, non-final, nested classes annotated with @Configuration.
2026-01-01T16:55:01.831+08:00  INFO 14204 --- [ride-dispatch-server] [           main] .b.t.c.SpringBootTestContextBootstrapper : Found @SpringBootConfiguration com.uber.RideDispatchApplication for test class com.uber.service.IdempotencyH4Test
[INFO] Running com.uber.service.IdempotencyH4Test$FullFlowIdempotencyTests
2026-01-01T16:55:01.840+08:00  INFO 14204 --- [ride-dispatch-server] [           main] t.c.s.AnnotationConfigContextLoaderUtils : Could not detect default configuration classes for test class [com.uber.service.IdempotencyH4Test$FullFlowIdempotencyTests]: FullFlowIdempotencyTests does not declare any static, non-private, non-final, nested classes annotated with @Configuration.
2026-01-01T16:55:01.841+08:00  INFO 14204 --- [ride-dispatch-server] [           main] .b.t.c.SpringBootTestContextBootstrapper : Found @SpringBootConfiguration com.uber.RideDispatchApplication for test class com.uber.service.IdempotencyH4Test$FullFlowIdempotencyTests
2026-01-01T16:55:01.853+08:00  WARN 14204 --- [ride-dispatch-server] [           main] com.uber.service.OrderService            : No available driver found for order with vehicleType: STANDARD
2026-01-01T16:55:01.853+08:00  INFO 14204 --- [ride-dispatch-server] [           main] com.uber.service.OrderService            : Order created: f899d657-94a5-4a4a-8761-ffd1c5222cd5 (assigned to: null)
2026-01-01T16:55:01.853+08:00  INFO 14204 --- [ride-dispatch-server] [           main] com.uber.service.DriverService           : Driver registered: driver-full
2026-01-01T16:55:01.854+08:00  INFO 14204 --- [ride-dispatch-server] [           main] com.uber.service.DriverService           : Driver driver-full is now online at (2.0, 2.0)
2026-01-01T16:55:01.854+08:00  INFO 14204 --- [ride-dispatch-server] [           main] com.uber.service.OrderService            : Order f899d657-94a5-4a4a-8761-ffd1c5222cd5 accepted by driver driver-full
2026-01-01T16:55:01.854+08:00  INFO 14204 --- [ride-dispatch-server] [           main] com.uber.service.OrderService            : Idempotent accept - order already accepted by same driver
2026-01-01T16:55:01.854+08:00  INFO 14204 --- [ride-dispatch-server] [           main] com.uber.service.OrderService            : Trip started for order f899d657-94a5-4a4a-8761-ffd1c5222cd5
2026-01-01T16:55:01.960+08:00  INFO 14204 --- [ride-dispatch-server] [           main] com.uber.service.OrderService            : Using actual duration: 0 minutes for order f899d657-94a5-4a4a-8761-ffd1c5222cd5
2026-01-01T16:55:01.960+08:00  INFO 14204 --- [ride-dispatch-server] [           main] com.uber.service.OrderService            : Trip completed for order f899d657-94a5-4a4a-8761-ffd1c5222cd5, fare: 477.26
[INFO] Tests run: 1, Failures: 0, Errors: 0, Skipped: 0, Time elapsed: 0.130 s -- in com.uber.service.IdempotencyH4Test$FullFlowIdempotencyTests
[INFO] Running com.uber.service.IdempotencyH4Test$CancelIdempotencyTests
2026-01-01T16:55:01.973+08:00  INFO 14204 --- [ride-dispatch-server] [           main] t.c.s.AnnotationConfigContextLoaderUtils : Could not detect default configuration classes for test class [com.uber.service.IdempotencyH4Test$CancelIdempotencyTests]: CancelIdempotencyTests does not declare any static, non-private, non-final, nested classes annotated with @Configuration.
2026-01-01T16:55:01.975+08:00  INFO 14204 --- [ride-dispatch-server] [           main] .b.t.c.SpringBootTestContextBootstrapper : Found @SpringBootConfiguration com.uber.RideDispatchApplication for test class com.uber.service.IdempotencyH4Test$CancelIdempotencyTests
2026-01-01T16:55:01.980+08:00  WARN 14204 --- [ride-dispatch-server] [           main] com.uber.service.OrderService            : No available driver found for order with vehicleType: STANDARD
2026-01-01T16:55:01.980+08:00  INFO 14204 --- [ride-dispatch-server] [           main] com.uber.service.OrderService            : Order created: 0df820bc-b26e-49f8-aeb3-0a4d3a264e0a (assigned to: null)
2026-01-01T16:55:01.980+08:00  INFO 14204 --- [ride-dispatch-server] [           main] com.uber.service.OrderService            : Order 0df820bc-b26e-49f8-aeb3-0a4d3a264e0a cancelled
2026-01-01T16:55:01.984+08:00  WARN 14204 --- [ride-dispatch-server] [           main] com.uber.service.OrderService            : No available driver found for order with vehicleType: STANDARD
2026-01-01T16:55:01.985+08:00  INFO 14204 --- [ride-dispatch-server] [           main] com.uber.service.OrderService            : Order created: 9b94c159-adb6-4eb9-a21c-ba2efe9f35da (assigned to: null)
2026-01-01T16:55:01.989+08:00  INFO 14204 --- [ride-dispatch-server] [pool-6-thread-2] com.uber.service.OrderService            : Order 9b94c159-adb6-4eb9-a21c-ba2efe9f35da cancelled
2026-01-01T16:55:02.001+08:00  WARN 14204 --- [ride-dispatch-server] [           main] com.uber.service.OrderService            : No available driver found for order with vehicleType: PREMIUM
2026-01-01T16:55:02.002+08:00  INFO 14204 --- [ride-dispatch-server] [           main] com.uber.service.OrderService            : Order created: 849066aa-1da8-4924-a85c-2cd079ea062f (assigned to: null)
2026-01-01T16:55:02.002+08:00  INFO 14204 --- [ride-dispatch-server] [           main] com.uber.service.DriverService           : Driver registered: driver-009
2026-01-01T16:55:02.002+08:00  INFO 14204 --- [ride-dispatch-server] [           main] com.uber.service.DriverService           : Driver driver-009 is now online at (0.0, 0.0)
2026-01-01T16:55:02.002+08:00  INFO 14204 --- [ride-dispatch-server] [           main] com.uber.service.OrderService            : Order 849066aa-1da8-4924-a85c-2cd079ea062f accepted by driver driver-009
2026-01-01T16:55:02.002+08:00  INFO 14204 --- [ride-dispatch-server] [           main] com.uber.service.OrderService            : Order 849066aa-1da8-4924-a85c-2cd079ea062f cancelled
[INFO] Tests run: 3, Failures: 0, Errors: 0, Skipped: 0, Time elapsed: 0.034 s -- in com.uber.service.IdempotencyH4Test$CancelIdempotencyTests
[INFO] Running com.uber.service.IdempotencyH4Test$CompleteIdempotencyTests
2026-01-01T16:55:02.007+08:00  INFO 14204 --- [ride-dispatch-server] [           main] t.c.s.AnnotationConfigContextLoaderUtils : Could not detect default configuration classes for test class [com.uber.service.IdempotencyH4Test$CompleteIdempotencyTests]: CompleteIdempotencyTests does not declare any static, non-private, non-final, nested classes annotated with @Configuration.
2026-01-01T16:55:02.010+08:00  INFO 14204 --- [ride-dispatch-server] [           main] .b.t.c.SpringBootTestContextBootstrapper : Found @SpringBootConfiguration com.uber.RideDispatchApplication for test class com.uber.service.IdempotencyH4Test$CompleteIdempotencyTests
2026-01-01T16:55:02.015+08:00  WARN 14204 --- [ride-dispatch-server] [           main] com.uber.service.OrderService            : No available driver found for order with vehicleType: STANDARD
2026-01-01T16:55:02.015+08:00  INFO 14204 --- [ride-dispatch-server] [           main] com.uber.service.OrderService            : Order created: ec7ee369-5afc-4c63-9e2a-b42b23669ecb (assigned to: null)
2026-01-01T16:55:02.016+08:00  INFO 14204 --- [ride-dispatch-server] [           main] com.uber.service.DriverService           : Driver registered: driver-006
2026-01-01T16:55:02.016+08:00  INFO 14204 --- [ride-dispatch-server] [           main] com.uber.service.DriverService           : Driver driver-006 is now online at (0.0, 0.0)
2026-01-01T16:55:02.016+08:00  INFO 14204 --- [ride-dispatch-server] [           main] com.uber.service.OrderService            : Order ec7ee369-5afc-4c63-9e2a-b42b23669ecb accepted by driver driver-006
2026-01-01T16:55:02.016+08:00  INFO 14204 --- [ride-dispatch-server] [           main] com.uber.service.OrderService            : Trip started for order ec7ee369-5afc-4c63-9e2a-b42b23669ecb
2026-01-01T16:55:02.117+08:00  INFO 14204 --- [ride-dispatch-server] [           main] com.uber.service.OrderService            : Using actual duration: 0 minutes for order ec7ee369-5afc-4c63-9e2a-b42b23669ecb
2026-01-01T16:55:02.117+08:00  INFO 14204 --- [ride-dispatch-server] [           main] com.uber.service.OrderService            : Trip completed for order ec7ee369-5afc-4c63-9e2a-b42b23669ecb, fare: 265.13
2026-01-01T16:55:02.124+08:00  WARN 14204 --- [ride-dispatch-server] [           main] com.uber.service.OrderService            : No available driver found for order with vehicleType: XL
2026-01-01T16:55:02.125+08:00  INFO 14204 --- [ride-dispatch-server] [           main] com.uber.service.OrderService            : Order created: c166f6a2-495b-48ee-9091-99fafe6b2b0d (assigned to: null)
2026-01-01T16:55:02.125+08:00  INFO 14204 --- [ride-dispatch-server] [           main] com.uber.service.DriverService           : Driver registered: driver-007
2026-01-01T16:55:02.125+08:00  INFO 14204 --- [ride-dispatch-server] [           main] com.uber.service.DriverService           : Driver driver-007 is now online at (0.0, 0.0)
2026-01-01T16:55:02.125+08:00  INFO 14204 --- [ride-dispatch-server] [           main] com.uber.service.OrderService            : Order c166f6a2-495b-48ee-9091-99fafe6b2b0d accepted by driver driver-007
2026-01-01T16:55:02.125+08:00  INFO 14204 --- [ride-dispatch-server] [           main] com.uber.service.OrderService            : Trip started for order c166f6a2-495b-48ee-9091-99fafe6b2b0d
2026-01-01T16:55:02.125+08:00  INFO 14204 --- [ride-dispatch-server] [           main] com.uber.service.OrderService            : Using actual duration: 0 minutes for order c166f6a2-495b-48ee-9091-99fafe6b2b0d
2026-01-01T16:55:02.125+08:00  INFO 14204 --- [ride-dispatch-server] [           main] com.uber.service.OrderService            : Trip completed for order c166f6a2-495b-48ee-9091-99fafe6b2b0d, fare: 318.13
[INFO] Tests run: 2, Failures: 0, Errors: 0, Skipped: 0, Time elapsed: 0.119 s -- in com.uber.service.IdempotencyH4Test$CompleteIdempotencyTests
[INFO] Running com.uber.service.IdempotencyH4Test$StartIdempotencyTests
2026-01-01T16:55:02.127+08:00  INFO 14204 --- [ride-dispatch-server] [           main] t.c.s.AnnotationConfigContextLoaderUtils : Could not detect default configuration classes for test class [com.uber.service.IdempotencyH4Test$StartIdempotencyTests]: StartIdempotencyTests does not declare any static, non-private, non-final, nested classes annotated with @Configuration.
2026-01-01T16:55:02.128+08:00  INFO 14204 --- [ride-dispatch-server] [           main] .b.t.c.SpringBootTestContextBootstrapper : Found @SpringBootConfiguration com.uber.RideDispatchApplication for test class com.uber.service.IdempotencyH4Test$StartIdempotencyTests
2026-01-01T16:55:02.131+08:00  WARN 14204 --- [ride-dispatch-server] [           main] com.uber.service.OrderService            : No available driver found for order with vehicleType: STANDARD
2026-01-01T16:55:02.131+08:00  INFO 14204 --- [ride-dispatch-server] [           main] com.uber.service.OrderService            : Order created: f5f11560-f3fb-45e0-a7db-e5a8363c091f (assigned to: null)
2026-01-01T16:55:02.131+08:00  INFO 14204 --- [ride-dispatch-server] [           main] com.uber.service.DriverService           : Driver registered: driver-004
2026-01-01T16:55:02.132+08:00  INFO 14204 --- [ride-dispatch-server] [           main] com.uber.service.DriverService           : Driver driver-004 is now online at (0.0, 0.0)
2026-01-01T16:55:02.132+08:00  INFO 14204 --- [ride-dispatch-server] [           main] com.uber.service.OrderService            : Order f5f11560-f3fb-45e0-a7db-e5a8363c091f accepted by driver driver-004
2026-01-01T16:55:02.132+08:00  INFO 14204 --- [ride-dispatch-server] [           main] com.uber.service.OrderService            : Trip started for order f5f11560-f3fb-45e0-a7db-e5a8363c091f
2026-01-01T16:55:02.134+08:00  WARN 14204 --- [ride-dispatch-server] [           main] com.uber.service.OrderService            : No available driver found for order with vehicleType: PREMIUM
2026-01-01T16:55:02.135+08:00  INFO 14204 --- [ride-dispatch-server] [           main] com.uber.service.OrderService            : Order created: 764e1077-0cc1-47a7-8a66-61da88813c31 (assigned to: null)
2026-01-01T16:55:02.135+08:00  INFO 14204 --- [ride-dispatch-server] [           main] com.uber.service.DriverService           : Driver registered: driver-005
2026-01-01T16:55:02.135+08:00  INFO 14204 --- [ride-dispatch-server] [           main] com.uber.service.DriverService           : Driver driver-005 is now online at (4.0, 4.0)
2026-01-01T16:55:02.135+08:00  INFO 14204 --- [ride-dispatch-server] [           main] com.uber.service.OrderService            : Order 764e1077-0cc1-47a7-8a66-61da88813c31 accepted by driver driver-005
2026-01-01T16:55:02.136+08:00  INFO 14204 --- [ride-dispatch-server] [pool-7-thread-1] com.uber.service.OrderService            : Trip started for order 764e1077-0cc1-47a7-8a66-61da88813c31
[INFO] Tests run: 2, Failures: 0, Errors: 0, Skipped: 0, Time elapsed: 0.010 s -- in com.uber.service.IdempotencyH4Test$StartIdempotencyTests
[INFO] Running com.uber.service.IdempotencyH4Test$AcceptIdempotencyTests
2026-01-01T16:55:02.138+08:00  INFO 14204 --- [ride-dispatch-server] [           main] t.c.s.AnnotationConfigContextLoaderUtils : Could not detect default configuration classes for test class [com.uber.service.IdempotencyH4Test$AcceptIdempotencyTests]: AcceptIdempotencyTests does not declare any static, non-private, non-final, nested classes annotated with @Configuration.
2026-01-01T16:55:02.139+08:00  INFO 14204 --- [ride-dispatch-server] [           main] .b.t.c.SpringBootTestContextBootstrapper : Found @SpringBootConfiguration com.uber.RideDispatchApplication for test class com.uber.service.IdempotencyH4Test$AcceptIdempotencyTests
2026-01-01T16:55:02.143+08:00  WARN 14204 --- [ride-dispatch-server] [           main] com.uber.service.OrderService            : No available driver found for order with vehicleType: STANDARD
2026-01-01T16:55:02.143+08:00  INFO 14204 --- [ride-dispatch-server] [           main] com.uber.service.OrderService            : Order created: 44aba7dc-717c-49a7-abee-e61d7d650d65 (assigned to: null)
2026-01-01T16:55:02.143+08:00  INFO 14204 --- [ride-dispatch-server] [           main] com.uber.service.DriverService           : Driver registered: driver-003
2026-01-01T16:55:02.144+08:00  INFO 14204 --- [ride-dispatch-server] [           main] com.uber.service.DriverService           : Driver driver-003 is now online at (3.0, 3.0)
2026-01-01T16:55:02.144+08:00  INFO 14204 --- [ride-dispatch-server] [pool-8-thread-1] com.uber.service.OrderService            : Order 44aba7dc-717c-49a7-abee-e61d7d650d65 accepted by driver driver-003
2026-01-01T16:55:02.144+08:00  INFO 14204 --- [ride-dispatch-server] [pool-8-thread-2] com.uber.service.OrderService            : Idempotent accept - order already accepted by same driver
2026-01-01T16:55:02.145+08:00  INFO 14204 --- [ride-dispatch-server] [pool-8-thread-3] com.uber.service.OrderService            : Idempotent accept - order already accepted by same driver
2026-01-01T16:55:02.145+08:00  INFO 14204 --- [ride-dispatch-server] [pool-8-thread-4] com.uber.service.OrderService            : Idempotent accept - order already accepted by same driver
2026-01-01T16:55:02.145+08:00  INFO 14204 --- [ride-dispatch-server] [pool-8-thread-5] com.uber.service.OrderService            : Idempotent accept - order already accepted by same driver
2026-01-01T16:55:02.147+08:00  WARN 14204 --- [ride-dispatch-server] [           main] com.uber.service.OrderService            : No available driver found for order with vehicleType: PREMIUM
2026-01-01T16:55:02.147+08:00  INFO 14204 --- [ride-dispatch-server] [           main] com.uber.service.OrderService            : Order created: 74ecdbbc-26fe-4f74-9c70-80b32c79073e (assigned to: null)
2026-01-01T16:55:02.147+08:00  INFO 14204 --- [ride-dispatch-server] [           main] com.uber.service.DriverService           : Driver registered: driver-002
2026-01-01T16:55:02.147+08:00  INFO 14204 --- [ride-dispatch-server] [           main] com.uber.service.DriverService           : Driver driver-002 is now online at (1.0, 1.0)
2026-01-01T16:55:02.147+08:00  INFO 14204 --- [ride-dispatch-server] [           main] com.uber.service.OrderService            : Order 74ecdbbc-26fe-4f74-9c70-80b32c79073e accepted by driver driver-002
2026-01-01T16:55:02.147+08:00  INFO 14204 --- [ride-dispatch-server] [           main] com.uber.service.OrderService            : Idempotent accept - order already accepted by same driver
2026-01-01T16:55:02.147+08:00  INFO 14204 --- [ride-dispatch-server] [           main] com.uber.service.OrderService            : Idempotent accept - order already accepted by same driver
2026-01-01T16:55:02.147+08:00  INFO 14204 --- [ride-dispatch-server] [           main] com.uber.service.OrderService            : Idempotent accept - order already accepted by same driver
2026-01-01T16:55:02.147+08:00  INFO 14204 --- [ride-dispatch-server] [           main] com.uber.service.OrderService            : Idempotent accept - order already accepted by same driver
2026-01-01T16:55:02.150+08:00  WARN 14204 --- [ride-dispatch-server] [           main] com.uber.service.OrderService            : No available driver found for order with vehicleType: STANDARD
2026-01-01T16:55:02.151+08:00  INFO 14204 --- [ride-dispatch-server] [           main] com.uber.service.OrderService            : Order created: 11f00e39-c8c7-42cf-b82f-28ab52aeab29 (assigned to: null)
2026-01-01T16:55:02.151+08:00  INFO 14204 --- [ride-dispatch-server] [           main] com.uber.service.DriverService           : Driver registered: driver-001
2026-01-01T16:55:02.151+08:00  INFO 14204 --- [ride-dispatch-server] [           main] com.uber.service.DriverService           : Driver driver-001 is now online at (5.0, 5.0)
2026-01-01T16:55:02.151+08:00  INFO 14204 --- [ride-dispatch-server] [           main] com.uber.service.OrderService            : Order 11f00e39-c8c7-42cf-b82f-28ab52aeab29 accepted by driver driver-001
2026-01-01T16:55:02.151+08:00  INFO 14204 --- [ride-dispatch-server] [           main] com.uber.service.OrderService            : Idempotent accept - order already accepted by same driver
[INFO] Tests run: 3, Failures: 0, Errors: 0, Skipped: 0, Time elapsed: 0.014 s -- in com.uber.service.IdempotencyH4Test$AcceptIdempotencyTests
[INFO] Tests run: 0, Failures: 0, Errors: 0, Skipped: 0, Time elapsed: 0.325 s -- in com.uber.service.IdempotencyH4Test
[INFO] Running com.uber.service.MatchingServiceTest
[INFO] Running com.uber.service.MatchingServiceTest$AdditionalEdgeTests
[INFO] Tests run: 2, Failures: 0, Errors: 0, Skipped: 0, Time elapsed: 0.142 s -- in com.uber.service.MatchingServiceTest$AdditionalEdgeTests
[INFO] Running com.uber.service.MatchingServiceTest$ComplexScenarioTests
2026-01-01T16:55:02.310+08:00  INFO 14204 --- [ride-dispatch-server] [           main] com.uber.service.MatchingService         : Best driver found for order order-001: driver-001 (distance: 2.8284271247461903)
2026-01-01T16:55:02.319+08:00  INFO 14204 --- [ride-dispatch-server] [           main] com.uber.service.MatchingService         : Best driver found for order order-001: driver-001 (distance: 2.8284271247461903)
[INFO] Tests run: 4, Failures: 0, Errors: 0, Skipped: 0, Time elapsed: 0.019 s -- in com.uber.service.MatchingServiceTest$ComplexScenarioTests
[INFO] Running com.uber.service.MatchingServiceTest$SearchRadiusBoundaryTests
2026-01-01T16:55:02.323+08:00  INFO 14204 --- [ride-dispatch-server] [           main] com.uber.service.MatchingService         : Search radius updated to: 100.0
2026-01-01T16:55:02.323+08:00  INFO 14204 --- [ride-dispatch-server] [           main] com.uber.service.MatchingService         : Best driver found for order far-order: driver-001 (distance: 70.71067811865476)
2026-01-01T16:55:02.329+08:00  INFO 14204 --- [ride-dispatch-server] [           main] com.uber.service.MatchingService         : Best driver found for order order-boundary: driver-boundary (distance: 10.0)
2026-01-01T16:55:02.333+08:00  INFO 14204 --- [ride-dispatch-server] [           main] com.uber.service.MatchingService         : No matching driver found for order order-remote with vehicle type STANDARD
[INFO] Tests run: 5, Failures: 0, Errors: 0, Skipped: 0, Time elapsed: 0.013 s -- in com.uber.service.MatchingServiceTest$SearchRadiusBoundaryTests
[INFO] Running com.uber.service.MatchingServiceTest$BoundaryConditionsTests
2026-01-01T16:55:02.337+08:00  INFO 14204 --- [ride-dispatch-server] [           main] com.uber.service.MatchingService         : Best driver found for order order-001: driver-001 (distance: 2.8284271247461903)
2026-01-01T16:55:02.340+08:00  INFO 14204 --- [ride-dispatch-server] [           main] com.uber.service.MatchingService         : No matching driver found for order order-001 with vehicle type STANDARD
2026-01-01T16:55:02.345+08:00  INFO 14204 --- [ride-dispatch-server] [           main] com.uber.service.MatchingService         : No matching driver found for order order-001 with vehicle type STANDARD
2026-01-01T16:55:02.349+08:00  INFO 14204 --- [ride-dispatch-server] [           main] com.uber.service.MatchingService         : Best driver found for order order-001: driver-aaa (distance: 1.4142135623730951)
2026-01-01T16:55:02.351+08:00  INFO 14204 --- [ride-dispatch-server] [           main] com.uber.service.MatchingService         : No matching driver found for order order-001 with vehicle type STANDARD
[INFO] Tests run: 7, Failures: 0, Errors: 0, Skipped: 0, Time elapsed: 0.019 s -- in com.uber.service.MatchingServiceTest$BoundaryConditionsTests
[INFO] Running com.uber.service.MatchingServiceTest$DistanceCalculationTests
[INFO] Tests run: 8, Failures: 0, Errors: 0, Skipped: 0, Time elapsed: 0.015 s -- in com.uber.service.MatchingServiceTest$DistanceCalculationTests
[INFO] Running com.uber.service.MatchingServiceTest$SearchRadiusTests
2026-01-01T16:55:02.374+08:00  INFO 14204 --- [ride-dispatch-server] [           main] com.uber.service.MatchingService         : Search radius updated to: 20.0
[INFO] Tests run: 2, Failures: 0, Errors: 0, Skipped: 0, Time elapsed: 0.006 s -- in com.uber.service.MatchingServiceTest$SearchRadiusTests
[INFO] Running com.uber.service.MatchingServiceTest$GetAvailableDriversTests
[INFO] Tests run: 2, Failures: 0, Errors: 0, Skipped: 0, Time elapsed: 0.007 s -- in com.uber.service.MatchingServiceTest$GetAvailableDriversTests
[INFO] Running com.uber.service.MatchingServiceTest$GetAvailableOrdersTests
[INFO] Tests run: 5, Failures: 0, Errors: 0, Skipped: 0, Time elapsed: 0.009 s -- in com.uber.service.MatchingServiceTest$GetAvailableOrdersTests
[INFO] Running com.uber.service.MatchingServiceTest$FindBestDriverTests
2026-01-01T16:55:02.398+08:00  INFO 14204 --- [ride-dispatch-server] [           main] com.uber.service.MatchingService         : No matching driver found for order order-001 with vehicle type STANDARD
2026-01-01T16:55:02.403+08:00  INFO 14204 --- [ride-dispatch-server] [           main] com.uber.service.MatchingService         : Best driver found for order order-001: driver-001 (distance: 2.8284271247461903)
2026-01-01T16:55:02.406+08:00  INFO 14204 --- [ride-dispatch-server] [           main] com.uber.service.MatchingService         : Best driver found for order order-001: driver-premium (distance: 1.4142135623730951)
2026-01-01T16:55:02.408+08:00  INFO 14204 --- [ride-dispatch-server] [           main] com.uber.service.MatchingService         : No matching driver found for order order-001 with vehicle type STANDARD
2026-01-01T16:55:02.411+08:00  INFO 14204 --- [ride-dispatch-server] [           main] com.uber.service.MatchingService         : Best driver found for order order-001: driver-001 (distance: 2.8284271247461903)
2026-01-01T16:55:02.413+08:00  INFO 14204 --- [ride-dispatch-server] [           main] com.uber.service.MatchingService         : Best driver found for order order-001: driver-aaa (distance: 1.4142135623730951)
2026-01-01T16:55:02.416+08:00  INFO 14204 --- [ride-dispatch-server] [           main] com.uber.service.MatchingService         : Best driver found for order order-001: driver-001 (distance: 2.8284271247461903)
[INFO] Tests run: 8, Failures: 0, Errors: 0, Skipped: 0, Time elapsed: 0.022 s -- in com.uber.service.MatchingServiceTest$FindBestDriverTests
[INFO] Tests run: 0, Failures: 0, Errors: 0, Skipped: 0, Time elapsed: 0.259 s -- in com.uber.service.MatchingServiceTest
[INFO] Running com.uber.service.OrderServiceTest
[INFO] Running com.uber.service.OrderServiceTest$IllegalStateTransitionTests
2026-01-01T16:55:02.420+08:00  WARN 14204 --- [ride-dispatch-server] [           main] com.uber.service.OrderService            : No available driver found for order with vehicleType: STANDARD
2026-01-01T16:55:02.420+08:00  INFO 14204 --- [ride-dispatch-server] [           main] com.uber.service.OrderService            : Order created: 01c368a7-6ff5-4144-beab-792d53286077 (assigned to: null)
2026-01-01T16:55:02.421+08:00  INFO 14204 --- [ride-dispatch-server] [           main] com.uber.service.OrderService            : Order 01c368a7-6ff5-4144-beab-792d53286077 cancelled
2026-01-01T16:55:02.422+08:00  WARN 14204 --- [ride-dispatch-server] [           main] com.uber.service.OrderService            : No available driver found for order with vehicleType: STANDARD
2026-01-01T16:55:02.422+08:00  INFO 14204 --- [ride-dispatch-server] [           main] com.uber.service.OrderService            : Order created: ddb12111-610e-461e-b96d-84cbee88f1a2 (assigned to: null)
2026-01-01T16:55:02.422+08:00  INFO 14204 --- [ride-dispatch-server] [           main] com.uber.service.OrderService            : Order ddb12111-610e-461e-b96d-84cbee88f1a2 accepted by driver driver-1
2026-01-01T16:55:02.422+08:00  INFO 14204 --- [ride-dispatch-server] [           main] com.uber.service.OrderService            : Trip started for order ddb12111-610e-461e-b96d-84cbee88f1a2
2026-01-01T16:55:02.422+08:00  INFO 14204 --- [ride-dispatch-server] [           main] com.uber.service.OrderService            : Using actual duration: 0 minutes for order ddb12111-610e-461e-b96d-84cbee88f1a2
2026-01-01T16:55:02.422+08:00  INFO 14204 --- [ride-dispatch-server] [           main] com.uber.service.OrderService            : Trip completed for order ddb12111-610e-461e-b96d-84cbee88f1a2, fare: 477.26
[INFO] Tests run: 2, Failures: 0, Errors: 0, Skipped: 0, Time elapsed: 0.004 s -- in com.uber.service.OrderServiceTest$IllegalStateTransitionTests
[INFO] Running com.uber.service.OrderServiceTest$CancelOrderTests
2026-01-01T16:55:02.425+08:00  WARN 14204 --- [ride-dispatch-server] [           main] com.uber.service.OrderService            : No available driver found for order with vehicleType: STANDARD
2026-01-01T16:55:02.425+08:00  INFO 14204 --- [ride-dispatch-server] [           main] com.uber.service.OrderService            : Order created: 5d3ea4eb-2bc4-4ca6-896f-45907f585610 (assigned to: null)
2026-01-01T16:55:02.425+08:00  INFO 14204 --- [ride-dispatch-server] [           main] com.uber.service.OrderService            : Order 5d3ea4eb-2bc4-4ca6-896f-45907f585610 accepted by driver driver-1
2026-01-01T16:55:02.425+08:00  INFO 14204 --- [ride-dispatch-server] [           main] com.uber.service.OrderService            : Order 5d3ea4eb-2bc4-4ca6-896f-45907f585610 cancelled
2026-01-01T16:55:02.426+08:00  WARN 14204 --- [ride-dispatch-server] [           main] com.uber.service.OrderService            : No available driver found for order with vehicleType: STANDARD
2026-01-01T16:55:02.426+08:00  INFO 14204 --- [ride-dispatch-server] [           main] com.uber.service.OrderService            : Order created: 557e0f2e-11ad-4d9d-aa1e-b90695b35879 (assigned to: null)
2026-01-01T16:55:02.426+08:00  INFO 14204 --- [ride-dispatch-server] [           main] com.uber.service.OrderService            : Order 557e0f2e-11ad-4d9d-aa1e-b90695b35879 cancelled
2026-01-01T16:55:02.428+08:00  WARN 14204 --- [ride-dispatch-server] [           main] com.uber.service.OrderService            : No available driver found for order with vehicleType: STANDARD
2026-01-01T16:55:02.428+08:00  INFO 14204 --- [ride-dispatch-server] [           main] com.uber.service.OrderService            : Order created: a38563cb-03de-4a8a-b406-7d988ad0ff51 (assigned to: null)
2026-01-01T16:55:02.428+08:00  INFO 14204 --- [ride-dispatch-server] [           main] com.uber.service.OrderService            : Order a38563cb-03de-4a8a-b406-7d988ad0ff51 cancelled
2026-01-01T16:55:02.429+08:00  WARN 14204 --- [ride-dispatch-server] [           main] com.uber.service.OrderService            : No available driver found for order with vehicleType: STANDARD
2026-01-01T16:55:02.429+08:00  INFO 14204 --- [ride-dispatch-server] [           main] com.uber.service.OrderService            : Order created: c60b32cd-ca46-43ea-9ef9-1e77050676ad (assigned to: null)
2026-01-01T16:55:02.429+08:00  INFO 14204 --- [ride-dispatch-server] [           main] com.uber.service.OrderService            : Order c60b32cd-ca46-43ea-9ef9-1e77050676ad accepted by driver driver-1
2026-01-01T16:55:02.429+08:00  INFO 14204 --- [ride-dispatch-server] [           main] com.uber.service.OrderService            : Trip started for order c60b32cd-ca46-43ea-9ef9-1e77050676ad
[INFO] Tests run: 4, Failures: 0, Errors: 0, Skipped: 0, Time elapsed: 0.006 s -- in com.uber.service.OrderServiceTest$CancelOrderTests
[INFO] Running com.uber.service.OrderServiceTest$CompleteTripTests
2026-01-01T16:55:02.431+08:00  WARN 14204 --- [ride-dispatch-server] [           main] com.uber.service.OrderService            : No available driver found for order with vehicleType: STANDARD
2026-01-01T16:55:02.431+08:00  INFO 14204 --- [ride-dispatch-server] [           main] com.uber.service.OrderService            : Order created: f6cd4073-f31f-44d1-b3ce-dd055145e1ec (assigned to: null)
2026-01-01T16:55:02.431+08:00  INFO 14204 --- [ride-dispatch-server] [           main] com.uber.service.OrderService            : Order f6cd4073-f31f-44d1-b3ce-dd055145e1ec accepted by driver driver-1
2026-01-01T16:55:02.432+08:00  INFO 14204 --- [ride-dispatch-server] [           main] com.uber.service.OrderService            : Trip started for order f6cd4073-f31f-44d1-b3ce-dd055145e1ec
2026-01-01T16:55:02.432+08:00  INFO 14204 --- [ride-dispatch-server] [           main] com.uber.service.OrderService            : Using actual duration: 0 minutes for order f6cd4073-f31f-44d1-b3ce-dd055145e1ec
2026-01-01T16:55:02.432+08:00  INFO 14204 --- [ride-dispatch-server] [           main] com.uber.service.OrderService            : Trip completed for order f6cd4073-f31f-44d1-b3ce-dd055145e1ec, fare: 477.26
2026-01-01T16:55:02.433+08:00  WARN 14204 --- [ride-dispatch-server] [           main] com.uber.service.OrderService            : No available driver found for order with vehicleType: STANDARD
2026-01-01T16:55:02.434+08:00  INFO 14204 --- [ride-dispatch-server] [           main] com.uber.service.OrderService            : Order created: 099df2a6-7542-4ca2-bc8f-098153230338 (assigned to: null)
2026-01-01T16:55:02.434+08:00  INFO 14204 --- [ride-dispatch-server] [           main] com.uber.service.OrderService            : Order 099df2a6-7542-4ca2-bc8f-098153230338 accepted by driver driver-1
2026-01-01T16:55:02.434+08:00  INFO 14204 --- [ride-dispatch-server] [           main] com.uber.service.OrderService            : Trip started for order 099df2a6-7542-4ca2-bc8f-098153230338
2026-01-01T16:55:02.435+08:00  WARN 14204 --- [ride-dispatch-server] [           main] com.uber.service.OrderService            : No available driver found for order with vehicleType: STANDARD
2026-01-01T16:55:02.436+08:00  INFO 14204 --- [ride-dispatch-server] [           main] com.uber.service.OrderService            : Order created: 0654708e-9253-464c-b2dc-ef2c2c89b7cf (assigned to: null)
2026-01-01T16:55:02.436+08:00  INFO 14204 --- [ride-dispatch-server] [           main] com.uber.service.OrderService            : Order 0654708e-9253-464c-b2dc-ef2c2c89b7cf accepted by driver driver-1
2026-01-01T16:55:02.436+08:00  INFO 14204 --- [ride-dispatch-server] [           main] com.uber.service.OrderService            : Trip started for order 0654708e-9253-464c-b2dc-ef2c2c89b7cf
2026-01-01T16:55:02.436+08:00  INFO 14204 --- [ride-dispatch-server] [           main] com.uber.service.OrderService            : Using actual duration: 0 minutes for order 0654708e-9253-464c-b2dc-ef2c2c89b7cf
2026-01-01T16:55:02.436+08:00  INFO 14204 --- [ride-dispatch-server] [           main] com.uber.service.OrderService            : Trip completed for order 0654708e-9253-464c-b2dc-ef2c2c89b7cf, fare: 477.26
[INFO] Tests run: 3, Failures: 0, Errors: 0, Skipped: 0, Time elapsed: 0.006 s -- in com.uber.service.OrderServiceTest$CompleteTripTests
[INFO] Running com.uber.service.OrderServiceTest$StartTripTests
2026-01-01T16:55:02.439+08:00  WARN 14204 --- [ride-dispatch-server] [           main] com.uber.service.OrderService            : No available driver found for order with vehicleType: STANDARD
2026-01-01T16:55:02.439+08:00  INFO 14204 --- [ride-dispatch-server] [           main] com.uber.service.OrderService            : Order created: cfb2240a-1556-4668-88c2-ac5b3cc1400a (assigned to: null)
2026-01-01T16:55:02.439+08:00  INFO 14204 --- [ride-dispatch-server] [           main] com.uber.service.OrderService            : Order cfb2240a-1556-4668-88c2-ac5b3cc1400a accepted by driver driver-1
2026-01-01T16:55:02.439+08:00  INFO 14204 --- [ride-dispatch-server] [           main] com.uber.service.OrderService            : Trip started for order cfb2240a-1556-4668-88c2-ac5b3cc1400a
2026-01-01T16:55:02.440+08:00  WARN 14204 --- [ride-dispatch-server] [           main] com.uber.service.OrderService            : No available driver found for order with vehicleType: STANDARD
2026-01-01T16:55:02.440+08:00  INFO 14204 --- [ride-dispatch-server] [           main] com.uber.service.OrderService            : Order created: c785a5da-7b13-4493-868c-7e7378f10687 (assigned to: null)
2026-01-01T16:55:02.440+08:00  INFO 14204 --- [ride-dispatch-server] [           main] com.uber.service.OrderService            : Order c785a5da-7b13-4493-868c-7e7378f10687 accepted by driver driver-1
2026-01-01T16:55:02.440+08:00  INFO 14204 --- [ride-dispatch-server] [           main] com.uber.service.OrderService            : Trip started for order c785a5da-7b13-4493-868c-7e7378f10687
2026-01-01T16:55:02.441+08:00  WARN 14204 --- [ride-dispatch-server] [           main] com.uber.service.OrderService            : No available driver found for order with vehicleType: STANDARD
2026-01-01T16:55:02.441+08:00  INFO 14204 --- [ride-dispatch-server] [           main] com.uber.service.OrderService            : Order created: 3ea6bf1f-7de2-4f1a-af6e-d98ee4f91256 (assigned to: null)
2026-01-01T16:55:02.441+08:00  INFO 14204 --- [ride-dispatch-server] [           main] com.uber.service.OrderService            : Order 3ea6bf1f-7de2-4f1a-af6e-d98ee4f91256 accepted by driver driver-1
2026-01-01T16:55:02.442+08:00  WARN 14204 --- [ride-dispatch-server] [           main] com.uber.service.OrderService            : No available driver found for order with vehicleType: STANDARD
2026-01-01T16:55:02.444+08:00  INFO 14204 --- [ride-dispatch-server] [           main] com.uber.service.OrderService            : Order created: e02c1847-dc0d-4319-aa7d-3c7e234d154a (assigned to: null)
2026-01-01T16:55:02.444+08:00  INFO 14204 --- [ride-dispatch-server] [           main] com.uber.service.OrderService            : Order e02c1847-dc0d-4319-aa7d-3c7e234d154a accepted by driver driver-1
2026-01-01T16:55:02.444+08:00  WARN 14204 --- [ride-dispatch-server] [           main] com.uber.service.OrderService            : No available driver found for order with vehicleType: STANDARD
2026-01-01T16:55:02.444+08:00  INFO 14204 --- [ride-dispatch-server] [           main] com.uber.service.OrderService            : Order created: 215af233-8bc2-4e83-9765-13452fac395d (assigned to: null)
[INFO] Tests run: 4, Failures: 0, Errors: 0, Skipped: 0, Time elapsed: 0.008 s -- in com.uber.service.OrderServiceTest$StartTripTests
[INFO] Running com.uber.service.OrderServiceTest$AcceptOrderTests
2026-01-01T16:55:02.447+08:00  WARN 14204 --- [ride-dispatch-server] [           main] com.uber.service.OrderService            : No available driver found for order with vehicleType: STANDARD
2026-01-01T16:55:02.447+08:00  INFO 14204 --- [ride-dispatch-server] [           main] com.uber.service.OrderService            : Order created: 3e7b7cdc-ae46-4034-be1a-7314e88f65b5 (assigned to: null)
2026-01-01T16:55:02.450+08:00  WARN 14204 --- [ride-dispatch-server] [           main] com.uber.service.OrderService            : No available driver found for order with vehicleType: STANDARD
2026-01-01T16:55:02.450+08:00  INFO 14204 --- [ride-dispatch-server] [           main] com.uber.service.OrderService            : Order created: a41b8766-1ae9-4b87-bd2b-8abc4be4f2da (assigned to: null)
2026-01-01T16:55:02.450+08:00  INFO 14204 --- [ride-dispatch-server] [           main] com.uber.service.OrderService            : Order a41b8766-1ae9-4b87-bd2b-8abc4be4f2da accepted by driver driver-1
2026-01-01T16:55:02.451+08:00  WARN 14204 --- [ride-dispatch-server] [           main] com.uber.service.OrderService            : No available driver found for order with vehicleType: STANDARD
2026-01-01T16:55:02.451+08:00  INFO 14204 --- [ride-dispatch-server] [           main] com.uber.service.OrderService            : Order created: 1713f03d-acbe-4f7e-9685-705dc82f2321 (assigned to: null)
2026-01-01T16:55:02.452+08:00  INFO 14204 --- [ride-dispatch-server] [           main] com.uber.service.OrderService            : Order 1713f03d-acbe-4f7e-9685-705dc82f2321 accepted by driver driver-1
2026-01-01T16:55:02.452+08:00  INFO 14204 --- [ride-dispatch-server] [           main] com.uber.service.OrderService            : Idempotent accept - order already accepted by same driver
2026-01-01T16:55:02.452+08:00  WARN 14204 --- [ride-dispatch-server] [           main] com.uber.service.OrderService            : No available driver found for order with vehicleType: STANDARD
2026-01-01T16:55:02.452+08:00  INFO 14204 --- [ride-dispatch-server] [           main] com.uber.service.OrderService            : Order created: 8e69d1a6-6112-4c00-bba6-ce296ab5b56a (assigned to: null)
2026-01-01T16:55:02.454+08:00  WARN 14204 --- [ride-dispatch-server] [           main] com.uber.service.OrderService            : No available driver found for order with vehicleType: STANDARD
2026-01-01T16:55:02.454+08:00  INFO 14204 --- [ride-dispatch-server] [           main] com.uber.service.OrderService            : Order created: cf756f8e-99dd-4531-a60d-6219d5f4db00 (assigned to: null)
2026-01-01T16:55:02.454+08:00  INFO 14204 --- [ride-dispatch-server] [           main] com.uber.service.OrderService            : Order cf756f8e-99dd-4531-a60d-6219d5f4db00 accepted by driver driver-1
[INFO] Tests run: 5, Failures: 0, Errors: 0, Skipped: 0, Time elapsed: 0.010 s -- in com.uber.service.OrderServiceTest$AcceptOrderTests
[INFO] Running com.uber.service.OrderServiceTest$CreateOrderTests
2026-01-01T16:55:02.456+08:00  WARN 14204 --- [ride-dispatch-server] [           main] com.uber.service.OrderService            : No available driver found for order with vehicleType: STANDARD
2026-01-01T16:55:02.457+08:00  INFO 14204 --- [ride-dispatch-server] [           main] com.uber.service.OrderService            : Order created: cc4078dc-97bc-4415-8b4d-69b0b2022783 (assigned to: null)
[INFO] Tests run: 2, Failures: 0, Errors: 0, Skipped: 0, Time elapsed: 0.002 s -- in com.uber.service.OrderServiceTest$CreateOrderTests
[INFO] Tests run: 0, Failures: 0, Errors: 0, Skipped: 0, Time elapsed: 0.041 s -- in com.uber.service.OrderServiceTest
[INFO] Running com.uber.service.StateMachineTest
[INFO] Running com.uber.service.StateMachineTest$ComprehensiveStateMachineTests
2026-01-01T16:55:02.460+08:00  INFO 14204 --- [ride-dispatch-server] [           main] com.uber.service.OrderService            : Order auto-assigned to driver: driver-1
2026-01-01T16:55:02.460+08:00  INFO 14204 --- [ride-dispatch-server] [           main] com.uber.service.OrderService            : Order created: 646ef8aa-e181-442c-b53b-1b9f0b14ef94 (assigned to: driver-1)
2026-01-01T16:55:02.460+08:00  INFO 14204 --- [ride-dispatch-server] [           main] com.uber.service.OrderService            : Order 646ef8aa-e181-442c-b53b-1b9f0b14ef94 accepted by driver driver-1
2026-01-01T16:55:02.460+08:00  INFO 14204 --- [ride-dispatch-server] [           main] com.uber.service.OrderService            : Trip started for order 646ef8aa-e181-442c-b53b-1b9f0b14ef94
2026-01-01T16:55:02.460+08:00  INFO 14204 --- [ride-dispatch-server] [           main] com.uber.service.OrderService            : Using actual duration: 0 minutes for order 646ef8aa-e181-442c-b53b-1b9f0b14ef94
2026-01-01T16:55:02.460+08:00  INFO 14204 --- [ride-dispatch-server] [           main] com.uber.service.OrderService            : Trip completed for order 646ef8aa-e181-442c-b53b-1b9f0b14ef94, fare: 477.26
2026-01-01T16:55:02.461+08:00  INFO 14204 --- [ride-dispatch-server] [           main] com.uber.service.OrderService            : Order auto-assigned to driver: driver-1
2026-01-01T16:55:02.461+08:00  INFO 14204 --- [ride-dispatch-server] [           main] com.uber.service.OrderService            : Order created: 8b1b668b-1886-46a1-9242-390d52a7115d (assigned to: driver-1)
2026-01-01T16:55:02.461+08:00  INFO 14204 --- [ride-dispatch-server] [           main] com.uber.service.OrderService            : Order 8b1b668b-1886-46a1-9242-390d52a7115d accepted by driver driver-1
2026-01-01T16:55:02.461+08:00  INFO 14204 --- [ride-dispatch-server] [           main] com.uber.service.OrderService            : Trip started for order 8b1b668b-1886-46a1-9242-390d52a7115d
2026-01-01T16:55:02.461+08:00  INFO 14204 --- [ride-dispatch-server] [           main] com.uber.service.OrderService            : Using actual duration: 0 minutes for order 8b1b668b-1886-46a1-9242-390d52a7115d
2026-01-01T16:55:02.461+08:00  INFO 14204 --- [ride-dispatch-server] [           main] com.uber.service.OrderService            : Trip completed for order 8b1b668b-1886-46a1-9242-390d52a7115d, fare: 477.26
2026-01-01T16:55:02.463+08:00  WARN 14204 --- [ride-dispatch-server] [           main] com.uber.service.OrderService            : No available driver found for order with vehicleType: STANDARD
2026-01-01T16:55:02.463+08:00  INFO 14204 --- [ride-dispatch-server] [           main] com.uber.service.OrderService            : Order created: 2077ead0-42eb-46b3-920b-22b1989473a8 (assigned to: null)
2026-01-01T16:55:02.464+08:00  WARN 14204 --- [ride-dispatch-server] [           main] com.uber.service.OrderService            : No available driver found for order with vehicleType: STANDARD
2026-01-01T16:55:02.464+08:00  INFO 14204 --- [ride-dispatch-server] [           main] com.uber.service.OrderService            : Order created: 4744ceca-9237-467f-9a13-bd4d0764a6da (assigned to: null)
2026-01-01T16:55:02.464+08:00  INFO 14204 --- [ride-dispatch-server] [           main] com.uber.service.OrderService            : Order auto-assigned to driver: driver-1
2026-01-01T16:55:02.464+08:00  INFO 14204 --- [ride-dispatch-server] [           main] com.uber.service.OrderService            : Order created: 3c6c89f3-a111-44a8-8c17-310b061416da (assigned to: driver-1)
2026-01-01T16:55:02.464+08:00  INFO 14204 --- [ride-dispatch-server] [           main] com.uber.service.OrderService            : Order 3c6c89f3-a111-44a8-8c17-310b061416da accepted by driver driver-1
2026-01-01T16:55:02.464+08:00  INFO 14204 --- [ride-dispatch-server] [           main] com.uber.service.OrderService            : Trip started for order 3c6c89f3-a111-44a8-8c17-310b061416da
[INFO] Tests run: 3, Failures: 0, Errors: 0, Skipped: 0, Time elapsed: 0.006 s -- in com.uber.service.StateMachineTest$ComprehensiveStateMachineTests
[INFO] Running com.uber.service.StateMachineTest$CancelledImmutableTests
2026-01-01T16:55:02.467+08:00  WARN 14204 --- [ride-dispatch-server] [           main] com.uber.service.OrderService            : No available driver found for order with vehicleType: STANDARD
2026-01-01T16:55:02.467+08:00  INFO 14204 --- [ride-dispatch-server] [           main] com.uber.service.OrderService            : Order created: 3348bdbe-5b24-4696-a2e0-f049ad841249 (assigned to: null)
2026-01-01T16:55:02.467+08:00  INFO 14204 --- [ride-dispatch-server] [           main] com.uber.service.OrderService            : Order 3348bdbe-5b24-4696-a2e0-f049ad841249 cancelled
2026-01-01T16:55:02.468+08:00  WARN 14204 --- [ride-dispatch-server] [           main] com.uber.service.OrderService            : No available driver found for order with vehicleType: STANDARD
2026-01-01T16:55:02.468+08:00  INFO 14204 --- [ride-dispatch-server] [           main] com.uber.service.OrderService            : Order created: 802cad0e-7eab-4825-830d-3b8a064738ce (assigned to: null)
2026-01-01T16:55:02.468+08:00  INFO 14204 --- [ride-dispatch-server] [           main] com.uber.service.OrderService            : Order 802cad0e-7eab-4825-830d-3b8a064738ce cancelled
2026-01-01T16:55:02.469+08:00  WARN 14204 --- [ride-dispatch-server] [           main] com.uber.service.OrderService            : No available driver found for order with vehicleType: STANDARD
2026-01-01T16:55:02.470+08:00  INFO 14204 --- [ride-dispatch-server] [           main] com.uber.service.OrderService            : Order created: 4df5190a-796a-4408-b4d2-806788b7da43 (assigned to: null)
2026-01-01T16:55:02.470+08:00  INFO 14204 --- [ride-dispatch-server] [           main] com.uber.service.OrderService            : Order 4df5190a-796a-4408-b4d2-806788b7da43 accepted by driver driver-1
2026-01-01T16:55:02.470+08:00  INFO 14204 --- [ride-dispatch-server] [           main] com.uber.service.OrderService            : Order 4df5190a-796a-4408-b4d2-806788b7da43 cancelled
2026-01-01T16:55:02.472+08:00  WARN 14204 --- [ride-dispatch-server] [           main] com.uber.service.OrderService            : No available driver found for order with vehicleType: STANDARD
2026-01-01T16:55:02.472+08:00  INFO 14204 --- [ride-dispatch-server] [           main] com.uber.service.OrderService            : Order created: 31e51f14-1950-4197-b7f4-aebf45c1f82b (assigned to: null)
2026-01-01T16:55:02.472+08:00  INFO 14204 --- [ride-dispatch-server] [           main] com.uber.service.OrderService            : Order 31e51f14-1950-4197-b7f4-aebf45c1f82b cancelled
2026-01-01T16:55:02.474+08:00  WARN 14204 --- [ride-dispatch-server] [           main] com.uber.service.OrderService            : No available driver found for order with vehicleType: STANDARD
2026-01-01T16:55:02.474+08:00  INFO 14204 --- [ride-dispatch-server] [           main] com.uber.service.OrderService            : Order created: de9daa0e-060f-479e-98cd-cd153a8f455f (assigned to: null)
2026-01-01T16:55:02.474+08:00  INFO 14204 --- [ride-dispatch-server] [           main] com.uber.service.OrderService            : Order de9daa0e-060f-479e-98cd-cd153a8f455f cancelled
[INFO] Tests run: 5, Failures: 0, Errors: 0, Skipped: 0, Time elapsed: 0.008 s -- in com.uber.service.StateMachineTest$CancelledImmutableTests
[INFO] Running com.uber.service.StateMachineTest$CompletedImmutableTests
2026-01-01T16:55:02.477+08:00  WARN 14204 --- [ride-dispatch-server] [           main] com.uber.service.OrderService            : No available driver found for order with vehicleType: STANDARD
2026-01-01T16:55:02.477+08:00  INFO 14204 --- [ride-dispatch-server] [           main] com.uber.service.OrderService            : Order created: 303a97e8-f96c-461c-a681-65a3c01a0115 (assigned to: null)
2026-01-01T16:55:02.477+08:00  INFO 14204 --- [ride-dispatch-server] [           main] com.uber.service.OrderService            : Order 303a97e8-f96c-461c-a681-65a3c01a0115 accepted by driver driver-1
2026-01-01T16:55:02.477+08:00  INFO 14204 --- [ride-dispatch-server] [           main] com.uber.service.OrderService            : Trip started for order 303a97e8-f96c-461c-a681-65a3c01a0115
2026-01-01T16:55:02.477+08:00  INFO 14204 --- [ride-dispatch-server] [           main] com.uber.service.OrderService            : Using actual duration: 0 minutes for order 303a97e8-f96c-461c-a681-65a3c01a0115
2026-01-01T16:55:02.477+08:00  INFO 14204 --- [ride-dispatch-server] [           main] com.uber.service.OrderService            : Trip completed for order 303a97e8-f96c-461c-a681-65a3c01a0115, fare: 477.26
2026-01-01T16:55:02.478+08:00  WARN 14204 --- [ride-dispatch-server] [           main] com.uber.service.OrderService            : No available driver found for order with vehicleType: STANDARD
2026-01-01T16:55:02.478+08:00  INFO 14204 --- [ride-dispatch-server] [           main] com.uber.service.OrderService            : Order created: cf8a4eed-0f95-40fd-b867-1a88debf759d (assigned to: null)
2026-01-01T16:55:02.478+08:00  INFO 14204 --- [ride-dispatch-server] [           main] com.uber.service.OrderService            : Order cf8a4eed-0f95-40fd-b867-1a88debf759d accepted by driver driver-1
2026-01-01T16:55:02.478+08:00  INFO 14204 --- [ride-dispatch-server] [           main] com.uber.service.OrderService            : Trip started for order cf8a4eed-0f95-40fd-b867-1a88debf759d
2026-01-01T16:55:02.478+08:00  INFO 14204 --- [ride-dispatch-server] [           main] com.uber.service.OrderService            : Using actual duration: 0 minutes for order cf8a4eed-0f95-40fd-b867-1a88debf759d
2026-01-01T16:55:02.478+08:00  INFO 14204 --- [ride-dispatch-server] [           main] com.uber.service.OrderService            : Trip completed for order cf8a4eed-0f95-40fd-b867-1a88debf759d, fare: 477.26
2026-01-01T16:55:02.480+08:00  WARN 14204 --- [ride-dispatch-server] [           main] com.uber.service.OrderService            : No available driver found for order with vehicleType: STANDARD
2026-01-01T16:55:02.480+08:00  INFO 14204 --- [ride-dispatch-server] [           main] com.uber.service.OrderService            : Order created: 5135a37c-a530-4b1c-8258-87910914508c (assigned to: null)
2026-01-01T16:55:02.480+08:00  INFO 14204 --- [ride-dispatch-server] [           main] com.uber.service.OrderService            : Order 5135a37c-a530-4b1c-8258-87910914508c accepted by driver driver-1
2026-01-01T16:55:02.480+08:00  INFO 14204 --- [ride-dispatch-server] [           main] com.uber.service.OrderService            : Trip started for order 5135a37c-a530-4b1c-8258-87910914508c
2026-01-01T16:55:02.480+08:00  INFO 14204 --- [ride-dispatch-server] [           main] com.uber.service.OrderService            : Using actual duration: 0 minutes for order 5135a37c-a530-4b1c-8258-87910914508c
2026-01-01T16:55:02.480+08:00  INFO 14204 --- [ride-dispatch-server] [           main] com.uber.service.OrderService            : Trip completed for order 5135a37c-a530-4b1c-8258-87910914508c, fare: 477.26
2026-01-01T16:55:02.481+08:00  WARN 14204 --- [ride-dispatch-server] [           main] com.uber.service.OrderService            : No available driver found for order with vehicleType: STANDARD
2026-01-01T16:55:02.482+08:00  INFO 14204 --- [ride-dispatch-server] [           main] com.uber.service.OrderService            : Order created: 3fb73cdb-fc16-41d4-9163-5020b6524296 (assigned to: null)
2026-01-01T16:55:02.482+08:00  INFO 14204 --- [ride-dispatch-server] [           main] com.uber.service.OrderService            : Order 3fb73cdb-fc16-41d4-9163-5020b6524296 accepted by driver driver-1
2026-01-01T16:55:02.482+08:00  INFO 14204 --- [ride-dispatch-server] [           main] com.uber.service.OrderService            : Trip started for order 3fb73cdb-fc16-41d4-9163-5020b6524296
2026-01-01T16:55:02.482+08:00  INFO 14204 --- [ride-dispatch-server] [           main] com.uber.service.OrderService            : Using actual duration: 0 minutes for order 3fb73cdb-fc16-41d4-9163-5020b6524296
2026-01-01T16:55:02.482+08:00  INFO 14204 --- [ride-dispatch-server] [           main] com.uber.service.OrderService            : Trip completed for order 3fb73cdb-fc16-41d4-9163-5020b6524296, fare: 477.26
[INFO] Tests run: 4, Failures: 0, Errors: 0, Skipped: 0, Time elapsed: 0.007 s -- in com.uber.service.StateMachineTest$CompletedImmutableTests
[INFO] Running com.uber.service.StateMachineTest$PendingToOngoingTests
2026-01-01T16:55:02.486+08:00  WARN 14204 --- [ride-dispatch-server] [           main] com.uber.service.OrderService            : No available driver found for order with vehicleType: STANDARD
2026-01-01T16:55:02.486+08:00  INFO 14204 --- [ride-dispatch-server] [           main] com.uber.service.OrderService            : Order created: a99ddc02-fe8e-4c78-bd93-d363fa576250 (assigned to: null)
2026-01-01T16:55:02.487+08:00  WARN 14204 --- [ride-dispatch-server] [           main] com.uber.service.OrderService            : No available driver found for order with vehicleType: STANDARD
2026-01-01T16:55:02.487+08:00  INFO 14204 --- [ride-dispatch-server] [           main] com.uber.service.OrderService            : Order created: 9744c38d-2e6a-477a-93c9-473878277448 (assigned to: null)
2026-01-01T16:55:02.487+08:00  INFO 14204 --- [ride-dispatch-server] [           main] com.uber.service.OrderService            : Order 9744c38d-2e6a-477a-93c9-473878277448 accepted by driver driver-1
2026-01-01T16:55:02.487+08:00  INFO 14204 --- [ride-dispatch-server] [           main] com.uber.service.OrderService            : Trip started for order 9744c38d-2e6a-477a-93c9-473878277448
2026-01-01T16:55:02.489+08:00  WARN 14204 --- [ride-dispatch-server] [           main] com.uber.service.OrderService            : No available driver found for order with vehicleType: STANDARD
2026-01-01T16:55:02.489+08:00  INFO 14204 --- [ride-dispatch-server] [           main] com.uber.service.OrderService            : Order created: 21574c8b-a551-4583-a0be-bfc5448c3aa0 (assigned to: null)
[INFO] Tests run: 3, Failures: 0, Errors: 0, Skipped: 0, Time elapsed: 0.009 s -- in com.uber.service.StateMachineTest$PendingToOngoingTests
[INFO] Running com.uber.service.StateMachineTest$PendingToAcceptedTests
2026-01-01T16:55:02.496+08:00  WARN 14204 --- [ride-dispatch-server] [           main] com.uber.service.OrderService            : No available driver found for order with vehicleType: STANDARD
2026-01-01T16:55:02.496+08:00  INFO 14204 --- [ride-dispatch-server] [           main] com.uber.service.OrderService            : Order created: b08ad7c9-ca84-414a-9d94-3d9afce5c8dd (assigned to: null)
2026-01-01T16:55:02.496+08:00  INFO 14204 --- [ride-dispatch-server] [           main] com.uber.service.OrderService            : Order b08ad7c9-ca84-414a-9d94-3d9afce5c8dd accepted by driver driver-1
2026-01-01T16:55:02.497+08:00  WARN 14204 --- [ride-dispatch-server] [           main] com.uber.service.OrderService            : No available driver found for order with vehicleType: STANDARD
2026-01-01T16:55:02.497+08:00  INFO 14204 --- [ride-dispatch-server] [           main] com.uber.service.OrderService            : Order created: 9d9843b1-e00c-4425-bbb5-b7622452fca1 (assigned to: null)
2026-01-01T16:55:02.497+08:00  WARN 14204 --- [ride-dispatch-server] [           main] com.uber.service.OrderService            : No available driver found for order with vehicleType: STANDARD
2026-01-01T16:55:02.497+08:00  INFO 14204 --- [ride-dispatch-server] [           main] com.uber.service.OrderService            : Order created: e0ffcb9e-4df3-4733-a235-ee74844edf70 (assigned to: null)
2026-01-01T16:55:02.499+08:00  WARN 14204 --- [ride-dispatch-server] [           main] com.uber.service.OrderService            : No available driver found for order with vehicleType: STANDARD
2026-01-01T16:55:02.499+08:00  INFO 14204 --- [ride-dispatch-server] [           main] com.uber.service.OrderService            : Order created: 8f931941-cbbb-4f09-9c30-4cd0664d0411 (assigned to: null)
2026-01-01T16:55:02.500+08:00  INFO 14204 --- [ride-dispatch-server] [           main] com.uber.service.OrderService            : Order 8f931941-cbbb-4f09-9c30-4cd0664d0411 accepted by driver driver-1
[INFO] Tests run: 4, Failures: 0, Errors: 0, Skipped: 0, Time elapsed: 0.006 s -- in com.uber.service.StateMachineTest$PendingToAcceptedTests
[INFO] Tests run: 0, Failures: 0, Errors: 0, Skipped: 0, Time elapsed: 0.042 s -- in com.uber.service.StateMachineTest
[INFO] Running com.uber.service.ValidationServiceTest
[INFO] Running com.uber.service.ValidationServiceTest$PhoneValidationDetailTests
[INFO] Tests run: 6, Failures: 0, Errors: 0, Skipped: 0, Time elapsed: 0.010 s -- in com.uber.service.ValidationServiceTest$PhoneValidationDetailTests
[INFO] Running com.uber.service.ValidationServiceTest$DetailedOrderCompleteTests
[INFO] Tests run: 9, Failures: 0, Errors: 0, Skipped: 0, Time elapsed: 0.005 s -- in com.uber.service.ValidationServiceTest$DetailedOrderCompleteTests
[INFO] Running com.uber.service.ValidationServiceTest$DetailedDriverCompleteTests
[INFO] Tests run: 8, Failures: 0, Errors: 0, Skipped: 0, Time elapsed: 0.003 s -- in com.uber.service.ValidationServiceTest$DetailedDriverCompleteTests
[INFO] Running com.uber.service.ValidationServiceTest$IsDriverCompleteTests
[INFO] Tests run: 4, Failures: 0, Errors: 0, Skipped: 0, Time elapsed: 0.002 s -- in com.uber.service.ValidationServiceTest$IsDriverCompleteTests
[INFO] Running com.uber.service.ValidationServiceTest$IsOrderCompleteTests
[INFO] Tests run: 4, Failures: 0, Errors: 0, Skipped: 0, Time elapsed: 0.004 s -- in com.uber.service.ValidationServiceTest$IsOrderCompleteTests
[INFO] Running com.uber.service.ValidationServiceTest$ValidateRatePlanTests
[INFO] Tests run: 14, Failures: 0, Errors: 0, Skipped: 0, Time elapsed: 0.019 s -- in com.uber.service.ValidationServiceTest$ValidateRatePlanTests
[INFO] Running com.uber.service.ValidationServiceTest$ValidateCancelOrderTests
[INFO] Tests run: 6, Failures: 0, Errors: 0, Skipped: 0, Time elapsed: 0.012 s -- in com.uber.service.ValidationServiceTest$ValidateCancelOrderTests
[INFO] Running com.uber.service.ValidationServiceTest$ValidateDriverOrderMatchTests
[INFO] Tests run: 5, Failures: 0, Errors: 0, Skipped: 0, Time elapsed: 0.022 s -- in com.uber.service.ValidationServiceTest$ValidateDriverOrderMatchTests
[INFO] Running com.uber.service.ValidationServiceTest$ValidateDriverCanAcceptTests
[INFO] Tests run: 5, Failures: 0, Errors: 0, Skipped: 0, Time elapsed: 0.008 s -- in com.uber.service.ValidationServiceTest$ValidateDriverCanAcceptTests
[INFO] Running com.uber.service.ValidationServiceTest$ValidateOrderAcceptableTests
[INFO] Tests run: 7, Failures: 0, Errors: 0, Skipped: 0, Time elapsed: 0.010 s -- in com.uber.service.ValidationServiceTest$ValidateOrderAcceptableTests
[INFO] Running com.uber.service.ValidationServiceTest$ValidateDriverStateTransitionTests
[INFO] Tests run: 3, Failures: 0, Errors: 0, Skipped: 0, Time elapsed: 0.003 s -- in com.uber.service.ValidationServiceTest$ValidateDriverStateTransitionTests
[INFO] Running com.uber.service.ValidationServiceTest$ValidateOrderStateTransitionTests
[INFO] Tests run: 13, Failures: 0, Errors: 0, Skipped: 0, Time elapsed: 0.012 s -- in com.uber.service.ValidationServiceTest$ValidateOrderStateTransitionTests
[INFO] Running com.uber.service.ValidationServiceTest$ValidateLocationUpdateTests
[INFO] Tests run: 3, Failures: 0, Errors: 0, Skipped: 0, Time elapsed: 0.003 s -- in com.uber.service.ValidationServiceTest$ValidateLocationUpdateTests
[INFO] Running com.uber.service.ValidationServiceTest$ValidateDriverRegistrationTests
[INFO] Tests run: 20, Failures: 0, Errors: 0, Skipped: 0, Time elapsed: 0.068 s -- in com.uber.service.ValidationServiceTest$ValidateDriverRegistrationTests
[INFO] Running com.uber.service.ValidationServiceTest$ValidateCreateOrderRequestTests
[INFO] Tests run: 11, Failures: 0, Errors: 0, Skipped: 0, Time elapsed: 0.012 s -- in com.uber.service.ValidationServiceTest$ValidateCreateOrderRequestTests
[INFO] Tests run: 0, Failures: 0, Errors: 0, Skipped: 0, Time elapsed: 0.208 s -- in com.uber.service.ValidationServiceTest
[INFO] 
[INFO] Results:
[INFO] 
[INFO] Tests run: 401, Failures: 0, Errors: 0, Skipped: 0
[INFO] 
[INFO] 
[INFO] --- jacoco:0.8.13:report (report) @ ride-dispatch-server ---
[INFO] Skipping JaCoCo execution due to missing execution data file.
[INFO] ------------------------------------------------------------------------
[INFO] BUILD SUCCESS
[INFO] ------------------------------------------------------------------------
[INFO] Total time:  18.245 s
[INFO] Finished at: 2026-01-01T16:55:02+08:00
[INFO] ------------------------------------------------------------------------
