[INFO] Scanning for projects...
[INFO] 
[INFO] -------------------< com.uber:ride-dispatch-server >--------------------
[INFO] Building Ride Dispatch Server 0.1.0-SNAPSHOT
[INFO]   from pom.xml
[INFO] --------------------------------[ jar ]---------------------------------
[INFO] 
[INFO] --- clean:3.4.0:clean (default-clean) @ ride-dispatch-server ---
[INFO] Deleting C:\Users\wilso\OneDrive\桌面\Uber\server\target
[INFO] 
[INFO] --- jacoco:0.8.13:prepare-agent (prepare-agent) @ ride-dispatch-server ---
[INFO] argLine set to -javaagent:C:\\Users\\wilso\\.m2\\repository\\org\\jacoco\\org.jacoco.agent\\0.8.13\\org.jacoco.agent-0.8.13-runtime.jar=destfile=C:\\Users\\wilso\\OneDrive\\桌面\\Uber\\server\\target\\jacoco.exec
[INFO] 
[INFO] --- resources:3.3.1:resources (default-resources) @ ride-dispatch-server ---
[INFO] Copying 1 resource from src\main\resources to target\classes
[INFO] Copying 0 resource from src\main\resources to target\classes
[INFO] 
[INFO] --- compiler:3.13.0:compile (default-compile) @ ride-dispatch-server ---
[INFO] Recompiling the module because of changed source code.
[INFO] Compiling 39 source files with javac [debug parameters release 21] to target\classes
mvn : WARNING: A terminally d
eprecated method in sun.misc.
Unsafe has been called
位於 線路:1 字元:1
+ mvn clean test 2>&1 | Out-F
ile test_result9.txt -Encodin
g utf8
+ ~~~~~~~~~~~~~~~~~~~
    + CategoryInfo           
   : NotSpecified: (WARNING  
  : A term...has been call   
 ed:String) [], RemoteExc    
eption
    + FullyQualifiedErrorId  
   : NativeCommandError
 
WARNING: sun.misc.Unsafe::obj
ectFieldOffset has been calle
d by lombok.permit.Permit
WARNING: Please consider repo
rting this to the maintainers
 of class lombok.permit.Permi
t
WARNING: sun.misc.Unsafe::obj
ectFieldOffset will be remove
d in a future release
[INFO] 
[INFO] --- resources:3.3.1:testResources (default-testResources) @ ride-dispatch-server ---
[INFO] Copying 1 resource from src\test\resources to target\test-classes
[INFO] 
[INFO] --- compiler:3.13.0:testCompile (default-testCompile) @ ride-dispatch-server ---
[INFO] Recompiling the module because of changed dependency.
[INFO] Compiling 15 source files with javac [debug parameters release 21] to target\test-classes
[INFO] 
[INFO] --- surefire:3.2.5:test (default-test) @ ride-dispatch-server ---
[INFO] Using auto detected provider org.apache.maven.surefire.junitplatform.JUnitPlatformProvider
[INFO] 
[INFO] -------------------------------------------------------
[INFO]  T E S T S
[INFO] -------------------------------------------------------
[INFO] Running com.uber.controller.AdminControllerTest
16:52:05.072 [main] INFO org.springframework.test.context.support.AnnotationConfigContextLoaderUtils -- Could not detect default configuration classes for test class [com.uber.controller.AdminControllerTest]: AdminControllerTest does not declare any static, non-private, non-final, nested classes annotated with @Configuration.
16:52:05.358 [main] INFO org.springframework.boot.test.context.SpringBootTestContextBootstrapper -- Found @SpringBootConfiguration com.uber.RideDispatchApplication for test class com.uber.controller.AdminControllerTest
[INFO] Running com.uber.controller.AdminControllerTest$DriverSummaryAdditionalTests
16:52:05.399 [main] INFO org.springframework.test.context.support.AnnotationConfigContextLoaderUtils -- Could not detect default configuration classes for test class [com.uber.controller.AdminControllerTest$DriverSummaryAdditionalTests]: DriverSummaryAdditionalTests does not declare any static, non-private, non-final, nested classes annotated with @Configuration.
16:52:05.415 [main] INFO org.springframework.boot.test.context.SpringBootTestContextBootstrapper -- Found @SpringBootConfiguration com.uber.RideDispatchApplication for test class com.uber.controller.AdminControllerTest$DriverSummaryAdditionalTests

  .   ____          _            __ _ _
 /\\ / ___'_ __ _ _(_)_ __  __ _ \ \ \ \
( ( )\___ | '_ | '_| | '_ \/ _` | \ \ \ \
 \\/  ___)| |_)| | | | | || (_| |  ) ) ) )
  '  |____| .__|_| |_|_| |_\__, | / / / /
 =========|_|==============|___/=/_/_/_/

 :: Spring Boot ::                (v3.4.1)

2026-01-01T16:52:06.303+08:00  INFO 13432 --- [ride-dispatch-server] [           main] c.uber.controller.AdminControllerTest    : Starting AdminControllerTest using Java 25.0.1 with PID 13432 (started by wilso in C:\Users\wilso\OneDrive\桌面\Uber\server)
2026-01-01T16:52:06.304+08:00 DEBUG 13432 --- [ride-dispatch-server] [           main] c.uber.controller.AdminControllerTest    : Running with Spring Boot v3.4.1, Spring v6.2.1
2026-01-01T16:52:06.306+08:00  INFO 13432 --- [ride-dispatch-server] [           main] c.uber.controller.AdminControllerTest    : No active profile set, falling back to 1 default profile: "default"
Mockito is currently self-att
aching to enable the inline-m
ock-maker. This will no longe
r work in future releases of 
the JDK. Please add Mockito a
s an agent to your build as d
escribed in Mockito's documen
tation: https://javadoc.io/do
c/org.mockito/mockito-core/la
test/org/mockito/Mockito.html
#0.3
Java HotSpot(TM) 64-Bit Serve
r VM warning: Sharing is only
 supported for boot loader cl
asses because bootstrap class
path has been appended
WARNING: A terminally depreca
ted method in sun.misc.Unsafe
 has been called
WARNING: sun.misc.Unsafe::obj
ectFieldOffset has been calle
d by net.bytebuddy.dynamic.lo
ading.ClassInjector$UsingUnsa
fe$Dispatcher$CreationAction 
(file:/C:/Users/wilso/.m2/rep
ository/net/bytebuddy/byte-bu
ddy/1.17.5/byte-buddy-1.17.5.
jar)
WARNING: Please consider repo
rting this to the maintainers
 of class net.bytebuddy.dynam
ic.loading.ClassInjector$Usin
gUnsafe$Dispatcher$CreationAc
tion
WARNING: sun.misc.Unsafe::obj
ectFieldOffset will be remove
d in a future release
2026-01-01T16:52:09.310+08:00  INFO 13432 --- [ride-dispatch-server] [           main] o.s.b.t.m.w.SpringBootMockServletContext : Initializing Spring TestDispatcherServlet ''
2026-01-01T16:52:09.310+08:00  INFO 13432 --- [ride-dispatch-server] [           main] o.s.t.web.servlet.TestDispatcherServlet  : Initializing Servlet ''
2026-01-01T16:52:09.313+08:00  INFO 13432 --- [ride-dispatch-server] [           main] o.s.t.web.servlet.TestDispatcherServlet  : Completed initialization in 2 ms
2026-01-01T16:52:09.363+08:00  INFO 13432 --- [ride-dispatch-server] [           main] c.uber.controller.AdminControllerTest    : Started AdminControllerTest in 3.854 seconds (process running for 5.834)
[INFO] Tests run: 4, Failures: 0, Errors: 0, Skipped: 0, Time elapsed: 4.448 s -- in com.uber.controller.AdminControllerTest$DriverSummaryAdditionalTests
[INFO] Running com.uber.controller.AdminControllerTest$OrderDetailAdditionalTests
2026-01-01T16:52:09.850+08:00  INFO 13432 --- [ride-dispatch-server] [           main] t.c.s.AnnotationConfigContextLoaderUtils : Could not detect default configuration classes for test class [com.uber.controller.AdminControllerTest$OrderDetailAdditionalTests]: OrderDetailAdditionalTests does not declare any static, non-private, non-final, nested classes annotated with @Configuration.
2026-01-01T16:52:09.871+08:00  INFO 13432 --- [ride-dispatch-server] [           main] .b.t.c.SpringBootTestContextBootstrapper : Found @SpringBootConfiguration com.uber.RideDispatchApplication for test class com.uber.controller.AdminControllerTest$OrderDetailAdditionalTests
[INFO] Tests run: 5, Failures: 0, Errors: 0, Skipped: 0, Time elapsed: 0.103 s -- in com.uber.controller.AdminControllerTest$OrderDetailAdditionalTests
[INFO] Running com.uber.controller.AdminControllerTest$OrderSummaryAdditionalTests
2026-01-01T16:52:09.951+08:00  INFO 13432 --- [ride-dispatch-server] [           main] t.c.s.AnnotationConfigContextLoaderUtils : Could not detect default configuration classes for test class [com.uber.controller.AdminControllerTest$OrderSummaryAdditionalTests]: OrderSummaryAdditionalTests does not declare any static, non-private, non-final, nested classes annotated with @Configuration.
2026-01-01T16:52:09.963+08:00  INFO 13432 --- [ride-dispatch-server] [           main] .b.t.c.SpringBootTestContextBootstrapper : Found @SpringBootConfiguration com.uber.RideDispatchApplication for test class com.uber.controller.AdminControllerTest$OrderSummaryAdditionalTests
[INFO] Tests run: 3, Failures: 0, Errors: 0, Skipped: 0, Time elapsed: 0.057 s -- in com.uber.controller.AdminControllerTest$OrderSummaryAdditionalTests
[INFO] Running com.uber.controller.AdminControllerTest$RatePlanResponseTests
2026-01-01T16:52:10.010+08:00  INFO 13432 --- [ride-dispatch-server] [           main] t.c.s.AnnotationConfigContextLoaderUtils : Could not detect default configuration classes for test class [com.uber.controller.AdminControllerTest$RatePlanResponseTests]: RatePlanResponseTests does not declare any static, non-private, non-final, nested classes annotated with @Configuration.
2026-01-01T16:52:10.023+08:00  INFO 13432 --- [ride-dispatch-server] [           main] .b.t.c.SpringBootTestContextBootstrapper : Found @SpringBootConfiguration com.uber.RideDispatchApplication for test class com.uber.controller.AdminControllerTest$RatePlanResponseTests
[INFO] Tests run: 2, Failures: 0, Errors: 0, Skipped: 0, Time elapsed: 0.040 s -- in com.uber.controller.AdminControllerTest$RatePlanResponseTests
[INFO] Running com.uber.controller.AdminControllerTest$BuildOrderDetailTests
2026-01-01T16:52:10.054+08:00  INFO 13432 --- [ride-dispatch-server] [           main] t.c.s.AnnotationConfigContextLoaderUtils : Could not detect default configuration classes for test class [com.uber.controller.AdminControllerTest$BuildOrderDetailTests]: BuildOrderDetailTests does not declare any static, non-private, non-final, nested classes annotated with @Configuration.
2026-01-01T16:52:10.067+08:00  INFO 13432 --- [ride-dispatch-server] [           main] .b.t.c.SpringBootTestContextBootstrapper : Found @SpringBootConfiguration com.uber.RideDispatchApplication for test class com.uber.controller.AdminControllerTest$BuildOrderDetailTests
[INFO] Tests run: 3, Failures: 0, Errors: 0, Skipped: 0, Time elapsed: 0.050 s -- in com.uber.controller.AdminControllerTest$BuildOrderDetailTests
[INFO] Running com.uber.controller.AdminControllerTest$BuildAuditLogResponseTests
2026-01-01T16:52:10.104+08:00  INFO 13432 --- [ride-dispatch-server] [           main] t.c.s.AnnotationConfigContextLoaderUtils : Could not detect default configuration classes for test class [com.uber.controller.AdminControllerTest$BuildAuditLogResponseTests]: BuildAuditLogResponseTests does not declare any static, non-private, non-final, nested classes annotated with @Configuration.
2026-01-01T16:52:10.115+08:00  INFO 13432 --- [ride-dispatch-server] [           main] .b.t.c.SpringBootTestContextBootstrapper : Found @SpringBootConfiguration com.uber.RideDispatchApplication for test class com.uber.controller.AdminControllerTest$BuildAuditLogResponseTests
[INFO] Tests run: 2, Failures: 0, Errors: 0, Skipped: 0, Time elapsed: 0.037 s -- in com.uber.controller.AdminControllerTest$BuildAuditLogResponseTests
[INFO] Running com.uber.controller.AdminControllerTest$BuildDriverSummaryTests
2026-01-01T16:52:10.143+08:00  INFO 13432 --- [ride-dispatch-server] [           main] t.c.s.AnnotationConfigContextLoaderUtils : Could not detect default configuration classes for test class [com.uber.controller.AdminControllerTest$BuildDriverSummaryTests]: BuildDriverSummaryTests does not declare any static, non-private, non-final, nested classes annotated with @Configuration.
2026-01-01T16:52:10.154+08:00  INFO 13432 --- [ride-dispatch-server] [           main] .b.t.c.SpringBootTestContextBootstrapper : Found @SpringBootConfiguration com.uber.RideDispatchApplication for test class com.uber.controller.AdminControllerTest$BuildDriverSummaryTests
[INFO] Tests run: 3, Failures: 0, Errors: 0, Skipped: 0, Time elapsed: 0.041 s -- in com.uber.controller.AdminControllerTest$BuildDriverSummaryTests
[INFO] Running com.uber.controller.AdminControllerTest$BuildOrderSummaryTests
2026-01-01T16:52:10.183+08:00  INFO 13432 --- [ride-dispatch-server] [           main] t.c.s.AnnotationConfigContextLoaderUtils : Could not detect default configuration classes for test class [com.uber.controller.AdminControllerTest$BuildOrderSummaryTests]: BuildOrderSummaryTests does not declare any static, non-private, non-final, nested classes annotated with @Configuration.
2026-01-01T16:52:10.194+08:00  INFO 13432 --- [ride-dispatch-server] [           main] .b.t.c.SpringBootTestContextBootstrapper : Found @SpringBootConfiguration com.uber.RideDispatchApplication for test class com.uber.controller.AdminControllerTest$BuildOrderSummaryTests
[INFO] Tests run: 3, Failures: 0, Errors: 0, Skipped: 0, Time elapsed: 0.037 s -- in com.uber.controller.AdminControllerTest$BuildOrderSummaryTests
[INFO] Running com.uber.controller.AdminControllerTest$ErrorResponsesTests
2026-01-01T16:52:10.223+08:00  INFO 13432 --- [ride-dispatch-server] [           main] t.c.s.AnnotationConfigContextLoaderUtils : Could not detect default configuration classes for test class [com.uber.controller.AdminControllerTest$ErrorResponsesTests]: ErrorResponsesTests does not declare any static, non-private, non-final, nested classes annotated with @Configuration.
2026-01-01T16:52:10.233+08:00  INFO 13432 --- [ride-dispatch-server] [           main] .b.t.c.SpringBootTestContextBootstrapper : Found @SpringBootConfiguration com.uber.RideDispatchApplication for test class com.uber.controller.AdminControllerTest$ErrorResponsesTests
2026-01-01T16:52:10.250+08:00 ERROR 13432 --- [ride-dispatch-server] [           main] c.uber.exception.GlobalExceptionHandler  : Unexpected error

java.lang.RuntimeException: unexpected
	at com.uber.service.OrderService.getAllOrders(OrderService.java:422) ~[classes/:na]
	at com.uber.controller.AdminController.getAllOrders(AdminController.java:54) ~[classes/:na]
	at java.base/jdk.internal.reflect.DirectMethodHandleAccessor.invoke(DirectMethodHandleAccessor.java:104) ~[na:na]
	at java.base/java.lang.reflect.Method.invoke(Method.java:565) ~[na:na]
	at org.springframework.web.method.support.InvocableHandlerMethod.doInvoke(InvocableHandlerMethod.java:257) ~[spring-web-6.2.1.jar:6.2.1]
	at org.springframework.web.method.support.InvocableHandlerMethod.invokeForRequest(InvocableHandlerMethod.java:190) ~[spring-web-6.2.1.jar:6.2.1]
	at org.springframework.web.servlet.mvc.method.annotation.ServletInvocableHandlerMethod.invokeAndHandle(ServletInvocableHandlerMethod.java:118) ~[spring-webmvc-6.2.1.jar:6.2.1]
	at org.springframework.web.servlet.mvc.method.annotation.RequestMappingHandlerAdapter.invokeHandlerMethod(RequestMappingHandlerAdapter.java:986) ~[spring-webmvc-6.2.1.jar:6.2.1]
	at org.springframework.web.servlet.mvc.method.annotation.RequestMappingHandlerAdapter.handleInternal(RequestMappingHandlerAdapter.java:891) ~[spring-webmvc-6.2.1.jar:6.2.1]
	at org.springframework.web.servlet.mvc.method.AbstractHandlerMethodAdapter.handle(AbstractHandlerMethodAdapter.java:87) ~[spring-webmvc-6.2.1.jar:6.2.1]
	at org.springframework.web.servlet.DispatcherServlet.doDispatch(DispatcherServlet.java:1088) ~[spring-webmvc-6.2.1.jar:6.2.1]
	at org.springframework.web.servlet.DispatcherServlet.doService(DispatcherServlet.java:978) ~[spring-webmvc-6.2.1.jar:6.2.1]
	at org.springframework.web.servlet.FrameworkServlet.processRequest(FrameworkServlet.java:1014) ~[spring-webmvc-6.2.1.jar:6.2.1]
	at org.springframework.web.servlet.FrameworkServlet.doGet(FrameworkServlet.java:903) ~[spring-webmvc-6.2.1.jar:6.2.1]
	at jakarta.servlet.http.HttpServlet.service(HttpServlet.java:564) ~[tomcat-embed-core-10.1.34.jar:6.0]
	at org.springframework.web.servlet.FrameworkServlet.service(FrameworkServlet.java:885) ~[spring-webmvc-6.2.1.jar:6.2.1]
	at org.springframework.test.web.servlet.TestDispatcherServlet.service(TestDispatcherServlet.java:72) ~[spring-test-6.2.1.jar:6.2.1]
	at jakarta.servlet.http.HttpServlet.service(HttpServlet.java:658) ~[tomcat-embed-core-10.1.34.jar:6.0]
	at org.springframework.mock.web.MockFilterChain$ServletFilterProxy.doFilter(MockFilterChain.java:165) ~[spring-test-6.2.1.jar:6.2.1]
	at org.springframework.mock.web.MockFilterChain.doFilter(MockFilterChain.java:132) ~[spring-test-6.2.1.jar:6.2.1]
	at org.springframework.web.filter.RequestContextFilter.doFilterInternal(RequestContextFilter.java:100) ~[spring-web-6.2.1.jar:6.2.1]
	at org.springframework.web.filter.OncePerRequestFilter.doFilter(OncePerRequestFilter.java:116) ~[spring-web-6.2.1.jar:6.2.1]
	at org.springframework.test.web.servlet.setup.MockMvcFilterDecorator.doFilter(MockMvcFilterDecorator.java:162) ~[spring-test-6.2.1.jar:6.2.1]
	at org.springframework.mock.web.MockFilterChain.doFilter(MockFilterChain.java:132) ~[spring-test-6.2.1.jar:6.2.1]
	at org.springframework.web.filter.FormContentFilter.doFilterInternal(FormContentFilter.java:93) ~[spring-web-6.2.1.jar:6.2.1]
	at org.springframework.web.filter.OncePerRequestFilter.doFilter(OncePerRequestFilter.java:116) ~[spring-web-6.2.1.jar:6.2.1]
	at org.springframework.test.web.servlet.setup.MockMvcFilterDecorator.doFilter(MockMvcFilterDecorator.java:162) ~[spring-test-6.2.1.jar:6.2.1]
	at org.springframework.mock.web.MockFilterChain.doFilter(MockFilterChain.java:132) ~[spring-test-6.2.1.jar:6.2.1]
	at org.springframework.web.filter.CharacterEncodingFilter.doFilterInternal(CharacterEncodingFilter.java:201) ~[spring-web-6.2.1.jar:6.2.1]
	at org.springframework.web.filter.OncePerRequestFilter.doFilter(OncePerRequestFilter.java:116) ~[spring-web-6.2.1.jar:6.2.1]
	at org.springframework.test.web.servlet.setup.MockMvcFilterDecorator.doFilter(MockMvcFilterDecorator.java:162) ~[spring-test-6.2.1.jar:6.2.1]
	at org.springframework.mock.web.MockFilterChain.doFilter(MockFilterChain.java:132) ~[spring-test-6.2.1.jar:6.2.1]
	at org.springframework.test.web.servlet.MockMvc.perform(MockMvc.java:201) ~[spring-test-6.2.1.jar:6.2.1]
	at com.uber.controller.AdminControllerTest$ErrorResponsesTests.getAllOrders_ServiceThrowsRuntimeException(AdminControllerTest.java:914) ~[test-classes/:na]
	at java.base/jdk.internal.reflect.DirectMethodHandleAccessor.invoke(DirectMethodHandleAccessor.java:104) ~[na:na]
	at java.base/java.lang.reflect.Method.invoke(Method.java:565) ~[na:na]
	at org.junit.platform.commons.util.ReflectionUtils.invokeMethod(ReflectionUtils.java:767) ~[junit-platform-commons-1.11.4.jar:1.11.4]
	at org.junit.jupiter.engine.execution.MethodInvocation.proceed(MethodInvocation.java:60) ~[junit-jupiter-engine-5.11.4.jar:5.11.4]
	at org.junit.jupiter.engine.execution.InvocationInterceptorChain$ValidatingInvocation.proceed(InvocationInterceptorChain.java:131) ~[junit-jupiter-engine-5.11.4.jar:5.11.4]
	at org.junit.jupiter.engine.extension.TimeoutExtension.intercept(TimeoutExtension.java:156) ~[junit-jupiter-engine-5.11.4.jar:5.11.4]
	at org.junit.jupiter.engine.extension.TimeoutExtension.interceptTestableMethod(TimeoutExtension.java:147) ~[junit-jupiter-engine-5.11.4.jar:5.11.4]
	at org.junit.jupiter.engine.extension.TimeoutExtension.interceptTestMethod(TimeoutExtension.java:86) ~[junit-jupiter-engine-5.11.4.jar:5.11.4]
	at org.junit.jupiter.engine.execution.InterceptingExecutableInvoker$ReflectiveInterceptorCall.lambda$ofVoidMethod$0(InterceptingExecutableInvoker.java:103) ~[junit-jupiter-engine-5.11.4.jar:5.11.4]
	at org.junit.jupiter.engine.execution.InterceptingExecutableInvoker.lambda$invoke$0(InterceptingExecutableInvoker.java:93) ~[junit-jupiter-engine-5.11.4.jar:5.11.4]
	at org.junit.jupiter.engine.execution.InvocationInterceptorChain$InterceptedInvocation.proceed(InvocationInterceptorChain.java:106) ~[junit-jupiter-engine-5.11.4.jar:5.11.4]
	at org.junit.jupiter.engine.execution.InvocationInterceptorChain.proceed(InvocationInterceptorChain.java:64) ~[junit-jupiter-engine-5.11.4.jar:5.11.4]
	at org.junit.jupiter.engine.execution.InvocationInterceptorChain.chainAndInvoke(InvocationInterceptorChain.java:45) ~[junit-jupiter-engine-5.11.4.jar:5.11.4]
	at org.junit.jupiter.engine.execution.InvocationInterceptorChain.invoke(InvocationInterceptorChain.java:37) ~[junit-jupiter-engine-5.11.4.jar:5.11.4]
	at org.junit.jupiter.engine.execution.InterceptingExecutableInvoker.invoke(InterceptingExecutableInvoker.java:92) ~[junit-jupiter-engine-5.11.4.jar:5.11.4]
	at org.junit.jupiter.engine.execution.InterceptingExecutableInvoker.invoke(InterceptingExecutableInvoker.java:86) ~[junit-jupiter-engine-5.11.4.jar:5.11.4]
	at org.junit.jupiter.engine.descriptor.TestMethodTestDescriptor.lambda$invokeTestMethod$8(TestMethodTestDescriptor.java:217) ~[junit-jupiter-engine-5.11.4.jar:5.11.4]
	at org.junit.platform.engine.support.hierarchical.ThrowableCollector.execute(ThrowableCollector.java:73) ~[junit-platform-engine-1.11.4.jar:1.11.4]
	at org.junit.jupiter.engine.descriptor.TestMethodTestDescriptor.invokeTestMethod(TestMethodTestDescriptor.java:213) ~[junit-jupiter-engine-5.11.4.jar:5.11.4]
	at org.junit.jupiter.engine.descriptor.TestMethodTestDescriptor.execute(TestMethodTestDescriptor.java:138) ~[junit-jupiter-engine-5.11.4.jar:5.11.4]
	at org.junit.jupiter.engine.descriptor.TestMethodTestDescriptor.execute(TestMethodTestDescriptor.java:68) ~[junit-jupiter-engine-5.11.4.jar:5.11.4]
	at org.junit.platform.engine.support.hierarchical.NodeTestTask.lambda$executeRecursively$6(NodeTestTask.java:156) ~[junit-platform-engine-1.11.4.jar:1.11.4]
	at org.junit.platform.engine.support.hierarchical.ThrowableCollector.execute(ThrowableCollector.java:73) ~[junit-platform-engine-1.11.4.jar:1.11.4]
	at org.junit.platform.engine.support.hierarchical.NodeTestTask.lambda$executeRecursively$8(NodeTestTask.java:146) ~[junit-platform-engine-1.11.4.jar:1.11.4]
	at org.junit.platform.engine.support.hierarchical.Node.around(Node.java:137) ~[junit-platform-engine-1.11.4.jar:1.11.4]
	at org.junit.platform.engine.support.hierarchical.NodeTestTask.lambda$executeRecursively$9(NodeTestTask.java:144) ~[junit-platform-engine-1.11.4.jar:1.11.4]
	at org.junit.platform.engine.support.hierarchical.ThrowableCollector.execute(ThrowableCollector.java:73) ~[junit-platform-engine-1.11.4.jar:1.11.4]
	at org.junit.platform.engine.support.hierarchical.NodeTestTask.executeRecursively(NodeTestTask.java:143) ~[junit-platform-engine-1.11.4.jar:1.11.4]
	at org.junit.platform.engine.support.hierarchical.NodeTestTask.execute(NodeTestTask.java:100) ~[junit-platform-engine-1.11.4.jar:1.11.4]
	at java.base/java.util.ArrayList.forEach(ArrayList.java:1604) ~[na:na]
	at org.junit.platform.engine.support.hierarchical.SameThreadHierarchicalTestExecutorService.invokeAll(SameThreadHierarchicalTestExecutorService.java:41) ~[junit-platform-engine-1.11.4.jar:1.11.4]
	at org.junit.platform.engine.support.hierarchical.NodeTestTask.lambda$executeRecursively$6(NodeTestTask.java:160) ~[junit-platform-engine-1.11.4.jar:1.11.4]
	at org.junit.platform.engine.support.hierarchical.ThrowableCollector.execute(ThrowableCollector.java:73) ~[junit-platform-engine-1.11.4.jar:1.11.4]
	at org.junit.platform.engine.support.hierarchical.NodeTestTask.lambda$executeRecursively$8(NodeTestTask.java:146) ~[junit-platform-engine-1.11.4.jar:1.11.4]
	at org.junit.platform.engine.support.hierarchical.Node.around(Node.java:137) ~[junit-platform-engine-1.11.4.jar:1.11.4]
	at org.junit.platform.engine.support.hierarchical.NodeTestTask.lambda$executeRecursively$9(NodeTestTask.java:144) ~[junit-platform-engine-1.11.4.jar:1.11.4]
	at org.junit.platform.engine.support.hierarchical.ThrowableCollector.execute(ThrowableCollector.java:73) ~[junit-platform-engine-1.11.4.jar:1.11.4]
	at org.junit.platform.engine.support.hierarchical.NodeTestTask.executeRecursively(NodeTestTask.java:143) ~[junit-platform-engine-1.11.4.jar:1.11.4]
	at org.junit.platform.engine.support.hierarchical.NodeTestTask.execute(NodeTestTask.java:100) ~[junit-platform-engine-1.11.4.jar:1.11.4]
	at java.base/java.util.ArrayList.forEach(ArrayList.java:1604) ~[na:na]
	at org.junit.platform.engine.support.hierarchical.SameThreadHierarchicalTestExecutorService.invokeAll(SameThreadHierarchicalTestExecutorService.java:41) ~[junit-platform-engine-1.11.4.jar:1.11.4]
	at org.junit.platform.engine.support.hierarchical.NodeTestTask.lambda$executeRecursively$6(NodeTestTask.java:160) ~[junit-platform-engine-1.11.4.jar:1.11.4]
	at org.junit.platform.engine.support.hierarchical.ThrowableCollector.execute(ThrowableCollector.java:73) ~[junit-platform-engine-1.11.4.jar:1.11.4]
	at org.junit.platform.engine.support.hierarchical.NodeTestTask.lambda$executeRecursively$8(NodeTestTask.java:146) ~[junit-platform-engine-1.11.4.jar:1.11.4]
	at org.junit.platform.engine.support.hierarchical.Node.around(Node.java:137) ~[junit-platform-engine-1.11.4.jar:1.11.4]
	at org.junit.platform.engine.support.hierarchical.NodeTestTask.lambda$executeRecursively$9(NodeTestTask.java:144) ~[junit-platform-engine-1.11.4.jar:1.11.4]
	at org.junit.platform.engine.support.hierarchical.ThrowableCollector.execute(ThrowableCollector.java:73) ~[junit-platform-engine-1.11.4.jar:1.11.4]
	at org.junit.platform.engine.support.hierarchical.NodeTestTask.executeRecursively(NodeTestTask.java:143) ~[junit-platform-engine-1.11.4.jar:1.11.4]
	at org.junit.platform.engine.support.hierarchical.NodeTestTask.execute(NodeTestTask.java:100) ~[junit-platform-engine-1.11.4.jar:1.11.4]
	at java.base/java.util.ArrayList.forEach(ArrayList.java:1604) ~[na:na]
	at org.junit.platform.engine.support.hierarchical.SameThreadHierarchicalTestExecutorService.invokeAll(SameThreadHierarchicalTestExecutorService.java:41) ~[junit-platform-engine-1.11.4.jar:1.11.4]
	at org.junit.platform.engine.support.hierarchical.NodeTestTask.lambda$executeRecursively$6(NodeTestTask.java:160) ~[junit-platform-engine-1.11.4.jar:1.11.4]
	at org.junit.platform.engine.support.hierarchical.ThrowableCollector.execute(ThrowableCollector.java:73) ~[junit-platform-engine-1.11.4.jar:1.11.4]
	at org.junit.platform.engine.support.hierarchical.NodeTestTask.lambda$executeRecursively$8(NodeTestTask.java:146) ~[junit-platform-engine-1.11.4.jar:1.11.4]
	at org.junit.platform.engine.support.hierarchical.Node.around(Node.java:137) ~[junit-platform-engine-1.11.4.jar:1.11.4]
	at org.junit.platform.engine.support.hierarchical.NodeTestTask.lambda$executeRecursively$9(NodeTestTask.java:144) ~[junit-platform-engine-1.11.4.jar:1.11.4]
	at org.junit.platform.engine.support.hierarchical.ThrowableCollector.execute(ThrowableCollector.java:73) ~[junit-platform-engine-1.11.4.jar:1.11.4]
	at org.junit.platform.engine.support.hierarchical.NodeTestTask.executeRecursively(NodeTestTask.java:143) ~[junit-platform-engine-1.11.4.jar:1.11.4]
	at org.junit.platform.engine.support.hierarchical.NodeTestTask.execute(NodeTestTask.java:100) ~[junit-platform-engine-1.11.4.jar:1.11.4]
	at org.junit.platform.engine.support.hierarchical.SameThreadHierarchicalTestExecutorService.submit(SameThreadHierarchicalTestExecutorService.java:35) ~[junit-platform-engine-1.11.4.jar:1.11.4]
	at org.junit.platform.engine.support.hierarchical.HierarchicalTestExecutor.execute(HierarchicalTestExecutor.java:57) ~[junit-platform-engine-1.11.4.jar:1.11.4]
	at org.junit.platform.engine.support.hierarchical.HierarchicalTestEngine.execute(HierarchicalTestEngine.java:54) ~[junit-platform-engine-1.11.4.jar:1.11.4]
	at org.junit.platform.launcher.core.EngineExecutionOrchestrator.execute(EngineExecutionOrchestrator.java:198) ~[junit-platform-launcher-1.11.4.jar:1.11.4]
	at org.junit.platform.launcher.core.EngineExecutionOrchestrator.execute(EngineExecutionOrchestrator.java:169) ~[junit-platform-launcher-1.11.4.jar:1.11.4]
	at org.junit.platform.launcher.core.EngineExecutionOrchestrator.execute(EngineExecutionOrchestrator.java:93) ~[junit-platform-launcher-1.11.4.jar:1.11.4]
	at org.junit.platform.launcher.core.EngineExecutionOrchestrator.lambda$execute$0(EngineExecutionOrchestrator.java:58) ~[junit-platform-launcher-1.11.4.jar:1.11.4]
	at org.junit.platform.launcher.core.EngineExecutionOrchestrator.withInterceptedStreams(EngineExecutionOrchestrator.java:141) ~[junit-platform-launcher-1.11.4.jar:1.11.4]
	at org.junit.platform.launcher.core.EngineExecutionOrchestrator.execute(EngineExecutionOrchestrator.java:57) ~[junit-platform-launcher-1.11.4.jar:1.11.4]
	at org.junit.platform.launcher.core.DefaultLauncher.execute(DefaultLauncher.java:103) ~[junit-platform-launcher-1.11.4.jar:1.11.4]
	at org.junit.platform.launcher.core.DefaultLauncher.execute(DefaultLauncher.java:85) ~[junit-platform-launcher-1.11.4.jar:1.11.4]
	at org.junit.platform.launcher.core.DelegatingLauncher.execute(DelegatingLauncher.java:47) ~[junit-platform-launcher-1.11.4.jar:1.11.4]
	at org.apache.maven.surefire.junitplatform.LazyLauncher.execute(LazyLauncher.java:56) ~[surefire-junit-platform-3.2.5.jar:3.2.5]
	at org.apache.maven.surefire.junitplatform.JUnitPlatformProvider.execute(JUnitPlatformProvider.java:184) ~[surefire-junit-platform-3.2.5.jar:3.2.5]
	at org.apache.maven.surefire.junitplatform.JUnitPlatformProvider.invokeAllTests(JUnitPlatformProvider.java:148) ~[surefire-junit-platform-3.2.5.jar:3.2.5]
	at org.apache.maven.surefire.junitplatform.JUnitPlatformProvider.invoke(JUnitPlatformProvider.java:122) ~[surefire-junit-platform-3.2.5.jar:3.2.5]
	at org.apache.maven.surefire.booter.ForkedBooter.runSuitesInProcess(ForkedBooter.java:385) ~[surefire-booter-3.2.5.jar:3.2.5]
	at org.apache.maven.surefire.booter.ForkedBooter.execute(ForkedBooter.java:162) ~[surefire-booter-3.2.5.jar:3.2.5]
	at org.apache.maven.surefire.booter.ForkedBooter.run(ForkedBooter.java:507) ~[surefire-booter-3.2.5.jar:3.2.5]
	at org.apache.maven.surefire.booter.ForkedBooter.main(ForkedBooter.java:495) ~[surefire-booter-3.2.5.jar:3.2.5]

2026-01-01T16:52:10.270+08:00 ERROR 13432 --- [ride-dispatch-server] [           main] c.uber.exception.GlobalExceptionHandler  : Unexpected error

java.lang.RuntimeException: boom
	at com.uber.service.DriverService.getAllDrivers(DriverService.java:217) ~[classes/:na]
	at com.uber.controller.AdminController.getAllDrivers(AdminController.java:114) ~[classes/:na]
	at java.base/jdk.internal.reflect.DirectMethodHandleAccessor.invoke(DirectMethodHandleAccessor.java:104) ~[na:na]
	at java.base/java.lang.reflect.Method.invoke(Method.java:565) ~[na:na]
	at org.springframework.web.method.support.InvocableHandlerMethod.doInvoke(InvocableHandlerMethod.java:257) ~[spring-web-6.2.1.jar:6.2.1]
	at org.springframework.web.method.support.InvocableHandlerMethod.invokeForRequest(InvocableHandlerMethod.java:190) ~[spring-web-6.2.1.jar:6.2.1]
	at org.springframework.web.servlet.mvc.method.annotation.ServletInvocableHandlerMethod.invokeAndHandle(ServletInvocableHandlerMethod.java:118) ~[spring-webmvc-6.2.1.jar:6.2.1]
	at org.springframework.web.servlet.mvc.method.annotation.RequestMappingHandlerAdapter.invokeHandlerMethod(RequestMappingHandlerAdapter.java:986) ~[spring-webmvc-6.2.1.jar:6.2.1]
	at org.springframework.web.servlet.mvc.method.annotation.RequestMappingHandlerAdapter.handleInternal(RequestMappingHandlerAdapter.java:891) ~[spring-webmvc-6.2.1.jar:6.2.1]
	at org.springframework.web.servlet.mvc.method.AbstractHandlerMethodAdapter.handle(AbstractHandlerMethodAdapter.java:87) ~[spring-webmvc-6.2.1.jar:6.2.1]
	at org.springframework.web.servlet.DispatcherServlet.doDispatch(DispatcherServlet.java:1088) ~[spring-webmvc-6.2.1.jar:6.2.1]
	at org.springframework.web.servlet.DispatcherServlet.doService(DispatcherServlet.java:978) ~[spring-webmvc-6.2.1.jar:6.2.1]
	at org.springframework.web.servlet.FrameworkServlet.processRequest(FrameworkServlet.java:1014) ~[spring-webmvc-6.2.1.jar:6.2.1]
	at org.springframework.web.servlet.FrameworkServlet.doGet(FrameworkServlet.java:903) ~[spring-webmvc-6.2.1.jar:6.2.1]
	at jakarta.servlet.http.HttpServlet.service(HttpServlet.java:564) ~[tomcat-embed-core-10.1.34.jar:6.0]
	at org.springframework.web.servlet.FrameworkServlet.service(FrameworkServlet.java:885) ~[spring-webmvc-6.2.1.jar:6.2.1]
	at org.springframework.test.web.servlet.TestDispatcherServlet.service(TestDispatcherServlet.java:72) ~[spring-test-6.2.1.jar:6.2.1]
	at jakarta.servlet.http.HttpServlet.service(HttpServlet.java:658) ~[tomcat-embed-core-10.1.34.jar:6.0]
	at org.springframework.mock.web.MockFilterChain$ServletFilterProxy.doFilter(MockFilterChain.java:165) ~[spring-test-6.2.1.jar:6.2.1]
	at org.springframework.mock.web.MockFilterChain.doFilter(MockFilterChain.java:132) ~[spring-test-6.2.1.jar:6.2.1]
	at org.springframework.web.filter.RequestContextFilter.doFilterInternal(RequestContextFilter.java:100) ~[spring-web-6.2.1.jar:6.2.1]
	at org.springframework.web.filter.OncePerRequestFilter.doFilter(OncePerRequestFilter.java:116) ~[spring-web-6.2.1.jar:6.2.1]
	at org.springframework.test.web.servlet.setup.MockMvcFilterDecorator.doFilter(MockMvcFilterDecorator.java:162) ~[spring-test-6.2.1.jar:6.2.1]
	at org.springframework.mock.web.MockFilterChain.doFilter(MockFilterChain.java:132) ~[spring-test-6.2.1.jar:6.2.1]
	at org.springframework.web.filter.FormContentFilter.doFilterInternal(FormContentFilter.java:93) ~[spring-web-6.2.1.jar:6.2.1]
	at org.springframework.web.filter.OncePerRequestFilter.doFilter(OncePerRequestFilter.java:116) ~[spring-web-6.2.1.jar:6.2.1]
	at org.springframework.test.web.servlet.setup.MockMvcFilterDecorator.doFilter(MockMvcFilterDecorator.java:162) ~[spring-test-6.2.1.jar:6.2.1]
	at org.springframework.mock.web.MockFilterChain.doFilter(MockFilterChain.java:132) ~[spring-test-6.2.1.jar:6.2.1]
	at org.springframework.web.filter.CharacterEncodingFilter.doFilterInternal(CharacterEncodingFilter.java:201) ~[spring-web-6.2.1.jar:6.2.1]
	at org.springframework.web.filter.OncePerRequestFilter.doFilter(OncePerRequestFilter.java:116) ~[spring-web-6.2.1.jar:6.2.1]
	at org.springframework.test.web.servlet.setup.MockMvcFilterDecorator.doFilter(MockMvcFilterDecorator.java:162) ~[spring-test-6.2.1.jar:6.2.1]
	at org.springframework.mock.web.MockFilterChain.doFilter(MockFilterChain.java:132) ~[spring-test-6.2.1.jar:6.2.1]
	at org.springframework.test.web.servlet.MockMvc.perform(MockMvc.java:201) ~[spring-test-6.2.1.jar:6.2.1]
	at com.uber.controller.AdminControllerTest$ErrorResponsesTests.getAllDrivers_ServiceThrowsRuntimeException(AdminControllerTest.java:923) ~[test-classes/:na]
	at java.base/jdk.internal.reflect.DirectMethodHandleAccessor.invoke(DirectMethodHandleAccessor.java:104) ~[na:na]
	at java.base/java.lang.reflect.Method.invoke(Method.java:565) ~[na:na]
	at org.junit.platform.commons.util.ReflectionUtils.invokeMethod(ReflectionUtils.java:767) ~[junit-platform-commons-1.11.4.jar:1.11.4]
	at org.junit.jupiter.engine.execution.MethodInvocation.proceed(MethodInvocation.java:60) ~[junit-jupiter-engine-5.11.4.jar:5.11.4]
	at org.junit.jupiter.engine.execution.InvocationInterceptorChain$ValidatingInvocation.proceed(InvocationInterceptorChain.java:131) ~[junit-jupiter-engine-5.11.4.jar:5.11.4]
	at org.junit.jupiter.engine.extension.TimeoutExtension.intercept(TimeoutExtension.java:156) ~[junit-jupiter-engine-5.11.4.jar:5.11.4]
	at org.junit.jupiter.engine.extension.TimeoutExtension.interceptTestableMethod(TimeoutExtension.java:147) ~[junit-jupiter-engine-5.11.4.jar:5.11.4]
	at org.junit.jupiter.engine.extension.TimeoutExtension.interceptTestMethod(TimeoutExtension.java:86) ~[junit-jupiter-engine-5.11.4.jar:5.11.4]
	at org.junit.jupiter.engine.execution.InterceptingExecutableInvoker$ReflectiveInterceptorCall.lambda$ofVoidMethod$0(InterceptingExecutableInvoker.java:103) ~[junit-jupiter-engine-5.11.4.jar:5.11.4]
	at org.junit.jupiter.engine.execution.InterceptingExecutableInvoker.lambda$invoke$0(InterceptingExecutableInvoker.java:93) ~[junit-jupiter-engine-5.11.4.jar:5.11.4]
	at org.junit.jupiter.engine.execution.InvocationInterceptorChain$InterceptedInvocation.proceed(InvocationInterceptorChain.java:106) ~[junit-jupiter-engine-5.11.4.jar:5.11.4]
	at org.junit.jupiter.engine.execution.InvocationInterceptorChain.proceed(InvocationInterceptorChain.java:64) ~[junit-jupiter-engine-5.11.4.jar:5.11.4]
	at org.junit.jupiter.engine.execution.InvocationInterceptorChain.chainAndInvoke(InvocationInterceptorChain.java:45) ~[junit-jupiter-engine-5.11.4.jar:5.11.4]
	at org.junit.jupiter.engine.execution.InvocationInterceptorChain.invoke(InvocationInterceptorChain.java:37) ~[junit-jupiter-engine-5.11.4.jar:5.11.4]
	at org.junit.jupiter.engine.execution.InterceptingExecutableInvoker.invoke(InterceptingExecutableInvoker.java:92) ~[junit-jupiter-engine-5.11.4.jar:5.11.4]
	at org.junit.jupiter.engine.execution.InterceptingExecutableInvoker.invoke(InterceptingExecutableInvoker.java:86) ~[junit-jupiter-engine-5.11.4.jar:5.11.4]
	at org.junit.jupiter.engine.descriptor.TestMethodTestDescriptor.lambda$invokeTestMethod$8(TestMethodTestDescriptor.java:217) ~[junit-jupiter-engine-5.11.4.jar:5.11.4]
	at org.junit.platform.engine.support.hierarchical.ThrowableCollector.execute(ThrowableCollector.java:73) ~[junit-platform-engine-1.11.4.jar:1.11.4]
	at org.junit.jupiter.engine.descriptor.TestMethodTestDescriptor.invokeTestMethod(TestMethodTestDescriptor.java:213) ~[junit-jupiter-engine-5.11.4.jar:5.11.4]
	at org.junit.jupiter.engine.descriptor.TestMethodTestDescriptor.execute(TestMethodTestDescriptor.java:138) ~[junit-jupiter-engine-5.11.4.jar:5.11.4]
	at org.junit.jupiter.engine.descriptor.TestMethodTestDescriptor.execute(TestMethodTestDescriptor.java:68) ~[junit-jupiter-engine-5.11.4.jar:5.11.4]
	at org.junit.platform.engine.support.hierarchical.NodeTestTask.lambda$executeRecursively$6(NodeTestTask.java:156) ~[junit-platform-engine-1.11.4.jar:1.11.4]
	at org.junit.platform.engine.support.hierarchical.ThrowableCollector.execute(ThrowableCollector.java:73) ~[junit-platform-engine-1.11.4.jar:1.11.4]
	at org.junit.platform.engine.support.hierarchical.NodeTestTask.lambda$executeRecursively$8(NodeTestTask.java:146) ~[junit-platform-engine-1.11.4.jar:1.11.4]
	at org.junit.platform.engine.support.hierarchical.Node.around(Node.java:137) ~[junit-platform-engine-1.11.4.jar:1.11.4]
	at org.junit.platform.engine.support.hierarchical.NodeTestTask.lambda$executeRecursively$9(NodeTestTask.java:144) ~[junit-platform-engine-1.11.4.jar:1.11.4]
	at org.junit.platform.engine.support.hierarchical.ThrowableCollector.execute(ThrowableCollector.java:73) ~[junit-platform-engine-1.11.4.jar:1.11.4]
	at org.junit.platform.engine.support.hierarchical.NodeTestTask.executeRecursively(NodeTestTask.java:143) ~[junit-platform-engine-1.11.4.jar:1.11.4]
	at org.junit.platform.engine.support.hierarchical.NodeTestTask.execute(NodeTestTask.java:100) ~[junit-platform-engine-1.11.4.jar:1.11.4]
	at java.base/java.util.ArrayList.forEach(ArrayList.java:1604) ~[na:na]
	at org.junit.platform.engine.support.hierarchical.SameThreadHierarchicalTestExecutorService.invokeAll(SameThreadHierarchicalTestExecutorService.java:41) ~[junit-platform-engine-1.11.4.jar:1.11.4]
	at org.junit.platform.engine.support.hierarchical.NodeTestTask.lambda$executeRecursively$6(NodeTestTask.java:160) ~[junit-platform-engine-1.11.4.jar:1.11.4]
	at org.junit.platform.engine.support.hierarchical.ThrowableCollector.execute(ThrowableCollector.java:73) ~[junit-platform-engine-1.11.4.jar:1.11.4]
	at org.junit.platform.engine.support.hierarchical.NodeTestTask.lambda$executeRecursively$8(NodeTestTask.java:146) ~[junit-platform-engine-1.11.4.jar:1.11.4]
	at org.junit.platform.engine.support.hierarchical.Node.around(Node.java:137) ~[junit-platform-engine-1.11.4.jar:1.11.4]
	at org.junit.platform.engine.support.hierarchical.NodeTestTask.lambda$executeRecursively$9(NodeTestTask.java:144) ~[junit-platform-engine-1.11.4.jar:1.11.4]
	at org.junit.platform.engine.support.hierarchical.ThrowableCollector.execute(ThrowableCollector.java:73) ~[junit-platform-engine-1.11.4.jar:1.11.4]
	at org.junit.platform.engine.support.hierarchical.NodeTestTask.executeRecursively(NodeTestTask.java:143) ~[junit-platform-engine-1.11.4.jar:1.11.4]
	at org.junit.platform.engine.support.hierarchical.NodeTestTask.execute(NodeTestTask.java:100) ~[junit-platform-engine-1.11.4.jar:1.11.4]
	at java.base/java.util.ArrayList.forEach(ArrayList.java:1604) ~[na:na]
	at org.junit.platform.engine.support.hierarchical.SameThreadHierarchicalTestExecutorService.invokeAll(SameThreadHierarchicalTestExecutorService.java:41) ~[junit-platform-engine-1.11.4.jar:1.11.4]
	at org.junit.platform.engine.support.hierarchical.NodeTestTask.lambda$executeRecursively$6(NodeTestTask.java:160) ~[junit-platform-engine-1.11.4.jar:1.11.4]
	at org.junit.platform.engine.support.hierarchical.ThrowableCollector.execute(ThrowableCollector.java:73) ~[junit-platform-engine-1.11.4.jar:1.11.4]
	at org.junit.platform.engine.support.hierarchical.NodeTestTask.lambda$executeRecursively$8(NodeTestTask.java:146) ~[junit-platform-engine-1.11.4.jar:1.11.4]
	at org.junit.platform.engine.support.hierarchical.Node.around(Node.java:137) ~[junit-platform-engine-1.11.4.jar:1.11.4]
	at org.junit.platform.engine.support.hierarchical.NodeTestTask.lambda$executeRecursively$9(NodeTestTask.java:144) ~[junit-platform-engine-1.11.4.jar:1.11.4]
	at org.junit.platform.engine.support.hierarchical.ThrowableCollector.execute(ThrowableCollector.java:73) ~[junit-platform-engine-1.11.4.jar:1.11.4]
	at org.junit.platform.engine.support.hierarchical.NodeTestTask.executeRecursively(NodeTestTask.java:143) ~[junit-platform-engine-1.11.4.jar:1.11.4]
	at org.junit.platform.engine.support.hierarchical.NodeTestTask.execute(NodeTestTask.java:100) ~[junit-platform-engine-1.11.4.jar:1.11.4]
	at java.base/java.util.ArrayList.forEach(ArrayList.java:1604) ~[na:na]
	at org.junit.platform.engine.support.hierarchical.SameThreadHierarchicalTestExecutorService.invokeAll(SameThreadHierarchicalTestExecutorService.java:41) ~[junit-platform-engine-1.11.4.jar:1.11.4]
	at org.junit.platform.engine.support.hierarchical.NodeTestTask.lambda$executeRecursively$6(NodeTestTask.java:160) ~[junit-platform-engine-1.11.4.jar:1.11.4]
	at org.junit.platform.engine.support.hierarchical.ThrowableCollector.execute(ThrowableCollector.java:73) ~[junit-platform-engine-1.11.4.jar:1.11.4]
	at org.junit.platform.engine.support.hierarchical.NodeTestTask.lambda$executeRecursively$8(NodeTestTask.java:146) ~[junit-platform-engine-1.11.4.jar:1.11.4]
	at org.junit.platform.engine.support.hierarchical.Node.around(Node.java:137) ~[junit-platform-engine-1.11.4.jar:1.11.4]
	at org.junit.platform.engine.support.hierarchical.NodeTestTask.lambda$executeRecursively$9(NodeTestTask.java:144) ~[junit-platform-engine-1.11.4.jar:1.11.4]
	at org.junit.platform.engine.support.hierarchical.ThrowableCollector.execute(ThrowableCollector.java:73) ~[junit-platform-engine-1.11.4.jar:1.11.4]
	at org.junit.platform.engine.support.hierarchical.NodeTestTask.executeRecursively(NodeTestTask.java:143) ~[junit-platform-engine-1.11.4.jar:1.11.4]
	at org.junit.platform.engine.support.hierarchical.NodeTestTask.execute(NodeTestTask.java:100) ~[junit-platform-engine-1.11.4.jar:1.11.4]
	at org.junit.platform.engine.support.hierarchical.SameThreadHierarchicalTestExecutorService.submit(SameThreadHierarchicalTestExecutorService.java:35) ~[junit-platform-engine-1.11.4.jar:1.11.4]
	at org.junit.platform.engine.support.hierarchical.HierarchicalTestExecutor.execute(HierarchicalTestExecutor.java:57) ~[junit-platform-engine-1.11.4.jar:1.11.4]
	at org.junit.platform.engine.support.hierarchical.HierarchicalTestEngine.execute(HierarchicalTestEngine.java:54) ~[junit-platform-engine-1.11.4.jar:1.11.4]
	at org.junit.platform.launcher.core.EngineExecutionOrchestrator.execute(EngineExecutionOrchestrator.java:198) ~[junit-platform-launcher-1.11.4.jar:1.11.4]
	at org.junit.platform.launcher.core.EngineExecutionOrchestrator.execute(EngineExecutionOrchestrator.java:169) ~[junit-platform-launcher-1.11.4.jar:1.11.4]
	at org.junit.platform.launcher.core.EngineExecutionOrchestrator.execute(EngineExecutionOrchestrator.java:93) ~[junit-platform-launcher-1.11.4.jar:1.11.4]
	at org.junit.platform.launcher.core.EngineExecutionOrchestrator.lambda$execute$0(EngineExecutionOrchestrator.java:58) ~[junit-platform-launcher-1.11.4.jar:1.11.4]
	at org.junit.platform.launcher.core.EngineExecutionOrchestrator.withInterceptedStreams(EngineExecutionOrchestrator.java:141) ~[junit-platform-launcher-1.11.4.jar:1.11.4]
	at org.junit.platform.launcher.core.EngineExecutionOrchestrator.execute(EngineExecutionOrchestrator.java:57) ~[junit-platform-launcher-1.11.4.jar:1.11.4]
	at org.junit.platform.launcher.core.DefaultLauncher.execute(DefaultLauncher.java:103) ~[junit-platform-launcher-1.11.4.jar:1.11.4]
	at org.junit.platform.launcher.core.DefaultLauncher.execute(DefaultLauncher.java:85) ~[junit-platform-launcher-1.11.4.jar:1.11.4]
	at org.junit.platform.launcher.core.DelegatingLauncher.execute(DelegatingLauncher.java:47) ~[junit-platform-launcher-1.11.4.jar:1.11.4]
	at org.apache.maven.surefire.junitplatform.LazyLauncher.execute(LazyLauncher.java:56) ~[surefire-junit-platform-3.2.5.jar:3.2.5]
	at org.apache.maven.surefire.junitplatform.JUnitPlatformProvider.execute(JUnitPlatformProvider.java:184) ~[surefire-junit-platform-3.2.5.jar:3.2.5]
	at org.apache.maven.surefire.junitplatform.JUnitPlatformProvider.invokeAllTests(JUnitPlatformProvider.java:148) ~[surefire-junit-platform-3.2.5.jar:3.2.5]
	at org.apache.maven.surefire.junitplatform.JUnitPlatformProvider.invoke(JUnitPlatformProvider.java:122) ~[surefire-junit-platform-3.2.5.jar:3.2.5]
	at org.apache.maven.surefire.booter.ForkedBooter.runSuitesInProcess(ForkedBooter.java:385) ~[surefire-booter-3.2.5.jar:3.2.5]
	at org.apache.maven.surefire.booter.ForkedBooter.execute(ForkedBooter.java:162) ~[surefire-booter-3.2.5.jar:3.2.5]
	at org.apache.maven.surefire.booter.ForkedBooter.run(ForkedBooter.java:507) ~[surefire-booter-3.2.5.jar:3.2.5]
	at org.apache.maven.surefire.booter.ForkedBooter.main(ForkedBooter.java:495) ~[surefire-booter-3.2.5.jar:3.2.5]

2026-01-01T16:52:10.478+08:00 ERROR 13432 --- [ride-dispatch-server] [           main] c.uber.exception.GlobalExceptionHandler  : Unexpected error

java.lang.RuntimeException: update failed
	at com.uber.service.FareService.updateRatePlan(FareService.java:89) ~[classes/:na]
	at com.uber.controller.AdminController.updateRatePlan(AdminController.java:209) ~[classes/:na]
	at java.base/jdk.internal.reflect.DirectMethodHandleAccessor.invoke(DirectMethodHandleAccessor.java:104) ~[na:na]
	at java.base/java.lang.reflect.Method.invoke(Method.java:565) ~[na:na]
	at org.springframework.web.method.support.InvocableHandlerMethod.doInvoke(InvocableHandlerMethod.java:257) ~[spring-web-6.2.1.jar:6.2.1]
	at org.springframework.web.method.support.InvocableHandlerMethod.invokeForRequest(InvocableHandlerMethod.java:190) ~[spring-web-6.2.1.jar:6.2.1]
	at org.springframework.web.servlet.mvc.method.annotation.ServletInvocableHandlerMethod.invokeAndHandle(ServletInvocableHandlerMethod.java:118) ~[spring-webmvc-6.2.1.jar:6.2.1]
	at org.springframework.web.servlet.mvc.method.annotation.RequestMappingHandlerAdapter.invokeHandlerMethod(RequestMappingHandlerAdapter.java:986) ~[spring-webmvc-6.2.1.jar:6.2.1]
	at org.springframework.web.servlet.mvc.method.annotation.RequestMappingHandlerAdapter.handleInternal(RequestMappingHandlerAdapter.java:891) ~[spring-webmvc-6.2.1.jar:6.2.1]
	at org.springframework.web.servlet.mvc.method.AbstractHandlerMethodAdapter.handle(AbstractHandlerMethodAdapter.java:87) ~[spring-webmvc-6.2.1.jar:6.2.1]
	at org.springframework.web.servlet.DispatcherServlet.doDispatch(DispatcherServlet.java:1088) ~[spring-webmvc-6.2.1.jar:6.2.1]
	at org.springframework.web.servlet.DispatcherServlet.doService(DispatcherServlet.java:978) ~[spring-webmvc-6.2.1.jar:6.2.1]
	at org.springframework.web.servlet.FrameworkServlet.processRequest(FrameworkServlet.java:1014) ~[spring-webmvc-6.2.1.jar:6.2.1]
	at org.springframework.web.servlet.FrameworkServlet.doPut(FrameworkServlet.java:925) ~[spring-webmvc-6.2.1.jar:6.2.1]
	at jakarta.servlet.http.HttpServlet.service(HttpServlet.java:593) ~[tomcat-embed-core-10.1.34.jar:6.0]
	at org.springframework.web.servlet.FrameworkServlet.service(FrameworkServlet.java:885) ~[spring-webmvc-6.2.1.jar:6.2.1]
	at org.springframework.test.web.servlet.TestDispatcherServlet.service(TestDispatcherServlet.java:72) ~[spring-test-6.2.1.jar:6.2.1]
	at jakarta.servlet.http.HttpServlet.service(HttpServlet.java:658) ~[tomcat-embed-core-10.1.34.jar:6.0]
	at org.springframework.mock.web.MockFilterChain$ServletFilterProxy.doFilter(MockFilterChain.java:165) ~[spring-test-6.2.1.jar:6.2.1]
	at org.springframework.mock.web.MockFilterChain.doFilter(MockFilterChain.java:132) ~[spring-test-6.2.1.jar:6.2.1]
	at org.springframework.web.filter.RequestContextFilter.doFilterInternal(RequestContextFilter.java:100) ~[spring-web-6.2.1.jar:6.2.1]
	at org.springframework.web.filter.OncePerRequestFilter.doFilter(OncePerRequestFilter.java:116) ~[spring-web-6.2.1.jar:6.2.1]
	at org.springframework.test.web.servlet.setup.MockMvcFilterDecorator.doFilter(MockMvcFilterDecorator.java:162) ~[spring-test-6.2.1.jar:6.2.1]
	at org.springframework.mock.web.MockFilterChain.doFilter(MockFilterChain.java:132) ~[spring-test-6.2.1.jar:6.2.1]
	at org.springframework.web.filter.FormContentFilter.doFilterInternal(FormContentFilter.java:93) ~[spring-web-6.2.1.jar:6.2.1]
	at org.springframework.web.filter.OncePerRequestFilter.doFilter(OncePerRequestFilter.java:116) ~[spring-web-6.2.1.jar:6.2.1]
	at org.springframework.test.web.servlet.setup.MockMvcFilterDecorator.doFilter(MockMvcFilterDecorator.java:162) ~[spring-test-6.2.1.jar:6.2.1]
	at org.springframework.mock.web.MockFilterChain.doFilter(MockFilterChain.java:132) ~[spring-test-6.2.1.jar:6.2.1]
	at org.springframework.web.filter.CharacterEncodingFilter.doFilterInternal(CharacterEncodingFilter.java:201) ~[spring-web-6.2.1.jar:6.2.1]
	at org.springframework.web.filter.OncePerRequestFilter.doFilter(OncePerRequestFilter.java:116) ~[spring-web-6.2.1.jar:6.2.1]
	at org.springframework.test.web.servlet.setup.MockMvcFilterDecorator.doFilter(MockMvcFilterDecorator.java:162) ~[spring-test-6.2.1.jar:6.2.1]
	at org.springframework.mock.web.MockFilterChain.doFilter(MockFilterChain.java:132) ~[spring-test-6.2.1.jar:6.2.1]
	at org.springframework.test.web.servlet.MockMvc.perform(MockMvc.java:201) ~[spring-test-6.2.1.jar:6.2.1]
	at com.uber.controller.AdminControllerTest$ErrorResponsesTests.updateRatePlan_ServiceThrowsRuntimeException(AdminControllerTest.java:938) ~[test-classes/:na]
	at java.base/jdk.internal.reflect.DirectMethodHandleAccessor.invoke(DirectMethodHandleAccessor.java:104) ~[na:na]
	at java.base/java.lang.reflect.Method.invoke(Method.java:565) ~[na:na]
	at org.junit.platform.commons.util.ReflectionUtils.invokeMethod(ReflectionUtils.java:767) ~[junit-platform-commons-1.11.4.jar:1.11.4]
	at org.junit.jupiter.engine.execution.MethodInvocation.proceed(MethodInvocation.java:60) ~[junit-jupiter-engine-5.11.4.jar:5.11.4]
	at org.junit.jupiter.engine.execution.InvocationInterceptorChain$ValidatingInvocation.proceed(InvocationInterceptorChain.java:131) ~[junit-jupiter-engine-5.11.4.jar:5.11.4]
	at org.junit.jupiter.engine.extension.TimeoutExtension.intercept(TimeoutExtension.java:156) ~[junit-jupiter-engine-5.11.4.jar:5.11.4]
	at org.junit.jupiter.engine.extension.TimeoutExtension.interceptTestableMethod(TimeoutExtension.java:147) ~[junit-jupiter-engine-5.11.4.jar:5.11.4]
	at org.junit.jupiter.engine.extension.TimeoutExtension.interceptTestMethod(TimeoutExtension.java:86) ~[junit-jupiter-engine-5.11.4.jar:5.11.4]
	at org.junit.jupiter.engine.execution.InterceptingExecutableInvoker$ReflectiveInterceptorCall.lambda$ofVoidMethod$0(InterceptingExecutableInvoker.java:103) ~[junit-jupiter-engine-5.11.4.jar:5.11.4]
	at org.junit.jupiter.engine.execution.InterceptingExecutableInvoker.lambda$invoke$0(InterceptingExecutableInvoker.java:93) ~[junit-jupiter-engine-5.11.4.jar:5.11.4]
	at org.junit.jupiter.engine.execution.InvocationInterceptorChain$InterceptedInvocation.proceed(InvocationInterceptorChain.java:106) ~[junit-jupiter-engine-5.11.4.jar:5.11.4]
	at org.junit.jupiter.engine.execution.InvocationInterceptorChain.proceed(InvocationInterceptorChain.java:64) ~[junit-jupiter-engine-5.11.4.jar:5.11.4]
	at org.junit.jupiter.engine.execution.InvocationInterceptorChain.chainAndInvoke(InvocationInterceptorChain.java:45) ~[junit-jupiter-engine-5.11.4.jar:5.11.4]
	at org.junit.jupiter.engine.execution.InvocationInterceptorChain.invoke(InvocationInterceptorChain.java:37) ~[junit-jupiter-engine-5.11.4.jar:5.11.4]
	at org.junit.jupiter.engine.execution.InterceptingExecutableInvoker.invoke(InterceptingExecutableInvoker.java:92) ~[junit-jupiter-engine-5.11.4.jar:5.11.4]
	at org.junit.jupiter.engine.execution.InterceptingExecutableInvoker.invoke(InterceptingExecutableInvoker.java:86) ~[junit-jupiter-engine-5.11.4.jar:5.11.4]
	at org.junit.jupiter.engine.descriptor.TestMethodTestDescriptor.lambda$invokeTestMethod$8(TestMethodTestDescriptor.java:217) ~[junit-jupiter-engine-5.11.4.jar:5.11.4]
	at org.junit.platform.engine.support.hierarchical.ThrowableCollector.execute(ThrowableCollector.java:73) ~[junit-platform-engine-1.11.4.jar:1.11.4]
	at org.junit.jupiter.engine.descriptor.TestMethodTestDescriptor.invokeTestMethod(TestMethodTestDescriptor.java:213) ~[junit-jupiter-engine-5.11.4.jar:5.11.4]
	at org.junit.jupiter.engine.descriptor.TestMethodTestDescriptor.execute(TestMethodTestDescriptor.java:138) ~[junit-jupiter-engine-5.11.4.jar:5.11.4]
	at org.junit.jupiter.engine.descriptor.TestMethodTestDescriptor.execute(TestMethodTestDescriptor.java:68) ~[junit-jupiter-engine-5.11.4.jar:5.11.4]
	at org.junit.platform.engine.support.hierarchical.NodeTestTask.lambda$executeRecursively$6(NodeTestTask.java:156) ~[junit-platform-engine-1.11.4.jar:1.11.4]
	at org.junit.platform.engine.support.hierarchical.ThrowableCollector.execute(ThrowableCollector.java:73) ~[junit-platform-engine-1.11.4.jar:1.11.4]
	at org.junit.platform.engine.support.hierarchical.NodeTestTask.lambda$executeRecursively$8(NodeTestTask.java:146) ~[junit-platform-engine-1.11.4.jar:1.11.4]
	at org.junit.platform.engine.support.hierarchical.Node.around(Node.java:137) ~[junit-platform-engine-1.11.4.jar:1.11.4]
	at org.junit.platform.engine.support.hierarchical.NodeTestTask.lambda$executeRecursively$9(NodeTestTask.java:144) ~[junit-platform-engine-1.11.4.jar:1.11.4]
	at org.junit.platform.engine.support.hierarchical.ThrowableCollector.execute(ThrowableCollector.java:73) ~[junit-platform-engine-1.11.4.jar:1.11.4]
	at org.junit.platform.engine.support.hierarchical.NodeTestTask.executeRecursively(NodeTestTask.java:143) ~[junit-platform-engine-1.11.4.jar:1.11.4]
	at org.junit.platform.engine.support.hierarchical.NodeTestTask.execute(NodeTestTask.java:100) ~[junit-platform-engine-1.11.4.jar:1.11.4]
	at java.base/java.util.ArrayList.forEach(ArrayList.java:1604) ~[na:na]
	at org.junit.platform.engine.support.hierarchical.SameThreadHierarchicalTestExecutorService.invokeAll(SameThreadHierarchicalTestExecutorService.java:41) ~[junit-platform-engine-1.11.4.jar:1.11.4]
	at org.junit.platform.engine.support.hierarchical.NodeTestTask.lambda$executeRecursively$6(NodeTestTask.java:160) ~[junit-platform-engine-1.11.4.jar:1.11.4]
	at org.junit.platform.engine.support.hierarchical.ThrowableCollector.execute(ThrowableCollector.java:73) ~[junit-platform-engine-1.11.4.jar:1.11.4]
	at org.junit.platform.engine.support.hierarchical.NodeTestTask.lambda$executeRecursively$8(NodeTestTask.java:146) ~[junit-platform-engine-1.11.4.jar:1.11.4]
	at org.junit.platform.engine.support.hierarchical.Node.around(Node.java:137) ~[junit-platform-engine-1.11.4.jar:1.11.4]
	at org.junit.platform.engine.support.hierarchical.NodeTestTask.lambda$executeRecursively$9(NodeTestTask.java:144) ~[junit-platform-engine-1.11.4.jar:1.11.4]
	at org.junit.platform.engine.support.hierarchical.ThrowableCollector.execute(ThrowableCollector.java:73) ~[junit-platform-engine-1.11.4.jar:1.11.4]
	at org.junit.platform.engine.support.hierarchical.NodeTestTask.executeRecursively(NodeTestTask.java:143) ~[junit-platform-engine-1.11.4.jar:1.11.4]
	at org.junit.platform.engine.support.hierarchical.NodeTestTask.execute(NodeTestTask.java:100) ~[junit-platform-engine-1.11.4.jar:1.11.4]
	at java.base/java.util.ArrayList.forEach(ArrayList.java:1604) ~[na:na]
	at org.junit.platform.engine.support.hierarchical.SameThreadHierarchicalTestExecutorService.invokeAll(SameThreadHierarchicalTestExecutorService.java:41) ~[junit-platform-engine-1.11.4.jar:1.11.4]
	at org.junit.platform.engine.support.hierarchical.NodeTestTask.lambda$executeRecursively$6(NodeTestTask.java:160) ~[junit-platform-engine-1.11.4.jar:1.11.4]
	at org.junit.platform.engine.support.hierarchical.ThrowableCollector.execute(ThrowableCollector.java:73) ~[junit-platform-engine-1.11.4.jar:1.11.4]
	at org.junit.platform.engine.support.hierarchical.NodeTestTask.lambda$executeRecursively$8(NodeTestTask.java:146) ~[junit-platform-engine-1.11.4.jar:1.11.4]
	at org.junit.platform.engine.support.hierarchical.Node.around(Node.java:137) ~[junit-platform-engine-1.11.4.jar:1.11.4]
	at org.junit.platform.engine.support.hierarchical.NodeTestTask.lambda$executeRecursively$9(NodeTestTask.java:144) ~[junit-platform-engine-1.11.4.jar:1.11.4]
	at org.junit.platform.engine.support.hierarchical.ThrowableCollector.execute(ThrowableCollector.java:73) ~[junit-platform-engine-1.11.4.jar:1.11.4]
	at org.junit.platform.engine.support.hierarchical.NodeTestTask.executeRecursively(NodeTestTask.java:143) ~[junit-platform-engine-1.11.4.jar:1.11.4]
	at org.junit.platform.engine.support.hierarchical.NodeTestTask.execute(NodeTestTask.java:100) ~[junit-platform-engine-1.11.4.jar:1.11.4]
	at java.base/java.util.ArrayList.forEach(ArrayList.java:1604) ~[na:na]
	at org.junit.platform.engine.support.hierarchical.SameThreadHierarchicalTestExecutorService.invokeAll(SameThreadHierarchicalTestExecutorService.java:41) ~[junit-platform-engine-1.11.4.jar:1.11.4]
	at org.junit.platform.engine.support.hierarchical.NodeTestTask.lambda$executeRecursively$6(NodeTestTask.java:160) ~[junit-platform-engine-1.11.4.jar:1.11.4]
	at org.junit.platform.engine.support.hierarchical.ThrowableCollector.execute(ThrowableCollector.java:73) ~[junit-platform-engine-1.11.4.jar:1.11.4]
	at org.junit.platform.engine.support.hierarchical.NodeTestTask.lambda$executeRecursively$8(NodeTestTask.java:146) ~[junit-platform-engine-1.11.4.jar:1.11.4]
	at org.junit.platform.engine.support.hierarchical.Node.around(Node.java:137) ~[junit-platform-engine-1.11.4.jar:1.11.4]
	at org.junit.platform.engine.support.hierarchical.NodeTestTask.lambda$executeRecursively$9(NodeTestTask.java:144) ~[junit-platform-engine-1.11.4.jar:1.11.4]
	at org.junit.platform.engine.support.hierarchical.ThrowableCollector.execute(ThrowableCollector.java:73) ~[junit-platform-engine-1.11.4.jar:1.11.4]
	at org.junit.platform.engine.support.hierarchical.NodeTestTask.executeRecursively(NodeTestTask.java:143) ~[junit-platform-engine-1.11.4.jar:1.11.4]
	at org.junit.platform.engine.support.hierarchical.NodeTestTask.execute(NodeTestTask.java:100) ~[junit-platform-engine-1.11.4.jar:1.11.4]
	at org.junit.platform.engine.support.hierarchical.SameThreadHierarchicalTestExecutorService.submit(SameThreadHierarchicalTestExecutorService.java:35) ~[junit-platform-engine-1.11.4.jar:1.11.4]
	at org.junit.platform.engine.support.hierarchical.HierarchicalTestExecutor.execute(HierarchicalTestExecutor.java:57) ~[junit-platform-engine-1.11.4.jar:1.11.4]
	at org.junit.platform.engine.support.hierarchical.HierarchicalTestEngine.execute(HierarchicalTestEngine.java:54) ~[junit-platform-engine-1.11.4.jar:1.11.4]
	at org.junit.platform.launcher.core.EngineExecutionOrchestrator.execute(EngineExecutionOrchestrator.java:198) ~[junit-platform-launcher-1.11.4.jar:1.11.4]
	at org.junit.platform.launcher.core.EngineExecutionOrchestrator.execute(EngineExecutionOrchestrator.java:169) ~[junit-platform-launcher-1.11.4.jar:1.11.4]
	at org.junit.platform.launcher.core.EngineExecutionOrchestrator.execute(EngineExecutionOrchestrator.java:93) ~[junit-platform-launcher-1.11.4.jar:1.11.4]
	at org.junit.platform.launcher.core.EngineExecutionOrchestrator.lambda$execute$0(EngineExecutionOrchestrator.java:58) ~[junit-platform-launcher-1.11.4.jar:1.11.4]
	at org.junit.platform.launcher.core.EngineExecutionOrchestrator.withInterceptedStreams(EngineExecutionOrchestrator.java:141) ~[junit-platform-launcher-1.11.4.jar:1.11.4]
	at org.junit.platform.launcher.core.EngineExecutionOrchestrator.execute(EngineExecutionOrchestrator.java:57) ~[junit-platform-launcher-1.11.4.jar:1.11.4]
	at org.junit.platform.launcher.core.DefaultLauncher.execute(DefaultLauncher.java:103) ~[junit-platform-launcher-1.11.4.jar:1.11.4]
	at org.junit.platform.launcher.core.DefaultLauncher.execute(DefaultLauncher.java:85) ~[junit-platform-launcher-1.11.4.jar:1.11.4]
	at org.junit.platform.launcher.core.DelegatingLauncher.execute(DelegatingLauncher.java:47) ~[junit-platform-launcher-1.11.4.jar:1.11.4]
	at org.apache.maven.surefire.junitplatform.LazyLauncher.execute(LazyLauncher.java:56) ~[surefire-junit-platform-3.2.5.jar:3.2.5]
	at org.apache.maven.surefire.junitplatform.JUnitPlatformProvider.execute(JUnitPlatformProvider.java:184) ~[surefire-junit-platform-3.2.5.jar:3.2.5]
	at org.apache.maven.surefire.junitplatform.JUnitPlatformProvider.invokeAllTests(JUnitPlatformProvider.java:148) ~[surefire-junit-platform-3.2.5.jar:3.2.5]
	at org.apache.maven.surefire.junitplatform.JUnitPlatformProvider.invoke(JUnitPlatformProvider.java:122) ~[surefire-junit-platform-3.2.5.jar:3.2.5]
	at org.apache.maven.surefire.booter.ForkedBooter.runSuitesInProcess(ForkedBooter.java:385) ~[surefire-booter-3.2.5.jar:3.2.5]
	at org.apache.maven.surefire.booter.ForkedBooter.execute(ForkedBooter.java:162) ~[surefire-booter-3.2.5.jar:3.2.5]
	at org.apache.maven.surefire.booter.ForkedBooter.run(ForkedBooter.java:507) ~[surefire-booter-3.2.5.jar:3.2.5]
	at org.apache.maven.surefire.booter.ForkedBooter.main(ForkedBooter.java:495) ~[surefire-booter-3.2.5.jar:3.2.5]

[INFO] Tests run: 3, Failures: 0, Errors: 0, Skipped: 0, Time elapsed: 0.260 s -- in com.uber.controller.AdminControllerTest$ErrorResponsesTests
[INFO] Running com.uber.controller.AdminControllerTest$GetOrderDetailEdgeCasesTests
2026-01-01T16:52:10.486+08:00  INFO 13432 --- [ride-dispatch-server] [           main] t.c.s.AnnotationConfigContextLoaderUtils : Could not detect default configuration classes for test class [com.uber.controller.AdminControllerTest$GetOrderDetailEdgeCasesTests]: GetOrderDetailEdgeCasesTests does not declare any static, non-private, non-final, nested classes annotated with @Configuration.
2026-01-01T16:52:10.497+08:00  INFO 13432 --- [ride-dispatch-server] [           main] .b.t.c.SpringBootTestContextBootstrapper : Found @SpringBootConfiguration com.uber.RideDispatchApplication for test class com.uber.controller.AdminControllerTest$GetOrderDetailEdgeCasesTests
[INFO] Tests run: 2, Failures: 0, Errors: 0, Skipped: 0, Time elapsed: 0.033 s -- in com.uber.controller.AdminControllerTest$GetOrderDetailEdgeCasesTests
[INFO] Running com.uber.controller.AdminControllerTest$RatePlanEdgeCasesTests
2026-01-01T16:52:10.521+08:00  INFO 13432 --- [ride-dispatch-server] [           main] t.c.s.AnnotationConfigContextLoaderUtils : Could not detect default configuration classes for test class [com.uber.controller.AdminControllerTest$RatePlanEdgeCasesTests]: RatePlanEdgeCasesTests does not declare any static, non-private, non-final, nested classes annotated with @Configuration.
2026-01-01T16:52:10.530+08:00  INFO 13432 --- [ride-dispatch-server] [           main] .b.t.c.SpringBootTestContextBootstrapper : Found @SpringBootConfiguration com.uber.RideDispatchApplication for test class com.uber.controller.AdminControllerTest$RatePlanEdgeCasesTests
[INFO] Tests run: 2, Failures: 0, Errors: 0, Skipped: 0, Time elapsed: 0.037 s -- in com.uber.controller.AdminControllerTest$RatePlanEdgeCasesTests
[INFO] Running com.uber.controller.AdminControllerTest$GetAuditLogsEdgeCasesTests
2026-01-01T16:52:10.560+08:00  INFO 13432 --- [ride-dispatch-server] [           main] t.c.s.AnnotationConfigContextLoaderUtils : Could not detect default configuration classes for test class [com.uber.controller.AdminControllerTest$GetAuditLogsEdgeCasesTests]: GetAuditLogsEdgeCasesTests does not declare any static, non-private, non-final, nested classes annotated with @Configuration.
2026-01-01T16:52:10.570+08:00  INFO 13432 --- [ride-dispatch-server] [           main] .b.t.c.SpringBootTestContextBootstrapper : Found @SpringBootConfiguration com.uber.RideDispatchApplication for test class com.uber.controller.AdminControllerTest$GetAuditLogsEdgeCasesTests
[INFO] Tests run: 3, Failures: 0, Errors: 0, Skipped: 0, Time elapsed: 0.037 s -- in com.uber.controller.AdminControllerTest$GetAuditLogsEdgeCasesTests
[INFO] Running com.uber.controller.AdminControllerTest$GetAllDriversEdgeCasesTests
2026-01-01T16:52:10.597+08:00  INFO 13432 --- [ride-dispatch-server] [           main] t.c.s.AnnotationConfigContextLoaderUtils : Could not detect default configuration classes for test class [com.uber.controller.AdminControllerTest$GetAllDriversEdgeCasesTests]: GetAllDriversEdgeCasesTests does not declare any static, non-private, non-final, nested classes annotated with @Configuration.
2026-01-01T16:52:10.605+08:00  INFO 13432 --- [ride-dispatch-server] [           main] .b.t.c.SpringBootTestContextBootstrapper : Found @SpringBootConfiguration com.uber.RideDispatchApplication for test class com.uber.controller.AdminControllerTest$GetAllDriversEdgeCasesTests
[INFO] Tests run: 2, Failures: 0, Errors: 0, Skipped: 0, Time elapsed: 0.025 s -- in com.uber.controller.AdminControllerTest$GetAllDriversEdgeCasesTests
[INFO] Running com.uber.controller.AdminControllerTest$GetAllOrdersEdgeCasesTests
2026-01-01T16:52:10.622+08:00  INFO 13432 --- [ride-dispatch-server] [           main] t.c.s.AnnotationConfigContextLoaderUtils : Could not detect default configuration classes for test class [com.uber.controller.AdminControllerTest$GetAllOrdersEdgeCasesTests]: GetAllOrdersEdgeCasesTests does not declare any static, non-private, non-final, nested classes annotated with @Configuration.
2026-01-01T16:52:10.630+08:00  INFO 13432 --- [ride-dispatch-server] [           main] .b.t.c.SpringBootTestContextBootstrapper : Found @SpringBootConfiguration com.uber.RideDispatchApplication for test class com.uber.controller.AdminControllerTest$GetAllOrdersEdgeCasesTests
[INFO] Tests run: 3, Failures: 0, Errors: 0, Skipped: 0, Time elapsed: 0.031 s -- in com.uber.controller.AdminControllerTest$GetAllOrdersEdgeCasesTests
[INFO] Running com.uber.controller.AdminControllerTest$GetSystemStatsTests
2026-01-01T16:52:10.654+08:00  INFO 13432 --- [ride-dispatch-server] [           main] t.c.s.AnnotationConfigContextLoaderUtils : Could not detect default configuration classes for test class [com.uber.controller.AdminControllerTest$GetSystemStatsTests]: GetSystemStatsTests does not declare any static, non-private, non-final, nested classes annotated with @Configuration.
2026-01-01T16:52:10.662+08:00  INFO 13432 --- [ride-dispatch-server] [           main] .b.t.c.SpringBootTestContextBootstrapper : Found @SpringBootConfiguration com.uber.RideDispatchApplication for test class com.uber.controller.AdminControllerTest$GetSystemStatsTests
[INFO] Tests run: 3, Failures: 0, Errors: 0, Skipped: 0, Time elapsed: 0.038 s -- in com.uber.controller.AdminControllerTest$GetSystemStatsTests
[INFO] Running com.uber.controller.AdminControllerTest$UpdateRatePlanTests
2026-01-01T16:52:10.693+08:00  INFO 13432 --- [ride-dispatch-server] [           main] t.c.s.AnnotationConfigContextLoaderUtils : Could not detect default configuration classes for test class [com.uber.controller.AdminControllerTest$UpdateRatePlanTests]: UpdateRatePlanTests does not declare any static, non-private, non-final, nested classes annotated with @Configuration.
2026-01-01T16:52:10.700+08:00  INFO 13432 --- [ride-dispatch-server] [           main] .b.t.c.SpringBootTestContextBootstrapper : Found @SpringBootConfiguration com.uber.RideDispatchApplication for test class com.uber.controller.AdminControllerTest$UpdateRatePlanTests
[INFO] Tests run: 1, Failures: 0, Errors: 0, Skipped: 0, Time elapsed: 0.017 s -- in com.uber.controller.AdminControllerTest$UpdateRatePlanTests
[INFO] Running com.uber.controller.AdminControllerTest$GetRatePlansTests
2026-01-01T16:52:10.711+08:00  INFO 13432 --- [ride-dispatch-server] [           main] t.c.s.AnnotationConfigContextLoaderUtils : Could not detect default configuration classes for test class [com.uber.controller.AdminControllerTest$GetRatePlansTests]: GetRatePlansTests does not declare any static, non-private, non-final, nested classes annotated with @Configuration.
2026-01-01T16:52:10.717+08:00  INFO 13432 --- [ride-dispatch-server] [           main] .b.t.c.SpringBootTestContextBootstrapper : Found @SpringBootConfiguration com.uber.RideDispatchApplication for test class com.uber.controller.AdminControllerTest$GetRatePlansTests
[INFO] Tests run: 1, Failures: 0, Errors: 0, Skipped: 0, Time elapsed: 0.020 s -- in com.uber.controller.AdminControllerTest$GetRatePlansTests
[INFO] Running com.uber.controller.AdminControllerTest$GetAcceptStatsTests
2026-01-01T16:52:10.732+08:00  INFO 13432 --- [ride-dispatch-server] [           main] t.c.s.AnnotationConfigContextLoaderUtils : Could not detect default configuration classes for test class [com.uber.controller.AdminControllerTest$GetAcceptStatsTests]: GetAcceptStatsTests does not declare any static, non-private, non-final, nested classes annotated with @Configuration.
2026-01-01T16:52:10.741+08:00  INFO 13432 --- [ride-dispatch-server] [           main] .b.t.c.SpringBootTestContextBootstrapper : Found @SpringBootConfiguration com.uber.RideDispatchApplication for test class com.uber.controller.AdminControllerTest$GetAcceptStatsTests
[INFO] Tests run: 1, Failures: 0, Errors: 0, Skipped: 0, Time elapsed: 0.024 s -- in com.uber.controller.AdminControllerTest$GetAcceptStatsTests
[INFO] Running com.uber.controller.AdminControllerTest$GetAuditLogsTests
2026-01-01T16:52:10.756+08:00  INFO 13432 --- [ride-dispatch-server] [           main] t.c.s.AnnotationConfigContextLoaderUtils : Could not detect default configuration classes for test class [com.uber.controller.AdminControllerTest$GetAuditLogsTests]: GetAuditLogsTests does not declare any static, non-private, non-final, nested classes annotated with @Configuration.
2026-01-01T16:52:10.761+08:00  INFO 13432 --- [ride-dispatch-server] [           main] .b.t.c.SpringBootTestContextBootstrapper : Found @SpringBootConfiguration com.uber.RideDispatchApplication for test class com.uber.controller.AdminControllerTest$GetAuditLogsTests
[INFO] Tests run: 6, Failures: 0, Errors: 0, Skipped: 0, Time elapsed: 0.043 s -- in com.uber.controller.AdminControllerTest$GetAuditLogsTests
[INFO] Running com.uber.controller.AdminControllerTest$GetAllDriversTests
2026-01-01T16:52:10.800+08:00  INFO 13432 --- [ride-dispatch-server] [           main] t.c.s.AnnotationConfigContextLoaderUtils : Could not detect default configuration classes for test class [com.uber.controller.AdminControllerTest$GetAllDriversTests]: GetAllDriversTests does not declare any static, non-private, non-final, nested classes annotated with @Configuration.
2026-01-01T16:52:10.808+08:00  INFO 13432 --- [ride-dispatch-server] [           main] .b.t.c.SpringBootTestContextBootstrapper : Found @SpringBootConfiguration com.uber.RideDispatchApplication for test class com.uber.controller.AdminControllerTest$GetAllDriversTests
[INFO] Tests run: 5, Failures: 0, Errors: 0, Skipped: 0, Time elapsed: 0.046 s -- in com.uber.controller.AdminControllerTest$GetAllDriversTests
[INFO] Running com.uber.controller.AdminControllerTest$GetOrderDetailTests
2026-01-01T16:52:10.847+08:00  INFO 13432 --- [ride-dispatch-server] [           main] t.c.s.AnnotationConfigContextLoaderUtils : Could not detect default configuration classes for test class [com.uber.controller.AdminControllerTest$GetOrderDetailTests]: GetOrderDetailTests does not declare any static, non-private, non-final, nested classes annotated with @Configuration.
2026-01-01T16:52:10.857+08:00  INFO 13432 --- [ride-dispatch-server] [           main] .b.t.c.SpringBootTestContextBootstrapper : Found @SpringBootConfiguration com.uber.RideDispatchApplication for test class com.uber.controller.AdminControllerTest$GetOrderDetailTests
[INFO] Tests run: 3, Failures: 0, Errors: 0, Skipped: 0, Time elapsed: 0.034 s -- in com.uber.controller.AdminControllerTest$GetOrderDetailTests
[INFO] Running com.uber.controller.AdminControllerTest$GetAllOrdersTests
2026-01-01T16:52:10.883+08:00  INFO 13432 --- [ride-dispatch-server] [           main] t.c.s.AnnotationConfigContextLoaderUtils : Could not detect default configuration classes for test class [com.uber.controller.AdminControllerTest$GetAllOrdersTests]: GetAllOrdersTests does not declare any static, non-private, non-final, nested classes annotated with @Configuration.
2026-01-01T16:52:10.892+08:00  INFO 13432 --- [ride-dispatch-server] [           main] .b.t.c.SpringBootTestContextBootstrapper : Found @SpringBootConfiguration com.uber.RideDispatchApplication for test class com.uber.controller.AdminControllerTest$GetAllOrdersTests
[INFO] Tests run: 7, Failures: 0, Errors: 0, Skipped: 0, Time elapsed: 0.080 s -- in com.uber.controller.AdminControllerTest$GetAllOrdersTests
[INFO] Tests run: 0, Failures: 0, Errors: 0, Skipped: 0, Time elapsed: 6.158 s -- in com.uber.controller.AdminControllerTest
[INFO] Running com.uber.controller.DriverControllerTest
2026-01-01T16:52:10.970+08:00  INFO 13432 --- [ride-dispatch-server] [           main] t.c.s.AnnotationConfigContextLoaderUtils : Could not detect default configuration classes for test class [com.uber.controller.DriverControllerTest]: DriverControllerTest does not declare any static, non-private, non-final, nested classes annotated with @Configuration.
2026-01-01T16:52:10.978+08:00  INFO 13432 --- [ride-dispatch-server] [           main] .b.t.c.SpringBootTestContextBootstrapper : Found @SpringBootConfiguration com.uber.RideDispatchApplication for test class com.uber.controller.DriverControllerTest
[INFO] Running com.uber.controller.DriverControllerTest$GetAllDriversTests
2026-01-01T16:52:10.984+08:00  INFO 13432 --- [ride-dispatch-server] [           main] t.c.s.AnnotationConfigContextLoaderUtils : Could not detect default configuration classes for test class [com.uber.controller.DriverControllerTest$GetAllDriversTests]: GetAllDriversTests does not declare any static, non-private, non-final, nested classes annotated with @Configuration.
2026-01-01T16:52:10.991+08:00  INFO 13432 --- [ride-dispatch-server] [           main] .b.t.c.SpringBootTestContextBootstrapper : Found @SpringBootConfiguration com.uber.RideDispatchApplication for test class com.uber.controller.DriverControllerTest$GetAllDriversTests

  .   ____          _            __ _ _
 /\\ / ___'_ __ _ _(_)_ __  __ _ \ \ \ \
( ( )\___ | '_ | '_| | '_ \/ _` | \ \ \ \
 \\/  ___)| |_)| | | | | || (_| |  ) ) ) )
  '  |____| .__|_| |_|_| |_\__, | / / / /
 =========|_|==============|___/=/_/_/_/

 :: Spring Boot ::                (v3.4.1)

2026-01-01T16:52:11.044+08:00  INFO 13432 --- [ride-dispatch-server] [           main] c.uber.controller.DriverControllerTest   : Starting DriverControllerTest using Java 25.0.1 with PID 13432 (started by wilso in C:\Users\wilso\OneDrive\桌面\Uber\server)
2026-01-01T16:52:11.044+08:00 DEBUG 13432 --- [ride-dispatch-server] [           main] c.uber.controller.DriverControllerTest   : Running with Spring Boot v3.4.1, Spring v6.2.1
2026-01-01T16:52:11.044+08:00  INFO 13432 --- [ride-dispatch-server] [           main] c.uber.controller.DriverControllerTest   : No active profile set, falling back to 1 default profile: "default"
2026-01-01T16:52:11.333+08:00  INFO 13432 --- [ride-dispatch-server] [           main] o.s.b.t.m.w.SpringBootMockServletContext : Initializing Spring TestDispatcherServlet ''
2026-01-01T16:52:11.333+08:00  INFO 13432 --- [ride-dispatch-server] [           main] o.s.t.web.servlet.TestDispatcherServlet  : Initializing Servlet ''
2026-01-01T16:52:11.333+08:00  INFO 13432 --- [ride-dispatch-server] [           main] o.s.t.web.servlet.TestDispatcherServlet  : Completed initialization in 0 ms
2026-01-01T16:52:11.340+08:00  INFO 13432 --- [ride-dispatch-server] [           main] c.uber.controller.DriverControllerTest   : Started DriverControllerTest in 0.343 seconds (process running for 7.811)
[INFO] Tests run: 3, Failures: 0, Errors: 0, Skipped: 0, Time elapsed: 0.389 s -- in com.uber.controller.DriverControllerTest$GetAllDriversTests
[INFO] Running com.uber.controller.DriverControllerTest$GetDriverTests
2026-01-01T16:52:11.373+08:00  INFO 13432 --- [ride-dispatch-server] [           main] t.c.s.AnnotationConfigContextLoaderUtils : Could not detect default configuration classes for test class [com.uber.controller.DriverControllerTest$GetDriverTests]: GetDriverTests does not declare any static, non-private, non-final, nested classes annotated with @Configuration.
2026-01-01T16:52:11.381+08:00  INFO 13432 --- [ride-dispatch-server] [           main] .b.t.c.SpringBootTestContextBootstrapper : Found @SpringBootConfiguration com.uber.RideDispatchApplication for test class com.uber.controller.DriverControllerTest$GetDriverTests
[INFO] Tests run: 3, Failures: 0, Errors: 0, Skipped: 0, Time elapsed: 0.035 s -- in com.uber.controller.DriverControllerTest$GetDriverTests
[INFO] Running com.uber.controller.DriverControllerTest$GetOffersTests
2026-01-01T16:52:11.408+08:00  INFO 13432 --- [ride-dispatch-server] [           main] t.c.s.AnnotationConfigContextLoaderUtils : Could not detect default configuration classes for test class [com.uber.controller.DriverControllerTest$GetOffersTests]: GetOffersTests does not declare any static, non-private, non-final, nested classes annotated with @Configuration.
2026-01-01T16:52:11.415+08:00  INFO 13432 --- [ride-dispatch-server] [           main] .b.t.c.SpringBootTestContextBootstrapper : Found @SpringBootConfiguration com.uber.RideDispatchApplication for test class com.uber.controller.DriverControllerTest$GetOffersTests
[INFO] Tests run: 2, Failures: 0, Errors: 0, Skipped: 0, Time elapsed: 0.027 s -- in com.uber.controller.DriverControllerTest$GetOffersTests
[INFO] Running com.uber.controller.DriverControllerTest$UpdateLocationTests
2026-01-01T16:52:11.437+08:00  INFO 13432 --- [ride-dispatch-server] [           main] t.c.s.AnnotationConfigContextLoaderUtils : Could not detect default configuration classes for test class [com.uber.controller.DriverControllerTest$UpdateLocationTests]: UpdateLocationTests does not declare any static, non-private, non-final, nested classes annotated with @Configuration.
2026-01-01T16:52:11.445+08:00  INFO 13432 --- [ride-dispatch-server] [           main] .b.t.c.SpringBootTestContextBootstrapper : Found @SpringBootConfiguration com.uber.RideDispatchApplication for test class com.uber.controller.DriverControllerTest$UpdateLocationTests
[INFO] Tests run: 1, Failures: 0, Errors: 0, Skipped: 0, Time elapsed: 0.021 s -- in com.uber.controller.DriverControllerTest$UpdateLocationTests
[INFO] Running com.uber.controller.DriverControllerTest$GoOfflineTests
2026-01-01T16:52:11.459+08:00  INFO 13432 --- [ride-dispatch-server] [           main] t.c.s.AnnotationConfigContextLoaderUtils : Could not detect default configuration classes for test class [com.uber.controller.DriverControllerTest$GoOfflineTests]: GoOfflineTests does not declare any static, non-private, non-final, nested classes annotated with @Configuration.
2026-01-01T16:52:11.467+08:00  INFO 13432 --- [ride-dispatch-server] [           main] .b.t.c.SpringBootTestContextBootstrapper : Found @SpringBootConfiguration com.uber.RideDispatchApplication for test class com.uber.controller.DriverControllerTest$GoOfflineTests
[INFO] Tests run: 1, Failures: 0, Errors: 0, Skipped: 0, Time elapsed: 0.020 s -- in com.uber.controller.DriverControllerTest$GoOfflineTests
[INFO] Running com.uber.controller.DriverControllerTest$GoOnlineTests
2026-01-01T16:52:11.480+08:00  INFO 13432 --- [ride-dispatch-server] [           main] t.c.s.AnnotationConfigContextLoaderUtils : Could not detect default configuration classes for test class [com.uber.controller.DriverControllerTest$GoOnlineTests]: GoOnlineTests does not declare any static, non-private, non-final, nested classes annotated with @Configuration.
2026-01-01T16:52:11.490+08:00  INFO 13432 --- [ride-dispatch-server] [           main] .b.t.c.SpringBootTestContextBootstrapper : Found @SpringBootConfiguration com.uber.RideDispatchApplication for test class com.uber.controller.DriverControllerTest$GoOnlineTests
[INFO] Tests run: 1, Failures: 0, Errors: 0, Skipped: 0, Time elapsed: 0.096 s -- in com.uber.controller.DriverControllerTest$GoOnlineTests
[INFO] Running com.uber.controller.DriverControllerTest$RegisterDriverTests
2026-01-01T16:52:11.576+08:00  INFO 13432 --- [ride-dispatch-server] [           main] t.c.s.AnnotationConfigContextLoaderUtils : Could not detect default configuration classes for test class [com.uber.controller.DriverControllerTest$RegisterDriverTests]: RegisterDriverTests does not declare any static, non-private, non-final, nested classes annotated with @Configuration.
2026-01-01T16:52:11.584+08:00  INFO 13432 --- [ride-dispatch-server] [           main] .b.t.c.SpringBootTestContextBootstrapper : Found @SpringBootConfiguration com.uber.RideDispatchApplication for test class com.uber.controller.DriverControllerTest$RegisterDriverTests
[INFO] Tests run: 1, Failures: 0, Errors: 0, Skipped: 0, Time elapsed: 0.029 s -- in com.uber.controller.DriverControllerTest$RegisterDriverTests
[INFO] Tests run: 0, Failures: 0, Errors: 0, Skipped: 0, Time elapsed: 0.638 s -- in com.uber.controller.DriverControllerTest
[INFO] Running com.uber.controller.OrderControllerTest
2026-01-01T16:52:11.606+08:00  INFO 13432 --- [ride-dispatch-server] [           main] t.c.s.AnnotationConfigContextLoaderUtils : Could not detect default configuration classes for test class [com.uber.controller.OrderControllerTest]: OrderControllerTest does not declare any static, non-private, non-final, nested classes annotated with @Configuration.
2026-01-01T16:52:11.612+08:00  INFO 13432 --- [ride-dispatch-server] [           main] .b.t.c.SpringBootTestContextBootstrapper : Found @SpringBootConfiguration com.uber.RideDispatchApplication for test class com.uber.controller.OrderControllerTest
[INFO] Running com.uber.controller.OrderControllerTest$FareCalculationBoundaryTests
2026-01-01T16:52:11.615+08:00  INFO 13432 --- [ride-dispatch-server] [           main] t.c.s.AnnotationConfigContextLoaderUtils : Could not detect default configuration classes for test class [com.uber.controller.OrderControllerTest$FareCalculationBoundaryTests]: FareCalculationBoundaryTests does not declare any static, non-private, non-final, nested classes annotated with @Configuration.
2026-01-01T16:52:11.621+08:00  INFO 13432 --- [ride-dispatch-server] [           main] .b.t.c.SpringBootTestContextBootstrapper : Found @SpringBootConfiguration com.uber.RideDispatchApplication for test class com.uber.controller.OrderControllerTest$FareCalculationBoundaryTests

  .   ____          _            __ _ _
 /\\ / ___'_ __ _ _(_)_ __  __ _ \ \ \ \
( ( )\___ | '_ | '_| | '_ \/ _` | \ \ \ \
 \\/  ___)| |_)| | | | | || (_| |  ) ) ) )
  '  |____| .__|_| |_|_| |_\__, | / / / /
 =========|_|==============|___/=/_/_/_/

 :: Spring Boot ::                (v3.4.1)

2026-01-01T16:52:11.650+08:00  INFO 13432 --- [ride-dispatch-server] [           main] c.uber.controller.OrderControllerTest    : Starting OrderControllerTest using Java 25.0.1 with PID 13432 (started by wilso in C:\Users\wilso\OneDrive\桌面\Uber\server)
2026-01-01T16:52:11.650+08:00 DEBUG 13432 --- [ride-dispatch-server] [           main] c.uber.controller.OrderControllerTest    : Running with Spring Boot v3.4.1, Spring v6.2.1
2026-01-01T16:52:11.650+08:00  INFO 13432 --- [ride-dispatch-server] [           main] c.uber.controller.OrderControllerTest    : No active profile set, falling back to 1 default profile: "default"
2026-01-01T16:52:11.906+08:00  INFO 13432 --- [ride-dispatch-server] [           main] o.s.b.t.m.w.SpringBootMockServletContext : Initializing Spring TestDispatcherServlet ''
2026-01-01T16:52:11.906+08:00  INFO 13432 --- [ride-dispatch-server] [           main] o.s.t.web.servlet.TestDispatcherServlet  : Initializing Servlet ''
2026-01-01T16:52:11.906+08:00  INFO 13432 --- [ride-dispatch-server] [           main] o.s.t.web.servlet.TestDispatcherServlet  : Completed initialization in 0 ms
2026-01-01T16:52:11.914+08:00  INFO 13432 --- [ride-dispatch-server] [           main] c.uber.controller.OrderControllerTest    : Started OrderControllerTest in 0.292 seconds (process running for 8.385)
[INFO] Tests run: 3, Failures: 0, Errors: 0, Skipped: 0, Time elapsed: 0.350 s -- in com.uber.controller.OrderControllerTest$FareCalculationBoundaryTests
[INFO] Running com.uber.controller.OrderControllerTest$OrderTransitionTests
2026-01-01T16:52:11.968+08:00  INFO 13432 --- [ride-dispatch-server] [           main] t.c.s.AnnotationConfigContextLoaderUtils : Could not detect default configuration classes for test class [com.uber.controller.OrderControllerTest$OrderTransitionTests]: OrderTransitionTests does not declare any static, non-private, non-final, nested classes annotated with @Configuration.
2026-01-01T16:52:11.976+08:00  INFO 13432 --- [ride-dispatch-server] [           main] .b.t.c.SpringBootTestContextBootstrapper : Found @SpringBootConfiguration com.uber.RideDispatchApplication for test class com.uber.controller.OrderControllerTest$OrderTransitionTests
[INFO] Tests run: 3, Failures: 0, Errors: 0, Skipped: 0, Time elapsed: 0.036 s -- in com.uber.controller.OrderControllerTest$OrderTransitionTests
[INFO] Running com.uber.controller.OrderControllerTest$GetOrderVariousStatesTests
2026-01-01T16:52:12.005+08:00  INFO 13432 --- [ride-dispatch-server] [           main] t.c.s.AnnotationConfigContextLoaderUtils : Could not detect default configuration classes for test class [com.uber.controller.OrderControllerTest$GetOrderVariousStatesTests]: GetOrderVariousStatesTests does not declare any static, non-private, non-final, nested classes annotated with @Configuration.
2026-01-01T16:52:12.011+08:00  INFO 13432 --- [ride-dispatch-server] [           main] .b.t.c.SpringBootTestContextBootstrapper : Found @SpringBootConfiguration com.uber.RideDispatchApplication for test class com.uber.controller.OrderControllerTest$GetOrderVariousStatesTests
[INFO] Tests run: 4, Failures: 0, Errors: 0, Skipped: 0, Time elapsed: 0.033 s -- in com.uber.controller.OrderControllerTest$GetOrderVariousStatesTests
[INFO] Running com.uber.controller.OrderControllerTest$CreateOrderEdgeCasesTests
2026-01-01T16:52:12.039+08:00  INFO 13432 --- [ride-dispatch-server] [           main] t.c.s.AnnotationConfigContextLoaderUtils : Could not detect default configuration classes for test class [com.uber.controller.OrderControllerTest$CreateOrderEdgeCasesTests]: CreateOrderEdgeCasesTests does not declare any static, non-private, non-final, nested classes annotated with @Configuration.
2026-01-01T16:52:12.045+08:00  INFO 13432 --- [ride-dispatch-server] [           main] .b.t.c.SpringBootTestContextBootstrapper : Found @SpringBootConfiguration com.uber.RideDispatchApplication for test class com.uber.controller.OrderControllerTest$CreateOrderEdgeCasesTests
[INFO] Tests run: 1, Failures: 0, Errors: 0, Skipped: 0, Time elapsed: 0.036 s -- in com.uber.controller.OrderControllerTest$CreateOrderEdgeCasesTests
[INFO] Running com.uber.controller.OrderControllerTest$CancelOrderTests
2026-01-01T16:52:12.076+08:00  INFO 13432 --- [ride-dispatch-server] [           main] t.c.s.AnnotationConfigContextLoaderUtils : Could not detect default configuration classes for test class [com.uber.controller.OrderControllerTest$CancelOrderTests]: CancelOrderTests does not declare any static, non-private, non-final, nested classes annotated with @Configuration.
2026-01-01T16:52:12.084+08:00  INFO 13432 --- [ride-dispatch-server] [           main] .b.t.c.SpringBootTestContextBootstrapper : Found @SpringBootConfiguration com.uber.RideDispatchApplication for test class com.uber.controller.OrderControllerTest$CancelOrderTests
[INFO] Tests run: 2, Failures: 0, Errors: 0, Skipped: 0, Time elapsed: 0.026 s -- in com.uber.controller.OrderControllerTest$CancelOrderTests
[INFO] Running com.uber.controller.OrderControllerTest$CompleteTripTests
2026-01-01T16:52:12.103+08:00  INFO 13432 --- [ride-dispatch-server] [           main] t.c.s.AnnotationConfigContextLoaderUtils : Could not detect default configuration classes for test class [com.uber.controller.OrderControllerTest$CompleteTripTests]: CompleteTripTests does not declare any static, non-private, non-final, nested classes annotated with @Configuration.
2026-01-01T16:52:12.110+08:00  INFO 13432 --- [ride-dispatch-server] [           main] .b.t.c.SpringBootTestContextBootstrapper : Found @SpringBootConfiguration com.uber.RideDispatchApplication for test class com.uber.controller.OrderControllerTest$CompleteTripTests
[INFO] Tests run: 1, Failures: 0, Errors: 0, Skipped: 0, Time elapsed: 0.018 s -- in com.uber.controller.OrderControllerTest$CompleteTripTests
[INFO] Running com.uber.controller.OrderControllerTest$StartTripTests
2026-01-01T16:52:12.122+08:00  INFO 13432 --- [ride-dispatch-server] [           main] t.c.s.AnnotationConfigContextLoaderUtils : Could not detect default configuration classes for test class [com.uber.controller.OrderControllerTest$StartTripTests]: StartTripTests does not declare any static, non-private, non-final, nested classes annotated with @Configuration.
2026-01-01T16:52:12.128+08:00  INFO 13432 --- [ride-dispatch-server] [           main] .b.t.c.SpringBootTestContextBootstrapper : Found @SpringBootConfiguration com.uber.RideDispatchApplication for test class com.uber.controller.OrderControllerTest$StartTripTests
[INFO] Tests run: 1, Failures: 0, Errors: 0, Skipped: 0, Time elapsed: 0.017 s -- in com.uber.controller.OrderControllerTest$StartTripTests
[INFO] Running com.uber.controller.OrderControllerTest$AcceptOrderTests
2026-01-01T16:52:12.140+08:00  INFO 13432 --- [ride-dispatch-server] [           main] t.c.s.AnnotationConfigContextLoaderUtils : Could not detect default configuration classes for test class [com.uber.controller.OrderControllerTest$AcceptOrderTests]: AcceptOrderTests does not declare any static, non-private, non-final, nested classes annotated with @Configuration.
2026-01-01T16:52:12.146+08:00  INFO 13432 --- [ride-dispatch-server] [           main] .b.t.c.SpringBootTestContextBootstrapper : Found @SpringBootConfiguration com.uber.RideDispatchApplication for test class com.uber.controller.OrderControllerTest$AcceptOrderTests
[INFO] Tests run: 1, Failures: 0, Errors: 0, Skipped: 0, Time elapsed: 0.016 s -- in com.uber.controller.OrderControllerTest$AcceptOrderTests
[INFO] Running com.uber.controller.OrderControllerTest$GetOrderTests
2026-01-01T16:52:12.157+08:00  INFO 13432 --- [ride-dispatch-server] [           main] t.c.s.AnnotationConfigContextLoaderUtils : Could not detect default configuration classes for test class [com.uber.controller.OrderControllerTest$GetOrderTests]: GetOrderTests does not declare any static, non-private, non-final, nested classes annotated with @Configuration.
2026-01-01T16:52:12.165+08:00  INFO 13432 --- [ride-dispatch-server] [           main] .b.t.c.SpringBootTestContextBootstrapper : Found @SpringBootConfiguration com.uber.RideDispatchApplication for test class com.uber.controller.OrderControllerTest$GetOrderTests
[INFO] Tests run: 5, Failures: 0, Errors: 0, Skipped: 0, Time elapsed: 0.037 s -- in com.uber.controller.OrderControllerTest$GetOrderTests
[INFO] Running com.uber.controller.OrderControllerTest$CreateOrderTests
2026-01-01T16:52:12.196+08:00  INFO 13432 --- [ride-dispatch-server] [           main] t.c.s.AnnotationConfigContextLoaderUtils : Could not detect default configuration classes for test class [com.uber.controller.OrderControllerTest$CreateOrderTests]: CreateOrderTests does not declare any static, non-private, non-final, nested classes annotated with @Configuration.
2026-01-01T16:52:12.203+08:00  INFO 13432 --- [ride-dispatch-server] [           main] .b.t.c.SpringBootTestContextBootstrapper : Found @SpringBootConfiguration com.uber.RideDispatchApplication for test class com.uber.controller.OrderControllerTest$CreateOrderTests
[INFO] Tests run: 2, Failures: 0, Errors: 0, Skipped: 0, Time elapsed: 0.027 s -- in com.uber.controller.OrderControllerTest$CreateOrderTests
[INFO] Tests run: 0, Failures: 0, Errors: 0, Skipped: 0, Time elapsed: 0.618 s -- in com.uber.controller.OrderControllerTest
[INFO] Running com.uber.integration.IntegrationFlowTest
2026-01-01T16:52:12.226+08:00  INFO 13432 --- [ride-dispatch-server] [           main] t.c.s.AnnotationConfigContextLoaderUtils : Could not detect default configuration classes for test class [com.uber.integration.IntegrationFlowTest]: IntegrationFlowTest does not declare any static, non-private, non-final, nested classes annotated with @Configuration.
2026-01-01T16:52:12.240+08:00  INFO 13432 --- [ride-dispatch-server] [           main] .b.t.c.SpringBootTestContextBootstrapper : Found @SpringBootConfiguration com.uber.RideDispatchApplication for test class com.uber.integration.IntegrationFlowTest
[INFO] Running com.uber.integration.IntegrationFlowTest$ApiContractTests
2026-01-01T16:52:12.245+08:00  INFO 13432 --- [ride-dispatch-server] [           main] t.c.s.AnnotationConfigContextLoaderUtils : Could not detect default configuration classes for test class [com.uber.integration.IntegrationFlowTest$ApiContractTests]: ApiContractTests does not declare any static, non-private, non-final, nested classes annotated with @Configuration.
2026-01-01T16:52:12.247+08:00  INFO 13432 --- [ride-dispatch-server] [           main] .b.t.c.SpringBootTestContextBootstrapper : Found @SpringBootConfiguration com.uber.RideDispatchApplication for test class com.uber.integration.IntegrationFlowTest$ApiContractTests

  .   ____          _            __ _ _
 /\\ / ___'_ __ _ _(_)_ __  __ _ \ \ \ \
( ( )\___ | '_ | '_| | '_ \/ _` | \ \ \ \
 \\/  ___)| |_)| | | | | || (_| |  ) ) ) )
  '  |____| .__|_| |_|_| |_\__, | / / / /
 =========|_|==============|___/=/_/_/_/

 :: Spring Boot ::                (v3.4.1)

2026-01-01T16:52:12.274+08:00  INFO 13432 --- [ride-dispatch-server] [           main] c.uber.integration.IntegrationFlowTest   : Starting IntegrationFlowTest using Java 25.0.1 with PID 13432 (started by wilso in C:\Users\wilso\OneDrive\桌面\Uber\server)
2026-01-01T16:52:12.274+08:00 DEBUG 13432 --- [ride-dispatch-server] [           main] c.uber.integration.IntegrationFlowTest   : Running with Spring Boot v3.4.1, Spring v6.2.1
2026-01-01T16:52:12.274+08:00  INFO 13432 --- [ride-dispatch-server] [           main] c.uber.integration.IntegrationFlowTest   : No active profile set, falling back to 1 default profile: "default"
WARNING: A restricted method 
in java.lang.System has been 
called
WARNING: java.lang.System::lo
ad has been called by org.apa
che.tomcat.jni.Library in an 
unnamed module (file:/C:/User
s/wilso/.m2/repository/org/ap
ache/tomcat/embed/tomcat-embe
d-core/10.1.34/tomcat-embed-c
ore-10.1.34.jar)
WARNING: Use --enable-native-
access=ALL-UNNAMED to avoid a
 warning for callers in this 
module
WARNING: Restricted methods w
ill be blocked in a future re
lease unless native access is
 enabled

2026-01-01T16:52:12.600+08:00 ERROR 13432 --- [ride-dispatch-server] [           main] com.uber.util.JsonFileUtil               : Failed to load data from file: riders.json

com.fasterxml.jackson.databind.exc.UnrecognizedPropertyException: Unrecognized field "address" (class com.uber.model.Location), not marked as ignorable (2 known properties: "x", "y"])
 at [Source: REDACTED (`StreamReadFeature.INCLUDE_SOURCE_IN_LOCATION` disabled); line: 1, column: 145] (through reference chain: java.util.ArrayList[0]->com.uber.model.Rider["location"]->com.uber.model.Location["address"])
	at com.fasterxml.jackson.databind.exc.UnrecognizedPropertyException.from(UnrecognizedPropertyException.java:61) ~[jackson-databind-2.18.2.jar:2.18.2]
	at com.fasterxml.jackson.databind.DeserializationContext.handleUnknownProperty(DeserializationContext.java:1153) ~[jackson-databind-2.18.2.jar:2.18.2]
	at com.fasterxml.jackson.databind.deser.std.StdDeserializer.handleUnknownProperty(StdDeserializer.java:2241) ~[jackson-databind-2.18.2.jar:2.18.2]
	at com.fasterxml.jackson.databind.deser.BeanDeserializerBase.handleUnknownProperty(BeanDeserializerBase.java:1821) ~[jackson-databind-2.18.2.jar:2.18.2]
	at com.fasterxml.jackson.databind.deser.BeanDeserializerBase.handleUnknownVanilla(BeanDeserializerBase.java:1799) ~[jackson-databind-2.18.2.jar:2.18.2]
	at com.fasterxml.jackson.databind.deser.BeanDeserializer.vanillaDeserialize(BeanDeserializer.java:316) ~[jackson-databind-2.18.2.jar:2.18.2]
	at com.fasterxml.jackson.databind.deser.BeanDeserializer.deserialize(BeanDeserializer.java:177) ~[jackson-databind-2.18.2.jar:2.18.2]
	at com.fasterxml.jackson.databind.deser.impl.MethodProperty.deserializeAndSet(MethodProperty.java:129) ~[jackson-databind-2.18.2.jar:2.18.2]
	at com.fasterxml.jackson.databind.deser.BeanDeserializer.vanillaDeserialize(BeanDeserializer.java:310) ~[jackson-databind-2.18.2.jar:2.18.2]
	at com.fasterxml.jackson.databind.deser.BeanDeserializer.deserialize(BeanDeserializer.java:177) ~[jackson-databind-2.18.2.jar:2.18.2]
	at com.fasterxml.jackson.databind.deser.std.CollectionDeserializer._deserializeFromArray(CollectionDeserializer.java:361) ~[jackson-databind-2.18.2.jar:2.18.2]
	at com.fasterxml.jackson.databind.deser.std.CollectionDeserializer.deserialize(CollectionDeserializer.java:246) ~[jackson-databind-2.18.2.jar:2.18.2]
	at com.fasterxml.jackson.databind.deser.std.CollectionDeserializer.deserialize(CollectionDeserializer.java:30) ~[jackson-databind-2.18.2.jar:2.18.2]
	at com.fasterxml.jackson.databind.deser.DefaultDeserializationContext.readRootValue(DefaultDeserializationContext.java:342) ~[jackson-databind-2.18.2.jar:2.18.2]
	at com.fasterxml.jackson.databind.ObjectMapper._readMapAndClose(ObjectMapper.java:4917) ~[jackson-databind-2.18.2.jar:2.18.2]
	at com.fasterxml.jackson.databind.ObjectMapper.readValue(ObjectMapper.java:3745) ~[jackson-databind-2.18.2.jar:2.18.2]
	at com.uber.util.JsonFileUtil.loadFromFile(JsonFileUtil.java:42) ~[classes/:na]
	at com.uber.repository.RiderRepository.loadData(RiderRepository.java:26) ~[classes/:na]
	at com.uber.repository.RiderRepository.<init>(RiderRepository.java:22) ~[classes/:na]
	at java.base/jdk.internal.reflect.DirectConstructorHandleAccessor.newInstance(DirectConstructorHandleAccessor.java:62) ~[na:na]
	at java.base/java.lang.reflect.Constructor.newInstanceWithCaller(Constructor.java:499) ~[na:na]
	at java.base/java.lang.reflect.Constructor.newInstance(Constructor.java:483) ~[na:na]
	at org.springframework.beans.BeanUtils.instantiateClass(BeanUtils.java:196) ~[spring-beans-6.2.1.jar:6.2.1]
	at org.springframework.beans.factory.support.SimpleInstantiationStrategy.instantiate(SimpleInstantiationStrategy.java:122) ~[spring-beans-6.2.1.jar:6.2.1]
	at org.springframework.beans.factory.support.AbstractAutowireCapableBeanFactory.instantiateBean(AbstractAutowireCapableBeanFactory.java:1333) ~[spring-beans-6.2.1.jar:6.2.1]
	at org.springframework.beans.factory.support.AbstractAutowireCapableBeanFactory.createBeanInstance(AbstractAutowireCapableBeanFactory.java:1224) ~[spring-beans-6.2.1.jar:6.2.1]
	at org.springframework.beans.factory.support.AbstractAutowireCapableBeanFactory.doCreateBean(AbstractAutowireCapableBeanFactory.java:563) ~[spring-beans-6.2.1.jar:6.2.1]
	at org.springframework.beans.factory.support.AbstractAutowireCapableBeanFactory.createBean(AbstractAutowireCapableBeanFactory.java:523) ~[spring-beans-6.2.1.jar:6.2.1]
	at org.springframework.beans.factory.support.AbstractBeanFactory.lambda$doGetBean$0(AbstractBeanFactory.java:336) ~[spring-beans-6.2.1.jar:6.2.1]
	at org.springframework.beans.factory.support.DefaultSingletonBeanRegistry.getSingleton(DefaultSingletonBeanRegistry.java:289) ~[spring-beans-6.2.1.jar:6.2.1]
	at org.springframework.beans.factory.support.AbstractBeanFactory.doGetBean(AbstractBeanFactory.java:334) ~[spring-beans-6.2.1.jar:6.2.1]
	at org.springframework.beans.factory.support.AbstractBeanFactory.getBean(AbstractBeanFactory.java:199) ~[spring-beans-6.2.1.jar:6.2.1]
	at org.springframework.beans.factory.support.DefaultListableBeanFactory.instantiateSingleton(DefaultListableBeanFactory.java:1122) ~[spring-beans-6.2.1.jar:6.2.1]
	at org.springframework.beans.factory.support.DefaultListableBeanFactory.preInstantiateSingleton(DefaultListableBeanFactory.java:1093) ~[spring-beans-6.2.1.jar:6.2.1]
	at org.springframework.beans.factory.support.DefaultListableBeanFactory.preInstantiateSingletons(DefaultListableBeanFactory.java:1030) ~[spring-beans-6.2.1.jar:6.2.1]
	at org.springframework.context.support.AbstractApplicationContext.finishBeanFactoryInitialization(AbstractApplicationContext.java:987) ~[spring-context-6.2.1.jar:6.2.1]
	at org.springframework.context.support.AbstractApplicationContext.refresh(AbstractApplicationContext.java:627) ~[spring-context-6.2.1.jar:6.2.1]
	at org.springframework.boot.SpringApplication.refresh(SpringApplication.java:752) ~[spring-boot-3.4.1.jar:3.4.1]
	at org.springframework.boot.SpringApplication.refreshContext(SpringApplication.java:439) ~[spring-boot-3.4.1.jar:3.4.1]
	at org.springframework.boot.SpringApplication.run(SpringApplication.java:318) ~[spring-boot-3.4.1.jar:3.4.1]
	at org.springframework.boot.test.context.SpringBootContextLoader.lambda$loadContext$3(SpringBootContextLoader.java:137) ~[spring-boot-test-3.4.1.jar:3.4.1]
	at org.springframework.util.function.ThrowingSupplier.get(ThrowingSupplier.java:58) ~[spring-core-6.2.1.jar:6.2.1]
	at org.springframework.util.function.ThrowingSupplier.get(ThrowingSupplier.java:46) ~[spring-core-6.2.1.jar:6.2.1]
	at org.springframework.boot.SpringApplication.withHook(SpringApplication.java:1461) ~[spring-boot-3.4.1.jar:3.4.1]
	at org.springframework.boot.test.context.SpringBootContextLoader$ContextLoaderHook.run(SpringBootContextLoader.java:553) ~[spring-boot-test-3.4.1.jar:3.4.1]
	at org.springframework.boot.test.context.SpringBootContextLoader.loadContext(SpringBootContextLoader.java:137) ~[spring-boot-test-3.4.1.jar:3.4.1]
	at org.springframework.boot.test.context.SpringBootContextLoader.loadContext(SpringBootContextLoader.java:108) ~[spring-boot-test-3.4.1.jar:3.4.1]
	at org.springframework.test.context.cache.DefaultCacheAwareContextLoaderDelegate.loadContextInternal(DefaultCacheAwareContextLoaderDelegate.java:225) ~[spring-test-6.2.1.jar:6.2.1]
	at org.springframework.test.context.cache.DefaultCacheAwareContextLoaderDelegate.loadContext(DefaultCacheAwareContextLoaderDelegate.java:152) ~[spring-test-6.2.1.jar:6.2.1]
	at org.springframework.test.context.support.DefaultTestContext.getApplicationContext(DefaultTestContext.java:130) ~[spring-test-6.2.1.jar:6.2.1]
	at org.springframework.test.context.web.ServletTestExecutionListener.setUpRequestContextIfNecessary(ServletTestExecutionListener.java:191) ~[spring-test-6.2.1.jar:6.2.1]
	at org.springframework.test.context.web.ServletTestExecutionListener.prepareTestInstance(ServletTestExecutionListener.java:130) ~[spring-test-6.2.1.jar:6.2.1]
	at org.springframework.test.context.TestContextManager.prepareTestInstance(TestContextManager.java:260) ~[spring-test-6.2.1.jar:6.2.1]
	at org.springframework.test.context.junit.jupiter.SpringExtension.postProcessTestInstance(SpringExtension.java:160) ~[spring-test-6.2.1.jar:6.2.1]
	at org.junit.jupiter.engine.descriptor.ClassBasedTestDescriptor.lambda$invokeTestInstancePostProcessors$11(ClassBasedTestDescriptor.java:378) ~[junit-jupiter-engine-5.11.4.jar:5.11.4]
	at org.junit.jupiter.engine.descriptor.ClassBasedTestDescriptor.executeAndMaskThrowable(ClassBasedTestDescriptor.java:383) ~[junit-jupiter-engine-5.11.4.jar:5.11.4]
	at org.junit.jupiter.engine.descriptor.ClassBasedTestDescriptor.lambda$invokeTestInstancePostProcessors$12(ClassBasedTestDescriptor.java:378) ~[junit-jupiter-engine-5.11.4.jar:5.11.4]
	at java.base/java.util.stream.ForEachOps$ForEachOp$OfRef.accept(ForEachOps.java:186) ~[na:na]
	at java.base/java.util.stream.ReferencePipeline$3$1.accept(ReferencePipeline.java:214) ~[na:na]
	at java.base/java.util.stream.ReferencePipeline$2$1.accept(ReferencePipeline.java:197) ~[na:na]
	at java.base/java.util.stream.ReferencePipeline$3$1.accept(ReferencePipeline.java:214) ~[na:na]
	at java.base/java.util.ArrayList$ArrayListSpliterator.forEachRemaining(ArrayList.java:1716) ~[na:na]
	at java.base/java.util.stream.AbstractPipeline.copyInto(AbstractPipeline.java:570) ~[na:na]
	at java.base/java.util.stream.AbstractPipeline.wrapAndCopyInto(AbstractPipeline.java:560) ~[na:na]
	at java.base/java.util.stream.ForEachOps$ForEachOp.evaluateSequential(ForEachOps.java:153) ~[na:na]
	at java.base/java.util.stream.ForEachOps$ForEachOp$OfRef.evaluateSequential(ForEachOps.java:176) ~[na:na]
	at java.base/java.util.stream.AbstractPipeline.evaluate(AbstractPipeline.java:265) ~[na:na]
	at java.base/java.util.stream.ReferencePipeline.forEach(ReferencePipeline.java:632) ~[na:na]
	at org.junit.jupiter.engine.descriptor.ClassBasedTestDescriptor.invokeTestInstancePostProcessors(ClassBasedTestDescriptor.java:377) ~[junit-jupiter-engine-5.11.4.jar:5.11.4]
	at org.junit.jupiter.engine.descriptor.ClassBasedTestDescriptor.lambda$instantiateAndPostProcessTestInstance$7(ClassBasedTestDescriptor.java:290) ~[junit-jupiter-engine-5.11.4.jar:5.11.4]
	at org.junit.platform.engine.support.hierarchical.ThrowableCollector.execute(ThrowableCollector.java:73) ~[junit-platform-engine-1.11.4.jar:1.11.4]
	at org.junit.jupiter.engine.descriptor.ClassBasedTestDescriptor.instantiateAndPostProcessTestInstance(ClassBasedTestDescriptor.java:289) ~[junit-jupiter-engine-5.11.4.jar:5.11.4]
	at org.junit.jupiter.engine.descriptor.ClassBasedTestDescriptor.lambda$testInstancesProvider$5(ClassBasedTestDescriptor.java:279) ~[junit-jupiter-engine-5.11.4.jar:5.11.4]
	at java.base/java.util.Optional.orElseGet(Optional.java:364) ~[na:na]
	at org.junit.jupiter.engine.descriptor.ClassBasedTestDescriptor.lambda$testInstancesProvider$6(ClassBasedTestDescriptor.java:278) ~[junit-jupiter-engine-5.11.4.jar:5.11.4]
	at org.junit.jupiter.engine.descriptor.NestedClassTestDescriptor.instantiateTestClass(NestedClassTestDescriptor.java:85) ~[junit-jupiter-engine-5.11.4.jar:5.11.4]
	at org.junit.jupiter.engine.descriptor.ClassBasedTestDescriptor.instantiateAndPostProcessTestInstance(ClassBasedTestDescriptor.java:287) ~[junit-jupiter-engine-5.11.4.jar:5.11.4]
	at org.junit.jupiter.engine.descriptor.ClassBasedTestDescriptor.lambda$testInstancesProvider$5(ClassBasedTestDescriptor.java:279) ~[junit-jupiter-engine-5.11.4.jar:5.11.4]
	at java.base/java.util.Optional.orElseGet(Optional.java:364) ~[na:na]
	at org.junit.jupiter.engine.descriptor.ClassBasedTestDescriptor.lambda$testInstancesProvider$6(ClassBasedTestDescriptor.java:278) ~[junit-jupiter-engine-5.11.4.jar:5.11.4]
	at org.junit.jupiter.engine.execution.TestInstancesProvider.getTestInstances(TestInstancesProvider.java:31) ~[junit-jupiter-engine-5.11.4.jar:5.11.4]
	at org.junit.jupiter.engine.descriptor.TestMethodTestDescriptor.lambda$prepare$1(TestMethodTestDescriptor.java:105) ~[junit-jupiter-engine-5.11.4.jar:5.11.4]
	at org.junit.platform.engine.support.hierarchical.ThrowableCollector.execute(ThrowableCollector.java:73) ~[junit-platform-engine-1.11.4.jar:1.11.4]
	at org.junit.jupiter.engine.descriptor.TestMethodTestDescriptor.prepare(TestMethodTestDescriptor.java:104) ~[junit-jupiter-engine-5.11.4.jar:5.11.4]
	at org.junit.jupiter.engine.descriptor.TestMethodTestDescriptor.prepare(TestMethodTestDescriptor.java:68) ~[junit-jupiter-engine-5.11.4.jar:5.11.4]
	at org.junit.platform.engine.support.hierarchical.NodeTestTask.lambda$prepare$2(NodeTestTask.java:128) ~[junit-platform-engine-1.11.4.jar:1.11.4]
	at org.junit.platform.engine.support.hierarchical.ThrowableCollector.execute(ThrowableCollector.java:73) ~[junit-platform-engine-1.11.4.jar:1.11.4]
	at org.junit.platform.engine.support.hierarchical.NodeTestTask.prepare(NodeTestTask.java:128) ~[junit-platform-engine-1.11.4.jar:1.11.4]
	at org.junit.platform.engine.support.hierarchical.NodeTestTask.execute(NodeTestTask.java:95) ~[junit-platform-engine-1.11.4.jar:1.11.4]
	at java.base/java.util.ArrayList.forEach(ArrayList.java:1604) ~[na:na]
	at org.junit.platform.engine.support.hierarchical.SameThreadHierarchicalTestExecutorService.invokeAll(SameThreadHierarchicalTestExecutorService.java:41) ~[junit-platform-engine-1.11.4.jar:1.11.4]
	at org.junit.platform.engine.support.hierarchical.NodeTestTask.lambda$executeRecursively$6(NodeTestTask.java:160) ~[junit-platform-engine-1.11.4.jar:1.11.4]
	at org.junit.platform.engine.support.hierarchical.ThrowableCollector.execute(ThrowableCollector.java:73) ~[junit-platform-engine-1.11.4.jar:1.11.4]
	at org.junit.platform.engine.support.hierarchical.NodeTestTask.lambda$executeRecursively$8(NodeTestTask.java:146) ~[junit-platform-engine-1.11.4.jar:1.11.4]
	at org.junit.platform.engine.support.hierarchical.Node.around(Node.java:137) ~[junit-platform-engine-1.11.4.jar:1.11.4]
	at org.junit.platform.engine.support.hierarchical.NodeTestTask.lambda$executeRecursively$9(NodeTestTask.java:144) ~[junit-platform-engine-1.11.4.jar:1.11.4]
	at org.junit.platform.engine.support.hierarchical.ThrowableCollector.execute(ThrowableCollector.java:73) ~[junit-platform-engine-1.11.4.jar:1.11.4]
	at org.junit.platform.engine.support.hierarchical.NodeTestTask.executeRecursively(NodeTestTask.java:143) ~[junit-platform-engine-1.11.4.jar:1.11.4]
	at org.junit.platform.engine.support.hierarchical.NodeTestTask.execute(NodeTestTask.java:100) ~[junit-platform-engine-1.11.4.jar:1.11.4]
	at java.base/java.util.ArrayList.forEach(ArrayList.java:1604) ~[na:na]
	at org.junit.platform.engine.support.hierarchical.SameThreadHierarchicalTestExecutorService.invokeAll(SameThreadHierarchicalTestExecutorService.java:41) ~[junit-platform-engine-1.11.4.jar:1.11.4]
	at org.junit.platform.engine.support.hierarchical.NodeTestTask.lambda$executeRecursively$6(NodeTestTask.java:160) ~[junit-platform-engine-1.11.4.jar:1.11.4]
	at org.junit.platform.engine.support.hierarchical.ThrowableCollector.execute(ThrowableCollector.java:73) ~[junit-platform-engine-1.11.4.jar:1.11.4]
	at org.junit.platform.engine.support.hierarchical.NodeTestTask.lambda$executeRecursively$8(NodeTestTask.java:146) ~[junit-platform-engine-1.11.4.jar:1.11.4]
	at org.junit.platform.engine.support.hierarchical.Node.around(Node.java:137) ~[junit-platform-engine-1.11.4.jar:1.11.4]
	at org.junit.platform.engine.support.hierarchical.NodeTestTask.lambda$executeRecursively$9(NodeTestTask.java:144) ~[junit-platform-engine-1.11.4.jar:1.11.4]
	at org.junit.platform.engine.support.hierarchical.ThrowableCollector.execute(ThrowableCollector.java:73) ~[junit-platform-engine-1.11.4.jar:1.11.4]
	at org.junit.platform.engine.support.hierarchical.NodeTestTask.executeRecursively(NodeTestTask.java:143) ~[junit-platform-engine-1.11.4.jar:1.11.4]
	at org.junit.platform.engine.support.hierarchical.NodeTestTask.execute(NodeTestTask.java:100) ~[junit-platform-engine-1.11.4.jar:1.11.4]
	at java.base/java.util.ArrayList.forEach(ArrayList.java:1604) ~[na:na]
	at org.junit.platform.engine.support.hierarchical.SameThreadHierarchicalTestExecutorService.invokeAll(SameThreadHierarchicalTestExecutorService.java:41) ~[junit-platform-engine-1.11.4.jar:1.11.4]
	at org.junit.platform.engine.support.hierarchical.NodeTestTask.lambda$executeRecursively$6(NodeTestTask.java:160) ~[junit-platform-engine-1.11.4.jar:1.11.4]
	at org.junit.platform.engine.support.hierarchical.ThrowableCollector.execute(ThrowableCollector.java:73) ~[junit-platform-engine-1.11.4.jar:1.11.4]
	at org.junit.platform.engine.support.hierarchical.NodeTestTask.lambda$executeRecursively$8(NodeTestTask.java:146) ~[junit-platform-engine-1.11.4.jar:1.11.4]
	at org.junit.platform.engine.support.hierarchical.Node.around(Node.java:137) ~[junit-platform-engine-1.11.4.jar:1.11.4]
	at org.junit.platform.engine.support.hierarchical.NodeTestTask.lambda$executeRecursively$9(NodeTestTask.java:144) ~[junit-platform-engine-1.11.4.jar:1.11.4]
	at org.junit.platform.engine.support.hierarchical.ThrowableCollector.execute(ThrowableCollector.java:73) ~[junit-platform-engine-1.11.4.jar:1.11.4]
	at org.junit.platform.engine.support.hierarchical.NodeTestTask.executeRecursively(NodeTestTask.java:143) ~[junit-platform-engine-1.11.4.jar:1.11.4]
	at org.junit.platform.engine.support.hierarchical.NodeTestTask.execute(NodeTestTask.java:100) ~[junit-platform-engine-1.11.4.jar:1.11.4]
	at org.junit.platform.engine.support.hierarchical.SameThreadHierarchicalTestExecutorService.submit(SameThreadHierarchicalTestExecutorService.java:35) ~[junit-platform-engine-1.11.4.jar:1.11.4]
	at org.junit.platform.engine.support.hierarchical.HierarchicalTestExecutor.execute(HierarchicalTestExecutor.java:57) ~[junit-platform-engine-1.11.4.jar:1.11.4]
	at org.junit.platform.engine.support.hierarchical.HierarchicalTestEngine.execute(HierarchicalTestEngine.java:54) ~[junit-platform-engine-1.11.4.jar:1.11.4]
	at org.junit.platform.launcher.core.EngineExecutionOrchestrator.execute(EngineExecutionOrchestrator.java:198) ~[junit-platform-launcher-1.11.4.jar:1.11.4]
	at org.junit.platform.launcher.core.EngineExecutionOrchestrator.execute(EngineExecutionOrchestrator.java:169) ~[junit-platform-launcher-1.11.4.jar:1.11.4]
	at org.junit.platform.launcher.core.EngineExecutionOrchestrator.execute(EngineExecutionOrchestrator.java:93) ~[junit-platform-launcher-1.11.4.jar:1.11.4]
	at org.junit.platform.launcher.core.EngineExecutionOrchestrator.lambda$execute$0(EngineExecutionOrchestrator.java:58) ~[junit-platform-launcher-1.11.4.jar:1.11.4]
	at org.junit.platform.launcher.core.EngineExecutionOrchestrator.withInterceptedStreams(EngineExecutionOrchestrator.java:141) ~[junit-platform-launcher-1.11.4.jar:1.11.4]
	at org.junit.platform.launcher.core.EngineExecutionOrchestrator.execute(EngineExecutionOrchestrator.java:57) ~[junit-platform-launcher-1.11.4.jar:1.11.4]
	at org.junit.platform.launcher.core.DefaultLauncher.execute(DefaultLauncher.java:103) ~[junit-platform-launcher-1.11.4.jar:1.11.4]
	at org.junit.platform.launcher.core.DefaultLauncher.execute(DefaultLauncher.java:85) ~[junit-platform-launcher-1.11.4.jar:1.11.4]
	at org.junit.platform.launcher.core.DelegatingLauncher.execute(DelegatingLauncher.java:47) ~[junit-platform-launcher-1.11.4.jar:1.11.4]
	at org.apache.maven.surefire.junitplatform.LazyLauncher.execute(LazyLauncher.java:56) ~[surefire-junit-platform-3.2.5.jar:3.2.5]
	at org.apache.maven.surefire.junitplatform.JUnitPlatformProvider.execute(JUnitPlatformProvider.java:184) ~[surefire-junit-platform-3.2.5.jar:3.2.5]
	at org.apache.maven.surefire.junitplatform.JUnitPlatformProvider.invokeAllTests(JUnitPlatformProvider.java:148) ~[surefire-junit-platform-3.2.5.jar:3.2.5]
	at org.apache.maven.surefire.junitplatform.JUnitPlatformProvider.invoke(JUnitPlatformProvider.java:122) ~[surefire-junit-platform-3.2.5.jar:3.2.5]
	at org.apache.maven.surefire.booter.ForkedBooter.runSuitesInProcess(ForkedBooter.java:385) ~[surefire-booter-3.2.5.jar:3.2.5]
	at org.apache.maven.surefire.booter.ForkedBooter.execute(ForkedBooter.java:162) ~[surefire-booter-3.2.5.jar:3.2.5]
	at org.apache.maven.surefire.booter.ForkedBooter.run(ForkedBooter.java:507) ~[surefire-booter-3.2.5.jar:3.2.5]
	at org.apache.maven.surefire.booter.ForkedBooter.main(ForkedBooter.java:495) ~[surefire-booter-3.2.5.jar:3.2.5]

2026-01-01T16:52:12.836+08:00  INFO 13432 --- [ride-dispatch-server] [           main] o.s.b.t.m.w.SpringBootMockServletContext : Initializing Spring TestDispatcherServlet ''
2026-01-01T16:52:12.836+08:00  INFO 13432 --- [ride-dispatch-server] [           main] o.s.t.web.servlet.TestDispatcherServlet  : Initializing Servlet ''
2026-01-01T16:52:12.837+08:00  INFO 13432 --- [ride-dispatch-server] [           main] o.s.t.web.servlet.TestDispatcherServlet  : Completed initialization in 0 ms
2026-01-01T16:52:12.843+08:00  INFO 13432 --- [ride-dispatch-server] [           main] c.uber.integration.IntegrationFlowTest   : Started IntegrationFlowTest in 0.592 seconds (process running for 9.313)
2026-01-01T16:52:12.863+08:00  WARN 13432 --- [ride-dispatch-server] [           main] com.uber.service.OrderService            : No available driver found for order with vehicleType: STANDARD
2026-01-01T16:52:12.865+08:00  INFO 13432 --- [ride-dispatch-server] [           main] com.uber.service.OrderService            : Order created: 8f47da4c-ae2c-4514-9166-372a48d22d67 (assigned to: null)
2026-01-01T16:52:12.882+08:00  WARN 13432 --- [ride-dispatch-server] [           main] c.uber.exception.GlobalExceptionHandler  : Business exception: INVALID_REQUEST - 上車地點與下車地點不可相同
2026-01-01T16:52:12.891+08:00  WARN 13432 --- [ride-dispatch-server] [           main] com.uber.service.OrderService            : No available driver found for order with vehicleType: STANDARD
2026-01-01T16:52:12.891+08:00  INFO 13432 --- [ride-dispatch-server] [           main] com.uber.service.OrderService            : Order created: de0fa0c2-aaa6-4df4-bb68-76d2887ed42e (assigned to: null)
2026-01-01T16:52:12.908+08:00  INFO 13432 --- [ride-dispatch-server] [           main] com.uber.service.DriverService           : Driver registered: driver-api-03
2026-01-01T16:52:12.918+08:00  INFO 13432 --- [ride-dispatch-server] [           main] com.uber.service.DriverService           : Driver driver-api-03 is now online at (25.035, 121.56)
2026-01-01T16:52:12.924+08:00  INFO 13432 --- [ride-dispatch-server] [           main] com.uber.service.OrderService            : Order de0fa0c2-aaa6-4df4-bb68-76d2887ed42e accepted by driver driver-api-03
[INFO] Tests run: 3, Failures: 0, Errors: 0, Skipped: 0, Time elapsed: 0.683 s -- in com.uber.integration.IntegrationFlowTest$ApiContractTests
[INFO] Running com.uber.integration.IntegrationFlowTest$OrderCancellationAfterAcceptTests
2026-01-01T16:52:12.930+08:00  INFO 13432 --- [ride-dispatch-server] [           main] t.c.s.AnnotationConfigContextLoaderUtils : Could not detect default configuration classes for test class [com.uber.integration.IntegrationFlowTest$OrderCancellationAfterAcceptTests]: OrderCancellationAfterAcceptTests does not declare any static, non-private, non-final, nested classes annotated with @Configuration.
2026-01-01T16:52:12.931+08:00  INFO 13432 --- [ride-dispatch-server] [           main] .b.t.c.SpringBootTestContextBootstrapper : Found @SpringBootConfiguration com.uber.RideDispatchApplication for test class com.uber.integration.IntegrationFlowTest$OrderCancellationAfterAcceptTests
2026-01-01T16:52:12.941+08:00  WARN 13432 --- [ride-dispatch-server] [           main] com.uber.service.OrderService            : No available driver found for order with vehicleType: PREMIUM
2026-01-01T16:52:12.941+08:00  INFO 13432 --- [ride-dispatch-server] [           main] com.uber.service.OrderService            : Order created: 381dc504-c1ad-43f1-8d6f-09e3c9d0c4cb (assigned to: null)
2026-01-01T16:52:12.944+08:00  INFO 13432 --- [ride-dispatch-server] [           main] com.uber.service.DriverService           : Driver registered: driver-205
2026-01-01T16:52:12.946+08:00  INFO 13432 --- [ride-dispatch-server] [           main] com.uber.service.DriverService           : Driver driver-205 is now online at (25.035, 121.56)
2026-01-01T16:52:12.949+08:00  INFO 13432 --- [ride-dispatch-server] [           main] com.uber.service.OrderService            : Order 381dc504-c1ad-43f1-8d6f-09e3c9d0c4cb accepted by driver driver-205
2026-01-01T16:52:12.953+08:00  INFO 13432 --- [ride-dispatch-server] [           main] com.uber.service.OrderService            : Order 381dc504-c1ad-43f1-8d6f-09e3c9d0c4cb cancelled
2026-01-01T16:52:12.963+08:00  WARN 13432 --- [ride-dispatch-server] [           main] com.uber.service.OrderService            : No available driver found for order with vehicleType: STANDARD
2026-01-01T16:52:12.963+08:00  INFO 13432 --- [ride-dispatch-server] [           main] com.uber.service.OrderService            : Order created: 2560643f-a504-4872-a363-588e4eab3f33 (assigned to: null)
2026-01-01T16:52:12.966+08:00  INFO 13432 --- [ride-dispatch-server] [           main] com.uber.service.DriverService           : Driver registered: driver-203
2026-01-01T16:52:12.968+08:00  INFO 13432 --- [ride-dispatch-server] [           main] com.uber.service.DriverService           : Driver driver-203 is now online at (25.035, 121.56)
2026-01-01T16:52:12.970+08:00  INFO 13432 --- [ride-dispatch-server] [           main] com.uber.service.OrderService            : Order 2560643f-a504-4872-a363-588e4eab3f33 accepted by driver driver-203
2026-01-01T16:52:12.972+08:00  INFO 13432 --- [ride-dispatch-server] [           main] com.uber.service.OrderService            : Order 2560643f-a504-4872-a363-588e4eab3f33 cancelled
2026-01-01T16:52:12.974+08:00  INFO 13432 --- [ride-dispatch-server] [           main] com.uber.service.OrderService            : Order auto-assigned to driver: driver-203
2026-01-01T16:52:12.974+08:00  INFO 13432 --- [ride-dispatch-server] [           main] com.uber.service.OrderService            : Order created: 66cdee2f-78c7-40cd-9a96-332d133073bb (assigned to: driver-203)
2026-01-01T16:52:12.976+08:00  INFO 13432 --- [ride-dispatch-server] [           main] com.uber.service.OrderService            : Order 66cdee2f-78c7-40cd-9a96-332d133073bb accepted by driver driver-203
2026-01-01T16:52:12.983+08:00  WARN 13432 --- [ride-dispatch-server] [           main] com.uber.service.OrderService            : No available driver found for order with vehicleType: STANDARD
2026-01-01T16:52:12.983+08:00  INFO 13432 --- [ride-dispatch-server] [           main] com.uber.service.OrderService            : Order created: 54971134-2467-47eb-979e-39dc9cf2304a (assigned to: null)
2026-01-01T16:52:12.985+08:00  INFO 13432 --- [ride-dispatch-server] [           main] com.uber.service.DriverService           : Driver registered: driver-201
2026-01-01T16:52:12.987+08:00  INFO 13432 --- [ride-dispatch-server] [           main] com.uber.service.DriverService           : Driver driver-201 is now online at (25.035, 121.56)
2026-01-01T16:52:12.990+08:00  INFO 13432 --- [ride-dispatch-server] [           main] com.uber.service.OrderService            : Order 54971134-2467-47eb-979e-39dc9cf2304a accepted by driver driver-201
2026-01-01T16:52:12.992+08:00  INFO 13432 --- [ride-dispatch-server] [           main] com.uber.service.OrderService            : Order 54971134-2467-47eb-979e-39dc9cf2304a cancelled
2026-01-01T16:52:12.999+08:00  WARN 13432 --- [ride-dispatch-server] [           main] com.uber.service.OrderService            : No available driver found for order with vehicleType: STANDARD
2026-01-01T16:52:12.999+08:00  INFO 13432 --- [ride-dispatch-server] [           main] com.uber.service.OrderService            : Order created: d02f11fa-2d40-416e-9529-d1b3eba94a52 (assigned to: null)
2026-01-01T16:52:13.001+08:00  INFO 13432 --- [ride-dispatch-server] [           main] com.uber.service.DriverService           : Driver registered: driver-202
2026-01-01T16:52:13.004+08:00  INFO 13432 --- [ride-dispatch-server] [           main] com.uber.service.DriverService           : Driver driver-202 is now online at (25.035, 121.56)
2026-01-01T16:52:13.006+08:00  INFO 13432 --- [ride-dispatch-server] [           main] com.uber.service.OrderService            : Order d02f11fa-2d40-416e-9529-d1b3eba94a52 accepted by driver driver-202
2026-01-01T16:52:13.010+08:00  INFO 13432 --- [ride-dispatch-server] [           main] com.uber.service.OrderService            : Trip started for order d02f11fa-2d40-416e-9529-d1b3eba94a52
2026-01-01T16:52:13.013+08:00  WARN 13432 --- [ride-dispatch-server] [           main] c.uber.exception.GlobalExceptionHandler  : Business exception: INVALID_STATE - 此訂單狀態無法取消
[INFO] Tests run: 4, Failures: 0, Errors: 0, Skipped: 0, Time elapsed: 0.087 s -- in com.uber.integration.IntegrationFlowTest$OrderCancellationAfterAcceptTests
[INFO] Running com.uber.integration.IntegrationFlowTest$OrderCancellationByPassengerTests
2026-01-01T16:52:13.018+08:00  INFO 13432 --- [ride-dispatch-server] [           main] t.c.s.AnnotationConfigContextLoaderUtils : Could not detect default configuration classes for test class [com.uber.integration.IntegrationFlowTest$OrderCancellationByPassengerTests]: OrderCancellationByPassengerTests does not declare any static, non-private, non-final, nested classes annotated with @Configuration.
2026-01-01T16:52:13.021+08:00  INFO 13432 --- [ride-dispatch-server] [           main] .b.t.c.SpringBootTestContextBootstrapper : Found @SpringBootConfiguration com.uber.RideDispatchApplication for test class com.uber.integration.IntegrationFlowTest$OrderCancellationByPassengerTests
2026-01-01T16:52:13.026+08:00  WARN 13432 --- [ride-dispatch-server] [           main] com.uber.service.OrderService            : No available driver found for order with vehicleType: STANDARD
2026-01-01T16:52:13.026+08:00  INFO 13432 --- [ride-dispatch-server] [           main] com.uber.service.OrderService            : Order created: f33a1cd7-2be4-4199-9174-da8c3db389c1 (assigned to: null)
2026-01-01T16:52:13.029+08:00  WARN 13432 --- [ride-dispatch-server] [           main] c.uber.exception.GlobalExceptionHandler  : Business exception: FORBIDDEN - 您無權取消此訂單
2026-01-01T16:52:13.035+08:00  WARN 13432 --- [ride-dispatch-server] [           main] com.uber.service.OrderService            : No available driver found for order with vehicleType: STANDARD
2026-01-01T16:52:13.036+08:00  INFO 13432 --- [ride-dispatch-server] [           main] com.uber.service.OrderService            : Order created: 4061f296-f624-41f7-a7bb-40e8bf940d87 (assigned to: null)
2026-01-01T16:52:13.037+08:00  INFO 13432 --- [ride-dispatch-server] [           main] com.uber.service.OrderService            : Order 4061f296-f624-41f7-a7bb-40e8bf940d87 cancelled
2026-01-01T16:52:13.043+08:00  WARN 13432 --- [ride-dispatch-server] [           main] com.uber.service.OrderService            : No available driver found for order with vehicleType: STANDARD
2026-01-01T16:52:13.043+08:00  INFO 13432 --- [ride-dispatch-server] [           main] com.uber.service.OrderService            : Order created: bdb20b57-73b3-4436-9483-47be438ed71e (assigned to: null)
2026-01-01T16:52:13.046+08:00  INFO 13432 --- [ride-dispatch-server] [           main] com.uber.service.OrderService            : Order bdb20b57-73b3-4436-9483-47be438ed71e cancelled
[INFO] Tests run: 3, Failures: 0, Errors: 0, Skipped: 0, Time elapsed: 0.031 s -- in com.uber.integration.IntegrationFlowTest$OrderCancellationByPassengerTests
[INFO] Running com.uber.integration.IntegrationFlowTest$CompleteOrderFlowTests
2026-01-01T16:52:13.050+08:00  INFO 13432 --- [ride-dispatch-server] [           main] t.c.s.AnnotationConfigContextLoaderUtils : Could not detect default configuration classes for test class [com.uber.integration.IntegrationFlowTest$CompleteOrderFlowTests]: CompleteOrderFlowTests does not declare any static, non-private, non-final, nested classes annotated with @Configuration.
2026-01-01T16:52:13.052+08:00  INFO 13432 --- [ride-dispatch-server] [           main] .b.t.c.SpringBootTestContextBootstrapper : Found @SpringBootConfiguration com.uber.RideDispatchApplication for test class com.uber.integration.IntegrationFlowTest$CompleteOrderFlowTests
2026-01-01T16:52:13.057+08:00  WARN 13432 --- [ride-dispatch-server] [           main] com.uber.service.OrderService            : No available driver found for order with vehicleType: STANDARD
2026-01-01T16:52:13.057+08:00  INFO 13432 --- [ride-dispatch-server] [           main] com.uber.service.OrderService            : Order created: 32b67482-4612-4d40-bbdb-18eca2be8261 (assigned to: null)
2026-01-01T16:52:13.059+08:00  INFO 13432 --- [ride-dispatch-server] [           main] com.uber.service.DriverService           : Driver registered: driver-003
2026-01-01T16:52:13.061+08:00  INFO 13432 --- [ride-dispatch-server] [           main] com.uber.service.DriverService           : Driver driver-003 is now online at (25.035, 121.56)
2026-01-01T16:52:13.064+08:00  INFO 13432 --- [ride-dispatch-server] [           main] com.uber.service.OrderService            : Order 32b67482-4612-4d40-bbdb-18eca2be8261 accepted by driver driver-003
2026-01-01T16:52:13.066+08:00  INFO 13432 --- [ride-dispatch-server] [           main] com.uber.service.OrderService            : Trip started for order 32b67482-4612-4d40-bbdb-18eca2be8261
2026-01-01T16:52:13.070+08:00  INFO 13432 --- [ride-dispatch-server] [           main] com.uber.service.OrderService            : Using actual duration: 0 minutes for order 32b67482-4612-4d40-bbdb-18eca2be8261
2026-01-01T16:52:13.070+08:00  INFO 13432 --- [ride-dispatch-server] [           main] com.uber.service.OrderService            : Trip completed for order 32b67482-4612-4d40-bbdb-18eca2be8261, fare: 70.0
2026-01-01T16:52:13.076+08:00  WARN 13432 --- [ride-dispatch-server] [           main] com.uber.service.OrderService            : No available driver found for order with vehicleType: STANDARD
2026-01-01T16:52:13.076+08:00  INFO 13432 --- [ride-dispatch-server] [           main] com.uber.service.OrderService            : Order created: b6ee0f9a-c7d0-472a-aec8-c6486b00f209 (assigned to: null)
2026-01-01T16:52:13.078+08:00  INFO 13432 --- [ride-dispatch-server] [           main] com.uber.service.DriverService           : Driver registered: driver-001
2026-01-01T16:52:13.080+08:00  INFO 13432 --- [ride-dispatch-server] [           main] com.uber.service.DriverService           : Driver driver-001 is now online at (25.035, 121.56)
2026-01-01T16:52:13.081+08:00  INFO 13432 --- [ride-dispatch-server] [           main] com.uber.service.OrderService            : Order b6ee0f9a-c7d0-472a-aec8-c6486b00f209 accepted by driver driver-001
2026-01-01T16:52:13.081+08:00  INFO 13432 --- [ride-dispatch-server] [           main] com.uber.service.OrderService            : Trip started for order b6ee0f9a-c7d0-472a-aec8-c6486b00f209
2026-01-01T16:52:13.083+08:00  INFO 13432 --- [ride-dispatch-server] [           main] com.uber.service.OrderService            : Using actual duration: 0 minutes for order b6ee0f9a-c7d0-472a-aec8-c6486b00f209
2026-01-01T16:52:13.083+08:00  INFO 13432 --- [ride-dispatch-server] [           main] com.uber.service.OrderService            : Trip completed for order b6ee0f9a-c7d0-472a-aec8-c6486b00f209, fare: 70.0
2026-01-01T16:52:13.088+08:00  WARN 13432 --- [ride-dispatch-server] [           main] com.uber.service.OrderService            : No available driver found for order with vehicleType: STANDARD
2026-01-01T16:52:13.089+08:00  INFO 13432 --- [ride-dispatch-server] [           main] com.uber.service.OrderService            : Order created: b70d1b76-c97c-486f-a0b9-824ded8b075e (assigned to: null)
2026-01-01T16:52:13.090+08:00  INFO 13432 --- [ride-dispatch-server] [           main] com.uber.service.DriverService           : Driver registered: driver-002
2026-01-01T16:52:13.092+08:00  INFO 13432 --- [ride-dispatch-server] [           main] com.uber.service.DriverService           : Driver driver-002 is now online at (25.035, 121.56)
2026-01-01T16:52:13.093+08:00  INFO 13432 --- [ride-dispatch-server] [           main] com.uber.service.OrderService            : Order b70d1b76-c97c-486f-a0b9-824ded8b075e accepted by driver driver-002
2026-01-01T16:52:13.094+08:00  INFO 13432 --- [ride-dispatch-server] [           main] com.uber.service.OrderService            : Trip started for order b70d1b76-c97c-486f-a0b9-824ded8b075e
2026-01-01T16:52:13.095+08:00  INFO 13432 --- [ride-dispatch-server] [           main] com.uber.service.OrderService            : Using actual duration: 0 minutes for order b70d1b76-c97c-486f-a0b9-824ded8b075e
2026-01-01T16:52:13.095+08:00  INFO 13432 --- [ride-dispatch-server] [           main] com.uber.service.OrderService            : Trip completed for order b70d1b76-c97c-486f-a0b9-824ded8b075e, fare: 70.0
[INFO] Tests run: 3, Failures: 0, Errors: 0, Skipped: 0, Time elapsed: 0.046 s -- in com.uber.integration.IntegrationFlowTest$CompleteOrderFlowTests
[INFO] Tests run: 0, Failures: 0, Errors: 0, Skipped: 0, Time elapsed: 0.873 s -- in com.uber.integration.IntegrationFlowTest
[INFO] Running com.uber.repository.DriverRepositoryTest
[INFO] Tests run: 16, Failures: 0, Errors: 0, Skipped: 0, Time elapsed: 0.097 s -- in com.uber.repository.DriverRepositoryTest
[INFO] Running com.uber.repository.OrderRepositoryTest
[INFO] Tests run: 12, Failures: 0, Errors: 0, Skipped: 0, Time elapsed: 0.009 s -- in com.uber.repository.OrderRepositoryTest
[INFO] Running com.uber.service.AuditServiceTest
[INFO] Running com.uber.service.AuditServiceTest$QueryTests
[INFO] Tests run: 3, Failures: 0, Errors: 0, Skipped: 0, Time elapsed: 0.003 s -- in com.uber.service.AuditServiceTest$QueryTests
[INFO] Running com.uber.service.AuditServiceTest$LogFailureTests
[INFO] Tests run: 2, Failures: 0, Errors: 0, Skipped: 0, Time elapsed: 0.002 s -- in com.uber.service.AuditServiceTest$LogFailureTests
[INFO] Running com.uber.service.AuditServiceTest$LogSuccessTests
[INFO] Tests run: 2, Failures: 0, Errors: 0, Skipped: 0, Time elapsed: 0.003 s -- in com.uber.service.AuditServiceTest$LogSuccessTests
[INFO] Tests run: 0, Failures: 0, Errors: 0, Skipped: 0, Time elapsed: 0.010 s -- in com.uber.service.AuditServiceTest
[INFO] Running com.uber.service.ConcurrencyH2Test
2026-01-01T16:52:13.215+08:00  INFO 13432 --- [ride-dispatch-server] [           main] t.c.s.AnnotationConfigContextLoaderUtils : Could not detect default configuration classes for test class [com.uber.service.ConcurrencyH2Test]: ConcurrencyH2Test does not declare any static, non-private, non-final, nested classes annotated with @Configuration.
2026-01-01T16:52:13.247+08:00  INFO 13432 --- [ride-dispatch-server] [           main] .b.t.c.SpringBootTestContextBootstrapper : Found @SpringBootConfiguration com.uber.RideDispatchApplication for test class com.uber.service.ConcurrencyH2Test

  .   ____          _            __ _ _
 /\\ / ___'_ __ _ _(_)_ __  __ _ \ \ \ \
( ( )\___ | '_ | '_| | '_ \/ _` | \ \ \ \
 \\/  ___)| |_)| | | | | || (_| |  ) ) ) )
  '  |____| .__|_| |_|_| |_\__, | / / / /
 =========|_|==============|___/=/_/_/_/

 :: Spring Boot ::                (v3.4.1)

2026-01-01T16:52:13.275+08:00  INFO 13432 --- [ride-dispatch-server] [           main] com.uber.service.ConcurrencyH2Test       : Starting ConcurrencyH2Test using Java 25.0.1 with PID 13432 (started by wilso in C:\Users\wilso\OneDrive\桌面\Uber\server)
2026-01-01T16:52:13.275+08:00 DEBUG 13432 --- [ride-dispatch-server] [           main] com.uber.service.ConcurrencyH2Test       : Running with Spring Boot v3.4.1, Spring v6.2.1
2026-01-01T16:52:13.275+08:00  INFO 13432 --- [ride-dispatch-server] [           main] com.uber.service.ConcurrencyH2Test       : No active profile set, falling back to 1 default profile: "default"
2026-01-01T16:52:13.422+08:00 ERROR 13432 --- [ride-dispatch-server] [           main] com.uber.util.JsonFileUtil               : Failed to load data from file: riders.json

com.fasterxml.jackson.databind.exc.UnrecognizedPropertyException: Unrecognized field "address" (class com.uber.model.Location), not marked as ignorable (2 known properties: "x", "y"])
 at [Source: REDACTED (`StreamReadFeature.INCLUDE_SOURCE_IN_LOCATION` disabled); line: 1, column: 145] (through reference chain: java.util.ArrayList[0]->com.uber.model.Rider["location"]->com.uber.model.Location["address"])
	at com.fasterxml.jackson.databind.exc.UnrecognizedPropertyException.from(UnrecognizedPropertyException.java:61) ~[jackson-databind-2.18.2.jar:2.18.2]
	at com.fasterxml.jackson.databind.DeserializationContext.handleUnknownProperty(DeserializationContext.java:1153) ~[jackson-databind-2.18.2.jar:2.18.2]
	at com.fasterxml.jackson.databind.deser.std.StdDeserializer.handleUnknownProperty(StdDeserializer.java:2241) ~[jackson-databind-2.18.2.jar:2.18.2]
	at com.fasterxml.jackson.databind.deser.BeanDeserializerBase.handleUnknownProperty(BeanDeserializerBase.java:1821) ~[jackson-databind-2.18.2.jar:2.18.2]
	at com.fasterxml.jackson.databind.deser.BeanDeserializerBase.handleUnknownVanilla(BeanDeserializerBase.java:1799) ~[jackson-databind-2.18.2.jar:2.18.2]
	at com.fasterxml.jackson.databind.deser.BeanDeserializer.vanillaDeserialize(BeanDeserializer.java:316) ~[jackson-databind-2.18.2.jar:2.18.2]
	at com.fasterxml.jackson.databind.deser.BeanDeserializer.deserialize(BeanDeserializer.java:177) ~[jackson-databind-2.18.2.jar:2.18.2]
	at com.fasterxml.jackson.databind.deser.impl.MethodProperty.deserializeAndSet(MethodProperty.java:129) ~[jackson-databind-2.18.2.jar:2.18.2]
	at com.fasterxml.jackson.databind.deser.BeanDeserializer.vanillaDeserialize(BeanDeserializer.java:310) ~[jackson-databind-2.18.2.jar:2.18.2]
	at com.fasterxml.jackson.databind.deser.BeanDeserializer.deserialize(BeanDeserializer.java:177) ~[jackson-databind-2.18.2.jar:2.18.2]
	at com.fasterxml.jackson.databind.deser.std.CollectionDeserializer._deserializeFromArray(CollectionDeserializer.java:361) ~[jackson-databind-2.18.2.jar:2.18.2]
	at com.fasterxml.jackson.databind.deser.std.CollectionDeserializer.deserialize(CollectionDeserializer.java:246) ~[jackson-databind-2.18.2.jar:2.18.2]
	at com.fasterxml.jackson.databind.deser.std.CollectionDeserializer.deserialize(CollectionDeserializer.java:30) ~[jackson-databind-2.18.2.jar:2.18.2]
	at com.fasterxml.jackson.databind.deser.DefaultDeserializationContext.readRootValue(DefaultDeserializationContext.java:342) ~[jackson-databind-2.18.2.jar:2.18.2]
	at com.fasterxml.jackson.databind.ObjectMapper._readMapAndClose(ObjectMapper.java:4917) ~[jackson-databind-2.18.2.jar:2.18.2]
	at com.fasterxml.jackson.databind.ObjectMapper.readValue(ObjectMapper.java:3745) ~[jackson-databind-2.18.2.jar:2.18.2]
	at com.uber.util.JsonFileUtil.loadFromFile(JsonFileUtil.java:42) ~[classes/:na]
	at com.uber.repository.RiderRepository.loadData(RiderRepository.java:26) ~[classes/:na]
	at com.uber.repository.RiderRepository.<init>(RiderRepository.java:22) ~[classes/:na]
	at java.base/jdk.internal.reflect.DirectConstructorHandleAccessor.newInstance(DirectConstructorHandleAccessor.java:62) ~[na:na]
	at java.base/java.lang.reflect.Constructor.newInstanceWithCaller(Constructor.java:499) ~[na:na]
	at java.base/java.lang.reflect.Constructor.newInstance(Constructor.java:483) ~[na:na]
	at org.springframework.beans.BeanUtils.instantiateClass(BeanUtils.java:196) ~[spring-beans-6.2.1.jar:6.2.1]
	at org.springframework.beans.factory.support.SimpleInstantiationStrategy.instantiate(SimpleInstantiationStrategy.java:122) ~[spring-beans-6.2.1.jar:6.2.1]
	at org.springframework.beans.factory.support.AbstractAutowireCapableBeanFactory.instantiateBean(AbstractAutowireCapableBeanFactory.java:1333) ~[spring-beans-6.2.1.jar:6.2.1]
	at org.springframework.beans.factory.support.AbstractAutowireCapableBeanFactory.createBeanInstance(AbstractAutowireCapableBeanFactory.java:1224) ~[spring-beans-6.2.1.jar:6.2.1]
	at org.springframework.beans.factory.support.AbstractAutowireCapableBeanFactory.doCreateBean(AbstractAutowireCapableBeanFactory.java:563) ~[spring-beans-6.2.1.jar:6.2.1]
	at org.springframework.beans.factory.support.AbstractAutowireCapableBeanFactory.createBean(AbstractAutowireCapableBeanFactory.java:523) ~[spring-beans-6.2.1.jar:6.2.1]
	at org.springframework.beans.factory.support.AbstractBeanFactory.lambda$doGetBean$0(AbstractBeanFactory.java:336) ~[spring-beans-6.2.1.jar:6.2.1]
	at org.springframework.beans.factory.support.DefaultSingletonBeanRegistry.getSingleton(DefaultSingletonBeanRegistry.java:289) ~[spring-beans-6.2.1.jar:6.2.1]
	at org.springframework.beans.factory.support.AbstractBeanFactory.doGetBean(AbstractBeanFactory.java:334) ~[spring-beans-6.2.1.jar:6.2.1]
	at org.springframework.beans.factory.support.AbstractBeanFactory.getBean(AbstractBeanFactory.java:199) ~[spring-beans-6.2.1.jar:6.2.1]
	at org.springframework.beans.factory.support.DefaultListableBeanFactory.instantiateSingleton(DefaultListableBeanFactory.java:1122) ~[spring-beans-6.2.1.jar:6.2.1]
	at org.springframework.beans.factory.support.DefaultListableBeanFactory.preInstantiateSingleton(DefaultListableBeanFactory.java:1093) ~[spring-beans-6.2.1.jar:6.2.1]
	at org.springframework.beans.factory.support.DefaultListableBeanFactory.preInstantiateSingletons(DefaultListableBeanFactory.java:1030) ~[spring-beans-6.2.1.jar:6.2.1]
	at org.springframework.context.support.AbstractApplicationContext.finishBeanFactoryInitialization(AbstractApplicationContext.java:987) ~[spring-context-6.2.1.jar:6.2.1]
	at org.springframework.context.support.AbstractApplicationContext.refresh(AbstractApplicationContext.java:627) ~[spring-context-6.2.1.jar:6.2.1]
	at org.springframework.boot.SpringApplication.refresh(SpringApplication.java:752) ~[spring-boot-3.4.1.jar:3.4.1]
	at org.springframework.boot.SpringApplication.refreshContext(SpringApplication.java:439) ~[spring-boot-3.4.1.jar:3.4.1]
	at org.springframework.boot.SpringApplication.run(SpringApplication.java:318) ~[spring-boot-3.4.1.jar:3.4.1]
	at org.springframework.boot.test.context.SpringBootContextLoader.lambda$loadContext$3(SpringBootContextLoader.java:137) ~[spring-boot-test-3.4.1.jar:3.4.1]
	at org.springframework.util.function.ThrowingSupplier.get(ThrowingSupplier.java:58) ~[spring-core-6.2.1.jar:6.2.1]
	at org.springframework.util.function.ThrowingSupplier.get(ThrowingSupplier.java:46) ~[spring-core-6.2.1.jar:6.2.1]
	at org.springframework.boot.SpringApplication.withHook(SpringApplication.java:1461) ~[spring-boot-3.4.1.jar:3.4.1]
	at org.springframework.boot.test.context.SpringBootContextLoader$ContextLoaderHook.run(SpringBootContextLoader.java:553) ~[spring-boot-test-3.4.1.jar:3.4.1]
	at org.springframework.boot.test.context.SpringBootContextLoader.loadContext(SpringBootContextLoader.java:137) ~[spring-boot-test-3.4.1.jar:3.4.1]
	at org.springframework.boot.test.context.SpringBootContextLoader.loadContext(SpringBootContextLoader.java:108) ~[spring-boot-test-3.4.1.jar:3.4.1]
	at org.springframework.test.context.cache.DefaultCacheAwareContextLoaderDelegate.loadContextInternal(DefaultCacheAwareContextLoaderDelegate.java:225) ~[spring-test-6.2.1.jar:6.2.1]
	at org.springframework.test.context.cache.DefaultCacheAwareContextLoaderDelegate.loadContext(DefaultCacheAwareContextLoaderDelegate.java:152) ~[spring-test-6.2.1.jar:6.2.1]
	at org.springframework.test.context.support.DefaultTestContext.getApplicationContext(DefaultTestContext.java:130) ~[spring-test-6.2.1.jar:6.2.1]
	at org.springframework.test.context.web.ServletTestExecutionListener.setUpRequestContextIfNecessary(ServletTestExecutionListener.java:191) ~[spring-test-6.2.1.jar:6.2.1]
	at org.springframework.test.context.web.ServletTestExecutionListener.prepareTestInstance(ServletTestExecutionListener.java:130) ~[spring-test-6.2.1.jar:6.2.1]
	at org.springframework.test.context.TestContextManager.prepareTestInstance(TestContextManager.java:260) ~[spring-test-6.2.1.jar:6.2.1]
	at org.springframework.test.context.junit.jupiter.SpringExtension.postProcessTestInstance(SpringExtension.java:160) ~[spring-test-6.2.1.jar:6.2.1]
	at org.junit.jupiter.engine.descriptor.ClassBasedTestDescriptor.lambda$invokeTestInstancePostProcessors$11(ClassBasedTestDescriptor.java:378) ~[junit-jupiter-engine-5.11.4.jar:5.11.4]
	at org.junit.jupiter.engine.descriptor.ClassBasedTestDescriptor.executeAndMaskThrowable(ClassBasedTestDescriptor.java:383) ~[junit-jupiter-engine-5.11.4.jar:5.11.4]
	at org.junit.jupiter.engine.descriptor.ClassBasedTestDescriptor.lambda$invokeTestInstancePostProcessors$12(ClassBasedTestDescriptor.java:378) ~[junit-jupiter-engine-5.11.4.jar:5.11.4]
	at java.base/java.util.stream.ForEachOps$ForEachOp$OfRef.accept(ForEachOps.java:186) ~[na:na]
	at java.base/java.util.stream.ReferencePipeline$3$1.accept(ReferencePipeline.java:214) ~[na:na]
	at java.base/java.util.stream.ReferencePipeline$2$1.accept(ReferencePipeline.java:197) ~[na:na]
	at java.base/java.util.stream.ReferencePipeline$3$1.accept(ReferencePipeline.java:214) ~[na:na]
	at java.base/java.util.ArrayList$ArrayListSpliterator.forEachRemaining(ArrayList.java:1716) ~[na:na]
	at java.base/java.util.stream.AbstractPipeline.copyInto(AbstractPipeline.java:570) ~[na:na]
	at java.base/java.util.stream.AbstractPipeline.wrapAndCopyInto(AbstractPipeline.java:560) ~[na:na]
	at java.base/java.util.stream.ForEachOps$ForEachOp.evaluateSequential(ForEachOps.java:153) ~[na:na]
	at java.base/java.util.stream.ForEachOps$ForEachOp$OfRef.evaluateSequential(ForEachOps.java:176) ~[na:na]
	at java.base/java.util.stream.AbstractPipeline.evaluate(AbstractPipeline.java:265) ~[na:na]
	at java.base/java.util.stream.ReferencePipeline.forEach(ReferencePipeline.java:632) ~[na:na]
	at org.junit.jupiter.engine.descriptor.ClassBasedTestDescriptor.invokeTestInstancePostProcessors(ClassBasedTestDescriptor.java:377) ~[junit-jupiter-engine-5.11.4.jar:5.11.4]
	at org.junit.jupiter.engine.descriptor.ClassBasedTestDescriptor.lambda$instantiateAndPostProcessTestInstance$7(ClassBasedTestDescriptor.java:290) ~[junit-jupiter-engine-5.11.4.jar:5.11.4]
	at org.junit.platform.engine.support.hierarchical.ThrowableCollector.execute(ThrowableCollector.java:73) ~[junit-platform-engine-1.11.4.jar:1.11.4]
	at org.junit.jupiter.engine.descriptor.ClassBasedTestDescriptor.instantiateAndPostProcessTestInstance(ClassBasedTestDescriptor.java:289) ~[junit-jupiter-engine-5.11.4.jar:5.11.4]
	at org.junit.jupiter.engine.descriptor.ClassBasedTestDescriptor.lambda$testInstancesProvider$5(ClassBasedTestDescriptor.java:279) ~[junit-jupiter-engine-5.11.4.jar:5.11.4]
	at java.base/java.util.Optional.orElseGet(Optional.java:364) ~[na:na]
	at org.junit.jupiter.engine.descriptor.ClassBasedTestDescriptor.lambda$testInstancesProvider$6(ClassBasedTestDescriptor.java:278) ~[junit-jupiter-engine-5.11.4.jar:5.11.4]
	at org.junit.jupiter.engine.execution.TestInstancesProvider.getTestInstances(TestInstancesProvider.java:31) ~[junit-jupiter-engine-5.11.4.jar:5.11.4]
	at org.junit.jupiter.engine.descriptor.ClassBasedTestDescriptor.lambda$before$3(ClassBasedTestDescriptor.java:204) ~[junit-jupiter-engine-5.11.4.jar:5.11.4]
	at org.junit.platform.engine.support.hierarchical.ThrowableCollector.execute(ThrowableCollector.java:73) ~[junit-platform-engine-1.11.4.jar:1.11.4]
	at org.junit.jupiter.engine.descriptor.ClassBasedTestDescriptor.before(ClassBasedTestDescriptor.java:203) ~[junit-jupiter-engine-5.11.4.jar:5.11.4]
	at org.junit.jupiter.engine.descriptor.ClassBasedTestDescriptor.before(ClassBasedTestDescriptor.java:85) ~[junit-jupiter-engine-5.11.4.jar:5.11.4]
	at org.junit.platform.engine.support.hierarchical.NodeTestTask.lambda$executeRecursively$6(NodeTestTask.java:153) ~[junit-platform-engine-1.11.4.jar:1.11.4]
	at org.junit.platform.engine.support.hierarchical.ThrowableCollector.execute(ThrowableCollector.java:73) ~[junit-platform-engine-1.11.4.jar:1.11.4]
	at org.junit.platform.engine.support.hierarchical.NodeTestTask.lambda$executeRecursively$8(NodeTestTask.java:146) ~[junit-platform-engine-1.11.4.jar:1.11.4]
	at org.junit.platform.engine.support.hierarchical.Node.around(Node.java:137) ~[junit-platform-engine-1.11.4.jar:1.11.4]
	at org.junit.platform.engine.support.hierarchical.NodeTestTask.lambda$executeRecursively$9(NodeTestTask.java:144) ~[junit-platform-engine-1.11.4.jar:1.11.4]
	at org.junit.platform.engine.support.hierarchical.ThrowableCollector.execute(ThrowableCollector.java:73) ~[junit-platform-engine-1.11.4.jar:1.11.4]
	at org.junit.platform.engine.support.hierarchical.NodeTestTask.executeRecursively(NodeTestTask.java:143) ~[junit-platform-engine-1.11.4.jar:1.11.4]
	at org.junit.platform.engine.support.hierarchical.NodeTestTask.execute(NodeTestTask.java:100) ~[junit-platform-engine-1.11.4.jar:1.11.4]
	at java.base/java.util.ArrayList.forEach(ArrayList.java:1604) ~[na:na]
	at org.junit.platform.engine.support.hierarchical.SameThreadHierarchicalTestExecutorService.invokeAll(SameThreadHierarchicalTestExecutorService.java:41) ~[junit-platform-engine-1.11.4.jar:1.11.4]
	at org.junit.platform.engine.support.hierarchical.NodeTestTask.lambda$executeRecursively$6(NodeTestTask.java:160) ~[junit-platform-engine-1.11.4.jar:1.11.4]
	at org.junit.platform.engine.support.hierarchical.ThrowableCollector.execute(ThrowableCollector.java:73) ~[junit-platform-engine-1.11.4.jar:1.11.4]
	at org.junit.platform.engine.support.hierarchical.NodeTestTask.lambda$executeRecursively$8(NodeTestTask.java:146) ~[junit-platform-engine-1.11.4.jar:1.11.4]
	at org.junit.platform.engine.support.hierarchical.Node.around(Node.java:137) ~[junit-platform-engine-1.11.4.jar:1.11.4]
	at org.junit.platform.engine.support.hierarchical.NodeTestTask.lambda$executeRecursively$9(NodeTestTask.java:144) ~[junit-platform-engine-1.11.4.jar:1.11.4]
	at org.junit.platform.engine.support.hierarchical.ThrowableCollector.execute(ThrowableCollector.java:73) ~[junit-platform-engine-1.11.4.jar:1.11.4]
	at org.junit.platform.engine.support.hierarchical.NodeTestTask.executeRecursively(NodeTestTask.java:143) ~[junit-platform-engine-1.11.4.jar:1.11.4]
	at org.junit.platform.engine.support.hierarchical.NodeTestTask.execute(NodeTestTask.java:100) ~[junit-platform-engine-1.11.4.jar:1.11.4]
	at org.junit.platform.engine.support.hierarchical.SameThreadHierarchicalTestExecutorService.submit(SameThreadHierarchicalTestExecutorService.java:35) ~[junit-platform-engine-1.11.4.jar:1.11.4]
	at org.junit.platform.engine.support.hierarchical.HierarchicalTestExecutor.execute(HierarchicalTestExecutor.java:57) ~[junit-platform-engine-1.11.4.jar:1.11.4]
	at org.junit.platform.engine.support.hierarchical.HierarchicalTestEngine.execute(HierarchicalTestEngine.java:54) ~[junit-platform-engine-1.11.4.jar:1.11.4]
	at org.junit.platform.launcher.core.EngineExecutionOrchestrator.execute(EngineExecutionOrchestrator.java:198) ~[junit-platform-launcher-1.11.4.jar:1.11.4]
	at org.junit.platform.launcher.core.EngineExecutionOrchestrator.execute(EngineExecutionOrchestrator.java:169) ~[junit-platform-launcher-1.11.4.jar:1.11.4]
	at org.junit.platform.launcher.core.EngineExecutionOrchestrator.execute(EngineExecutionOrchestrator.java:93) ~[junit-platform-launcher-1.11.4.jar:1.11.4]
	at org.junit.platform.launcher.core.EngineExecutionOrchestrator.lambda$execute$0(EngineExecutionOrchestrator.java:58) ~[junit-platform-launcher-1.11.4.jar:1.11.4]
	at org.junit.platform.launcher.core.EngineExecutionOrchestrator.withInterceptedStreams(EngineExecutionOrchestrator.java:141) ~[junit-platform-launcher-1.11.4.jar:1.11.4]
	at org.junit.platform.launcher.core.EngineExecutionOrchestrator.execute(EngineExecutionOrchestrator.java:57) ~[junit-platform-launcher-1.11.4.jar:1.11.4]
	at org.junit.platform.launcher.core.DefaultLauncher.execute(DefaultLauncher.java:103) ~[junit-platform-launcher-1.11.4.jar:1.11.4]
	at org.junit.platform.launcher.core.DefaultLauncher.execute(DefaultLauncher.java:85) ~[junit-platform-launcher-1.11.4.jar:1.11.4]
	at org.junit.platform.launcher.core.DelegatingLauncher.execute(DelegatingLauncher.java:47) ~[junit-platform-launcher-1.11.4.jar:1.11.4]
	at org.apache.maven.surefire.junitplatform.LazyLauncher.execute(LazyLauncher.java:56) ~[surefire-junit-platform-3.2.5.jar:3.2.5]
	at org.apache.maven.surefire.junitplatform.JUnitPlatformProvider.execute(JUnitPlatformProvider.java:184) ~[surefire-junit-platform-3.2.5.jar:3.2.5]
	at org.apache.maven.surefire.junitplatform.JUnitPlatformProvider.invokeAllTests(JUnitPlatformProvider.java:148) ~[surefire-junit-platform-3.2.5.jar:3.2.5]
	at org.apache.maven.surefire.junitplatform.JUnitPlatformProvider.invoke(JUnitPlatformProvider.java:122) ~[surefire-junit-platform-3.2.5.jar:3.2.5]
	at org.apache.maven.surefire.booter.ForkedBooter.runSuitesInProcess(ForkedBooter.java:385) ~[surefire-booter-3.2.5.jar:3.2.5]
	at org.apache.maven.surefire.booter.ForkedBooter.execute(ForkedBooter.java:162) ~[surefire-booter-3.2.5.jar:3.2.5]
	at org.apache.maven.surefire.booter.ForkedBooter.run(ForkedBooter.java:507) ~[surefire-booter-3.2.5.jar:3.2.5]
	at org.apache.maven.surefire.booter.ForkedBooter.main(ForkedBooter.java:495) ~[surefire-booter-3.2.5.jar:3.2.5]

2026-01-01T16:52:13.497+08:00  INFO 13432 --- [ride-dispatch-server] [           main] com.uber.service.ConcurrencyH2Test       : Started ConcurrencyH2Test in 0.247 seconds (process running for 9.967)
2026-01-01T16:52:13.499+08:00  WARN 13432 --- [ride-dispatch-server] [           main] com.uber.service.OrderService            : No available driver found for order with vehicleType: XL
2026-01-01T16:52:13.499+08:00  INFO 13432 --- [ride-dispatch-server] [           main] com.uber.service.OrderService            : Order created: 88a7295a-4710-4c2c-a2f6-53537f31d9b1 (assigned to: null)
2026-01-01T16:52:13.499+08:00  INFO 13432 --- [ride-dispatch-server] [           main] com.uber.service.DriverService           : Driver registered: xl-driver-0
2026-01-01T16:52:13.499+08:00  INFO 13432 --- [ride-dispatch-server] [           main] com.uber.service.DriverService           : Driver xl-driver-0 is now online at (0.0, 0.0)
2026-01-01T16:52:13.499+08:00  INFO 13432 --- [ride-dispatch-server] [           main] com.uber.service.DriverService           : Driver registered: xl-driver-1
2026-01-01T16:52:13.499+08:00  INFO 13432 --- [ride-dispatch-server] [           main] com.uber.service.DriverService           : Driver xl-driver-1 is now online at (1.0, 1.0)
2026-01-01T16:52:13.500+08:00  INFO 13432 --- [ride-dispatch-server] [           main] com.uber.service.DriverService           : Driver registered: xl-driver-2
2026-01-01T16:52:13.500+08:00  INFO 13432 --- [ride-dispatch-server] [           main] com.uber.service.DriverService           : Driver xl-driver-2 is now online at (2.0, 2.0)
2026-01-01T16:52:13.500+08:00  INFO 13432 --- [ride-dispatch-server] [           main] com.uber.service.DriverService           : Driver registered: xl-driver-3
2026-01-01T16:52:13.500+08:00  INFO 13432 --- [ride-dispatch-server] [           main] com.uber.service.DriverService           : Driver xl-driver-3 is now online at (3.0, 3.0)
2026-01-01T16:52:13.500+08:00  INFO 13432 --- [ride-dispatch-server] [           main] com.uber.service.DriverService           : Driver registered: xl-driver-4
2026-01-01T16:52:13.500+08:00  INFO 13432 --- [ride-dispatch-server] [           main] com.uber.service.DriverService           : Driver xl-driver-4 is now online at (4.0, 4.0)
2026-01-01T16:52:13.501+08:00  INFO 13432 --- [ride-dispatch-server] [pool-2-thread-1] com.uber.service.OrderService            : Order 88a7295a-4710-4c2c-a2f6-53537f31d9b1 accepted by driver xl-driver-0
2026-01-01T16:52:13.503+08:00  WARN 13432 --- [ride-dispatch-server] [           main] com.uber.service.OrderService            : No available driver found for order with vehicleType: PREMIUM
2026-01-01T16:52:13.503+08:00  INFO 13432 --- [ride-dispatch-server] [           main] com.uber.service.OrderService            : Order created: 9ebf7b66-3296-4cd6-a894-c20570ef066e (assigned to: null)
2026-01-01T16:52:13.505+08:00  INFO 13432 --- [ride-dispatch-server] [           main] com.uber.service.DriverService           : Driver registered: premium-driver-0
2026-01-01T16:52:13.505+08:00  INFO 13432 --- [ride-dispatch-server] [           main] com.uber.service.DriverService           : Driver premium-driver-0 is now online at (0.0, 0.0)
2026-01-01T16:52:13.505+08:00  INFO 13432 --- [ride-dispatch-server] [           main] com.uber.service.DriverService           : Driver registered: premium-driver-1
2026-01-01T16:52:13.505+08:00  INFO 13432 --- [ride-dispatch-server] [           main] com.uber.service.DriverService           : Driver premium-driver-1 is now online at (1.0, 1.0)
2026-01-01T16:52:13.505+08:00  INFO 13432 --- [ride-dispatch-server] [           main] com.uber.service.DriverService           : Driver registered: premium-driver-2
2026-01-01T16:52:13.505+08:00  INFO 13432 --- [ride-dispatch-server] [           main] com.uber.service.DriverService           : Driver premium-driver-2 is now online at (2.0, 2.0)
2026-01-01T16:52:13.506+08:00  INFO 13432 --- [ride-dispatch-server] [pool-3-thread-2] com.uber.service.OrderService            : Order 9ebf7b66-3296-4cd6-a894-c20570ef066e accepted by driver premium-driver-1
2026-01-01T16:52:13.509+08:00  WARN 13432 --- [ride-dispatch-server] [           main] com.uber.service.OrderService            : No available driver found for order with vehicleType: STANDARD
2026-01-01T16:52:13.509+08:00  INFO 13432 --- [ride-dispatch-server] [           main] com.uber.service.OrderService            : Order created: 0bce85d8-92d5-4286-bce7-a496a06e9d4d (assigned to: null)
2026-01-01T16:52:13.509+08:00  INFO 13432 --- [ride-dispatch-server] [           main] com.uber.service.DriverService           : Driver registered: driver-000
2026-01-01T16:52:13.509+08:00  INFO 13432 --- [ride-dispatch-server] [           main] com.uber.service.DriverService           : Driver driver-000 is now online at (0.0, 0.0)
2026-01-01T16:52:13.509+08:00  INFO 13432 --- [ride-dispatch-server] [           main] com.uber.service.DriverService           : Driver registered: driver-001
2026-01-01T16:52:13.509+08:00  INFO 13432 --- [ride-dispatch-server] [           main] com.uber.service.DriverService           : Driver driver-001 is now online at (1.0, 1.0)
2026-01-01T16:52:13.509+08:00  INFO 13432 --- [ride-dispatch-server] [           main] com.uber.service.DriverService           : Driver registered: driver-002
2026-01-01T16:52:13.509+08:00  INFO 13432 --- [ride-dispatch-server] [           main] com.uber.service.DriverService           : Driver driver-002 is now online at (2.0, 2.0)
2026-01-01T16:52:13.509+08:00  INFO 13432 --- [ride-dispatch-server] [           main] com.uber.service.DriverService           : Driver registered: driver-003
2026-01-01T16:52:13.509+08:00  INFO 13432 --- [ride-dispatch-server] [           main] com.uber.service.DriverService           : Driver driver-003 is now online at (3.0, 3.0)
2026-01-01T16:52:13.509+08:00  INFO 13432 --- [ride-dispatch-server] [           main] com.uber.service.DriverService           : Driver registered: driver-004
2026-01-01T16:52:13.510+08:00  INFO 13432 --- [ride-dispatch-server] [           main] com.uber.service.DriverService           : Driver driver-004 is now online at (4.0, 4.0)
2026-01-01T16:52:13.510+08:00  INFO 13432 --- [ride-dispatch-server] [           main] com.uber.service.DriverService           : Driver registered: driver-005
2026-01-01T16:52:13.510+08:00  INFO 13432 --- [ride-dispatch-server] [           main] com.uber.service.DriverService           : Driver driver-005 is now online at (5.0, 5.0)
2026-01-01T16:52:13.510+08:00  INFO 13432 --- [ride-dispatch-server] [           main] com.uber.service.DriverService           : Driver registered: driver-006
2026-01-01T16:52:13.510+08:00  INFO 13432 --- [ride-dispatch-server] [           main] com.uber.service.DriverService           : Driver driver-006 is now online at (6.0, 6.0)
2026-01-01T16:52:13.510+08:00  INFO 13432 --- [ride-dispatch-server] [           main] com.uber.service.DriverService           : Driver registered: driver-007
2026-01-01T16:52:13.510+08:00  INFO 13432 --- [ride-dispatch-server] [           main] com.uber.service.DriverService           : Driver driver-007 is now online at (7.0, 7.0)
2026-01-01T16:52:13.510+08:00  INFO 13432 --- [ride-dispatch-server] [           main] com.uber.service.DriverService           : Driver registered: driver-008
2026-01-01T16:52:13.510+08:00  INFO 13432 --- [ride-dispatch-server] [           main] com.uber.service.DriverService           : Driver driver-008 is now online at (8.0, 8.0)
2026-01-01T16:52:13.510+08:00  INFO 13432 --- [ride-dispatch-server] [           main] com.uber.service.DriverService           : Driver registered: driver-009
2026-01-01T16:52:13.510+08:00  INFO 13432 --- [ride-dispatch-server] [           main] com.uber.service.DriverService           : Driver driver-009 is now online at (9.0, 9.0)
2026-01-01T16:52:13.511+08:00  INFO 13432 --- [ride-dispatch-server] [pool-4-thread-1] com.uber.service.OrderService            : Order 0bce85d8-92d5-4286-bce7-a496a06e9d4d accepted by driver driver-000
2026-01-01T16:52:13.514+08:00  WARN 13432 --- [ride-dispatch-server] [           main] com.uber.service.OrderService            : No available driver found for order with vehicleType: STANDARD
2026-01-01T16:52:13.514+08:00  INFO 13432 --- [ride-dispatch-server] [           main] com.uber.service.OrderService            : Order created: 564287dd-165c-4785-bc46-074b2c9bf912 (assigned to: null)
2026-01-01T16:52:13.514+08:00  INFO 13432 --- [ride-dispatch-server] [           main] com.uber.service.DriverService           : Driver registered: driver-0-0
2026-01-01T16:52:13.514+08:00  INFO 13432 --- [ride-dispatch-server] [           main] com.uber.service.DriverService           : Driver driver-0-0 is now online at (0.0, 0.0)
2026-01-01T16:52:13.514+08:00  INFO 13432 --- [ride-dispatch-server] [           main] com.uber.service.DriverService           : Driver registered: driver-0-1
2026-01-01T16:52:13.514+08:00  INFO 13432 --- [ride-dispatch-server] [           main] com.uber.service.DriverService           : Driver driver-0-1 is now online at (0.0, 0.0)
2026-01-01T16:52:13.514+08:00  INFO 13432 --- [ride-dispatch-server] [           main] com.uber.service.DriverService           : Driver registered: driver-0-2
2026-01-01T16:52:13.514+08:00  INFO 13432 --- [ride-dispatch-server] [           main] com.uber.service.DriverService           : Driver driver-0-2 is now online at (0.0, 0.0)
2026-01-01T16:52:13.515+08:00  INFO 13432 --- [ride-dispatch-server] [           main] com.uber.service.OrderService            : Order auto-assigned to driver: driver-0-0
2026-01-01T16:52:13.515+08:00  INFO 13432 --- [ride-dispatch-server] [           main] com.uber.service.OrderService            : Order created: cb16aa04-e03f-4963-a833-61c9513d3269 (assigned to: driver-0-0)
2026-01-01T16:52:13.516+08:00  INFO 13432 --- [ride-dispatch-server] [           main] com.uber.service.DriverService           : Driver registered: driver-1-0
2026-01-01T16:52:13.516+08:00  INFO 13432 --- [ride-dispatch-server] [           main] com.uber.service.DriverService           : Driver driver-1-0 is now online at (10.0, 10.0)
2026-01-01T16:52:13.516+08:00  INFO 13432 --- [ride-dispatch-server] [           main] com.uber.service.DriverService           : Driver registered: driver-1-1
2026-01-01T16:52:13.516+08:00  INFO 13432 --- [ride-dispatch-server] [           main] com.uber.service.DriverService           : Driver driver-1-1 is now online at (10.0, 10.0)
2026-01-01T16:52:13.516+08:00  INFO 13432 --- [ride-dispatch-server] [           main] com.uber.service.DriverService           : Driver registered: driver-1-2
2026-01-01T16:52:13.516+08:00  INFO 13432 --- [ride-dispatch-server] [           main] com.uber.service.DriverService           : Driver driver-1-2 is now online at (10.0, 10.0)
2026-01-01T16:52:13.516+08:00  INFO 13432 --- [ride-dispatch-server] [           main] com.uber.service.OrderService            : Order auto-assigned to driver: driver-1-0
2026-01-01T16:52:13.516+08:00  INFO 13432 --- [ride-dispatch-server] [           main] com.uber.service.OrderService            : Order created: 09045e17-1a4a-4db5-abe7-a4906cc10e0f (assigned to: driver-1-0)
2026-01-01T16:52:13.516+08:00  INFO 13432 --- [ride-dispatch-server] [           main] com.uber.service.DriverService           : Driver registered: driver-2-0
2026-01-01T16:52:13.516+08:00  INFO 13432 --- [ride-dispatch-server] [           main] com.uber.service.DriverService           : Driver driver-2-0 is now online at (20.0, 20.0)
2026-01-01T16:52:13.516+08:00  INFO 13432 --- [ride-dispatch-server] [           main] com.uber.service.DriverService           : Driver registered: driver-2-1
2026-01-01T16:52:13.516+08:00  INFO 13432 --- [ride-dispatch-server] [           main] com.uber.service.DriverService           : Driver driver-2-1 is now online at (20.0, 20.0)
2026-01-01T16:52:13.516+08:00  INFO 13432 --- [ride-dispatch-server] [           main] com.uber.service.DriverService           : Driver registered: driver-2-2
2026-01-01T16:52:13.517+08:00  INFO 13432 --- [ride-dispatch-server] [           main] com.uber.service.DriverService           : Driver driver-2-2 is now online at (20.0, 20.0)
2026-01-01T16:52:13.518+08:00  INFO 13432 --- [ride-dispatch-server] [pool-5-thread-1] com.uber.service.OrderService            : Order 564287dd-165c-4785-bc46-074b2c9bf912 accepted by driver driver-0-0
[ERROR] Tests run: 4, Failures: 1, Errors: 0, Skipped: 0, Time elapsed: 0.314 s <<< FAILURE! -- in com.uber.service.ConcurrencyH2Test
[ERROR] com.uber.service.ConcurrencyH2Test.testConcurrentAccept_MultipleOrders -- Time elapsed: 0.012 s <<< FAILURE!
org.opentest4j.AssertionFailedError: 每筆訂單應有 1 人成功，共 3 人成功 ==> expected: <3> but was: <1>
	at org.junit.jupiter.api.AssertionFailureBuilder.build(AssertionFailureBuilder.java:151)
	at org.junit.jupiter.api.AssertionFailureBuilder.buildAndThrow(AssertionFailureBuilder.java:132)
	at org.junit.jupiter.api.AssertEquals.failNotEqual(AssertEquals.java:197)
	at org.junit.jupiter.api.AssertEquals.assertEquals(AssertEquals.java:150)
	at org.junit.jupiter.api.Assertions.assertEquals(Assertions.java:563)
	at com.uber.service.ConcurrencyH2Test.testConcurrentAccept_MultipleOrders(ConcurrencyH2Test.java:239)
	at java.base/java.lang.reflect.Method.invoke(Method.java:565)
	at java.base/java.util.ArrayList.forEach(ArrayList.java:1604)
	at java.base/java.util.ArrayList.forEach(ArrayList.java:1604)

[INFO] Running com.uber.service.DriverServiceTest
[INFO] Running com.uber.service.DriverServiceTest$RegisterDriverTests
2026-01-01T16:52:13.529+08:00  INFO 13432 --- [ride-dispatch-server] [           main] com.uber.service.DriverService           : Driver registered: driver-1
[INFO] Running com.uber.service.DriverServiceTest$RegisterDriverTests$RegisterDriverDuplicateTests
2026-01-01T16:52:13.531+08:00  INFO 13432 --- [ride-dispatch-server] [           main] com.uber.service.DriverService           : Driver registered: driver-dup
2026-01-01T16:52:13.531+08:00  INFO 13432 --- [ride-dispatch-server] [           main] com.uber.service.DriverService           : Driver registered: driver-dup
[INFO] Tests run: 2, Failures: 0, Errors: 0, Skipped: 0, Time elapsed: 0.001 s -- in com.uber.service.DriverServiceTest$RegisterDriverTests$RegisterDriverDuplicateTests
[INFO] Tests run: 0, Failures: 0, Errors: 0, Skipped: 0, Time elapsed: 0.002 s -- in com.uber.service.DriverServiceTest$RegisterDriverTests
[INFO] Running com.uber.service.DriverServiceTest$GetOffersTests
2026-01-01T16:52:13.533+08:00  INFO 13432 --- [ride-dispatch-server] [           main] com.uber.service.DriverService           : Driver driver-1 is now online at (10.0, 20.0)
2026-01-01T16:52:13.533+08:00  INFO 13432 --- [ride-dispatch-server] [           main] com.uber.service.DriverService           : Driver registered: driver-1
2026-01-01T16:52:13.536+08:00  INFO 13432 --- [ride-dispatch-server] [           main] com.uber.service.DriverService           : Driver driver-1 is now online at (10.0, 20.0)
2026-01-01T16:52:13.538+08:00  INFO 13432 --- [ride-dispatch-server] [           main] com.uber.service.DriverService           : Driver driver-1 is now online at (10.0, 20.0)
[ERROR] Tests run: 4, Failures: 1, Errors: 1, Skipped: 0, Time elapsed: 0.006 s <<< FAILURE! -- in com.uber.service.DriverServiceTest$GetOffersTests
[ERROR] com.uber.service.DriverServiceTest$GetOffersTests.testGetOffers_FilterByVehicleType -- Time elapsed: 0.001 s <<< FAILURE!
org.opentest4j.AssertionFailedError: expected: <2> but was: <1>
	at org.junit.jupiter.api.AssertionFailureBuilder.build(AssertionFailureBuilder.java:151)
	at org.junit.jupiter.api.AssertionFailureBuilder.buildAndThrow(AssertionFailureBuilder.java:132)
	at org.junit.jupiter.api.AssertEquals.failNotEqual(AssertEquals.java:197)
	at org.junit.jupiter.api.AssertEquals.assertEquals(AssertEquals.java:150)
	at org.junit.jupiter.api.AssertEquals.assertEquals(AssertEquals.java:145)
	at org.junit.jupiter.api.Assertions.assertEquals(Assertions.java:531)
	at com.uber.service.DriverServiceTest$GetOffersTests.testGetOffers_FilterByVehicleType(DriverServiceTest.java:217)
	at java.base/java.lang.reflect.Method.invoke(Method.java:565)
	at java.base/java.util.ArrayList.forEach(ArrayList.java:1604)
	at java.base/java.util.ArrayList.forEach(ArrayList.java:1604)
	at java.base/java.util.ArrayList.forEach(ArrayList.java:1604)

[ERROR] com.uber.service.DriverServiceTest$GetOffersTests.testGetOffers_SortedByDistance -- Time elapsed: 0.001 s <<< ERROR!
java.lang.IndexOutOfBoundsException: Index: 1 Size: 1
	at java.base/java.util.ImmutableCollections$AbstractImmutableList.outOfBounds(ImmutableCollections.java:359)
	at java.base/java.util.ImmutableCollections$List12.get(ImmutableCollections.java:612)
	at com.uber.service.DriverServiceTest$GetOffersTests.testGetOffers_SortedByDistance(DriverServiceTest.java:232)
	at java.base/java.lang.reflect.Method.invoke(Method.java:565)
	at java.base/java.util.ArrayList.forEach(ArrayList.java:1604)
	at java.base/java.util.ArrayList.forEach(ArrayList.java:1604)
	at java.base/java.util.ArrayList.forEach(ArrayList.java:1604)

[INFO] Running com.uber.service.DriverServiceTest$UpdateLocationTests
2026-01-01T16:52:13.541+08:00  INFO 13432 --- [ride-dispatch-server] [           main] com.uber.service.DriverService           : Driver driver-1 is now online at (10.0, 20.0)
[INFO] Tests run: 2, Failures: 0, Errors: 0, Skipped: 0, Time elapsed: 0.002 s -- in com.uber.service.DriverServiceTest$UpdateLocationTests
[INFO] Running com.uber.service.DriverServiceTest$GoOfflineTests
2026-01-01T16:52:13.543+08:00  INFO 13432 --- [ride-dispatch-server] [           main] com.uber.service.DriverService           : Driver driver-1 is now online at (10.0, 20.0)
2026-01-01T16:52:13.544+08:00  INFO 13432 --- [ride-dispatch-server] [           main] com.uber.service.DriverService           : Driver driver-1 is now offline
2026-01-01T16:52:13.544+08:00  INFO 13432 --- [ride-dispatch-server] [           main] com.uber.service.DriverService           : Driver driver-1 is now online at (10.0, 20.0)
[INFO] Tests run: 3, Failures: 0, Errors: 0, Skipped: 0, Time elapsed: 0.002 s -- in com.uber.service.DriverServiceTest$GoOfflineTests
[INFO] Running com.uber.service.DriverServiceTest$GoOnlineTests
2026-01-01T16:52:13.547+08:00  INFO 13432 --- [ride-dispatch-server] [           main] com.uber.service.DriverService           : Driver registered: driver-1
2026-01-01T16:52:13.547+08:00  INFO 13432 --- [ride-dispatch-server] [           main] com.uber.service.DriverService           : Driver driver-1 is now online at (30.0, 40.0)
2026-01-01T16:52:13.547+08:00  INFO 13432 --- [ride-dispatch-server] [           main] com.uber.service.DriverService           : Driver driver-1 is now online at (10.0, 20.0)
[INFO] Tests run: 2, Failures: 0, Errors: 0, Skipped: 0, Time elapsed: 0.003 s -- in com.uber.service.DriverServiceTest$GoOnlineTests
[INFO] Tests run: 0, Failures: 0, Errors: 0, Skipped: 0, Time elapsed: 0.021 s -- in com.uber.service.DriverServiceTest
[INFO] Running com.uber.service.FareServiceTest
[INFO] Running com.uber.service.FareServiceTest$RatePlanComplianceTests
[INFO] Tests run: 3, Failures: 0, Errors: 0, Skipped: 0, Time elapsed: 0.002 s -- in com.uber.service.FareServiceTest$RatePlanComplianceTests
[INFO] Running com.uber.service.FareServiceTest$RatePlanManagementTests
[INFO] Tests run: 4, Failures: 0, Errors: 0, Skipped: 0, Time elapsed: 0.003 s -- in com.uber.service.FareServiceTest$RatePlanManagementTests
[INFO] Running com.uber.service.FareServiceTest$CancelFeeTests
[INFO] Tests run: 3, Failures: 0, Errors: 0, Skipped: 0, Time elapsed: 0.001 s -- in com.uber.service.FareServiceTest$CancelFeeTests
[INFO] Running com.uber.service.FareServiceTest$ActualFareTests
[INFO] Tests run: 6, Failures: 0, Errors: 0, Skipped: 0, Time elapsed: 0.004 s -- in com.uber.service.FareServiceTest$ActualFareTests
[INFO] Running com.uber.service.FareServiceTest$EstimatedFareTests
[INFO] Tests run: 7, Failures: 0, Errors: 0, Skipped: 0, Time elapsed: 0.008 s -- in com.uber.service.FareServiceTest$EstimatedFareTests
[INFO] Tests run: 0, Failures: 0, Errors: 0, Skipped: 0, Time elapsed: 0.021 s -- in com.uber.service.FareServiceTest
[INFO] Running com.uber.service.IdempotencyH4Test
2026-01-01T16:52:13.573+08:00  INFO 13432 --- [ride-dispatch-server] [           main] t.c.s.AnnotationConfigContextLoaderUtils : Could not detect default configuration classes for test class [com.uber.service.IdempotencyH4Test]: IdempotencyH4Test does not declare any static, non-private, non-final, nested classes annotated with @Configuration.
2026-01-01T16:52:13.574+08:00  INFO 13432 --- [ride-dispatch-server] [           main] .b.t.c.SpringBootTestContextBootstrapper : Found @SpringBootConfiguration com.uber.RideDispatchApplication for test class com.uber.service.IdempotencyH4Test
[INFO] Running com.uber.service.IdempotencyH4Test$FullFlowIdempotencyTests
2026-01-01T16:52:13.577+08:00  INFO 13432 --- [ride-dispatch-server] [           main] t.c.s.AnnotationConfigContextLoaderUtils : Could not detect default configuration classes for test class [com.uber.service.IdempotencyH4Test$FullFlowIdempotencyTests]: FullFlowIdempotencyTests does not declare any static, non-private, non-final, nested classes annotated with @Configuration.
2026-01-01T16:52:13.579+08:00  INFO 13432 --- [ride-dispatch-server] [           main] .b.t.c.SpringBootTestContextBootstrapper : Found @SpringBootConfiguration com.uber.RideDispatchApplication for test class com.uber.service.IdempotencyH4Test$FullFlowIdempotencyTests
2026-01-01T16:52:13.581+08:00  WARN 13432 --- [ride-dispatch-server] [           main] com.uber.service.OrderService            : No available driver found for order with vehicleType: STANDARD
2026-01-01T16:52:13.581+08:00  INFO 13432 --- [ride-dispatch-server] [           main] com.uber.service.OrderService            : Order created: de58d8ed-0e3a-4d57-9576-14ea10379663 (assigned to: null)
2026-01-01T16:52:13.581+08:00  INFO 13432 --- [ride-dispatch-server] [           main] com.uber.service.DriverService           : Driver registered: driver-full
2026-01-01T16:52:13.581+08:00  INFO 13432 --- [ride-dispatch-server] [           main] com.uber.service.DriverService           : Driver driver-full is now online at (2.0, 2.0)
2026-01-01T16:52:13.581+08:00  INFO 13432 --- [ride-dispatch-server] [           main] com.uber.service.OrderService            : Order de58d8ed-0e3a-4d57-9576-14ea10379663 accepted by driver driver-full
2026-01-01T16:52:13.581+08:00  INFO 13432 --- [ride-dispatch-server] [           main] com.uber.service.OrderService            : Idempotent accept - order already accepted by same driver
2026-01-01T16:52:13.582+08:00  INFO 13432 --- [ride-dispatch-server] [           main] com.uber.service.OrderService            : Trip started for order de58d8ed-0e3a-4d57-9576-14ea10379663
2026-01-01T16:52:13.684+08:00  INFO 13432 --- [ride-dispatch-server] [           main] com.uber.service.OrderService            : Using actual duration: 0 minutes for order de58d8ed-0e3a-4d57-9576-14ea10379663
2026-01-01T16:52:13.684+08:00  INFO 13432 --- [ride-dispatch-server] [           main] com.uber.service.OrderService            : Trip completed for order de58d8ed-0e3a-4d57-9576-14ea10379663, fare: 477.26
[INFO] Tests run: 1, Failures: 0, Errors: 0, Skipped: 0, Time elapsed: 0.109 s -- in com.uber.service.IdempotencyH4Test$FullFlowIdempotencyTests
[INFO] Running com.uber.service.IdempotencyH4Test$CancelIdempotencyTests
2026-01-01T16:52:13.687+08:00  INFO 13432 --- [ride-dispatch-server] [           main] t.c.s.AnnotationConfigContextLoaderUtils : Could not detect default configuration classes for test class [com.uber.service.IdempotencyH4Test$CancelIdempotencyTests]: CancelIdempotencyTests does not declare any static, non-private, non-final, nested classes annotated with @Configuration.
2026-01-01T16:52:13.688+08:00  INFO 13432 --- [ride-dispatch-server] [           main] .b.t.c.SpringBootTestContextBootstrapper : Found @SpringBootConfiguration com.uber.RideDispatchApplication for test class com.uber.service.IdempotencyH4Test$CancelIdempotencyTests
2026-01-01T16:52:13.691+08:00  WARN 13432 --- [ride-dispatch-server] [           main] com.uber.service.OrderService            : No available driver found for order with vehicleType: STANDARD
2026-01-01T16:52:13.692+08:00  INFO 13432 --- [ride-dispatch-server] [           main] com.uber.service.OrderService            : Order created: ba2ff35c-7400-45d7-b8ad-d77a1f55c4c7 (assigned to: null)
2026-01-01T16:52:13.692+08:00  INFO 13432 --- [ride-dispatch-server] [           main] com.uber.service.OrderService            : Order ba2ff35c-7400-45d7-b8ad-d77a1f55c4c7 cancelled
2026-01-01T16:52:13.694+08:00  WARN 13432 --- [ride-dispatch-server] [           main] com.uber.service.OrderService            : No available driver found for order with vehicleType: STANDARD
2026-01-01T16:52:13.694+08:00  INFO 13432 --- [ride-dispatch-server] [           main] com.uber.service.OrderService            : Order created: 063e46ce-da72-43d9-b3b1-14f27a52d53e (assigned to: null)
2026-01-01T16:52:13.695+08:00  INFO 13432 --- [ride-dispatch-server] [pool-6-thread-1] com.uber.service.OrderService            : Order 063e46ce-da72-43d9-b3b1-14f27a52d53e cancelled
2026-01-01T16:52:13.697+08:00  WARN 13432 --- [ride-dispatch-server] [           main] com.uber.service.OrderService            : No available driver found for order with vehicleType: PREMIUM
2026-01-01T16:52:13.697+08:00  INFO 13432 --- [ride-dispatch-server] [           main] com.uber.service.OrderService            : Order created: cb733119-7f7a-42b2-a2a8-3254c7cdc9df (assigned to: null)
2026-01-01T16:52:13.697+08:00  INFO 13432 --- [ride-dispatch-server] [           main] com.uber.service.DriverService           : Driver registered: driver-009
2026-01-01T16:52:13.697+08:00  INFO 13432 --- [ride-dispatch-server] [           main] com.uber.service.DriverService           : Driver driver-009 is now online at (0.0, 0.0)
2026-01-01T16:52:13.697+08:00  INFO 13432 --- [ride-dispatch-server] [           main] com.uber.service.OrderService            : Order cb733119-7f7a-42b2-a2a8-3254c7cdc9df accepted by driver driver-009
2026-01-01T16:52:13.697+08:00  INFO 13432 --- [ride-dispatch-server] [           main] com.uber.service.OrderService            : Order cb733119-7f7a-42b2-a2a8-3254c7cdc9df cancelled
[INFO] Tests run: 3, Failures: 0, Errors: 0, Skipped: 0, Time elapsed: 0.013 s -- in com.uber.service.IdempotencyH4Test$CancelIdempotencyTests
[INFO] Running com.uber.service.IdempotencyH4Test$CompleteIdempotencyTests
2026-01-01T16:52:13.700+08:00  INFO 13432 --- [ride-dispatch-server] [           main] t.c.s.AnnotationConfigContextLoaderUtils : Could not detect default configuration classes for test class [com.uber.service.IdempotencyH4Test$CompleteIdempotencyTests]: CompleteIdempotencyTests does not declare any static, non-private, non-final, nested classes annotated with @Configuration.
2026-01-01T16:52:13.701+08:00  INFO 13432 --- [ride-dispatch-server] [           main] .b.t.c.SpringBootTestContextBootstrapper : Found @SpringBootConfiguration com.uber.RideDispatchApplication for test class com.uber.service.IdempotencyH4Test$CompleteIdempotencyTests
2026-01-01T16:52:13.705+08:00  WARN 13432 --- [ride-dispatch-server] [           main] com.uber.service.OrderService            : No available driver found for order with vehicleType: STANDARD
2026-01-01T16:52:13.705+08:00  INFO 13432 --- [ride-dispatch-server] [           main] com.uber.service.OrderService            : Order created: c9fda60e-70d5-467c-affd-bab0341f1d6d (assigned to: null)
2026-01-01T16:52:13.705+08:00  INFO 13432 --- [ride-dispatch-server] [           main] com.uber.service.DriverService           : Driver registered: driver-006
2026-01-01T16:52:13.705+08:00  INFO 13432 --- [ride-dispatch-server] [           main] com.uber.service.DriverService           : Driver driver-006 is now online at (0.0, 0.0)
2026-01-01T16:52:13.705+08:00  INFO 13432 --- [ride-dispatch-server] [           main] com.uber.service.OrderService            : Order c9fda60e-70d5-467c-affd-bab0341f1d6d accepted by driver driver-006
2026-01-01T16:52:13.706+08:00  INFO 13432 --- [ride-dispatch-server] [           main] com.uber.service.OrderService            : Trip started for order c9fda60e-70d5-467c-affd-bab0341f1d6d
2026-01-01T16:52:13.806+08:00  INFO 13432 --- [ride-dispatch-server] [           main] com.uber.service.OrderService            : Using actual duration: 0 minutes for order c9fda60e-70d5-467c-affd-bab0341f1d6d
2026-01-01T16:52:13.806+08:00  INFO 13432 --- [ride-dispatch-server] [           main] com.uber.service.OrderService            : Trip completed for order c9fda60e-70d5-467c-affd-bab0341f1d6d, fare: 265.13
2026-01-01T16:52:13.808+08:00  WARN 13432 --- [ride-dispatch-server] [           main] com.uber.service.OrderService            : No available driver found for order with vehicleType: XL
2026-01-01T16:52:13.808+08:00  INFO 13432 --- [ride-dispatch-server] [           main] com.uber.service.OrderService            : Order created: 6a81d341-568e-4656-a68b-d073cca1b6d8 (assigned to: null)
2026-01-01T16:52:13.808+08:00  INFO 13432 --- [ride-dispatch-server] [           main] com.uber.service.DriverService           : Driver registered: driver-007
2026-01-01T16:52:13.808+08:00  INFO 13432 --- [ride-dispatch-server] [           main] com.uber.service.DriverService           : Driver driver-007 is now online at (0.0, 0.0)
2026-01-01T16:52:13.808+08:00  INFO 13432 --- [ride-dispatch-server] [           main] com.uber.service.OrderService            : Order 6a81d341-568e-4656-a68b-d073cca1b6d8 accepted by driver driver-007
2026-01-01T16:52:13.808+08:00  INFO 13432 --- [ride-dispatch-server] [           main] com.uber.service.OrderService            : Trip started for order 6a81d341-568e-4656-a68b-d073cca1b6d8
2026-01-01T16:52:13.808+08:00  INFO 13432 --- [ride-dispatch-server] [           main] com.uber.service.OrderService            : Using actual duration: 0 minutes for order 6a81d341-568e-4656-a68b-d073cca1b6d8
2026-01-01T16:52:13.808+08:00  INFO 13432 --- [ride-dispatch-server] [           main] com.uber.service.OrderService            : Trip completed for order 6a81d341-568e-4656-a68b-d073cca1b6d8, fare: 318.13
[INFO] Tests run: 2, Failures: 0, Errors: 0, Skipped: 0, Time elapsed: 0.110 s -- in com.uber.service.IdempotencyH4Test$CompleteIdempotencyTests
[INFO] Running com.uber.service.IdempotencyH4Test$StartIdempotencyTests
2026-01-01T16:52:13.810+08:00  INFO 13432 --- [ride-dispatch-server] [           main] t.c.s.AnnotationConfigContextLoaderUtils : Could not detect default configuration classes for test class [com.uber.service.IdempotencyH4Test$StartIdempotencyTests]: StartIdempotencyTests does not declare any static, non-private, non-final, nested classes annotated with @Configuration.
2026-01-01T16:52:13.811+08:00  INFO 13432 --- [ride-dispatch-server] [           main] .b.t.c.SpringBootTestContextBootstrapper : Found @SpringBootConfiguration com.uber.RideDispatchApplication for test class com.uber.service.IdempotencyH4Test$StartIdempotencyTests
2026-01-01T16:52:13.815+08:00  WARN 13432 --- [ride-dispatch-server] [           main] com.uber.service.OrderService            : No available driver found for order with vehicleType: STANDARD
2026-01-01T16:52:13.815+08:00  INFO 13432 --- [ride-dispatch-server] [           main] com.uber.service.OrderService            : Order created: 07ed4080-95b8-49c7-b57e-a469b4590d96 (assigned to: null)
2026-01-01T16:52:13.815+08:00  INFO 13432 --- [ride-dispatch-server] [           main] com.uber.service.DriverService           : Driver registered: driver-004
2026-01-01T16:52:13.815+08:00  INFO 13432 --- [ride-dispatch-server] [           main] com.uber.service.DriverService           : Driver driver-004 is now online at (0.0, 0.0)
2026-01-01T16:52:13.815+08:00  INFO 13432 --- [ride-dispatch-server] [           main] com.uber.service.OrderService            : Order 07ed4080-95b8-49c7-b57e-a469b4590d96 accepted by driver driver-004
2026-01-01T16:52:13.815+08:00  INFO 13432 --- [ride-dispatch-server] [           main] com.uber.service.OrderService            : Trip started for order 07ed4080-95b8-49c7-b57e-a469b4590d96
2026-01-01T16:52:13.818+08:00  WARN 13432 --- [ride-dispatch-server] [           main] com.uber.service.OrderService            : No available driver found for order with vehicleType: PREMIUM
2026-01-01T16:52:13.818+08:00  INFO 13432 --- [ride-dispatch-server] [           main] com.uber.service.OrderService            : Order created: 2c4642f2-2066-473f-86b8-083bd68cb2f4 (assigned to: null)
2026-01-01T16:52:13.818+08:00  INFO 13432 --- [ride-dispatch-server] [           main] com.uber.service.DriverService           : Driver registered: driver-005
2026-01-01T16:52:13.818+08:00  INFO 13432 --- [ride-dispatch-server] [           main] com.uber.service.DriverService           : Driver driver-005 is now online at (4.0, 4.0)
2026-01-01T16:52:13.818+08:00  INFO 13432 --- [ride-dispatch-server] [           main] com.uber.service.OrderService            : Order 2c4642f2-2066-473f-86b8-083bd68cb2f4 accepted by driver driver-005
2026-01-01T16:52:13.819+08:00  INFO 13432 --- [ride-dispatch-server] [pool-7-thread-1] com.uber.service.OrderService            : Trip started for order 2c4642f2-2066-473f-86b8-083bd68cb2f4
[INFO] Tests run: 2, Failures: 0, Errors: 0, Skipped: 0, Time elapsed: 0.011 s -- in com.uber.service.IdempotencyH4Test$StartIdempotencyTests
[INFO] Running com.uber.service.IdempotencyH4Test$AcceptIdempotencyTests
2026-01-01T16:52:13.821+08:00  INFO 13432 --- [ride-dispatch-server] [           main] t.c.s.AnnotationConfigContextLoaderUtils : Could not detect default configuration classes for test class [com.uber.service.IdempotencyH4Test$AcceptIdempotencyTests]: AcceptIdempotencyTests does not declare any static, non-private, non-final, nested classes annotated with @Configuration.
2026-01-01T16:52:13.822+08:00  INFO 13432 --- [ride-dispatch-server] [           main] .b.t.c.SpringBootTestContextBootstrapper : Found @SpringBootConfiguration com.uber.RideDispatchApplication for test class com.uber.service.IdempotencyH4Test$AcceptIdempotencyTests
2026-01-01T16:52:13.826+08:00  WARN 13432 --- [ride-dispatch-server] [           main] com.uber.service.OrderService            : No available driver found for order with vehicleType: STANDARD
2026-01-01T16:52:13.826+08:00  INFO 13432 --- [ride-dispatch-server] [           main] com.uber.service.OrderService            : Order created: 9000eb84-4fa5-456b-adf9-76a2076fa238 (assigned to: null)
2026-01-01T16:52:13.826+08:00  INFO 13432 --- [ride-dispatch-server] [           main] com.uber.service.DriverService           : Driver registered: driver-003
2026-01-01T16:52:13.826+08:00  INFO 13432 --- [ride-dispatch-server] [           main] com.uber.service.DriverService           : Driver driver-003 is now online at (3.0, 3.0)
2026-01-01T16:52:13.827+08:00  INFO 13432 --- [ride-dispatch-server] [pool-8-thread-1] com.uber.service.OrderService            : Order 9000eb84-4fa5-456b-adf9-76a2076fa238 accepted by driver driver-003
2026-01-01T16:52:13.827+08:00  INFO 13432 --- [ride-dispatch-server] [pool-8-thread-2] com.uber.service.OrderService            : Idempotent accept - order already accepted by same driver
2026-01-01T16:52:13.827+08:00  INFO 13432 --- [ride-dispatch-server] [pool-8-thread-5] com.uber.service.OrderService            : Idempotent accept - order already accepted by same driver
2026-01-01T16:52:13.827+08:00  INFO 13432 --- [ride-dispatch-server] [pool-8-thread-3] com.uber.service.OrderService            : Idempotent accept - order already accepted by same driver
2026-01-01T16:52:13.827+08:00  INFO 13432 --- [ride-dispatch-server] [pool-8-thread-4] com.uber.service.OrderService            : Idempotent accept - order already accepted by same driver
2026-01-01T16:52:13.829+08:00  WARN 13432 --- [ride-dispatch-server] [           main] com.uber.service.OrderService            : No available driver found for order with vehicleType: PREMIUM
2026-01-01T16:52:13.830+08:00  INFO 13432 --- [ride-dispatch-server] [           main] com.uber.service.OrderService            : Order created: 75101a3c-81a8-4625-8e61-3c1a3729f08d (assigned to: null)
2026-01-01T16:52:13.830+08:00  INFO 13432 --- [ride-dispatch-server] [           main] com.uber.service.DriverService           : Driver registered: driver-002
2026-01-01T16:52:13.830+08:00  INFO 13432 --- [ride-dispatch-server] [           main] com.uber.service.DriverService           : Driver driver-002 is now online at (1.0, 1.0)
2026-01-01T16:52:13.830+08:00  INFO 13432 --- [ride-dispatch-server] [           main] com.uber.service.OrderService            : Order 75101a3c-81a8-4625-8e61-3c1a3729f08d accepted by driver driver-002
2026-01-01T16:52:13.830+08:00  INFO 13432 --- [ride-dispatch-server] [           main] com.uber.service.OrderService            : Idempotent accept - order already accepted by same driver
2026-01-01T16:52:13.830+08:00  INFO 13432 --- [ride-dispatch-server] [           main] com.uber.service.OrderService            : Idempotent accept - order already accepted by same driver
2026-01-01T16:52:13.830+08:00  INFO 13432 --- [ride-dispatch-server] [           main] com.uber.service.OrderService            : Idempotent accept - order already accepted by same driver
2026-01-01T16:52:13.830+08:00  INFO 13432 --- [ride-dispatch-server] [           main] com.uber.service.OrderService            : Idempotent accept - order already accepted by same driver
2026-01-01T16:52:13.831+08:00  WARN 13432 --- [ride-dispatch-server] [           main] com.uber.service.OrderService            : No available driver found for order with vehicleType: STANDARD
2026-01-01T16:52:13.831+08:00  INFO 13432 --- [ride-dispatch-server] [           main] com.uber.service.OrderService            : Order created: 4b3428c4-55f0-4b95-a3ad-634ba07390b9 (assigned to: null)
2026-01-01T16:52:13.831+08:00  INFO 13432 --- [ride-dispatch-server] [           main] com.uber.service.DriverService           : Driver registered: driver-001
2026-01-01T16:52:13.831+08:00  INFO 13432 --- [ride-dispatch-server] [           main] com.uber.service.DriverService           : Driver driver-001 is now online at (5.0, 5.0)
2026-01-01T16:52:13.832+08:00  INFO 13432 --- [ride-dispatch-server] [           main] com.uber.service.OrderService            : Order 4b3428c4-55f0-4b95-a3ad-634ba07390b9 accepted by driver driver-001
2026-01-01T16:52:13.832+08:00  INFO 13432 --- [ride-dispatch-server] [           main] com.uber.service.OrderService            : Idempotent accept - order already accepted by same driver
[INFO] Tests run: 3, Failures: 0, Errors: 0, Skipped: 0, Time elapsed: 0.012 s -- in com.uber.service.IdempotencyH4Test$AcceptIdempotencyTests
[INFO] Tests run: 0, Failures: 0, Errors: 0, Skipped: 0, Time elapsed: 0.261 s -- in com.uber.service.IdempotencyH4Test
[INFO] Running com.uber.service.MatchingServiceTest
[INFO] Running com.uber.service.MatchingServiceTest$AdditionalEdgeTests
[INFO] Tests run: 2, Failures: 0, Errors: 0, Skipped: 0, Time elapsed: 0.136 s -- in com.uber.service.MatchingServiceTest$AdditionalEdgeTests
[INFO] Running com.uber.service.MatchingServiceTest$ComplexScenarioTests
2026-01-01T16:52:13.988+08:00  INFO 13432 --- [ride-dispatch-server] [           main] com.uber.service.MatchingService         : Best driver found for order order-001: driver-001 (distance: 2.8284271247461903)
2026-01-01T16:52:14.001+08:00  INFO 13432 --- [ride-dispatch-server] [           main] com.uber.service.MatchingService         : Best driver found for order order-001: driver-001 (distance: 2.8284271247461903)
[INFO] Tests run: 4, Failures: 0, Errors: 0, Skipped: 0, Time elapsed: 0.026 s -- in com.uber.service.MatchingServiceTest$ComplexScenarioTests
[INFO] Running com.uber.service.MatchingServiceTest$SearchRadiusBoundaryTests
2026-01-01T16:52:14.007+08:00  INFO 13432 --- [ride-dispatch-server] [           main] com.uber.service.MatchingService         : Search radius updated to: 100.0
2026-01-01T16:52:14.008+08:00  INFO 13432 --- [ride-dispatch-server] [           main] com.uber.service.MatchingService         : Best driver found for order far-order: driver-001 (distance: 70.71067811865476)
2026-01-01T16:52:14.018+08:00  INFO 13432 --- [ride-dispatch-server] [           main] com.uber.service.MatchingService         : Best driver found for order order-boundary: driver-boundary (distance: 10.0)
2026-01-01T16:52:14.025+08:00  INFO 13432 --- [ride-dispatch-server] [           main] com.uber.service.MatchingService         : No matching driver found for order order-remote with vehicle type STANDARD
[INFO] Tests run: 5, Failures: 0, Errors: 0, Skipped: 0, Time elapsed: 0.022 s -- in com.uber.service.MatchingServiceTest$SearchRadiusBoundaryTests
[INFO] Running com.uber.service.MatchingServiceTest$BoundaryConditionsTests
2026-01-01T16:52:14.030+08:00  INFO 13432 --- [ride-dispatch-server] [           main] com.uber.service.MatchingService         : Best driver found for order order-001: driver-001 (distance: 2.8284271247461903)
2026-01-01T16:52:14.032+08:00  INFO 13432 --- [ride-dispatch-server] [           main] com.uber.service.MatchingService         : No matching driver found for order order-001 with vehicle type STANDARD
2026-01-01T16:52:14.037+08:00  INFO 13432 --- [ride-dispatch-server] [           main] com.uber.service.MatchingService         : No matching driver found for order order-001 with vehicle type STANDARD
2026-01-01T16:52:14.040+08:00  INFO 13432 --- [ride-dispatch-server] [           main] com.uber.service.MatchingService         : Best driver found for order order-001: driver-aaa (distance: 1.4142135623730951)
2026-01-01T16:52:14.042+08:00  INFO 13432 --- [ride-dispatch-server] [           main] com.uber.service.MatchingService         : No matching driver found for order order-001 with vehicle type STANDARD
[INFO] Tests run: 7, Failures: 0, Errors: 0, Skipped: 0, Time elapsed: 0.019 s -- in com.uber.service.MatchingServiceTest$BoundaryConditionsTests
[INFO] Running com.uber.service.MatchingServiceTest$DistanceCalculationTests
[INFO] Tests run: 8, Failures: 0, Errors: 0, Skipped: 0, Time elapsed: 0.026 s -- in com.uber.service.MatchingServiceTest$DistanceCalculationTests
[INFO] Running com.uber.service.MatchingServiceTest$SearchRadiusTests
2026-01-01T16:52:14.076+08:00  INFO 13432 --- [ride-dispatch-server] [           main] com.uber.service.MatchingService         : Search radius updated to: 20.0
[INFO] Tests run: 2, Failures: 0, Errors: 0, Skipped: 0, Time elapsed: 0.006 s -- in com.uber.service.MatchingServiceTest$SearchRadiusTests
[INFO] Running com.uber.service.MatchingServiceTest$GetAvailableDriversTests
[INFO] Tests run: 2, Failures: 0, Errors: 0, Skipped: 0, Time elapsed: 0.005 s -- in com.uber.service.MatchingServiceTest$GetAvailableDriversTests
[INFO] Running com.uber.service.MatchingServiceTest$GetAvailableOrdersTests
[INFO] Tests run: 5, Failures: 0, Errors: 0, Skipped: 0, Time elapsed: 0.011 s -- in com.uber.service.MatchingServiceTest$GetAvailableOrdersTests
[INFO] Running com.uber.service.MatchingServiceTest$FindBestDriverTests
2026-01-01T16:52:14.098+08:00  INFO 13432 --- [ride-dispatch-server] [           main] com.uber.service.MatchingService         : No matching driver found for order order-001 with vehicle type STANDARD
2026-01-01T16:52:14.102+08:00  INFO 13432 --- [ride-dispatch-server] [           main] com.uber.service.MatchingService         : Best driver found for order order-001: driver-001 (distance: 2.8284271247461903)
2026-01-01T16:52:14.104+08:00  INFO 13432 --- [ride-dispatch-server] [           main] com.uber.service.MatchingService         : Best driver found for order order-001: driver-premium (distance: 1.4142135623730951)
2026-01-01T16:52:14.106+08:00  INFO 13432 --- [ride-dispatch-server] [           main] com.uber.service.MatchingService         : No matching driver found for order order-001 with vehicle type STANDARD
2026-01-01T16:52:14.108+08:00  INFO 13432 --- [ride-dispatch-server] [           main] com.uber.service.MatchingService         : Best driver found for order order-001: driver-001 (distance: 2.8284271247461903)
2026-01-01T16:52:14.111+08:00  INFO 13432 --- [ride-dispatch-server] [           main] com.uber.service.MatchingService         : Best driver found for order order-001: driver-aaa (distance: 1.4142135623730951)
2026-01-01T16:52:14.114+08:00  INFO 13432 --- [ride-dispatch-server] [           main] com.uber.service.MatchingService         : Best driver found for order order-001: driver-001 (distance: 2.8284271247461903)
[INFO] Tests run: 8, Failures: 0, Errors: 0, Skipped: 0, Time elapsed: 0.018 s -- in com.uber.service.MatchingServiceTest$FindBestDriverTests
[INFO] Tests run: 0, Failures: 0, Errors: 0, Skipped: 0, Time elapsed: 0.276 s -- in com.uber.service.MatchingServiceTest
[INFO] Running com.uber.service.OrderServiceTest
[INFO] Running com.uber.service.OrderServiceTest$IllegalStateTransitionTests
2026-01-01T16:52:14.117+08:00  WARN 13432 --- [ride-dispatch-server] [           main] com.uber.service.OrderService            : No available driver found for order with vehicleType: STANDARD
2026-01-01T16:52:14.117+08:00  INFO 13432 --- [ride-dispatch-server] [           main] com.uber.service.OrderService            : Order created: 68ec212a-bb05-43a8-82d9-1d55180f8608 (assigned to: null)
2026-01-01T16:52:14.117+08:00  INFO 13432 --- [ride-dispatch-server] [           main] com.uber.service.OrderService            : Order 68ec212a-bb05-43a8-82d9-1d55180f8608 cancelled
2026-01-01T16:52:14.118+08:00  WARN 13432 --- [ride-dispatch-server] [           main] com.uber.service.OrderService            : No available driver found for order with vehicleType: STANDARD
2026-01-01T16:52:14.119+08:00  INFO 13432 --- [ride-dispatch-server] [           main] com.uber.service.OrderService            : Order created: 0fef41b3-46f6-43ec-b914-e9922cacc1b2 (assigned to: null)
2026-01-01T16:52:14.119+08:00  INFO 13432 --- [ride-dispatch-server] [           main] com.uber.service.OrderService            : Order 0fef41b3-46f6-43ec-b914-e9922cacc1b2 accepted by driver driver-1
2026-01-01T16:52:14.119+08:00  INFO 13432 --- [ride-dispatch-server] [           main] com.uber.service.OrderService            : Trip started for order 0fef41b3-46f6-43ec-b914-e9922cacc1b2
2026-01-01T16:52:14.119+08:00  INFO 13432 --- [ride-dispatch-server] [           main] com.uber.service.OrderService            : Using actual duration: 0 minutes for order 0fef41b3-46f6-43ec-b914-e9922cacc1b2
2026-01-01T16:52:14.119+08:00  INFO 13432 --- [ride-dispatch-server] [           main] com.uber.service.OrderService            : Trip completed for order 0fef41b3-46f6-43ec-b914-e9922cacc1b2, fare: 477.26
[INFO] Tests run: 2, Failures: 0, Errors: 0, Skipped: 0, Time elapsed: 0.003 s -- in com.uber.service.OrderServiceTest$IllegalStateTransitionTests
[INFO] Running com.uber.service.OrderServiceTest$CancelOrderTests
2026-01-01T16:52:14.121+08:00  WARN 13432 --- [ride-dispatch-server] [           main] com.uber.service.OrderService            : No available driver found for order with vehicleType: STANDARD
2026-01-01T16:52:14.121+08:00  INFO 13432 --- [ride-dispatch-server] [           main] com.uber.service.OrderService            : Order created: a0c8c1fa-ba3d-411d-afce-e4b1570aadb6 (assigned to: null)
2026-01-01T16:52:14.121+08:00  INFO 13432 --- [ride-dispatch-server] [           main] com.uber.service.OrderService            : Order a0c8c1fa-ba3d-411d-afce-e4b1570aadb6 accepted by driver driver-1
2026-01-01T16:52:14.121+08:00  INFO 13432 --- [ride-dispatch-server] [           main] com.uber.service.OrderService            : Order a0c8c1fa-ba3d-411d-afce-e4b1570aadb6 cancelled
2026-01-01T16:52:14.122+08:00  WARN 13432 --- [ride-dispatch-server] [           main] com.uber.service.OrderService            : No available driver found for order with vehicleType: STANDARD
2026-01-01T16:52:14.122+08:00  INFO 13432 --- [ride-dispatch-server] [           main] com.uber.service.OrderService            : Order created: d4f209b9-642d-46a5-a949-f5e9406cddd0 (assigned to: null)
2026-01-01T16:52:14.122+08:00  INFO 13432 --- [ride-dispatch-server] [           main] com.uber.service.OrderService            : Order d4f209b9-642d-46a5-a949-f5e9406cddd0 cancelled
2026-01-01T16:52:14.122+08:00  WARN 13432 --- [ride-dispatch-server] [           main] com.uber.service.OrderService            : No available driver found for order with vehicleType: STANDARD
2026-01-01T16:52:14.122+08:00  INFO 13432 --- [ride-dispatch-server] [           main] com.uber.service.OrderService            : Order created: 9ccbb3ac-87d0-49fb-ac1b-27dbf405814a (assigned to: null)
2026-01-01T16:52:14.122+08:00  INFO 13432 --- [ride-dispatch-server] [           main] com.uber.service.OrderService            : Order 9ccbb3ac-87d0-49fb-ac1b-27dbf405814a cancelled
2026-01-01T16:52:14.124+08:00  WARN 13432 --- [ride-dispatch-server] [           main] com.uber.service.OrderService            : No available driver found for order with vehicleType: STANDARD
2026-01-01T16:52:14.124+08:00  INFO 13432 --- [ride-dispatch-server] [           main] com.uber.service.OrderService            : Order created: 9277f4e6-5b1a-408d-93c3-04c9fc23bd89 (assigned to: null)
2026-01-01T16:52:14.125+08:00  INFO 13432 --- [ride-dispatch-server] [           main] com.uber.service.OrderService            : Order 9277f4e6-5b1a-408d-93c3-04c9fc23bd89 accepted by driver driver-1
2026-01-01T16:52:14.125+08:00  INFO 13432 --- [ride-dispatch-server] [           main] com.uber.service.OrderService            : Trip started for order 9277f4e6-5b1a-408d-93c3-04c9fc23bd89
[INFO] Tests run: 4, Failures: 0, Errors: 0, Skipped: 0, Time elapsed: 0.006 s -- in com.uber.service.OrderServiceTest$CancelOrderTests
[INFO] Running com.uber.service.OrderServiceTest$CompleteTripTests
2026-01-01T16:52:14.127+08:00  WARN 13432 --- [ride-dispatch-server] [           main] com.uber.service.OrderService            : No available driver found for order with vehicleType: STANDARD
2026-01-01T16:52:14.128+08:00  INFO 13432 --- [ride-dispatch-server] [           main] com.uber.service.OrderService            : Order created: efa801a2-e1db-4b70-a417-f1effcd1d437 (assigned to: null)
2026-01-01T16:52:14.128+08:00  INFO 13432 --- [ride-dispatch-server] [           main] com.uber.service.OrderService            : Order efa801a2-e1db-4b70-a417-f1effcd1d437 accepted by driver driver-1
2026-01-01T16:52:14.128+08:00  INFO 13432 --- [ride-dispatch-server] [           main] com.uber.service.OrderService            : Trip started for order efa801a2-e1db-4b70-a417-f1effcd1d437
2026-01-01T16:52:14.128+08:00  INFO 13432 --- [ride-dispatch-server] [           main] com.uber.service.OrderService            : Using actual duration: 0 minutes for order efa801a2-e1db-4b70-a417-f1effcd1d437
2026-01-01T16:52:14.128+08:00  INFO 13432 --- [ride-dispatch-server] [           main] com.uber.service.OrderService            : Trip completed for order efa801a2-e1db-4b70-a417-f1effcd1d437, fare: 477.26
2026-01-01T16:52:14.128+08:00  WARN 13432 --- [ride-dispatch-server] [           main] com.uber.service.OrderService            : No available driver found for order with vehicleType: STANDARD
2026-01-01T16:52:14.128+08:00  INFO 13432 --- [ride-dispatch-server] [           main] com.uber.service.OrderService            : Order created: f6fb724b-d1f8-4fd2-aeb6-828a4a62a9e7 (assigned to: null)
2026-01-01T16:52:14.128+08:00  INFO 13432 --- [ride-dispatch-server] [           main] com.uber.service.OrderService            : Order f6fb724b-d1f8-4fd2-aeb6-828a4a62a9e7 accepted by driver driver-1
2026-01-01T16:52:14.128+08:00  INFO 13432 --- [ride-dispatch-server] [           main] com.uber.service.OrderService            : Trip started for order f6fb724b-d1f8-4fd2-aeb6-828a4a62a9e7
2026-01-01T16:52:14.130+08:00  WARN 13432 --- [ride-dispatch-server] [           main] com.uber.service.OrderService            : No available driver found for order with vehicleType: STANDARD
2026-01-01T16:52:14.130+08:00  INFO 13432 --- [ride-dispatch-server] [           main] com.uber.service.OrderService            : Order created: 97827cab-7c04-403c-924d-c6284e384a06 (assigned to: null)
2026-01-01T16:52:14.130+08:00  INFO 13432 --- [ride-dispatch-server] [           main] com.uber.service.OrderService            : Order 97827cab-7c04-403c-924d-c6284e384a06 accepted by driver driver-1
2026-01-01T16:52:14.130+08:00  INFO 13432 --- [ride-dispatch-server] [           main] com.uber.service.OrderService            : Trip started for order 97827cab-7c04-403c-924d-c6284e384a06
2026-01-01T16:52:14.130+08:00  INFO 13432 --- [ride-dispatch-server] [           main] com.uber.service.OrderService            : Using actual duration: 0 minutes for order 97827cab-7c04-403c-924d-c6284e384a06
2026-01-01T16:52:14.131+08:00  INFO 13432 --- [ride-dispatch-server] [           main] com.uber.service.OrderService            : Trip completed for order 97827cab-7c04-403c-924d-c6284e384a06, fare: 477.26
[INFO] Tests run: 3, Failures: 0, Errors: 0, Skipped: 0, Time elapsed: 0.004 s -- in com.uber.service.OrderServiceTest$CompleteTripTests
[INFO] Running com.uber.service.OrderServiceTest$StartTripTests
2026-01-01T16:52:14.133+08:00  WARN 13432 --- [ride-dispatch-server] [           main] com.uber.service.OrderService            : No available driver found for order with vehicleType: STANDARD
2026-01-01T16:52:14.133+08:00  INFO 13432 --- [ride-dispatch-server] [           main] com.uber.service.OrderService            : Order created: 7c3d9570-e562-4dfb-82f0-fb8147b99d39 (assigned to: null)
2026-01-01T16:52:14.133+08:00  INFO 13432 --- [ride-dispatch-server] [           main] com.uber.service.OrderService            : Order 7c3d9570-e562-4dfb-82f0-fb8147b99d39 accepted by driver driver-1
2026-01-01T16:52:14.133+08:00  INFO 13432 --- [ride-dispatch-server] [           main] com.uber.service.OrderService            : Trip started for order 7c3d9570-e562-4dfb-82f0-fb8147b99d39
2026-01-01T16:52:14.133+08:00  WARN 13432 --- [ride-dispatch-server] [           main] com.uber.service.OrderService            : No available driver found for order with vehicleType: STANDARD
2026-01-01T16:52:14.134+08:00  INFO 13432 --- [ride-dispatch-server] [           main] com.uber.service.OrderService            : Order created: f7761af8-34d0-4ae4-abe1-d88fa23362b3 (assigned to: null)
2026-01-01T16:52:14.134+08:00  INFO 13432 --- [ride-dispatch-server] [           main] com.uber.service.OrderService            : Order f7761af8-34d0-4ae4-abe1-d88fa23362b3 accepted by driver driver-1
2026-01-01T16:52:14.134+08:00  INFO 13432 --- [ride-dispatch-server] [           main] com.uber.service.OrderService            : Trip started for order f7761af8-34d0-4ae4-abe1-d88fa23362b3
2026-01-01T16:52:14.135+08:00  WARN 13432 --- [ride-dispatch-server] [           main] com.uber.service.OrderService            : No available driver found for order with vehicleType: STANDARD
2026-01-01T16:52:14.135+08:00  INFO 13432 --- [ride-dispatch-server] [           main] com.uber.service.OrderService            : Order created: 5455ea64-d6ab-4dc5-a0c4-7b6bbb13b1cc (assigned to: null)
2026-01-01T16:52:14.135+08:00  INFO 13432 --- [ride-dispatch-server] [           main] com.uber.service.OrderService            : Order 5455ea64-d6ab-4dc5-a0c4-7b6bbb13b1cc accepted by driver driver-1
2026-01-01T16:52:14.137+08:00  WARN 13432 --- [ride-dispatch-server] [           main] com.uber.service.OrderService            : No available driver found for order with vehicleType: STANDARD
2026-01-01T16:52:14.138+08:00  INFO 13432 --- [ride-dispatch-server] [           main] com.uber.service.OrderService            : Order created: 47d85921-3f0c-4e8a-8b15-0cda000861a0 (assigned to: null)
2026-01-01T16:52:14.138+08:00  INFO 13432 --- [ride-dispatch-server] [           main] com.uber.service.OrderService            : Order 47d85921-3f0c-4e8a-8b15-0cda000861a0 accepted by driver driver-1
2026-01-01T16:52:14.138+08:00  WARN 13432 --- [ride-dispatch-server] [           main] com.uber.service.OrderService            : No available driver found for order with vehicleType: STANDARD
2026-01-01T16:52:14.138+08:00  INFO 13432 --- [ride-dispatch-server] [           main] com.uber.service.OrderService            : Order created: 17f7639a-7241-4790-9df3-9edfd4c035f2 (assigned to: null)
[INFO] Tests run: 4, Failures: 0, Errors: 0, Skipped: 0, Time elapsed: 0.007 s -- in com.uber.service.OrderServiceTest$StartTripTests
[INFO] Running com.uber.service.OrderServiceTest$AcceptOrderTests
2026-01-01T16:52:14.141+08:00  WARN 13432 --- [ride-dispatch-server] [           main] com.uber.service.OrderService            : No available driver found for order with vehicleType: STANDARD
2026-01-01T16:52:14.141+08:00  INFO 13432 --- [ride-dispatch-server] [           main] com.uber.service.OrderService            : Order created: 2c650a22-824a-4fb0-ad23-27378d1597ed (assigned to: null)
2026-01-01T16:52:14.142+08:00  WARN 13432 --- [ride-dispatch-server] [           main] com.uber.service.OrderService            : No available driver found for order with vehicleType: STANDARD
2026-01-01T16:52:14.142+08:00  INFO 13432 --- [ride-dispatch-server] [           main] com.uber.service.OrderService            : Order created: d2571ae0-f54f-48e9-b14a-35cbd07615a5 (assigned to: null)
2026-01-01T16:52:14.143+08:00  INFO 13432 --- [ride-dispatch-server] [           main] com.uber.service.OrderService            : Order d2571ae0-f54f-48e9-b14a-35cbd07615a5 accepted by driver driver-1
2026-01-01T16:52:14.143+08:00  WARN 13432 --- [ride-dispatch-server] [           main] com.uber.service.OrderService            : No available driver found for order with vehicleType: STANDARD
2026-01-01T16:52:14.143+08:00  INFO 13432 --- [ride-dispatch-server] [           main] com.uber.service.OrderService            : Order created: 9122bae6-6990-4ab7-a226-5818fcbd8019 (assigned to: null)
2026-01-01T16:52:14.143+08:00  INFO 13432 --- [ride-dispatch-server] [           main] com.uber.service.OrderService            : Order 9122bae6-6990-4ab7-a226-5818fcbd8019 accepted by driver driver-1
2026-01-01T16:52:14.143+08:00  INFO 13432 --- [ride-dispatch-server] [           main] com.uber.service.OrderService            : Idempotent accept - order already accepted by same driver
2026-01-01T16:52:14.145+08:00  WARN 13432 --- [ride-dispatch-server] [           main] com.uber.service.OrderService            : No available driver found for order with vehicleType: STANDARD
2026-01-01T16:52:14.145+08:00  INFO 13432 --- [ride-dispatch-server] [           main] com.uber.service.OrderService            : Order created: 721a9b9c-56e6-46f0-8e41-b84542289098 (assigned to: null)
2026-01-01T16:52:14.145+08:00  WARN 13432 --- [ride-dispatch-server] [           main] com.uber.service.OrderService            : No available driver found for order with vehicleType: STANDARD
2026-01-01T16:52:14.145+08:00  INFO 13432 --- [ride-dispatch-server] [           main] com.uber.service.OrderService            : Order created: 02e1fd67-e907-4845-8fa0-1c0a314436cb (assigned to: null)
2026-01-01T16:52:14.145+08:00  INFO 13432 --- [ride-dispatch-server] [           main] com.uber.service.OrderService            : Order 02e1fd67-e907-4845-8fa0-1c0a314436cb accepted by driver driver-1
[INFO] Tests run: 5, Failures: 0, Errors: 0, Skipped: 0, Time elapsed: 0.007 s -- in com.uber.service.OrderServiceTest$AcceptOrderTests
[INFO] Running com.uber.service.OrderServiceTest$CreateOrderTests
2026-01-01T16:52:14.147+08:00  WARN 13432 --- [ride-dispatch-server] [           main] com.uber.service.OrderService            : No available driver found for order with vehicleType: STANDARD
2026-01-01T16:52:14.147+08:00  INFO 13432 --- [ride-dispatch-server] [           main] com.uber.service.OrderService            : Order created: 9f20636b-5e83-4d2d-ad68-665a8f83afcc (assigned to: null)
[INFO] Tests run: 2, Failures: 0, Errors: 0, Skipped: 0, Time elapsed: 0.002 s -- in com.uber.service.OrderServiceTest$CreateOrderTests
[INFO] Tests run: 0, Failures: 0, Errors: 0, Skipped: 0, Time elapsed: 0.033 s -- in com.uber.service.OrderServiceTest
[INFO] Running com.uber.service.StateMachineTest
[INFO] Running com.uber.service.StateMachineTest$ComprehensiveStateMachineTests
2026-01-01T16:52:14.150+08:00  INFO 13432 --- [ride-dispatch-server] [           main] com.uber.service.OrderService            : Order auto-assigned to driver: driver-1
2026-01-01T16:52:14.150+08:00  INFO 13432 --- [ride-dispatch-server] [           main] com.uber.service.OrderService            : Order created: c98ec503-6b21-4fc9-8925-fe9548a5f483 (assigned to: driver-1)
2026-01-01T16:52:14.150+08:00  INFO 13432 --- [ride-dispatch-server] [           main] com.uber.service.OrderService            : Order c98ec503-6b21-4fc9-8925-fe9548a5f483 accepted by driver driver-1
2026-01-01T16:52:14.150+08:00  INFO 13432 --- [ride-dispatch-server] [           main] com.uber.service.OrderService            : Trip started for order c98ec503-6b21-4fc9-8925-fe9548a5f483
2026-01-01T16:52:14.150+08:00  INFO 13432 --- [ride-dispatch-server] [           main] com.uber.service.OrderService            : Using actual duration: 0 minutes for order c98ec503-6b21-4fc9-8925-fe9548a5f483
2026-01-01T16:52:14.150+08:00  INFO 13432 --- [ride-dispatch-server] [           main] com.uber.service.OrderService            : Trip completed for order c98ec503-6b21-4fc9-8925-fe9548a5f483, fare: 477.26
2026-01-01T16:52:14.150+08:00  INFO 13432 --- [ride-dispatch-server] [           main] com.uber.service.OrderService            : Order auto-assigned to driver: driver-1
2026-01-01T16:52:14.151+08:00  INFO 13432 --- [ride-dispatch-server] [           main] com.uber.service.OrderService            : Order created: 51476a19-58a7-4c72-ba5c-ab13f91859b1 (assigned to: driver-1)
2026-01-01T16:52:14.151+08:00  INFO 13432 --- [ride-dispatch-server] [           main] com.uber.service.OrderService            : Order 51476a19-58a7-4c72-ba5c-ab13f91859b1 accepted by driver driver-1
2026-01-01T16:52:14.151+08:00  INFO 13432 --- [ride-dispatch-server] [           main] com.uber.service.OrderService            : Trip started for order 51476a19-58a7-4c72-ba5c-ab13f91859b1
2026-01-01T16:52:14.151+08:00  INFO 13432 --- [ride-dispatch-server] [           main] com.uber.service.OrderService            : Using actual duration: 0 minutes for order 51476a19-58a7-4c72-ba5c-ab13f91859b1
2026-01-01T16:52:14.151+08:00  INFO 13432 --- [ride-dispatch-server] [           main] com.uber.service.OrderService            : Trip completed for order 51476a19-58a7-4c72-ba5c-ab13f91859b1, fare: 477.26
2026-01-01T16:52:14.152+08:00  WARN 13432 --- [ride-dispatch-server] [           main] com.uber.service.OrderService            : No available driver found for order with vehicleType: STANDARD
2026-01-01T16:52:14.152+08:00  INFO 13432 --- [ride-dispatch-server] [           main] com.uber.service.OrderService            : Order created: 5fc33056-4099-4284-adee-a99f0723645d (assigned to: null)
2026-01-01T16:52:14.153+08:00  WARN 13432 --- [ride-dispatch-server] [           main] com.uber.service.OrderService            : No available driver found for order with vehicleType: STANDARD
2026-01-01T16:52:14.153+08:00  INFO 13432 --- [ride-dispatch-server] [           main] com.uber.service.OrderService            : Order created: 5fa67292-4648-4a4e-8bec-f1cf08d25a38 (assigned to: null)
2026-01-01T16:52:14.153+08:00  INFO 13432 --- [ride-dispatch-server] [           main] com.uber.service.OrderService            : Order auto-assigned to driver: driver-1
2026-01-01T16:52:14.153+08:00  INFO 13432 --- [ride-dispatch-server] [           main] com.uber.service.OrderService            : Order created: af3d1f6c-dab7-402a-b4ba-49e2ee0b3c8b (assigned to: driver-1)
2026-01-01T16:52:14.153+08:00  INFO 13432 --- [ride-dispatch-server] [           main] com.uber.service.OrderService            : Order af3d1f6c-dab7-402a-b4ba-49e2ee0b3c8b accepted by driver driver-1
2026-01-01T16:52:14.153+08:00  INFO 13432 --- [ride-dispatch-server] [           main] com.uber.service.OrderService            : Trip started for order af3d1f6c-dab7-402a-b4ba-49e2ee0b3c8b
[INFO] Tests run: 3, Failures: 0, Errors: 0, Skipped: 0, Time elapsed: 0.004 s -- in com.uber.service.StateMachineTest$ComprehensiveStateMachineTests
[INFO] Running com.uber.service.StateMachineTest$CancelledImmutableTests
2026-01-01T16:52:14.155+08:00  WARN 13432 --- [ride-dispatch-server] [           main] com.uber.service.OrderService            : No available driver found for order with vehicleType: STANDARD
2026-01-01T16:52:14.156+08:00  INFO 13432 --- [ride-dispatch-server] [           main] com.uber.service.OrderService            : Order created: 2d71063d-3fc8-4eca-b797-051f11f4fa0c (assigned to: null)
2026-01-01T16:52:14.156+08:00  INFO 13432 --- [ride-dispatch-server] [           main] com.uber.service.OrderService            : Order 2d71063d-3fc8-4eca-b797-051f11f4fa0c cancelled
2026-01-01T16:52:14.157+08:00  WARN 13432 --- [ride-dispatch-server] [           main] com.uber.service.OrderService            : No available driver found for order with vehicleType: STANDARD
2026-01-01T16:52:14.157+08:00  INFO 13432 --- [ride-dispatch-server] [           main] com.uber.service.OrderService            : Order created: fc3b8ed2-e5a0-4537-87cc-be160d298af5 (assigned to: null)
2026-01-01T16:52:14.157+08:00  INFO 13432 --- [ride-dispatch-server] [           main] com.uber.service.OrderService            : Order fc3b8ed2-e5a0-4537-87cc-be160d298af5 cancelled
2026-01-01T16:52:14.159+08:00  WARN 13432 --- [ride-dispatch-server] [           main] com.uber.service.OrderService            : No available driver found for order with vehicleType: STANDARD
2026-01-01T16:52:14.159+08:00  INFO 13432 --- [ride-dispatch-server] [           main] com.uber.service.OrderService            : Order created: 06da9f3a-5327-4fb0-8dd9-16468798f89b (assigned to: null)
2026-01-01T16:52:14.159+08:00  INFO 13432 --- [ride-dispatch-server] [           main] com.uber.service.OrderService            : Order 06da9f3a-5327-4fb0-8dd9-16468798f89b accepted by driver driver-1
2026-01-01T16:52:14.159+08:00  INFO 13432 --- [ride-dispatch-server] [           main] com.uber.service.OrderService            : Order 06da9f3a-5327-4fb0-8dd9-16468798f89b cancelled
2026-01-01T16:52:14.160+08:00  WARN 13432 --- [ride-dispatch-server] [           main] com.uber.service.OrderService            : No available driver found for order with vehicleType: STANDARD
2026-01-01T16:52:14.160+08:00  INFO 13432 --- [ride-dispatch-server] [           main] com.uber.service.OrderService            : Order created: fcfa6a2c-b65d-4bf7-aed5-31e62b98b126 (assigned to: null)
2026-01-01T16:52:14.160+08:00  INFO 13432 --- [ride-dispatch-server] [           main] com.uber.service.OrderService            : Order fcfa6a2c-b65d-4bf7-aed5-31e62b98b126 cancelled
2026-01-01T16:52:14.161+08:00  WARN 13432 --- [ride-dispatch-server] [           main] com.uber.service.OrderService            : No available driver found for order with vehicleType: STANDARD
2026-01-01T16:52:14.161+08:00  INFO 13432 --- [ride-dispatch-server] [           main] com.uber.service.OrderService            : Order created: 2562b10a-0803-4fd8-a314-a9b1ff2cd6d0 (assigned to: null)
2026-01-01T16:52:14.161+08:00  INFO 13432 --- [ride-dispatch-server] [           main] com.uber.service.OrderService            : Order 2562b10a-0803-4fd8-a314-a9b1ff2cd6d0 cancelled
[INFO] Tests run: 5, Failures: 0, Errors: 0, Skipped: 0, Time elapsed: 0.006 s -- in com.uber.service.StateMachineTest$CancelledImmutableTests
[INFO] Running com.uber.service.StateMachineTest$CompletedImmutableTests
2026-01-01T16:52:14.162+08:00  WARN 13432 --- [ride-dispatch-server] [           main] com.uber.service.OrderService            : No available driver found for order with vehicleType: STANDARD
2026-01-01T16:52:14.164+08:00  INFO 13432 --- [ride-dispatch-server] [           main] com.uber.service.OrderService            : Order created: 7ce4b412-9dd8-4b55-b237-3b75ed4f8515 (assigned to: null)
2026-01-01T16:52:14.164+08:00  INFO 13432 --- [ride-dispatch-server] [           main] com.uber.service.OrderService            : Order 7ce4b412-9dd8-4b55-b237-3b75ed4f8515 accepted by driver driver-1
2026-01-01T16:52:14.164+08:00  INFO 13432 --- [ride-dispatch-server] [           main] com.uber.service.OrderService            : Trip started for order 7ce4b412-9dd8-4b55-b237-3b75ed4f8515
2026-01-01T16:52:14.164+08:00  INFO 13432 --- [ride-dispatch-server] [           main] com.uber.service.OrderService            : Using actual duration: 0 minutes for order 7ce4b412-9dd8-4b55-b237-3b75ed4f8515
2026-01-01T16:52:14.164+08:00  INFO 13432 --- [ride-dispatch-server] [           main] com.uber.service.OrderService            : Trip completed for order 7ce4b412-9dd8-4b55-b237-3b75ed4f8515, fare: 477.26
2026-01-01T16:52:14.165+08:00  WARN 13432 --- [ride-dispatch-server] [           main] com.uber.service.OrderService            : No available driver found for order with vehicleType: STANDARD
2026-01-01T16:52:14.165+08:00  INFO 13432 --- [ride-dispatch-server] [           main] com.uber.service.OrderService            : Order created: 2ac682cd-31fb-4310-96da-79b019d084df (assigned to: null)
2026-01-01T16:52:14.165+08:00  INFO 13432 --- [ride-dispatch-server] [           main] com.uber.service.OrderService            : Order 2ac682cd-31fb-4310-96da-79b019d084df accepted by driver driver-1
2026-01-01T16:52:14.165+08:00  INFO 13432 --- [ride-dispatch-server] [           main] com.uber.service.OrderService            : Trip started for order 2ac682cd-31fb-4310-96da-79b019d084df
2026-01-01T16:52:14.165+08:00  INFO 13432 --- [ride-dispatch-server] [           main] com.uber.service.OrderService            : Using actual duration: 0 minutes for order 2ac682cd-31fb-4310-96da-79b019d084df
2026-01-01T16:52:14.165+08:00  INFO 13432 --- [ride-dispatch-server] [           main] com.uber.service.OrderService            : Trip completed for order 2ac682cd-31fb-4310-96da-79b019d084df, fare: 477.26
2026-01-01T16:52:14.167+08:00  WARN 13432 --- [ride-dispatch-server] [           main] com.uber.service.OrderService            : No available driver found for order with vehicleType: STANDARD
2026-01-01T16:52:14.167+08:00  INFO 13432 --- [ride-dispatch-server] [           main] com.uber.service.OrderService            : Order created: 0c070dc5-62af-459f-b9ec-f92484212bd1 (assigned to: null)
2026-01-01T16:52:14.167+08:00  INFO 13432 --- [ride-dispatch-server] [           main] com.uber.service.OrderService            : Order 0c070dc5-62af-459f-b9ec-f92484212bd1 accepted by driver driver-1
2026-01-01T16:52:14.167+08:00  INFO 13432 --- [ride-dispatch-server] [           main] com.uber.service.OrderService            : Trip started for order 0c070dc5-62af-459f-b9ec-f92484212bd1
2026-01-01T16:52:14.167+08:00  INFO 13432 --- [ride-dispatch-server] [           main] com.uber.service.OrderService            : Using actual duration: 0 minutes for order 0c070dc5-62af-459f-b9ec-f92484212bd1
2026-01-01T16:52:14.167+08:00  INFO 13432 --- [ride-dispatch-server] [           main] com.uber.service.OrderService            : Trip completed for order 0c070dc5-62af-459f-b9ec-f92484212bd1, fare: 477.26
2026-01-01T16:52:14.169+08:00  WARN 13432 --- [ride-dispatch-server] [           main] com.uber.service.OrderService            : No available driver found for order with vehicleType: STANDARD
2026-01-01T16:52:14.169+08:00  INFO 13432 --- [ride-dispatch-server] [           main] com.uber.service.OrderService            : Order created: 07653fe3-455f-4d5b-a264-e4e3ec5c0975 (assigned to: null)
2026-01-01T16:52:14.169+08:00  INFO 13432 --- [ride-dispatch-server] [           main] com.uber.service.OrderService            : Order 07653fe3-455f-4d5b-a264-e4e3ec5c0975 accepted by driver driver-1
2026-01-01T16:52:14.169+08:00  INFO 13432 --- [ride-dispatch-server] [           main] com.uber.service.OrderService            : Trip started for order 07653fe3-455f-4d5b-a264-e4e3ec5c0975
2026-01-01T16:52:14.169+08:00  INFO 13432 --- [ride-dispatch-server] [           main] com.uber.service.OrderService            : Using actual duration: 0 minutes for order 07653fe3-455f-4d5b-a264-e4e3ec5c0975
2026-01-01T16:52:14.169+08:00  INFO 13432 --- [ride-dispatch-server] [           main] com.uber.service.OrderService            : Trip completed for order 07653fe3-455f-4d5b-a264-e4e3ec5c0975, fare: 477.26
[INFO] Tests run: 4, Failures: 0, Errors: 0, Skipped: 0, Time elapsed: 0.009 s -- in com.uber.service.StateMachineTest$CompletedImmutableTests
[INFO] Running com.uber.service.StateMachineTest$PendingToOngoingTests
2026-01-01T16:52:14.178+08:00  WARN 13432 --- [ride-dispatch-server] [           main] com.uber.service.OrderService            : No available driver found for order with vehicleType: STANDARD
2026-01-01T16:52:14.178+08:00  INFO 13432 --- [ride-dispatch-server] [           main] com.uber.service.OrderService            : Order created: bd25e163-f4f0-4524-b5a4-bef9db56a8ae (assigned to: null)
2026-01-01T16:52:14.178+08:00  WARN 13432 --- [ride-dispatch-server] [           main] com.uber.service.OrderService            : No available driver found for order with vehicleType: STANDARD
2026-01-01T16:52:14.178+08:00  INFO 13432 --- [ride-dispatch-server] [           main] com.uber.service.OrderService            : Order created: 48a93d19-0a91-45cd-a598-2e69e1fe3a68 (assigned to: null)
2026-01-01T16:52:14.178+08:00  INFO 13432 --- [ride-dispatch-server] [           main] com.uber.service.OrderService            : Order 48a93d19-0a91-45cd-a598-2e69e1fe3a68 accepted by driver driver-1
2026-01-01T16:52:14.178+08:00  INFO 13432 --- [ride-dispatch-server] [           main] com.uber.service.OrderService            : Trip started for order 48a93d19-0a91-45cd-a598-2e69e1fe3a68
2026-01-01T16:52:14.179+08:00  WARN 13432 --- [ride-dispatch-server] [           main] com.uber.service.OrderService            : No available driver found for order with vehicleType: STANDARD
2026-01-01T16:52:14.179+08:00  INFO 13432 --- [ride-dispatch-server] [           main] com.uber.service.OrderService            : Order created: 75083a82-e8f8-47ea-baee-b70ad88c1dd7 (assigned to: null)
[INFO] Tests run: 3, Failures: 0, Errors: 0, Skipped: 0, Time elapsed: 0.003 s -- in com.uber.service.StateMachineTest$PendingToOngoingTests
[INFO] Running com.uber.service.StateMachineTest$PendingToAcceptedTests
2026-01-01T16:52:14.182+08:00  WARN 13432 --- [ride-dispatch-server] [           main] com.uber.service.OrderService            : No available driver found for order with vehicleType: STANDARD
2026-01-01T16:52:14.182+08:00  INFO 13432 --- [ride-dispatch-server] [           main] com.uber.service.OrderService            : Order created: 05e6a509-810e-48ce-a9ab-b736dcc152b9 (assigned to: null)
2026-01-01T16:52:14.182+08:00  INFO 13432 --- [ride-dispatch-server] [           main] com.uber.service.OrderService            : Order 05e6a509-810e-48ce-a9ab-b736dcc152b9 accepted by driver driver-1
2026-01-01T16:52:14.182+08:00  WARN 13432 --- [ride-dispatch-server] [           main] com.uber.service.OrderService            : No available driver found for order with vehicleType: STANDARD
2026-01-01T16:52:14.183+08:00  INFO 13432 --- [ride-dispatch-server] [           main] com.uber.service.OrderService            : Order created: 2a9cab1b-d08a-454d-8299-73857fcf2910 (assigned to: null)
2026-01-01T16:52:14.184+08:00  WARN 13432 --- [ride-dispatch-server] [           main] com.uber.service.OrderService            : No available driver found for order with vehicleType: STANDARD
2026-01-01T16:52:14.184+08:00  INFO 13432 --- [ride-dispatch-server] [           main] com.uber.service.OrderService            : Order created: 39b63d5c-7142-4f9e-b83c-108c77782c21 (assigned to: null)
2026-01-01T16:52:14.185+08:00  WARN 13432 --- [ride-dispatch-server] [           main] com.uber.service.OrderService            : No available driver found for order with vehicleType: STANDARD
2026-01-01T16:52:14.185+08:00  INFO 13432 --- [ride-dispatch-server] [           main] com.uber.service.OrderService            : Order created: 1314e85f-6d4c-4f07-ab8b-6084ea7042ae (assigned to: null)
2026-01-01T16:52:14.186+08:00  INFO 13432 --- [ride-dispatch-server] [           main] com.uber.service.OrderService            : Order 1314e85f-6d4c-4f07-ab8b-6084ea7042ae accepted by driver driver-1
[INFO] Tests run: 4, Failures: 0, Errors: 0, Skipped: 0, Time elapsed: 0.006 s -- in com.uber.service.StateMachineTest$PendingToAcceptedTests
[INFO] Tests run: 0, Failures: 0, Errors: 0, Skipped: 0, Time elapsed: 0.039 s -- in com.uber.service.StateMachineTest
[INFO] Running com.uber.service.ValidationServiceTest
[INFO] Running com.uber.service.ValidationServiceTest$PhoneValidationDetailTests
[INFO] Tests run: 6, Failures: 0, Errors: 0, Skipped: 0, Time elapsed: 0.005 s -- in com.uber.service.ValidationServiceTest$PhoneValidationDetailTests
[INFO] Running com.uber.service.ValidationServiceTest$DetailedOrderCompleteTests
[INFO] Tests run: 9, Failures: 0, Errors: 0, Skipped: 0, Time elapsed: 0.003 s -- in com.uber.service.ValidationServiceTest$DetailedOrderCompleteTests
[INFO] Running com.uber.service.ValidationServiceTest$DetailedDriverCompleteTests
[INFO] Tests run: 8, Failures: 0, Errors: 0, Skipped: 0, Time elapsed: 0.004 s -- in com.uber.service.ValidationServiceTest$DetailedDriverCompleteTests
[INFO] Running com.uber.service.ValidationServiceTest$IsDriverCompleteTests
[INFO] Tests run: 4, Failures: 0, Errors: 0, Skipped: 0, Time elapsed: 0.003 s -- in com.uber.service.ValidationServiceTest$IsDriverCompleteTests
[INFO] Running com.uber.service.ValidationServiceTest$IsOrderCompleteTests
[INFO] Tests run: 4, Failures: 0, Errors: 0, Skipped: 0, Time elapsed: 0.002 s -- in com.uber.service.ValidationServiceTest$IsOrderCompleteTests
[INFO] Running com.uber.service.ValidationServiceTest$ValidateRatePlanTests
[INFO] Tests run: 14, Failures: 0, Errors: 0, Skipped: 0, Time elapsed: 0.011 s -- in com.uber.service.ValidationServiceTest$ValidateRatePlanTests
[INFO] Running com.uber.service.ValidationServiceTest$ValidateCancelOrderTests
[INFO] Tests run: 6, Failures: 0, Errors: 0, Skipped: 0, Time elapsed: 0.004 s -- in com.uber.service.ValidationServiceTest$ValidateCancelOrderTests
[INFO] Running com.uber.service.ValidationServiceTest$ValidateDriverOrderMatchTests
[INFO] Tests run: 5, Failures: 0, Errors: 0, Skipped: 0, Time elapsed: 0.005 s -- in com.uber.service.ValidationServiceTest$ValidateDriverOrderMatchTests
[INFO] Running com.uber.service.ValidationServiceTest$ValidateDriverCanAcceptTests
[INFO] Tests run: 5, Failures: 0, Errors: 0, Skipped: 0, Time elapsed: 0.005 s -- in com.uber.service.ValidationServiceTest$ValidateDriverCanAcceptTests
[INFO] Running com.uber.service.ValidationServiceTest$ValidateOrderAcceptableTests
[INFO] Tests run: 7, Failures: 0, Errors: 0, Skipped: 0, Time elapsed: 0.005 s -- in com.uber.service.ValidationServiceTest$ValidateOrderAcceptableTests
[INFO] Running com.uber.service.ValidationServiceTest$ValidateDriverStateTransitionTests
[INFO] Tests run: 3, Failures: 0, Errors: 0, Skipped: 0, Time elapsed: 0.002 s -- in com.uber.service.ValidationServiceTest$ValidateDriverStateTransitionTests
[INFO] Running com.uber.service.ValidationServiceTest$ValidateOrderStateTransitionTests
[INFO] Tests run: 13, Failures: 0, Errors: 0, Skipped: 0, Time elapsed: 0.011 s -- in com.uber.service.ValidationServiceTest$ValidateOrderStateTransitionTests
[INFO] Running com.uber.service.ValidationServiceTest$ValidateLocationUpdateTests
[INFO] Tests run: 3, Failures: 0, Errors: 0, Skipped: 0, Time elapsed: 0.001 s -- in com.uber.service.ValidationServiceTest$ValidateLocationUpdateTests
[INFO] Running com.uber.service.ValidationServiceTest$ValidateDriverRegistrationTests
[INFO] Tests run: 20, Failures: 0, Errors: 0, Skipped: 0, Time elapsed: 0.064 s -- in com.uber.service.ValidationServiceTest$ValidateDriverRegistrationTests
[INFO] Running com.uber.service.ValidationServiceTest$ValidateCreateOrderRequestTests
[INFO] Tests run: 11, Failures: 0, Errors: 0, Skipped: 0, Time elapsed: 0.009 s -- in com.uber.service.ValidationServiceTest$ValidateCreateOrderRequestTests
[INFO] Tests run: 0, Failures: 0, Errors: 0, Skipped: 0, Time elapsed: 0.149 s -- in com.uber.service.ValidationServiceTest
[INFO] 
[INFO] Results:
[INFO] 
[ERROR] Failures: 
[ERROR]   ConcurrencyH2Test.testConcurrentAccept_MultipleOrders:239 每筆訂單應有 1 人成功，共 3 人成功 ==> expected: <3> but was: <1>
[ERROR]   DriverServiceTest$GetOffersTests.testGetOffers_FilterByVehicleType:217 expected: <2> but was: <1>
[ERROR] Errors: 
[ERROR]   DriverServiceTest$GetOffersTests.testGetOffers_SortedByDistance:232 ? IndexOutOfBounds Index: 1 Size: 1
[INFO] 
[ERROR] Tests run: 401, Failures: 2, Errors: 1, Skipped: 0
[INFO] 
[INFO] ------------------------------------------------------------------------
[INFO] BUILD FAILURE
[INFO] ------------------------------------------------------------------------
[INFO] Total time:  18.788 s
[INFO] Finished at: 2026-01-01T16:52:14+08:00
[INFO] ------------------------------------------------------------------------
[ERROR] Failed to execute goal org.apache.maven.plugins:maven-surefire-plugin:3.2.5:test (default-test) on project ride-dispatch-server: There are test failures.
[ERROR] 
[ERROR] Please refer to C:\Users\wilso\OneDrive\桌面\Uber\server\target\surefire-reports for the individual test results.
[ERROR] Please refer to dump files (if any exist) [date].dump, [date]-jvmRun[N].dump and [date].dumpstream.
[ERROR] -> [Help 1]
[ERROR] 
[ERROR] To see the full stack trace of the errors, re-run Maven with the -e switch.
[ERROR] Re-run Maven using the -X switch to enable full debug logging.
[ERROR] 
[ERROR] For more information about the errors and possible solutions, please read the following articles:
[ERROR] [Help 1] http://cwiki.apache.org/confluence/display/MAVEN/MojoFailureException
